Log file open, 08/07/17 18:38:47
LogInit:Display: Running engine for game: source
LogPlatformFile: Not using cached read wrapper
LogInit:Display: RandInit(-369835784) SRandInit(-369835784).
LogTaskGraph: Started task graph with 5 named threads and 8 total threads with 1 sets of task threads.
LogStats: Stats thread started at 0.113591
LogInit: Using libcurl 7.47.1
LogInit:  - built for x86_64-pc-win32
LogInit:  - supports SSL with OpenSSL/1.0.2g
LogInit:  - supports HTTP deflate (compression) using libz 1.2.8
LogInit:  - other features:
LogInit:      CURL_VERSION_SSL
LogInit:      CURL_VERSION_LIBZ
LogInit:      CURL_VERSION_IPV6
LogInit:      CURL_VERSION_ASYNCHDNS
LogInit:      CURL_VERSION_LARGEFILE
LogInit:      CURL_VERSION_IDN
LogInit:  CurlRequestOptions (configurable via config and command line):
LogInit:  - bVerifyPeer = false  - Libcurl will NOT verify peer certificate
LogInit:  - bUseHttpProxy = false  - Libcurl will NOT use HTTP proxy
LogInit:  - bDontReuseConnections = false  - Libcurl will reuse connections
LogInit:  - CertBundlePath = nullptr  - Libcurl will use whatever was configured at build time.
LogInit: Build: ++UE4+Release-4.16-CL-3561208
LogInit: Engine Version: 4.16.3-3561208+++UE4+Release-4.16
LogInit: Compatible Engine Version: 4.16.0-3452394+++UE4+Release-4.16
LogInit: Net CL: 3452394
LogDevObjectVersion: Number of dev versions registered: 16
LogDevObjectVersion:   Dev-Blueprints (B0D832E4-1F89-4F0D-ACCF-7EB736FD4AA2): 9
LogDevObjectVersion:   Dev-Build (E1C64328-A22C-4D53-A36C-8E866417BD8C): 0
LogDevObjectVersion:   Dev-Core (375EC13C-06E4-48FB-B500-84F0262A717E): 2
LogDevObjectVersion:   Dev-Editor (E4B068ED-F494-42E9-A231-DA0B2E46BB41): 17
LogDevObjectVersion:   Dev-Framework (CFFC743F-43B0-4480-9391-14DF171D2073): 23
LogDevObjectVersion:   Dev-Mobile (B02B49B5-BB20-44E9-A304-32B752E40360): 0
LogDevObjectVersion:   Dev-Networking (A4E4105C-59A1-49B5-A7C5-40C4547EDFEE): 0
LogDevObjectVersion:   Dev-Online (39C831C9-5AE6-47DC-9A44-9C173E1C8E7C): 0
LogDevObjectVersion:   Dev-Physics (78F01B33-EBEA-4F98-B9B4-84EACCB95AA2): 0
LogDevObjectVersion:   Dev-Platform (6631380F-2D4D-43E0-8009-CF276956A95A): 0
LogDevObjectVersion:   Dev-Rendering (12F88B9F-8875-4AFC-A67C-D90C383ABD29): 15
LogDevObjectVersion:   Dev-Sequencer (7B5AE74C-D270-4C10-A958-57980B212A5A): 4
LogDevObjectVersion:   Dev-VR (D7296918-1DD6-4BDD-9DE2-64A83CC13884): 0
LogDevObjectVersion:   Dev-LoadTimes (C2A15278-BFE7-4AFE-6C17-90FF531DF755): 1
LogDevObjectVersion:   Private-Geometry (6EACA3D4-40EC-4CC1-B786-8BED09428FC5): 1
LogDevObjectVersion:   Dev-AnimPhys (29E575DD-E0A3-4627-9D10-D276232CDCEA): 3
LogInit: Compiled (64-bit): Jul 28 2017 11:49:47
LogInit: Compiled with Visual C++: 19.00.24215.01
LogInit: Build Configuration: Development
LogInit: Branch Name: ++UE4+Release-4.16
LogInit: Command line: -EpicPortal 
LogInit: Base directory: B:/UnrealEngine/UE_4.16/Engine/Binaries/Win64/
LogInit: Installed Engine Build: 1
LogInit: Presizing for max 8388607 objects, including 0 objects not considered by GC, pre-allocating 0 bytes for permanent pool.
LogInit: Object subsystem initialized
[2017.08.07-17.38.48:828][  0]LogInit: Selected Device Profile: [Windows]
[2017.08.07-17.38.48:828][  0]LogInit: Applying CVar settings loaded from the selected device profile: [Windows]
[2017.08.07-17.38.48:856][  0]LogInit: Computer: DESKTOP-IS750JK
[2017.08.07-17.38.48:856][  0]LogInit: User: Pepe
[2017.08.07-17.38.48:856][  0]LogInit: CPU Page size=4096, Cores=4
[2017.08.07-17.38.48:856][  0]LogInit: High frequency timer resolution =3.418003 MHz
[2017.08.07-17.38.48:856][  0]LogMemory: Memory total: Physical=7.9GB (8GB approx)
[2017.08.07-17.38.48:856][  0]LogMemory: Platform Memory Stats for Windows
[2017.08.07-17.38.48:856][  0]LogMemory: Process Physical Memory: 273.21 MB used, 273.21 MB peak
[2017.08.07-17.38.48:856][  0]LogMemory: Process Virtual Memory: 260.60 MB used, 260.60 MB peak
[2017.08.07-17.38.48:856][  0]LogMemory: Physical Memory: 5833.75 MB used,  2306.53 MB free, 8140.28 MB total
[2017.08.07-17.38.48:856][  0]LogMemory: Virtual Memory: 638.34 MB used,  2306.53 MB free, 134217728.00 MB total
[2017.08.07-17.38.48:974][  0]LogInit: Overriding language with editor language configuration option (en).
[2017.08.07-17.38.48:974][  0]LogInit: Overriding locale with editor locale configuration option (en).
[2017.08.07-17.38.50:406][  0]LogD3D11RHI: D3D11 adapters:
[2017.08.07-17.38.50:443][  0]LogD3D11RHI:    0. 'Radeon (TM) RX 470 Graphics' (Feature Level 11_0)
[2017.08.07-17.38.50:443][  0]LogD3D11RHI:       4044/0/4070 MB DedicatedVideo/DedicatedSystem/SharedSystem, Outputs:2, VendorId:0x1002
[2017.08.07-17.38.50:446][  0]LogD3D11RHI:    1. 'Microsoft Basic Render Driver' (Feature Level 11_0)
[2017.08.07-17.38.50:446][  0]LogD3D11RHI:       0/0/4070 MB DedicatedVideo/DedicatedSystem/SharedSystem, Outputs:0, VendorId:0x1414
[2017.08.07-17.38.50:446][  0]LogD3D11RHI: Chosen D3D11 Adapter: 0
[2017.08.07-17.38.50:459][  0]LogD3D11RHI: Creating new Direct3DDevice
[2017.08.07-17.38.50:459][  0]LogD3D11RHI:     GPU DeviceId: 0x67df (for the marketing name, search the web for "GPU Device Id")
[2017.08.07-17.38.50:459][  0]LogWindows: EnumDisplayDevices:
[2017.08.07-17.38.50:459][  0]LogWindows:    0. 'Radeon (TM) RX 470 Graphics' (P:1 D:1)
[2017.08.07-17.38.50:460][  0]LogWindows:    1. 'Radeon (TM) RX 470 Graphics' (P:0 D:1)
[2017.08.07-17.38.50:460][  0]LogWindows:    2. 'Radeon (TM) RX 470 Graphics' (P:0 D:0)
[2017.08.07-17.38.50:461][  0]LogWindows:    3. 'Radeon (TM) RX 470 Graphics' (P:0 D:0)
[2017.08.07-17.38.50:462][  0]LogWindows:    4. 'Radeon (TM) RX 470 Graphics' (P:0 D:0)
[2017.08.07-17.38.50:463][  0]LogWindows:    5. 'Radeon (TM) RX 470 Graphics' (P:0 D:0)
[2017.08.07-17.38.50:463][  0]LogWindows: DebugString: FoundDriverCount:6 
[2017.08.07-17.38.50:463][  0]LogD3D11RHI:     Adapter Name: Radeon (TM) RX 470 Graphics
[2017.08.07-17.38.50:463][  0]LogD3D11RHI:   Driver Version: Crimson ReLive 17.1.1 (internal:22.19.162.4, unified:22.19.162.4)
[2017.08.07-17.38.50:463][  0]LogD3D11RHI:      Driver Date: 4-24-2017
[2017.08.07-17.38.50:463][  0]LogRHI: Texture pool is 1361 MB (70% of 1945 MB)
[2017.08.07-17.38.50:692][  0]LogD3D11RHI: Async texture creation enabled
[2017.08.07-17.38.50:705][  0]LogD3D11RHI: GPU Timing Frequency: 25.000000 (Debug: 2 1)
[2017.08.07-17.38.50:706][  0]LogShaderCompilers: Guid format shader working directory is -6 characters bigger than the processId version (../../../../../FreedomReal/FREEDOM/PROYECTO/source/Intermediate/Shaders/WorkingDirectory/12540/).
[2017.08.07-17.38.50:706][  0]LogShaderCompilers: Cleaned the shader compiler working directory 'C:/Users/Pepe/AppData/Local/Temp/UnrealShaderWorkingDir/3E89E32740C800AF56DE99A439A73D14/'.
[2017.08.07-17.38.50:706][  0]LogShaderCompilers:Display: Using Local Shader Compiler.
[2017.08.07-17.38.52:684][  0]LogTemp:Display: Loaded TP AllDesktopTargetPlatform
[2017.08.07-17.38.52:770][  0]LogTemp:Display: Loaded TP MacClientTargetPlatform
[2017.08.07-17.38.52:858][  0]LogTemp:Display: Loaded TP MacNoEditorTargetPlatform
[2017.08.07-17.38.52:950][  0]LogTemp:Display: Loaded TP MacServerTargetPlatform
[2017.08.07-17.38.53:034][  0]LogTemp:Display: Loaded TP MacTargetPlatform
[2017.08.07-17.38.53:126][  0]LogTemp:Display: Loaded TP WindowsClientTargetPlatform
[2017.08.07-17.38.53:207][  0]LogTemp:Display: Loaded TP WindowsNoEditorTargetPlatform
[2017.08.07-17.38.53:295][  0]LogTemp:Display: Loaded TP WindowsServerTargetPlatform
[2017.08.07-17.38.53:374][  0]LogTemp:Display: Loaded TP WindowsTargetPlatform
[2017.08.07-17.38.53:464][  0]LogTemp:Display: Loaded TP AndroidTargetPlatform
[2017.08.07-17.38.53:554][  0]LogTemp:Display: Loaded TP Android_ASTCTargetPlatform
[2017.08.07-17.38.53:648][  0]LogTemp:Display: Loaded TP Android_ATCTargetPlatform
[2017.08.07-17.38.53:737][  0]LogTemp:Display: Loaded TP Android_DXTTargetPlatform
[2017.08.07-17.38.53:826][  0]LogTemp:Display: Loaded TP Android_ETC1TargetPlatform
[2017.08.07-17.38.53:914][  0]LogTemp:Display: Loaded TP Android_ETC2TargetPlatform
[2017.08.07-17.38.54:086][  0]LogTemp:Display: Loaded TP Android_MultiTargetPlatform
[2017.08.07-17.38.54:086][  0]LogTemp:Display: Loaded TP Android_PVRTCTargetPlatform
[2017.08.07-17.38.54:153][  0]LogTemp:Display: Loaded TP HTML5TargetPlatform
[2017.08.07-17.38.54:290][  0]LogTemp:Display: Loaded TP IOSTargetPlatform
[2017.08.07-17.38.54:340][  0]LogTemp:Display: Loaded TP TVOSTargetPlatform
[2017.08.07-17.38.54:429][  0]LogTemp:Display: Loaded TP LinuxClientTargetPlatform
[2017.08.07-17.38.54:509][  0]LogTemp:Display: Loaded TP LinuxNoEditorTargetPlatform
[2017.08.07-17.38.54:595][  0]LogTemp:Display: Loaded TP LinuxServerTargetPlatform
[2017.08.07-17.38.54:686][  0]LogTemp:Display: Loaded TP LinuxTargetPlatform
[2017.08.07-17.38.54:686][  0]LogTargetPlatformManager:Display: Building Assets For Windows
[2017.08.07-17.38.55:567][  0]LogDerivedDataCache:Display: Max Cache Size: 512 MB
[2017.08.07-17.38.55:753][  0]LogDerivedDataCache: Loaded boot cache 0.19s 90MB C:/Users/Pepe/AppData/Local/UnrealEngine/4.16/DerivedDataCache/Boot.ddc.
[2017.08.07-17.38.55:753][  0]LogDerivedDataCache:Display: Loaded Boot cache: C:/Users/Pepe/AppData/Local/UnrealEngine/4.16/DerivedDataCache/Boot.ddc
[2017.08.07-17.38.55:753][  0]LogDerivedDataCache: FDerivedDataBackendGraph:  Pak pak cache file ../../../../../FreedomReal/FREEDOM/PROYECTO/source/DerivedDataCache/DDC.ddp not found, will not use a pak cache.
[2017.08.07-17.38.55:753][  0]LogDerivedDataCache: Unable to find inner node Pak for hierarchical cache Hierarchy.
[2017.08.07-17.38.55:753][  0]LogDerivedDataCache: FDerivedDataBackendGraph:  CompressedPak pak cache file ../../../../../FreedomReal/FREEDOM/PROYECTO/source/DerivedDataCache/Compressed.ddp not found, will not use a pak cache.
[2017.08.07-17.38.55:753][  0]LogDerivedDataCache: Unable to find inner node CompressedPak for hierarchical cache Hierarchy.
[2017.08.07-17.38.55:779][  0]LogDerivedDataCache:Display: Pak cache opened for reading ../../../Engine/DerivedDataCache/Compressed.ddp.
[2017.08.07-17.38.55:793][  0]LogDerivedDataCache: Using Local data cache path C:/Users/Pepe/AppData/Local/UnrealEngine/Common/DerivedDataCache: Writable
[2017.08.07-17.38.55:817][  0]LogMaterial: Verifying Global Shaders for PCD3D_SM5
[2017.08.07-17.38.55:817][  0]LogSlate: Using Freetype 2.6.0
[2017.08.07-17.38.55:819][  0]LogSlate: SlateFontCache - WITH_FREETYPE: 1, WITH_HARFBUZZ: 1
[2017.08.07-17.38.55:819][  0]LogSlate: SlateFontCache - WITH_FREETYPE: 1, WITH_HARFBUZZ: 1
[2017.08.07-17.38.56:382][  0]LogInit: Selected Device Profile: [Windows]
[2017.08.07-17.38.56:546][  0]LogContentStreaming: Texture pool size is 0.00 MB
[2017.08.07-17.38.56:808][  0]LogMeshUtilities: Using QuadricMeshReduction for automatic static mesh reduction
[2017.08.07-17.38.56:882][  0]LogSimplygon: Simplygon DLL not present - disabling.
[2017.08.07-17.38.56:964][  0]LogMeshUtilities: Using SimplygonSwarm for distributed automatic mesh merging
[2017.08.07-17.38.56:964][  0]LogMeshUtilities: No automatic skeletal mesh reduction module available
[2017.08.07-17.38.56:964][  0]LogMeshUtilities: No automatic mesh merging module available
[2017.08.07-17.38.57:888][  0]LogNetVersion: source , NetCL: 3452394, EngineNetVer: 2, GameNetVer: 0 (Checksum: 2297492709)
[2017.08.07-17.38.57:974][  0]LogAssetRegistry: FAssetRegistry took 0.0299 seconds to start up
[2017.08.07-17.38.58:078][  0]LogPackageLocalizationCache: Processed 4 localized package path(s) for 1 prioritized culture(s) in 0.058959 seconds
[2017.08.07-17.38.58:086][  0]LogUObjectArray: 34194 objects as part of root set at end of initial load.
[2017.08.07-17.38.58:086][  0]LogUObjectAllocator: 7260424 out of 0 bytes used by permanent object pool.
[2017.08.07-17.38.58:086][  0]LogUObjectArray: CloseDisregardForGC: 0/0 objects in disregard for GC pool
[2017.08.07-17.38.58:196][  0]LogInit: WinSock: version 1.1 (2.2), MaxSocks=32767, MaxUdp=65467
[2017.08.07-17.39.02:225][  0]LogTcpMessaging: Initializing TcpMessaging bridge
[2017.08.07-17.39.02:290][  0]LogUdpMessaging: Initializing bridge on interface 0.0.0.0:0 to multicast group 230.0.0.1:6666.
[2017.08.07-17.39.03:161][  0]LogMaterial: Uniform references updated for custom material expression Custom.
[2017.08.07-17.39.03:845][  0]SourceControl: Info Source control is disabled
[2017.08.07-17.39.03:848][  0]SourceControl: Info Source control is disabled
[2017.08.07-17.39.03:938][  0]SourceControl: Info Source control is disabled
[2017.08.07-17.39.04:032][  0]SourceControl: Info Source control is disabled
[2017.08.07-17.39.05:268][  0]LogAndroidPermission: UAndroidPermissionCallbackProxy::GetInstance
[2017.08.07-17.39.06:309][  0]LogEngine: Initializing Engine...
[2017.08.07-17.39.06:310][  0]LogHMD: Failed to initialize OpenVR with code 110
[2017.08.07-17.39.06:661][  0]LogStats: UGameplayTagsManager::ConstructGameplayTagTree: Construct from data asset -  0.000 s
[2017.08.07-17.39.06:661][  0]LogStats: UGameplayTagsManager::ConstructGameplayTagTree: GameplayTagTreeChangedEvent.Broadcast -  0.000 s
[2017.08.07-17.39.06:886][  0]LogAIModule: Creating AISystem for world Untitled
[2017.08.07-17.39.06:911][  0]LogInit: XAudio2 using 'Altavoces (Dispositivo de High Definition Audio)' : 2 channels at 44.1 kHz using 16 bits per sample (channel mask 0x3)
[2017.08.07-17.39.06:933][  0]LogInit: FAudioDevice initialized.
[2017.08.07-17.39.07:030][  0]LogDerivedDataCache: Saved boot cache 0.10s 90MB C:/Users/Pepe/AppData/Local/UnrealEngine/4.16/DerivedDataCache/Boot.ddc.
[2017.08.07-17.39.07:067][  0]LogInit: Texture streaming: Enabled
[2017.08.07-17.39.07:227][  0]LogEngineSessionManager: EngineSessionManager initialized
[2017.08.07-17.39.07:590][  0]LogInit: Transaction tracking system initialized
[2017.08.07-17.39.08:151][  0]BlueprintLog: New page: Editor Load
[2017.08.07-17.39.09:758][  0]LocalizationService: Info Localization service is disabled
[2017.08.07-17.39.10:965][  0]LogConsoleResponse:Display: 
[2017.08.07-17.39.11:175][  0]LogCook:Display: Max memory allowance for cook 16384mb min free memory 0mb
[2017.08.07-17.39.11:176][  0]LogCook:Display: Mobile HDR setting 1
[2017.08.07-17.39.12:411][  0]LogFileCache: Scanning file cache for directory 'B:/FreedomReal/FREEDOM/PROYECTO/source/Content/' took 0.02s
[2017.08.07-17.39.13:034][  0]SourceControl: Info Source control is disabled
[2017.08.07-17.39.13:034][  0]Cmd: MAP LOAD FILE="../../../../../FreedomReal/FREEDOM/PROYECTO/source/Content/StarterContent/Maps/Minimal_Default.umap" TEMPLATE=0 SHOWPROGRESS=1 FEATURELEVEL=3
[2017.08.07-17.39.13:035][  0]LightingResults: New page: Lighting Build
[2017.08.07-17.39.13:103][  0]MapCheck: New page: Map Check
[2017.08.07-17.39.13:103][  0]LightingResults: New page: Lighting Build
[2017.08.07-17.39.15:451][  0]LogAIModule: Creating AISystem for world Minimal_Default
[2017.08.07-17.39.15:508][  0]LogEditorServer: Finished looking for orphan Actors (0.000 secs)
[2017.08.07-17.39.15:585][  0]Cmd: MAP CHECKDEP NOCLEARLOG
[2017.08.07-17.39.15:676][  0]MapCheck: Info Map check complete: 0 Error(s), 0 Warning(s), took 90.529ms to complete.
[2017.08.07-17.39.15:676][  0]LogFileHelpers: Loading map 'Minimal_Default' took 2.641
[2017.08.07-17.39.16:034][  0]LogCollectionManager: Loaded 0 collections in 0.002243 seconds
[2017.08.07-17.39.16:177][  0]LogFileCache: Scanning file cache for directory 'B:/FreedomReal/FREEDOM/PROYECTO/source/Saved/Collections/' took 0.01s
[2017.08.07-17.39.16:177][  0]LogFileCache: Scanning file cache for directory 'B:/FreedomReal/FREEDOM/PROYECTO/source/Content/Developers/Pepe/Collections/' took 0.01s
[2017.08.07-17.39.16:177][  0]LogFileCache: Scanning file cache for directory 'B:/FreedomReal/FREEDOM/PROYECTO/source/Content/Collections/' took 0.01s
[2017.08.07-17.39.16:177][  0]LogCollectionManager: Rebuilt the GUID cache for 0 collections in 0.000002 seconds
[2017.08.07-17.39.16:193][  0]LogContentBrowser: Native class hierarchy populated in 0.0158 seconds. Added 2329 classes and 491 folders.
[2017.08.07-17.39.16:321][  0]LogContentBrowser: Native class hierarchy updated for 'WidgetCarousel' in 0.0007 seconds. Added 0 classes and 0 folders.
[2017.08.07-17.39.18:062][  0]LogContentBrowser: Native class hierarchy updated for 'AddContentDialog' in 0.0009 seconds. Added 0 classes and 0 folders.
[2017.08.07-17.39.18:158][  0]LogContentBrowser: Native class hierarchy updated for 'SceneOutliner' in 0.0009 seconds. Added 1 classes and 2 folders.
[2017.08.07-17.39.18:220][  0]LogCrashTracker: Crashtracker disabled due to settings.
[2017.08.07-17.39.18:226][  0]LogSlate: Took 0.000388 seconds to synchronously load lazily loaded font '../../../Engine/Content/Slate/Fonts/Roboto-Regular.ttf' (155K)
[2017.08.07-17.39.18:229][  0]LogSlate: Took 0.000300 seconds to synchronously load lazily loaded font '../../../Engine/Content/Slate/Fonts/Roboto-Bold.ttf' (160K)
[2017.08.07-17.39.18:294][  0]LogSlate: Took 0.058859 seconds to synchronously load lazily loaded font '../../../Engine/Content/Editor/Slate/Fonts/FontAwesome.ttf' (139K)
[2017.08.07-17.39.18:528][  0]LogRenderer: Reallocating scene render targets to support 772x328 NumSamples 1 (Frame:1).
[2017.08.07-17.39.18:868][  0]LogUObjectGlobals:Warning: Failed to find object 'Class None.'
[2017.08.07-17.39.18:960][  0]LogContentBrowser: Native class hierarchy updated for 'HierarchicalLODOutliner' in 0.0008 seconds. Added 1 classes and 2 folders.
[2017.08.07-17.39.18:960][  0]LogLoad: (Engine Initialization) Total time: 33.10 seconds
[2017.08.07-17.39.18:960][  0]LogLoad: (Engine Initialization) Total Blueprint compile time: 0.18 seconds
[2017.08.07-17.39.18:960][  0]LogExternalProfiler: No external profilers were discovered.  External profiling features will not be available.
[2017.08.07-17.39.19:300][  0]LogOcInput: OculusInput pre-init called
[2017.08.07-17.39.19:300][  0]LogHMD: Starting GearVRController plugin
[2017.08.07-17.39.19:325][  0]LogContentStreaming: Texture pool size now 1000 MB
[2017.08.07-17.39.19:441][  0]LogSlate: Took 0.039889 seconds to synchronously load lazily loaded font '../../../Engine/Content/Slate/Fonts/Roboto-Light.ttf' (159K)
[2017.08.07-17.39.19:970][  2]LogAssetRegistry: Asset discovery search completed in 22.0179 seconds
[2017.08.07-17.39.19:973][  2]LogCollectionManager: Rebuilt the object cache for 0 collections in 0.000001 seconds (found 0 objects)
[2017.08.07-17.39.19:973][  2]LogCollectionManager: Fixed up redirectors for 0 collections in 0.000046 seconds (updated 0 objects)
[2017.08.07-17.41.10:987][892]LogSlate: Took 0.000283 seconds to synchronously load lazily loaded font '../../../Engine/Content/Slate/Fonts/Roboto-Light.ttf' (159K)
[2017.08.07-17.41.11:134][892]LogAIModule: Creating AISystem for world 00_pepe
[2017.08.07-17.41.11:209][892]Cmd: MAP LOAD FILE="../../../../../FreedomReal/FREEDOM/PROYECTO/source/Content/00_pepe.umap" TEMPLATE=0 SHOWPROGRESS=1 FEATURELEVEL=3
[2017.08.07-17.41.11:209][892]LightingResults: New page: Lighting Build
[2017.08.07-17.41.11:210][892]LoadErrors: New page: Loading map: 00_pepe.umap
[2017.08.07-17.41.11:249][892]MapCheck: New page: Map Check
[2017.08.07-17.41.11:249][892]LightingResults: New page: Lighting Build
[2017.08.07-17.41.11:281][892]LogEditorServer: Finished looking for orphan Actors (0.000 secs)
[2017.08.07-17.41.11:346][892]Cmd: MAP CHECKDEP NOCLEARLOG
[2017.08.07-17.41.11:437][892]MapCheck: Info Map check complete: 0 Error(s), 0 Warning(s), took 90.56ms to complete.
[2017.08.07-17.41.11:438][892]LogFileHelpers: Loading map '00_pepe' took 0.230
[2017.08.07-17.41.17:893][618]LogEditorViewport: Clicking on Actor (LMB): StaticMeshActor (Plane)
[2017.08.07-17.41.21:606][844]LogMaterial: Missing cached shader map for material BasicShapeMaterial, compiling. 
[2017.08.07-17.41.22:901][844]LogMaterial: Missing cached shader map for material BasicShapeMaterial, compiling. 
[2017.08.07-17.41.23:108][844]LogMaterial: Missing cached shader map for material BasicShapeMaterial, compiling. 
[2017.08.07-17.41.23:166][844]LogMaterial: Missing cached shader map for material FMatExpressionPreview MaterialExpressionVectorParameter_0, compiling. 
[2017.08.07-17.41.23:307][844]LogSlate: Took 0.027603 seconds to synchronously load lazily loaded font '../../../Engine/Content/Editor/Slate/Fonts/Roboto-BoldCondensed.ttf' (158K)
[2017.08.07-17.41.24:034][847]LogSlate: Took 0.030383 seconds to synchronously load lazily loaded font '../../../Engine/Content/Editor/Slate/Fonts/Roboto-Italic.ttf' (157K)
[2017.08.07-17.41.26:310][944]MaterialEditorStats: Info Base pass shader: 81 instructions
[2017.08.07-17.41.26:310][944]MaterialEditorStats: Info Vertex shader: 29 instructions
[2017.08.07-17.41.26:310][944]MaterialEditorStats: Info Texture samplers: 3/16
[2017.08.07-17.41.31:763][291]LogMaterial: Missing cached shader map for material BasicShapeMaterial, compiling. 
[2017.08.07-17.41.31:786][291]LogMaterial: Missing cached shader map for material FMatExpressionPreview MaterialExpressionVectorParameter_0, compiling. 
[2017.08.07-17.41.33:959][410]LogMaterial: Missing cached shader map for material BasicShapeMaterial, compiling. 
[2017.08.07-17.41.33:981][410]LogMaterial: Missing cached shader map for material FMatExpressionPreview MaterialExpressionVectorParameter_0, compiling. 
[2017.08.07-17.41.35:881][513]MaterialEditorStats: Info Base pass shader: 81 instructions
[2017.08.07-17.41.35:881][513]MaterialEditorStats: Info Vertex shader: 29 instructions
[2017.08.07-17.41.35:881][513]MaterialEditorStats: Info Texture samplers: 3/16
[2017.08.07-17.42.24:849][421]LogMaterial: Missing cached shader map for material BasicShapeMaterial, compiling. 
[2017.08.07-17.42.24:888][421]LogMaterial: Missing cached shader map for material BasicShapeMaterial, compiling. 
[2017.08.07-17.42.25:771][471]LogEditorTransaction: Undo Material Editor: New Expression
[2017.08.07-17.42.25:821][471]LogMaterial: Missing cached shader map for material BasicShapeMaterial, compiling. 
[2017.08.07-17.42.25:898][471]LogMaterial: Missing cached shader map for material BasicShapeMaterial, compiling. 
[2017.08.07-17.42.25:987][471]LogSlate: Took 0.000488 seconds to synchronously load lazily loaded font '../../../Engine/Content/Slate/Fonts/Roboto-Light.ttf' (159K)
[2017.08.07-17.42.40:656][700]MaterialEditorStats: Info Base pass shader: 81 instructions
[2017.08.07-17.42.40:656][700]MaterialEditorStats: Info Vertex shader: 29 instructions
[2017.08.07-17.42.40:656][700]MaterialEditorStats: Info Texture samplers: 3/16
[2017.08.07-17.42.52:444][658]LogMaterial: Missing cached shader map for material FMatExpressionPreview MaterialExpressionScalarParameter_0, compiling. 
[2017.08.07-17.43.41:225][362]LogMaterial: Missing cached shader map for material BasicShapeMaterial, compiling. 
[2017.08.07-17.43.41:250][362]LogMaterial: Missing cached shader map for material BasicShapeMaterial, compiling. 
[2017.08.07-17.43.44:122][545]MaterialEditorStats: Info Base pass shader: 81 instructions
[2017.08.07-17.43.44:122][545]MaterialEditorStats: Info Vertex shader: 29 instructions
[2017.08.07-17.43.44:122][545]MaterialEditorStats: Info Texture samplers: 3/16
[2017.08.07-17.44.12:985][ 55]LogMaterial: Missing cached shader map for material BasicShapeMaterial, compiling. 
[2017.08.07-17.44.15:208][185]MaterialEditorStats: Info Base pass shader: 86 instructions
[2017.08.07-17.44.15:208][185]MaterialEditorStats: Info Vertex shader: 29 instructions
[2017.08.07-17.44.15:208][185]MaterialEditorStats: Info Texture samplers: 3/16
[2017.08.07-17.44.25:746][ 59]LogMaterial: Missing cached shader map for material BasicShapeMaterial, compiling. 
[2017.08.07-17.44.25:771][ 59]LogMaterial: Missing cached shader map for material BasicShapeMaterial, compiling. 
[2017.08.07-17.44.27:883][176]MaterialEditorStats: Info Base pass shader: 87 instructions
[2017.08.07-17.44.27:883][176]MaterialEditorStats: Info Vertex shader: 29 instructions
[2017.08.07-17.44.27:883][176]MaterialEditorStats: Info Texture samplers: 3/16
[2017.08.07-17.44.30:350][380]LogMaterial: Missing cached shader map for material BasicShapeMaterial, compiling. 
[2017.08.07-17.44.32:029][471]MaterialEditorStats: Info Base pass shader: 87 instructions
[2017.08.07-17.44.32:030][471]MaterialEditorStats: Info Vertex shader: 29 instructions
[2017.08.07-17.44.32:030][471]MaterialEditorStats: Info Texture samplers: 3/16
[2017.08.07-17.44.35:501][746]LogMaterial: Missing cached shader map for material BasicShapeMaterial, compiling. 
[2017.08.07-17.44.35:526][746]LogMaterial: Missing cached shader map for material BasicShapeMaterial, compiling. 
[2017.08.07-17.44.37:204][838]MaterialEditorStats: Info Base pass shader: 87 instructions
[2017.08.07-17.44.37:204][838]MaterialEditorStats: Info Vertex shader: 29 instructions
[2017.08.07-17.44.37:204][838]MaterialEditorStats: Info Texture samplers: 2/16
[2017.08.07-17.44.39:564][ 28]LogMaterial: Missing cached shader map for material BasicShapeMaterial, compiling. 
[2017.08.07-17.44.41:323][124]MaterialEditorStats: Info Base pass shader: 87 instructions
[2017.08.07-17.44.41:323][124]MaterialEditorStats: Info Vertex shader: 29 instructions
[2017.08.07-17.44.41:323][124]MaterialEditorStats: Info Texture samplers: 3/16
[2017.08.07-17.44.46:309][517]LogMaterial: Missing cached shader map for material BasicShapeMaterial, compiling. 
[2017.08.07-17.44.48:488][655]MaterialEditorStats: Info Base pass shader: 87 instructions
[2017.08.07-17.44.48:488][655]MaterialEditorStats: Info Vertex shader: 29 instructions
[2017.08.07-17.44.48:488][655]MaterialEditorStats: Info Texture samplers: 3/16
[2017.08.07-17.44.50:583][812]LogMaterialEditor: Saving and Compiling material BasicShapeMaterial
[2017.08.07-17.44.53:695][812]LogMaterial: Missing cached shader map for material BasicShapeMaterial, compiling. 
[2017.08.07-17.44.53:841][812]LogMaterial: Missing cached shader map for material BasicShapeMaterial, compiling. 
[2017.08.07-17.44.54:017][812]LogMaterial: Missing cached shader map for material BasicShapeMaterial, compiling. 
[2017.08.07-17.44.54:140][812]LogMaterial: Missing cached shader map for material FDebugViewModeMaterialProxy BasicShapeMaterial, compiling. 
[2017.08.07-17.44.55:094][812]TextureStreamingBuild:Display: Compiling optional shaders took 0.965 seconds.
[2017.08.07-17.45.01:051][812]LogSlate: Took 0.000293 seconds to synchronously load lazily loaded font '../../../Engine/Content/Slate/Fonts/Roboto-Regular.ttf' (155K)
[2017.08.07-17.45.01:104][812]Cmd: OBJ SAVEPACKAGE PACKAGE="/Engine/BasicShapes/BasicShapeMaterial" FILE="../../../Engine/Content/BasicShapes/BasicShapeMaterial.uasset" SILENT=true
[2017.08.07-17.45.01:321][812]LogSavePackage: Save=160.33ms
[2017.08.07-17.45.01:321][812]LogSavePackage: Moving '../../../../../FreedomReal/FREEDOM/PROYECTO/source/Saved/BasicShapeMaterial3207F7094A991E8415FF13BB5BD82045.tmp' to '../../../Engine/Content/BasicShapes/BasicShapeMaterial.uasset'
[2017.08.07-17.45.01:351][812]LogSavePackage:Display: Finished SavePackage ../../../Engine/Content/BasicShapes/BasicShapeMaterial.uasset
[2017.08.07-17.45.12:133][322]LogTemp: Repeting last play command: Selected Viewport
[2017.08.07-17.45.12:217][322]LogBlueprintUserMessages: Early PlayInEditor Detection: Level '/Game/00_pepe.00_pepe:PersistentLevel' has LevelScriptBlueprint '/Game/00_pepe.00_pepe:PersistentLevel.00_pepe' with GeneratedClass '/Game/00_pepe.00_pepe_C' with ClassGeneratedBy '/Game/00_pepe.00_pepe:PersistentLevel.00_pepe'
[2017.08.07-17.45.12:235][322]LogPlayLevel: PlayLevel: No blueprints needed recompiling
[2017.08.07-17.45.12:326][322]PIE: New page: PIE session: 00_pepe (Aug 7, 2017, 7:45:12 PM)
[2017.08.07-17.45.12:338][322]LogPlayLevel: Creating play world package: /Game/UEDPIE_0_00_pepe
[2017.08.07-17.45.12:403][322]LogPlayLevel: PIE: StaticDuplicateObject took: (0.064925s)
[2017.08.07-17.45.12:404][322]LogAIModule: Creating AISystem for world 00_pepe
[2017.08.07-17.45.12:404][322]LogPlayLevel: PIE: World Init took: (0.000934s)
[2017.08.07-17.45.12:426][322]LogPlayLevel: PIE: Created PIE world by copying editor world from /Game/00_pepe.00_pepe to /Game/UEDPIE_0_00_pepe.00_pepe (0.087395s)
[2017.08.07-17.45.12:525][322]LogInit: XAudio2 using 'Altavoces (Dispositivo de High Definition Audio)' : 2 channels at 44.1 kHz using 16 bits per sample (channel mask 0x3)
[2017.08.07-17.45.12:534][322]LogInit: FAudioDevice initialized.
[2017.08.07-17.45.12:605][322]LogLoad: Game class is 'GameModeBase'
[2017.08.07-17.45.12:706][322]LogWorld: Bringing World /Game/UEDPIE_0_00_pepe.00_pepe up for play (max tick rate 0) at 2017.08.07-18.45.12
[2017.08.07-17.45.12:728][322]LogWorld: Bringing up level for play took: 0.011794
[2017.08.07-17.45.12:981][322]LogContentBrowser: Native class hierarchy updated for 'MovieSceneCapture' in 0.0012 seconds. Added 11 classes and 0 folders.
[2017.08.07-17.45.13:086][322]PIE: Info Play in editor start time for /Game/UEDPIE_0_00_pepe 0.962
[2017.08.07-17.45.13:086][322]LogBlueprintUserMessages: Late PlayInEditor Detection: Level '/Game/00_pepe.00_pepe:PersistentLevel' has LevelScriptBlueprint '/Game/00_pepe.00_pepe:PersistentLevel.00_pepe' with GeneratedClass '/Game/00_pepe.00_pepe_C' with ClassGeneratedBy '/Game/00_pepe.00_pepe:PersistentLevel.00_pepe'
[2017.08.07-17.45.18:196][857]LogBlueprintUserMessages: Early EndPlayMap Detection: Level '/Game/00_pepe.00_pepe:PersistentLevel' has LevelScriptBlueprint '/Game/00_pepe.00_pepe:PersistentLevel.00_pepe' with GeneratedClass '/Game/00_pepe.00_pepe_C' with ClassGeneratedBy '/Game/00_pepe.00_pepe:PersistentLevel.00_pepe'
[2017.08.07-17.45.18:307][857]LogBlueprintUserMessages: Late EndPlayMap Detection: Level '/Game/00_pepe.00_pepe:PersistentLevel' has LevelScriptBlueprint '/Game/00_pepe.00_pepe:PersistentLevel.00_pepe' with GeneratedClass '/Game/00_pepe.00_pepe_C' with ClassGeneratedBy '/Game/00_pepe.00_pepe:PersistentLevel.00_pepe'
[2017.08.07-17.45.19:293][947]MapCheck: New page: Map Check
[2017.08.07-17.45.19:357][947]Cmd: MAP REBUILD ALLVISIBLE
[2017.08.07-17.45.19:358][947]LogEditorServer: Rebuildmap Clear paths rebuilt
[2017.08.07-17.45.19:591][947]LogMaterial: Missing cached shader map for material FDebugViewModeMaterialProxy MaterialInstanceDynamic_2, compiling. 
[2017.08.07-17.45.19:629][947]LogMaterial: Missing cached shader map for material FDebugViewModeMaterialProxy BasicShapeMaterial, compiling. 
[2017.08.07-17.45.20:294][947]TextureStreamingBuild:Display: Compiling optional shaders took 0.706 seconds.
[2017.08.07-17.45.20:354][947]LogLevel:Display: Export Material TexCoord Scales took 0.060 seconds.
[2017.08.07-17.45.20:372][947]TextureStreamingBuild:Display: Build Texture Streaming took 0.018 seconds.
[2017.08.07-17.45.20:404][947]LightingResults: New page: Lighting Build - Aug 7, 2017, 7:45:20 PM
[2017.08.07-17.45.20:653][947]LogSwarmInterface: [OpenConnection] Registering TCP channel ...
[2017.08.07-17.45.20:891][947]LogSwarmInterface: [OpenConnection] Connecting to agent ...
[2017.08.07-17.45.20:932][947]LogSwarmInterface: [TryOpenConnection] Testing the Agent
[2017.08.07-17.45.22:522][947]LogSwarmInterface: [TryOpenConnection] Opening Connection to Agent
[2017.08.07-17.45.22:522][947]LogSwarmInterface: [TryOpenConnection] Local Process ID is 12540
[2017.08.07-17.45.25:937][947]LogStaticLightingSystem:Warning: No importance volume found, so the scene bounding box was used.  You can optimize your scene's quality and lighting build times by adding importance volumes.
[2017.08.07-17.45.25:939][947]LogStaticLightingSystem: Running Lightmass w/ ImmediateImport mode ENABLED
[2017.08.07-17.45.25:939][947]LogStaticLightingSystem: Running Lightmass w/ ImmediateProcess mode ENABLED
[2017.08.07-17.45.25:939][947]LogStaticLightingSystem: Running Lightmass w/ Sorting mode ENABLED
[2017.08.07-17.45.25:939][947]LogStaticLightingSystem: Running Lightmass w/ Mapping paddings ENABLED
[2017.08.07-17.45.25:939][947]LogStaticLightingSystem: Running Lightmass w/ Mapping debug paddings DISABLED
[2017.08.07-17.45.26:343][947]Cmd: MAP CHECK DONTDISPLAYDIALOG
[2017.08.07-17.45.26:343][947]MapCheck: New page: 00_pepe - Aug 7, 2017, 7:45:26 PM
[2017.08.07-17.45.26:375][947]MapCheck:Error: Error WorldSettings Maps need lighting rebuilt 
[2017.08.07-17.45.26:465][947]MapCheck: Info Map check complete: 1 Error(s), 0 Warning(s), took 122.211ms to complete.
[2017.08.07-17.45.26:488][947]LogEditorBuildUtils: Build time 0:07
[2017.08.07-17.45.26:590][947]LogMaterial: Missing cached shader map for material FLightmassMaterialRenderer MaterialInstanceDynamic_2, compiling. 
[2017.08.07-17.45.26:605][947]LogMaterial: Missing cached shader map for material FLightmassMaterialRenderer MaterialInstanceDynamic_2, compiling. 
[2017.08.07-17.45.26:722][948]LogMaterial: Missing cached shader map for material FLightmassMaterialRenderer BasicShapeMaterial, compiling. 
[2017.08.07-17.45.26:741][948]LogMaterial: Missing cached shader map for material FLightmassMaterialRenderer BasicShapeMaterial, compiling. 
[2017.08.07-17.45.26:914][949]LogMaterial: Missing cached shader map for material FLightmassMaterialRenderer WorldGridMaterial, compiling. Is special engine material.
[2017.08.07-17.45.26:943][949]LogMaterial: Missing cached shader map for material FLightmassMaterialRenderer WorldGridMaterial, compiling. Is special engine material.
[2017.08.07-17.45.33:318][165]Job is a success!
[2017.08.07-17.45.33:614][166]LogTexture:Display: Building textures: HQ_Lightmap0_1 (AutoDXT, 128X128)
[2017.08.07-17.45.33:614][166]LogTexture:Display: Building textures: LQ_Lightmap_0_1 (DXT1, 128X128)
[2017.08.07-17.45.33:614][166]LogTexture:Display: Building textures: HQ_Lightmap0_2 (AutoDXT, 64X64)
[2017.08.07-17.45.33:614][166]LogTexture:Display: Building textures: LQ_Lightmap_0_2 (DXT1, 64X64)
[2017.08.07-17.45.33:614][166]LogTexture:Display: Building textures: ShadowMapTexture2D_0 (G8, 64X64)
[2017.08.07-17.45.33:614][166]LogTexture:Display: Building textures: ShadowMapTexture2D_1 (G8, 32X32)
[2017.08.07-17.45.33:711][166]Lightmass on DESKTOP-IS750JK: 1.44 sec total, 221 ms importing, 93 ms setup, 309 ms photons, 589 ms processing, 0 ms extra exporting [2/2 mappings]. Threads: 3.94 sec total, 204 ms processing.
[2017.08.07-17.45.33:762][166]LogStaticLightingSystem: Illumination: 13.2 sec (46 ms encoding lightmaps, 44 ms encoding shadowmaps)
[2017.08.07-17.45.33:762][166]LogStaticLightingSystem: Lightmap texture memory:  0.0 MB (0.0 MB streaming, 0.0 MB non-streaming), 4 textures
[2017.08.07-17.45.33:762][166]LogStaticLightingSystem: Shadowmap texture memory: 0.0 MB (0.0 MB streaming, 0.0 MB non-streaming), 2 textures
[2017.08.07-17.45.33:916][166]DumpUnbuiltLightIteractions
[2017.08.07-17.45.33:916][166]Lights with unbuilt interactions: 0
[2017.08.07-17.45.33:916][166]
[2017.08.07-17.45.33:916][166]Primitives with unbuilt interactions: 0
[2017.08.07-17.45.33:940][167]Cmd: MAP CHECK NOTIFYRESULTS
[2017.08.07-17.45.33:940][167]MapCheck: New page: 00_pepe - Aug 7, 2017, 7:45:33 PM
[2017.08.07-17.45.34:051][167]MapCheck: Info Map check complete: 0 Error(s), 0 Warning(s), took 111.237ms to complete.
[2017.08.07-17.45.37:456][522]MapCheck: New page: Map Check
[2017.08.07-17.45.37:495][522]Cmd: MAP REBUILD ALLVISIBLE
[2017.08.07-17.45.37:495][522]LogEditorServer: Rebuildmap Clear paths rebuilt
[2017.08.07-17.45.37:524][522]LogMaterial: Missing cached shader map for material FDebugViewModeMaterialProxy MaterialInstanceDynamic_3, compiling. 
[2017.08.07-17.45.37:536][522]LogMaterial: Missing cached shader map for material FDebugViewModeMaterialProxy BasicShapeMaterial, compiling. 
[2017.08.07-17.45.37:862][522]TextureStreamingBuild:Display: Compiling optional shaders took 0.341 seconds.
[2017.08.07-17.45.37:864][522]LogLevel:Display: Export Material TexCoord Scales took 0.003 seconds.
[2017.08.07-17.45.37:869][522]TextureStreamingBuild:Display: Build Texture Streaming took 0.004 seconds.
[2017.08.07-17.45.37:889][522]LightingResults: New page: Lighting Build - Aug 7, 2017, 7:45:37 PM
[2017.08.07-17.45.37:906][522]LogSwarmInterface: [OpenConnection] Registering TCP channel ...
[2017.08.07-17.45.37:916][522]LogSwarmInterface: [OpenConnection] Connecting to agent ...
[2017.08.07-17.45.37:916][522]LogSwarmInterface: [TryOpenConnection] Testing the Agent
[2017.08.07-17.45.37:917][522]LogSwarmInterface: [TryOpenConnection] Opening Connection to Agent
[2017.08.07-17.45.37:917][522]LogSwarmInterface: [TryOpenConnection] Local Process ID is 12540
[2017.08.07-17.45.42:462][522]LogStaticLightingSystem:Warning: No importance volume found, so the scene bounding box was used.  You can optimize your scene's quality and lighting build times by adding importance volumes.
[2017.08.07-17.45.42:462][522]LogStaticLightingSystem: Running Lightmass w/ ImmediateImport mode ENABLED
[2017.08.07-17.45.42:462][522]LogStaticLightingSystem: Running Lightmass w/ ImmediateProcess mode ENABLED
[2017.08.07-17.45.42:462][522]LogStaticLightingSystem: Running Lightmass w/ Sorting mode ENABLED
[2017.08.07-17.45.42:462][522]LogStaticLightingSystem: Running Lightmass w/ Mapping paddings ENABLED
[2017.08.07-17.45.42:462][522]LogStaticLightingSystem: Running Lightmass w/ Mapping debug paddings DISABLED
[2017.08.07-17.45.42:712][522]Cmd: MAP CHECK DONTDISPLAYDIALOG
[2017.08.07-17.45.42:713][522]MapCheck: New page: 00_pepe - Aug 7, 2017, 7:45:42 PM
[2017.08.07-17.45.42:808][522]MapCheck: Info Map check complete: 0 Error(s), 0 Warning(s), took 94.979ms to complete.
[2017.08.07-17.45.42:830][522]LogEditorBuildUtils: Build time 0:05
[2017.08.07-17.45.45:436][669]Job is a success!
[2017.08.07-17.45.45:586][670]LogTexture:Display: Building textures: HQ_Lightmap1_1 (AutoDXT, 128X128)
[2017.08.07-17.45.45:586][670]LogTexture:Display: Building textures: LQ_Lightmap_1_1 (DXT1, 128X128)
[2017.08.07-17.45.45:586][670]LogTexture:Display: Building textures: HQ_Lightmap1_2 (AutoDXT, 64X64)
[2017.08.07-17.45.45:586][670]LogTexture:Display: Building textures: LQ_Lightmap_1_2 (DXT1, 64X64)
[2017.08.07-17.45.45:586][670]LogTexture:Display: Building textures: ShadowMapTexture2D_2 (G8, 64X64)
[2017.08.07-17.45.45:586][670]LogTexture:Display: Building textures: ShadowMapTexture2D_3 (G8, 32X32)
[2017.08.07-17.45.45:623][670]Lightmass on DESKTOP-IS750JK: 1.04 sec total, 213 ms importing, 83 ms setup, 305 ms photons, 406 ms processing, 0 ms extra exporting [2/2 mappings]. Threads: 2.66 sec total, 202 ms processing.
[2017.08.07-17.45.45:633][670]LogStaticLightingSystem: Illumination: 7.69 sec (3 ms encoding lightmaps, 39 ms encoding shadowmaps)
[2017.08.07-17.45.45:633][670]LogStaticLightingSystem: Lightmap texture memory:  0.0 MB (0.0 MB streaming, 0.0 MB non-streaming), 4 textures
[2017.08.07-17.45.45:633][670]LogStaticLightingSystem: Shadowmap texture memory: 0.0 MB (0.0 MB streaming, 0.0 MB non-streaming), 2 textures
[2017.08.07-17.45.46:467][670]DumpUnbuiltLightIteractions
[2017.08.07-17.45.46:467][670]Lights with unbuilt interactions: 0
[2017.08.07-17.45.46:467][670]
[2017.08.07-17.45.46:467][670]Primitives with unbuilt interactions: 0
[2017.08.07-17.45.46:479][671]Cmd: MAP CHECK NOTIFYRESULTS
[2017.08.07-17.45.46:479][671]MapCheck: New page: 00_pepe - Aug 7, 2017, 7:45:46 PM
[2017.08.07-17.45.46:589][671]MapCheck: Info Map check complete: 0 Error(s), 0 Warning(s), took 109.242ms to complete.
[2017.08.07-17.45.51:087][182]LogTemp: Repeting last play command: Selected Viewport
[2017.08.07-17.45.51:111][182]LogBlueprintUserMessages: Early PlayInEditor Detection: Level '/Game/00_pepe.00_pepe:PersistentLevel' has LevelScriptBlueprint '/Game/00_pepe.00_pepe:PersistentLevel.00_pepe' with GeneratedClass '/Game/00_pepe.00_pepe_C' with ClassGeneratedBy '/Game/00_pepe.00_pepe:PersistentLevel.00_pepe'
[2017.08.07-17.45.51:111][182]LogPlayLevel: PlayLevel: No blueprints needed recompiling
[2017.08.07-17.45.51:111][182]PIE: New page: PIE session: 00_pepe (Aug 7, 2017, 7:45:51 PM)
[2017.08.07-17.45.51:112][182]LogPlayLevel: Creating play world package: /Game/UEDPIE_0_00_pepe
[2017.08.07-17.45.51:114][182]LogPlayLevel: PIE: StaticDuplicateObject took: (0.002803s)
[2017.08.07-17.45.51:115][182]LogAIModule: Creating AISystem for world 00_pepe
[2017.08.07-17.45.51:116][182]LogPlayLevel: PIE: World Init took: (0.001149s)
[2017.08.07-17.45.51:116][182]LogPlayLevel: PIE: Created PIE world by copying editor world from /Game/00_pepe.00_pepe to /Game/UEDPIE_0_00_pepe.00_pepe (0.004376s)
[2017.08.07-17.45.51:164][182]LogInit: XAudio2 using 'Altavoces (Dispositivo de High Definition Audio)' : 2 channels at 44.1 kHz using 16 bits per sample (channel mask 0x3)
[2017.08.07-17.45.51:176][182]LogInit: FAudioDevice initialized.
[2017.08.07-17.45.51:213][182]LogLoad: Game class is 'GameModeBase'
[2017.08.07-17.45.51:216][182]LogWorld: Bringing World /Game/UEDPIE_0_00_pepe.00_pepe up for play (max tick rate 0) at 2017.08.07-18.45.51
[2017.08.07-17.45.51:216][182]LogWorld: Bringing up level for play took: 0.000994
[2017.08.07-17.45.51:218][182]PIE: Info Play in editor start time for /Game/UEDPIE_0_00_pepe 1.093
[2017.08.07-17.45.51:218][182]LogBlueprintUserMessages: Late PlayInEditor Detection: Level '/Game/00_pepe.00_pepe:PersistentLevel' has LevelScriptBlueprint '/Game/00_pepe.00_pepe:PersistentLevel.00_pepe' with GeneratedClass '/Game/00_pepe.00_pepe_C' with ClassGeneratedBy '/Game/00_pepe.00_pepe:PersistentLevel.00_pepe'
[2017.08.07-17.45.58:975][ 77]LogBlueprintUserMessages: Early EndPlayMap Detection: Level '/Game/00_pepe.00_pepe:PersistentLevel' has LevelScriptBlueprint '/Game/00_pepe.00_pepe:PersistentLevel.00_pepe' with GeneratedClass '/Game/00_pepe.00_pepe_C' with ClassGeneratedBy '/Game/00_pepe.00_pepe:PersistentLevel.00_pepe'
[2017.08.07-17.45.59:037][ 77]LogBlueprintUserMessages: Late EndPlayMap Detection: Level '/Game/00_pepe.00_pepe:PersistentLevel' has LevelScriptBlueprint '/Game/00_pepe.00_pepe:PersistentLevel.00_pepe' with GeneratedClass '/Game/00_pepe.00_pepe_C' with ClassGeneratedBy '/Game/00_pepe.00_pepe:PersistentLevel.00_pepe'
[2017.08.07-17.46.32:403][703]Cmd: OBJ SAVEPACKAGE PACKAGE="/Game/00_pepe" FILE="../../../../../FreedomReal/FREEDOM/PROYECTO/source/Content/00_pepe.umap" SILENT=true AUTOSAVING=false KEEPDIRTY=false
[2017.08.07-17.46.32:881][703]LogSavePackage: Save=437.10ms
[2017.08.07-17.46.32:881][703]LogSavePackage: Moving '../../../../../FreedomReal/FREEDOM/PROYECTO/source/Saved/00_pepe52DB165740695201EDA316B6A42A1768.tmp' to '../../../../../FreedomReal/FREEDOM/PROYECTO/source/Content/00_pepe.umap'
[2017.08.07-17.46.32:890][703]LogSavePackage:Display: Finished SavePackage ../../../../../FreedomReal/FREEDOM/PROYECTO/source/Content/00_pepe.umap
[2017.08.07-17.46.32:948][703]Cmd: OBJ SAVEPACKAGE PACKAGE="/Game/00_pepe_BuiltData" FILE="../../../../../FreedomReal/FREEDOM/PROYECTO/source/Content/00_pepe_BuiltData.uasset" SILENT=true
[2017.08.07-17.46.32:983][703]LogSavePackage: Save=31.11ms
[2017.08.07-17.46.32:983][703]LogSavePackage: Moving '../../../../../FreedomReal/FREEDOM/PROYECTO/source/Saved/00_pepe_BuiltData41135A8B4B02F1B11703B495D733B77C.tmp' to '../../../../../FreedomReal/FREEDOM/PROYECTO/source/Content/00_pepe_BuiltData.uasset'
[2017.08.07-17.46.32:992][703]LogSavePackage:Display: Finished SavePackage ../../../../../FreedomReal/FREEDOM/PROYECTO/source/Content/00_pepe_BuiltData.uasset
[2017.08.07-17.46.35:998][978]LogWindowsTextInputMethodSystem:Display: IME system now deactivated.
[2017.08.07-17.46.36:419][979]Cmd: QUIT_EDITOR
[2017.08.07-17.46.37:484][979]LogExit: Preparing to exit.
[2017.08.07-17.46.38:948][979]LogDirectoryWatcher: A directory notification for 'B:/FreedomReal/FREEDOM/PROYECTO/source/Content/' was aborted.
[2017.08.07-17.46.39:080][979]LogExit: Editor shut down
[2017.08.07-17.46.39:088][979]LogExit: Transaction tracking system shut down
[2017.08.07-17.46.40:417][979]LogObj: Freed 0b from 0 cluster array pools.
[2017.08.07-17.46.40:417][979]LogExit: Object subsystem successfully closed.
[2017.08.07-17.46.40:994][979]LogD3D11RHI: Shutdown
[2017.08.07-17.46.40:994][979]LogD3D11RHI: CleanupD3DDevice
[2017.08.07-17.46.41:162][979]LogD3D11RHI: ~FD3D11DynamicRHI
[2017.08.07-17.46.42:044][979]LogModuleManager: Shutting down and abandoning module HierarchicalLODUtilities (530)
[2017.08.07-17.46.42:044][979]LogModuleManager: Shutting down and abandoning module MovieSceneCapture (528)
[2017.08.07-17.46.42:044][979]LogModuleManager: Shutting down and abandoning module MaterialEditor (526)
[2017.08.07-17.46.42:044][979]LogModuleManager: Shutting down and abandoning module HierarchicalLODOutliner (524)
[2017.08.07-17.46.42:051][979]LogModuleManager: Shutting down and abandoning module CrashTracker (522)
[2017.08.07-17.46.42:051][979]LogModuleManager: Shutting down and abandoning module SceneOutliner (520)
[2017.08.07-17.46.42:051][979]LogModuleManager: Shutting down and abandoning module AddContentDialog (518)
[2017.08.07-17.46.42:067][979]LogDirectoryWatcher: A directory notification for 'B:/UnrealEngine/UE_4.16/FeaturePacks/' was aborted.
[2017.08.07-17.46.42:069][979]LogModuleManager: Shutting down and abandoning module WidgetCarousel (517)
[2017.08.07-17.46.42:069][979]LogModuleManager: Shutting down and abandoning module EditorWidgets (514)
[2017.08.07-17.46.42:069][979]LogModuleManager: Shutting down and abandoning module CollectionManager (512)
[2017.08.07-17.46.42:069][979]LogDirectoryWatcher: A directory notification for 'B:/FreedomReal/FREEDOM/PROYECTO/source/Content/Collections/' was aborted.
[2017.08.07-17.46.42:069][979]LogDirectoryWatcher: A directory notification for 'B:/FreedomReal/FREEDOM/PROYECTO/source/Content/Developers/Pepe/Collections/' was aborted.
[2017.08.07-17.46.42:069][979]LogDirectoryWatcher: A directory notification for 'B:/FreedomReal/FREEDOM/PROYECTO/source/Saved/Collections/' was aborted.
[2017.08.07-17.46.42:069][979]LogModuleManager: Shutting down and abandoning module StatsViewer (510)
[2017.08.07-17.46.42:069][979]LogModuleManager: Shutting down and abandoning module FoliageEdit (508)
[2017.08.07-17.46.42:069][979]LogModuleManager: Shutting down and abandoning module LandscapeEditor (506)
[2017.08.07-17.46.42:098][979]LogModuleManager: Shutting down and abandoning module MeshPaintMode (504)
[2017.08.07-17.46.42:098][979]LogModuleManager: Shutting down and abandoning module SceneDepthPickerMode (502)
[2017.08.07-17.46.42:098][979]LogModuleManager: Shutting down and abandoning module ActorPickerMode (500)
[2017.08.07-17.46.42:098][979]LogModuleManager: Shutting down and abandoning module GeometryMode (498)
[2017.08.07-17.46.42:098][979]LogModuleManager: Shutting down and abandoning module TextureAlignMode (496)
[2017.08.07-17.46.42:098][979]LogModuleManager: Shutting down and abandoning module BspMode (494)
[2017.08.07-17.46.42:109][979]LogModuleManager: Shutting down and abandoning module HardwareSurvey (492)
[2017.08.07-17.46.42:117][979]LogModuleManager: Shutting down and abandoning module SequenceRecorderSections (490)
[2017.08.07-17.46.42:127][979]LogModuleManager: Shutting down and abandoning module AutomationWorker (488)
[2017.08.07-17.46.42:142][979]LogModuleManager: Shutting down and abandoning module MatineeToLevelSequence (486)
[2017.08.07-17.46.42:156][979]LogModuleManager: Shutting down and abandoning module LevelSequenceEditor (484)
[2017.08.07-17.46.42:203][979]LogModuleManager: Shutting down and abandoning module PlacementMode (483)
[2017.08.07-17.46.42:203][979]LogModuleManager: Shutting down and abandoning module WmfMediaFactory (480)
[2017.08.07-17.46.42:203][979]LogModuleManager: Shutting down and abandoning module WmfMediaEditor (478)
[2017.08.07-17.46.42:204][979]LogModuleManager: Shutting down and abandoning module AvfMediaFactory (476)
[2017.08.07-17.46.42:204][979]LogModuleManager: Shutting down and abandoning module AvfMediaEditor (474)
[2017.08.07-17.46.42:204][979]LogModuleManager: Shutting down and abandoning module AndroidMediaFactory (472)
[2017.08.07-17.46.42:204][979]LogModuleManager: Shutting down and abandoning module Media (471)
[2017.08.07-17.46.42:204][979]LogModuleManager: Shutting down and abandoning module AndroidMediaEditor (468)
[2017.08.07-17.46.42:204][979]LogModuleManager: Shutting down and abandoning module CharacterAI (466)
[2017.08.07-17.46.42:204][979]LogModuleManager: Shutting down and abandoning module AudioCapture (464)
[2017.08.07-17.46.42:226][979]LogModuleManager: Shutting down and abandoning module SequenceRecorder (463)
[2017.08.07-17.46.42:233][979]LogModuleManager: Shutting down and abandoning module SmartSnapping (460)
[2017.08.07-17.46.42:233][979]LogModuleManager: Shutting down and abandoning module SessionServices (458)
[2017.08.07-17.46.42:233][979]LogModuleManager: Shutting down and abandoning module ViewportSnapping (456)
[2017.08.07-17.46.42:233][979]LogModuleManager: Shutting down and abandoning module ViewportInteraction (454)
[2017.08.07-17.46.42:233][979]LogModuleManager: Shutting down and abandoning module ClothPainter (452)
[2017.08.07-17.46.42:252][979]LogModuleManager: Shutting down and abandoning module LogVisualizer (450)
[2017.08.07-17.46.42:265][979]LogModuleManager: Shutting down and abandoning module IntroTutorials (448)
[2017.08.07-17.46.42:292][979]LogModuleManager: Shutting down and abandoning module GameProjectGeneration (447)
[2017.08.07-17.46.42:292][979]LogModuleManager: Shutting down and abandoning module EditorLiveStreaming (444)
[2017.08.07-17.46.42:292][979]LogModuleManager: Shutting down and abandoning module IOSPlatformEditor (442)
[2017.08.07-17.46.42:305][979]LogModuleManager: Shutting down and abandoning module HTML5PlatformEditor (440)
[2017.08.07-17.46.42:305][979]LogModuleManager: Shutting down and abandoning module AndroidPlatformEditor (438)
[2017.08.07-17.46.42:305][979]LogModuleManager: Shutting down and abandoning module AndroidDeviceDetection (437)
[2017.08.07-17.46.42:529][979]LogModuleManager: Shutting down and abandoning module IOSRuntimeSettings (434)
[2017.08.07-17.46.42:529][979]LogModuleManager: Shutting down and abandoning module AndroidRuntimeSettings (432)
[2017.08.07-17.46.42:529][979]LogModuleManager: Shutting down and abandoning module InputBindingEditor (430)
[2017.08.07-17.46.42:540][979]LogModuleManager: Shutting down and abandoning module MergeActors (428)
[2017.08.07-17.46.42:545][979]LogModuleManager: Shutting down and abandoning module SizeMap (426)
[2017.08.07-17.46.42:545][979]LogModuleManager: Shutting down and abandoning module TreeMap (424)
[2017.08.07-17.46.42:550][979]LogModuleManager: Shutting down and abandoning module ReferenceViewer (422)
[2017.08.07-17.46.42:556][979]LogModuleManager: Shutting down and abandoning module LocalizationDashboard (420)
[2017.08.07-17.46.42:571][979]LogModuleManager: Shutting down and abandoning module LocalizationService (419)
[2017.08.07-17.46.42:583][979]LogModuleManager: Shutting down and abandoning module HardwareTargeting (416)
[2017.08.07-17.46.42:583][979]LogModuleManager: Shutting down and abandoning module DeviceProfileEditor (414)
[2017.08.07-17.46.42:591][979]LogModuleManager: Shutting down and abandoning module UndoHistory (412)
[2017.08.07-17.46.42:598][979]LogModuleManager: Shutting down and abandoning module UserFeedback (410)
[2017.08.07-17.46.42:598][979]LogModuleManager: Shutting down and abandoning module XmlParser (408)
[2017.08.07-17.46.42:605][979]LogModuleManager: Shutting down and abandoning module Blutility (406)
[2017.08.07-17.46.42:617][979]LogModuleManager: Shutting down and abandoning module ProjectSettingsViewer (404)
[2017.08.07-17.46.42:617][979]LogModuleManager: Shutting down and abandoning module ProjectTargetPlatformEditor (403)
[2017.08.07-17.46.42:618][979]LogModuleManager: Shutting down and abandoning module EditorSettingsViewer (400)
[2017.08.07-17.46.42:618][979]LogModuleManager: Shutting down and abandoning module SettingsEditor (398)
[2017.08.07-17.46.42:625][979]LogModuleManager: Shutting down and abandoning module ProjectLauncher (396)
[2017.08.07-17.46.42:646][979]LogModuleManager: Shutting down and abandoning module SessionFrontend (394)
[2017.08.07-17.46.42:656][979]LogModuleManager: Shutting down and abandoning module ProfilerClient (392)
[2017.08.07-17.46.42:666][979]LogModuleManager: Shutting down and abandoning module DeviceManager (390)
[2017.08.07-17.46.42:683][979]LogModuleManager: Shutting down and abandoning module TargetDeviceServices (389)
[2017.08.07-17.46.42:758][979]LogModuleManager: Shutting down and abandoning module AutomationController (386)
[2017.08.07-17.46.42:766][979]LogModuleManager: Shutting down and abandoning module AutomationWindow (384)
[2017.08.07-17.46.42:786][979]LogModuleManager: Shutting down and abandoning module Layers (382)
[2017.08.07-17.46.42:805][979]LogModuleManager: Shutting down and abandoning module ComponentVisualizers (380)
[2017.08.07-17.46.42:805][979]LogModuleManager: Shutting down and abandoning module DetailCustomizations (378)
[2017.08.07-17.46.42:814][979]LogModuleManager: Shutting down and abandoning module PackagesDialog (376)
[2017.08.07-17.46.42:822][979]LogModuleManager: Shutting down and abandoning module Persona (374)
[2017.08.07-17.46.42:851][979]LogModuleManager: Shutting down and abandoning module AdvancedPreviewScene (373)
[2017.08.07-17.46.42:851][979]LogModuleManager: Shutting down and abandoning module AnimGraph (371)
[2017.08.07-17.46.42:851][979]LogModuleManager: Shutting down and abandoning module Kismet (368)
[2017.08.07-17.46.42:864][979]LogModuleManager: Shutting down and abandoning module ClassViewer (366)
[2017.08.07-17.46.42:864][979]LogModuleManager: Shutting down and abandoning module Toolbox (364)
[2017.08.07-17.46.42:880][979]LogModuleManager: Shutting down and abandoning module ModuleUI (362)
[2017.08.07-17.46.42:893][979]LogModuleManager: Shutting down and abandoning module MovieSceneTools (360)
[2017.08.07-17.46.42:906][979]LogModuleManager: Shutting down and abandoning module OutputLog (358)
[2017.08.07-17.46.42:924][979]LogModuleManager: Shutting down and abandoning module GammaUI (356)
[2017.08.07-17.46.42:933][979]LogModuleManager: Shutting down and abandoning module Documentation (354)
[2017.08.07-17.46.42:933][979]LogModuleManager: Shutting down and abandoning module MovieSceneTracks (352)
[2017.08.07-17.46.42:933][979]LogModuleManager: Shutting down and abandoning module MovieScene (350)
[2017.08.07-17.46.42:933][979]LogModuleManager: Shutting down and abandoning module Niagara (348)
[2017.08.07-17.46.42:933][979]LogModuleManager: Shutting down and abandoning module NiagaraEditor (347)
[2017.08.07-17.46.42:970][979]LogModuleManager: Shutting down and abandoning module StreamingPauseRendering (344)
[2017.08.07-17.46.42:970][979]LogModuleManager: Shutting down and abandoning module AnalyticsET (342)
[2017.08.07-17.46.42:970][979]LogModuleManager: Shutting down and abandoning module PortalServices (340)
[2017.08.07-17.46.42:970][979]LogModuleManager: Shutting down and abandoning module PortalRpc (338)
[2017.08.07-17.46.42:970][979]LogModuleManager: Shutting down and abandoning module MessagingRpc (336)
[2017.08.07-17.46.42:970][979]LogModuleManager: Shutting down and abandoning module AIModule (334)
[2017.08.07-17.46.42:970][979]LogModuleManager: Shutting down and abandoning module GameplayDebugger (333)
[2017.08.07-17.46.42:970][979]LogModuleManager: Shutting down and abandoning module AITestSuite (331)
[2017.08.07-17.46.42:983][979]LogModuleManager: Shutting down and abandoning module ProfilerService (328)
[2017.08.07-17.46.43:055][979]LogModuleManager: Shutting down and abandoning module TaskGraph (326)
[2017.08.07-17.46.43:068][979]LogModuleManager: Shutting down and abandoning module SteamVRController (324)
[2017.08.07-17.46.43:068][979]LogModuleManager: Shutting down and abandoning module SteamVR (322)
[2017.08.07-17.46.43:068][979]LogModuleManager: Shutting down and abandoning module ProceduralMeshComponentEditor (320)
[2017.08.07-17.46.43:073][979]LogModuleManager: Shutting down and abandoning module ProceduralMeshComponent (318)
[2017.08.07-17.46.43:079][979]LogModuleManager: Shutting down and abandoning module OculusLibrary (316)
[2017.08.07-17.46.43:079][979]LogModuleManager: Shutting down and abandoning module OculusInput (314)
[2017.08.07-17.46.43:079][979]LogModuleManager: Shutting down and abandoning module MobilePatchingUtils (312)
[2017.08.07-17.46.43:079][979]LogModuleManager: Shutting down and abandoning module CustomMeshComponent (310)
[2017.08.07-17.46.43:079][979]LogModuleManager: Shutting down and abandoning module CableComponent (308)
[2017.08.07-17.46.43:090][979]LogModuleManager: Shutting down and abandoning module ArchVisCharacter (306)
[2017.08.07-17.46.43:091][979]LogModuleManager: Shutting down and abandoning module AndroidPermission (304)
[2017.08.07-17.46.43:091][979]LogModuleManager: Shutting down and abandoning module MediaPlayerEditor (300)
[2017.08.07-17.46.43:109][979]LogModuleManager: Shutting down and abandoning module HTML5Networking (298)
[2017.08.07-17.46.43:109][979]LogModuleManager: Shutting down and abandoning module AlembicImporter (296)
[2017.08.07-17.46.43:122][979]LogModuleManager: Shutting down and abandoning module AlembicLibrary (295)
[2017.08.07-17.46.43:122][979]LogModuleManager: Shutting down and abandoning module GeometryCache (294)
[2017.08.07-17.46.43:122][979]LogModuleManager: Shutting down and abandoning module GeometryCacheEd (293)
[2017.08.07-17.46.43:122][979]LogModuleManager: Shutting down and abandoning module SuperSearchEditor (288)
[2017.08.07-17.46.43:122][979]LogModuleManager: Shutting down and abandoning module SuperSearch (287)
[2017.08.07-17.46.43:122][979]LogModuleManager: Shutting down and abandoning module SpeedTreeImporter (284)
[2017.08.07-17.46.43:122][979]LogModuleManager: Shutting down and abandoning module PluginBrowser (282)
[2017.08.07-17.46.43:141][979]LogModuleManager: Shutting down and abandoning module MobileLauncherProfileWizard (280)
[2017.08.07-17.46.43:162][979]LogModuleManager: Shutting down and abandoning module VisualStudioSourceCodeAccess (278)
[2017.08.07-17.46.43:174][979]LogModuleManager: Shutting down and abandoning module DesktopPlatform (277)
[2017.08.07-17.46.43:174][979]LogModuleManager: Shutting down and abandoning module UObjectPlugin (274)
[2017.08.07-17.46.43:174][979]LogModuleManager: Shutting down and abandoning module SubversionSourceControl (272)
[2017.08.07-17.46.43:188][979]LogModuleManager: Shutting down and abandoning module PerforceSourceControl (270)
[2017.08.07-17.46.43:209][979]LogModuleManager: Shutting down and abandoning module GitSourceControl (268)
[2017.08.07-17.46.43:220][979]LogModuleManager: Shutting down and abandoning module SourceControl (267)
[2017.08.07-17.46.43:236][979]LogModuleManager: Shutting down and abandoning module LightPropagationVolumeEditor (264)
[2017.08.07-17.46.43:236][979]LogModuleManager: Shutting down and abandoning module PaperTiledImporter (262)
[2017.08.07-17.46.43:236][979]LogModuleManager: Shutting down and abandoning module PaperSpriteSheetImporter (260)
[2017.08.07-17.46.43:236][979]LogModuleManager: Shutting down and abandoning module Paper2DEditor (258)
[2017.08.07-17.46.43:245][979]LogModuleManager: Shutting down and abandoning module MeshPaint (257)
[2017.08.07-17.46.43:258][979]LogModuleManager: Shutting down and abandoning module LevelEditor (255)
[2017.08.07-17.46.43:263][979]LogModuleManager: Shutting down and abandoning module PixelInspectorModule (254)
[2017.08.07-17.46.43:278][979]LogModuleManager: Shutting down and abandoning module MainFrame (252)
[2017.08.07-17.46.43:287][979]LogModuleManager: Shutting down and abandoning module HotReload (251)
[2017.08.07-17.46.43:295][979]LogModuleManager: Shutting down and abandoning module PhysXVehiclesEditor (246)
[2017.08.07-17.46.43:313][979]LogModuleManager: Shutting down and abandoning module PhysXVehicles (244)
[2017.08.07-17.46.43:313][979]LogModuleManager: Shutting down and abandoning module LocationServicesBPLibrary (242)
[2017.08.07-17.46.43:313][979]LogModuleManager: Shutting down and abandoning module ImmediatePhysicsEditor (240)
[2017.08.07-17.46.43:313][979]LogModuleManager: Shutting down and abandoning module ImmediatePhysics (238)
[2017.08.07-17.46.43:319][979]LogModuleManager: Shutting down and abandoning module UdpMessaging (236)
[2017.08.07-17.46.43:420][979]LogModuleManager: Shutting down and abandoning module TcpMessaging (234)
[2017.08.07-17.46.43:662][979]LogModuleManager: Shutting down and abandoning module GameplayTagsEditor (232)
[2017.08.07-17.46.43:669][979]LogModuleManager: Shutting down and abandoning module FacialAnimationEditor (230)
[2017.08.07-17.46.43:677][979]LogModuleManager: Shutting down and abandoning module FacialAnimation (228)
[2017.08.07-17.46.43:677][979]LogModuleManager: Shutting down and abandoning module AssetManagerEditor (226)
[2017.08.07-17.46.43:688][979]LogModuleManager: Shutting down and abandoning module GraphEditor (225)
[2017.08.07-17.46.43:688][979]LogModuleManager: Shutting down and abandoning module ContentBrowser (223)
[2017.08.07-17.46.43:690][979]LogModuleManager: Shutting down and abandoning module LightPropagationVolumeRuntime (220)
[2017.08.07-17.46.43:690][979]LogModuleManager: Shutting down and abandoning module Paper2D (218)
[2017.08.07-17.46.43:696][979]LogModuleManager: Shutting down and abandoning module WindowsMoviePlayer (216)
[2017.08.07-17.46.43:697][979]LogModuleManager: Shutting down and abandoning module WmfMedia (214)
[2017.08.07-17.46.43:710][979]LogModuleManager: Shutting down and abandoning module ClothingSystemEditor (212)
[2017.08.07-17.46.43:710][979]LogModuleManager: Shutting down and abandoning module ClothingSystemRuntime (210)
[2017.08.07-17.46.43:731][979]LogModuleManager: Shutting down and abandoning module MediaAssets (208)
[2017.08.07-17.46.43:731][979]LogModuleManager: Shutting down and abandoning module GameLiveStreaming (206)
[2017.08.07-17.46.43:741][979]LogModuleManager: Shutting down and abandoning module VREditor (204)
[2017.08.07-17.46.43:752][979]LogModuleManager: Shutting down and abandoning module StringTableEditor (202)
[2017.08.07-17.46.43:770][979]LogModuleManager: Shutting down and abandoning module GameplayTasksEditor (200)
[2017.08.07-17.46.43:770][979]LogModuleManager: Shutting down and abandoning module BehaviorTreeEditor (198)
[2017.08.07-17.46.43:795][979]LogModuleManager: Shutting down and abandoning module FunctionalTesting (196)
[2017.08.07-17.46.43:795][979]LogModuleManager: Shutting down and abandoning module CollisionAnalyzer (194)
[2017.08.07-17.46.43:812][979]LogModuleManager: Shutting down and abandoning module UMG (192)
[2017.08.07-17.46.43:819][979]LogModuleManager: Shutting down and abandoning module UMGEditor (191)
[2017.08.07-17.46.43:853][979]LogModuleManager: Shutting down and abandoning module Sequencer (190)
[2017.08.07-17.46.43:877][979]LogModuleManager: Shutting down and abandoning module AssetTools (188)
[2017.08.07-17.46.43:917][979]LogModuleManager: Shutting down and abandoning module MessageLog (187)
[2017.08.07-17.46.43:917][979]LogModuleManager: Shutting down and abandoning module WorkspaceMenuStructure (186)
[2017.08.07-17.46.43:917][979]LogModuleManager: Shutting down and abandoning module SlateReflector (180)
[2017.08.07-17.46.43:932][979]LogModuleManager: Shutting down and abandoning module Slate (178)
[2017.08.07-17.46.43:932][979]LogModuleManager: Shutting down and abandoning module EditorStyle (176)
[2017.08.07-17.46.43:935][979]LogModuleManager: Shutting down and abandoning module SourceCodeAccess (174)
[2017.08.07-17.46.43:935][979]LogModuleManager: Shutting down and abandoning module HeadMountedDisplay (172)
[2017.08.07-17.46.43:935][979]LogModuleManager: Shutting down and abandoning module XAudio2 (170)
[2017.08.07-17.46.43:935][979]LogModuleManager: Shutting down and abandoning module Networking (168)
[2017.08.07-17.46.43:935][979]LogModuleManager: Shutting down and abandoning module Core (164)
[2017.08.07-17.46.43:935][979]LogModuleManager: Shutting down and abandoning module AssetRegistry (162)
[2017.08.07-17.46.43:996][979]LogDirectoryWatcher: A directory notification for '../../../Engine/Content/' was aborted.
[2017.08.07-17.46.43:996][979]LogDirectoryWatcher: A directory notification for '../../../../../FreedomReal/FREEDOM/PROYECTO/source/Content/' was aborted.
[2017.08.07-17.46.43:997][979]LogDirectoryWatcher: A directory notification for '../../../Engine/Plugins/2D/Paper2D/Content/' was aborted.
[2017.08.07-17.46.43:997][979]LogDirectoryWatcher: A directory notification for '../../../Engine/Plugins/Runtime/GearVR/Content/' was aborted.
[2017.08.07-17.46.44:007][979]LogModuleManager: Shutting down and abandoning module DirectoryWatcher (161)
[2017.08.07-17.46.44:008][979]LogModuleManager: Shutting down and abandoning module KismetCompiler (158)
[2017.08.07-17.46.44:008][979]LogModuleManager: Shutting down and abandoning module LevelSequence (156)
[2017.08.07-17.46.44:008][979]LogModuleManager: Shutting down and abandoning module PhysXFormats (154)
[2017.08.07-17.46.44:008][979]LogModuleManager: Shutting down and abandoning module MeshUtilities (152)
[2017.08.07-17.46.44:022][979]LogModuleManager: Shutting down and abandoning module SimplygonSwarm (151)
[2017.08.07-17.46.44:029][979]LogModuleManager: Shutting down and abandoning module SimplygonMeshReduction (149)
[2017.08.07-17.46.44:029][979]LogModuleManager: Shutting down and abandoning module QuadricMeshReduction (147)
[2017.08.07-17.46.44:041][979]LogModuleManager: Shutting down and abandoning module DerivedDataCache (144)
[2017.08.07-17.46.44:132][979]LogDerivedDataCache: Shutdown
[2017.08.07-17.46.44:132][979]LogModuleManager: Shutting down and abandoning module TargetPlatform (142)
[2017.08.07-17.46.44:132][979]LogModuleManager: Shutting down and abandoning module VulkanShaderFormat (141)
[2017.08.07-17.46.44:153][979]LogModuleManager: Shutting down and abandoning module ShaderFormatVectorVM (139)
[2017.08.07-17.46.44:160][979]LogModuleManager: Shutting down and abandoning module ShaderFormatOpenGL (137)
[2017.08.07-17.46.44:166][979]LogModuleManager: Shutting down and abandoning module ShaderFormatD3D (135)
[2017.08.07-17.46.44:177][979]LogModuleManager: Shutting down and abandoning module MetalShaderFormat (133)
[2017.08.07-17.46.44:184][979]LogModuleManager: Shutting down and abandoning module TextureFormatUncompressed (131)
[2017.08.07-17.46.44:184][979]LogModuleManager: Shutting down and abandoning module TextureFormatPVR (129)
[2017.08.07-17.46.44:184][979]LogModuleManager: Shutting down and abandoning module TextureFormatDXT (127)
[2017.08.07-17.46.44:184][979]LogModuleManager: Shutting down and abandoning module TextureFormatIntelISPCTexComp (125)
[2017.08.07-17.46.44:192][979]LogModuleManager: Shutting down and abandoning module TextureFormatASTC (123)
[2017.08.07-17.46.44:192][979]LogModuleManager: Shutting down and abandoning module ImageWrapper (122)
[2017.08.07-17.46.44:192][979]LogModuleManager: Shutting down and abandoning module TextureFormatAndroid (119)
[2017.08.07-17.46.44:192][979]LogModuleManager: Shutting down and abandoning module AudioFormatOpus (117)
[2017.08.07-17.46.44:192][979]LogModuleManager: Shutting down and abandoning module AudioFormatOgg (115)
[2017.08.07-17.46.44:192][979]LogModuleManager: Shutting down and abandoning module AudioFormatADPCM (113)
[2017.08.07-17.46.44:192][979]LogModuleManager: Shutting down and abandoning module LinuxTargetPlatform (111)
[2017.08.07-17.46.44:192][979]LogModuleManager: Shutting down and abandoning module LinuxServerTargetPlatform (109)
[2017.08.07-17.46.44:192][979]LogModuleManager: Shutting down and abandoning module LinuxNoEditorTargetPlatform (107)
[2017.08.07-17.46.44:192][979]LogModuleManager: Shutting down and abandoning module LinuxClientTargetPlatform (105)
[2017.08.07-17.46.44:192][979]LogModuleManager: Shutting down and abandoning module TVOSTargetPlatform (103)
[2017.08.07-17.46.44:192][979]LogModuleManager: Shutting down and abandoning module Messaging (101)
[2017.08.07-17.46.44:192][979]LogModuleManager: Shutting down and abandoning module IOSTargetPlatform (99)
[2017.08.07-17.46.44:192][979]LogModuleManager: Shutting down and abandoning module HTML5TargetPlatform (97)
[2017.08.07-17.46.44:192][979]LogModuleManager: Shutting down and abandoning module Android_PVRTCTargetPlatform (95)
[2017.08.07-17.46.44:209][979]LogModuleManager: Shutting down and abandoning module Android_MultiTargetPlatform (93)
[2017.08.07-17.46.44:209][979]LogModuleManager: Shutting down and abandoning module Android_ETC2TargetPlatform (91)
[2017.08.07-17.46.44:222][979]LogModuleManager: Shutting down and abandoning module Android_ETC1TargetPlatform (89)
[2017.08.07-17.46.44:235][979]LogModuleManager: Shutting down and abandoning module Android_DXTTargetPlatform (87)
[2017.08.07-17.46.44:244][979]LogModuleManager: Shutting down and abandoning module Android_ATCTargetPlatform (85)
[2017.08.07-17.46.44:251][979]LogModuleManager: Shutting down and abandoning module Android_ASTCTargetPlatform (83)
[2017.08.07-17.46.44:251][979]LogModuleManager: Shutting down and abandoning module AndroidTargetPlatform (81)
[2017.08.07-17.46.44:254][979]LogModuleManager: Shutting down and abandoning module WindowsTargetPlatform (79)
[2017.08.07-17.46.44:254][979]LogModuleManager: Shutting down and abandoning module WindowsServerTargetPlatform (77)
[2017.08.07-17.46.44:254][979]LogModuleManager: Shutting down and abandoning module WindowsNoEditorTargetPlatform (75)
[2017.08.07-17.46.44:254][979]LogModuleManager: Shutting down and abandoning module WindowsClientTargetPlatform (73)
[2017.08.07-17.46.44:254][979]LogModuleManager: Shutting down and abandoning module MacTargetPlatform (71)
[2017.08.07-17.46.44:254][979]LogModuleManager: Shutting down and abandoning module MacServerTargetPlatform (69)
[2017.08.07-17.46.44:254][979]LogModuleManager: Shutting down and abandoning module MacNoEditorTargetPlatform (67)
[2017.08.07-17.46.44:254][979]LogModuleManager: Shutting down and abandoning module MacClientTargetPlatform (65)
[2017.08.07-17.46.44:254][979]LogModuleManager: Shutting down and abandoning module AllDesktopTargetPlatform (63)
[2017.08.07-17.46.44:254][979]LogModuleManager: Shutting down and abandoning module InputCore (60)
[2017.08.07-17.46.44:254][979]LogModuleManager: Shutting down and abandoning module Settings (58)
[2017.08.07-17.46.44:254][979]LogModuleManager: Shutting down and abandoning module OculusRift (56)
[2017.08.07-17.46.44:259][979]LogModuleManager: Shutting down and abandoning module GearVRController (54)
[2017.08.07-17.46.44:259][979]LogModuleManager: Shutting down and abandoning module GearVR (52)
[2017.08.07-17.46.44:271][979]LogModuleManager: Shutting down and abandoning module ExampleDeviceProfileSelector (50)
[2017.08.07-17.46.44:271][979]LogModuleManager: Shutting down and abandoning module OnlineBlueprintSupport (48)
[2017.08.07-17.46.44:271][979]LogModuleManager: Shutting down and abandoning module OnlineSubsystem (44)
[2017.08.07-17.46.44:271][979]LogOnline:Display: Unloading online subsystem: NULL
[2017.08.07-17.46.44:300][979]LogModuleManager: Shutting down and abandoning module XMPP (43)
[2017.08.07-17.46.44:314][979]LogModuleManager: Shutting down and abandoning module HTTP (41)
[2017.08.07-17.46.44:314][979]LogHttp:Display: Http module shutting down, but needs to wait on 1 outstanding Http requests:
[2017.08.07-17.46.44:322][979]LogHttp:Display: 	verb=[POST] url=[https://datarouter.ol.epicgames.com/datarouter/api/v1/public/data?SessionID=%7B81ED0386-49E3-54FC-19EC-21B95AF312E9%7D&AppID=UEEditor.Rocket.Release&AppVersion=4.16.3-3561208%2B%2B%2BUE4%2BRelease-4.16&UserID=6a255fb4460632c01bed928edce450f0%7C59348a7e39f744e38e82324575011dc9%7C4460d85e-48e5-48d7-88f6-1adefd4f1c03&AppEnvironment=datacollector-binary&UploadType=eteventstream] status=Processing
[2017.08.07-17.46.44:343][979]LogModuleManager: Shutting down and abandoning module SSL (40)
[2017.08.07-17.46.44:359][979]LogModuleManager: Shutting down and abandoning module HTTPChunkInstaller (36)
[2017.08.07-17.46.44:373][979]LogModuleManager: Shutting down and abandoning module AnimationModifiers (34)
[2017.08.07-17.46.44:384][979]LogModuleManager: Shutting down and abandoning module PropertyEditor (33)
[2017.08.07-17.46.44:385][979]LogModuleManager: Shutting down and abandoning module AudioEditor (30)
[2017.08.07-17.46.44:395][979]LogModuleManager: Shutting down and abandoning module TextureCompressor (28)
[2017.08.07-17.46.44:395][979]LogModuleManager: Shutting down and abandoning module ShaderCore (26)
[2017.08.07-17.46.44:395][979]LogModuleManager: Shutting down and abandoning module Landscape (24)
[2017.08.07-17.46.44:395][979]LogModuleManager: Shutting down and abandoning module SlateRHIRenderer (22)
[2017.08.07-17.46.44:415][979]LogModuleManager: Shutting down and abandoning module OpenGLDrv (20)
[2017.08.07-17.46.44:435][979]LogModuleManager: Shutting down and abandoning module D3D11RHI (18)
[2017.08.07-17.46.44:435][979]LogModuleManager: Shutting down and abandoning module AnimGraphRuntime (16)
[2017.08.07-17.46.44:446][979]LogModuleManager: Shutting down and abandoning module Renderer (14)
[2017.08.07-17.46.44:446][979]LogModuleManager: Shutting down and abandoning module Engine (12)
[2017.08.07-17.46.44:446][979]LogModuleManager: Shutting down and abandoning module CoreUObject (10)
[2017.08.07-17.46.44:446][979]LogModuleManager: Shutting down and abandoning module NetworkFile (8)
[2017.08.07-17.46.44:455][979]LogModuleManager: Shutting down and abandoning module StreamingFile (6)
[2017.08.07-17.46.44:461][979]LogModuleManager: Shutting down and abandoning module SandboxFile (4)
[2017.08.07-17.46.44:461][979]LogModuleManager: Shutting down and abandoning module PakFile (2)
[2017.08.07-17.46.44:485][979]LogExit: Exiting.
[2017.08.07-17.46.44:505][979]Log file closed, 08/07/17 18:46:44
