Log file open, 08/18/17 14:50:40
LogInit:Display: Running engine for game: source
LogPlatformFile: Not using cached read wrapper
LogInit:Display: RandInit(611487538) SRandInit(611487538).
LogTaskGraph: Started task graph with 5 named threads and 8 total threads with 1 sets of task threads.
LogStats: Stats thread started at 0.234193
LogInit: Using libcurl 7.47.1
LogInit:  - built for x86_64-pc-win32
LogInit:  - supports SSL with OpenSSL/1.0.2g
LogInit:  - supports HTTP deflate (compression) using libz 1.2.8
LogInit:  - other features:
LogInit:      CURL_VERSION_SSL
LogInit:      CURL_VERSION_LIBZ
LogInit:      CURL_VERSION_IPV6
LogInit:      CURL_VERSION_ASYNCHDNS
LogInit:      CURL_VERSION_LARGEFILE
LogInit:      CURL_VERSION_IDN
LogInit:  CurlRequestOptions (configurable via config and command line):
LogInit:  - bVerifyPeer = false  - Libcurl will NOT verify peer certificate
LogInit:  - bUseHttpProxy = false  - Libcurl will NOT use HTTP proxy
LogInit:  - bDontReuseConnections = false  - Libcurl will reuse connections
LogInit:  - CertBundlePath = nullptr  - Libcurl will use whatever was configured at build time.
LogInit: Build: ++UE4+Release-4.16-CL-3561208
LogInit: Engine Version: 4.16.3-3561208+++UE4+Release-4.16
LogInit: Compatible Engine Version: 4.16.0-3452394+++UE4+Release-4.16
LogInit: Net CL: 3452394
LogDevObjectVersion: Number of dev versions registered: 16
LogDevObjectVersion:   Dev-Blueprints (B0D832E4-1F89-4F0D-ACCF-7EB736FD4AA2): 9
LogDevObjectVersion:   Dev-Build (E1C64328-A22C-4D53-A36C-8E866417BD8C): 0
LogDevObjectVersion:   Dev-Core (375EC13C-06E4-48FB-B500-84F0262A717E): 2
LogDevObjectVersion:   Dev-Editor (E4B068ED-F494-42E9-A231-DA0B2E46BB41): 17
LogDevObjectVersion:   Dev-Framework (CFFC743F-43B0-4480-9391-14DF171D2073): 23
LogDevObjectVersion:   Dev-Mobile (B02B49B5-BB20-44E9-A304-32B752E40360): 0
LogDevObjectVersion:   Dev-Networking (A4E4105C-59A1-49B5-A7C5-40C4547EDFEE): 0
LogDevObjectVersion:   Dev-Online (39C831C9-5AE6-47DC-9A44-9C173E1C8E7C): 0
LogDevObjectVersion:   Dev-Physics (78F01B33-EBEA-4F98-B9B4-84EACCB95AA2): 0
LogDevObjectVersion:   Dev-Platform (6631380F-2D4D-43E0-8009-CF276956A95A): 0
LogDevObjectVersion:   Dev-Rendering (12F88B9F-8875-4AFC-A67C-D90C383ABD29): 15
LogDevObjectVersion:   Dev-Sequencer (7B5AE74C-D270-4C10-A958-57980B212A5A): 4
LogDevObjectVersion:   Dev-VR (D7296918-1DD6-4BDD-9DE2-64A83CC13884): 0
LogDevObjectVersion:   Dev-LoadTimes (C2A15278-BFE7-4AFE-6C17-90FF531DF755): 1
LogDevObjectVersion:   Private-Geometry (6EACA3D4-40EC-4CC1-B786-8BED09428FC5): 1
LogDevObjectVersion:   Dev-AnimPhys (29E575DD-E0A3-4627-9D10-D276232CDCEA): 3
LogInit: Compiled (64-bit): Jul 28 2017 11:49:47
LogInit: Compiled with Visual C++: 19.00.24215.01
LogInit: Build Configuration: Development
LogInit: Branch Name: ++UE4+Release-4.16
LogInit: Command line: -EpicPortal 
LogInit: Base directory: B:/UnrealEngine/UE_4.16/Engine/Binaries/Win64/
LogInit: Installed Engine Build: 1
LogInit: Presizing for max 8388607 objects, including 0 objects not considered by GC, pre-allocating 0 bytes for permanent pool.
LogInit: Object subsystem initialized
[2017.08.18-13.50.41:838][  0]LogInit: Selected Device Profile: [Windows]
[2017.08.18-13.50.41:838][  0]LogInit: Applying CVar settings loaded from the selected device profile: [Windows]
[2017.08.18-13.50.41:903][  0]LogInit: Computer: DESKTOP-IS750JK
[2017.08.18-13.50.41:903][  0]LogInit: User: Pepe
[2017.08.18-13.50.41:903][  0]LogInit: CPU Page size=4096, Cores=4
[2017.08.18-13.50.41:903][  0]LogInit: High frequency timer resolution =3.418007 MHz
[2017.08.18-13.50.41:903][  0]LogMemory: Memory total: Physical=7.9GB (8GB approx)
[2017.08.18-13.50.41:903][  0]LogMemory: Platform Memory Stats for Windows
[2017.08.18-13.50.41:903][  0]LogMemory: Process Physical Memory: 273.39 MB used, 273.39 MB peak
[2017.08.18-13.50.41:903][  0]LogMemory: Process Virtual Memory: 260.71 MB used, 260.71 MB peak
[2017.08.18-13.50.41:903][  0]LogMemory: Physical Memory: 6890.78 MB used,  1249.50 MB free, 8140.28 MB total
[2017.08.18-13.50.41:903][  0]LogMemory: Virtual Memory: 638.34 MB used,  1249.50 MB free, 134217728.00 MB total
[2017.08.18-13.50.42:316][  0]LogInit: Overriding language with editor language configuration option (en).
[2017.08.18-13.50.42:316][  0]LogInit: Overriding locale with editor locale configuration option (en).
[2017.08.18-13.50.48:392][  0]LogD3D11RHI: D3D11 adapters:
[2017.08.18-13.50.48:425][  0]LogD3D11RHI:    0. 'Radeon (TM) RX 470 Graphics' (Feature Level 11_0)
[2017.08.18-13.50.48:425][  0]LogD3D11RHI:       4044/0/4070 MB DedicatedVideo/DedicatedSystem/SharedSystem, Outputs:2, VendorId:0x1002
[2017.08.18-13.50.48:427][  0]LogD3D11RHI:    1. 'Microsoft Basic Render Driver' (Feature Level 11_0)
[2017.08.18-13.50.48:427][  0]LogD3D11RHI:       0/0/4070 MB DedicatedVideo/DedicatedSystem/SharedSystem, Outputs:0, VendorId:0x1414
[2017.08.18-13.50.48:427][  0]LogD3D11RHI: Chosen D3D11 Adapter: 0
[2017.08.18-13.50.48:439][  0]LogD3D11RHI: Creating new Direct3DDevice
[2017.08.18-13.50.48:439][  0]LogD3D11RHI:     GPU DeviceId: 0x67df (for the marketing name, search the web for "GPU Device Id")
[2017.08.18-13.50.48:439][  0]LogWindows: EnumDisplayDevices:
[2017.08.18-13.50.48:439][  0]LogWindows:    0. 'Radeon (TM) RX 470 Graphics' (P:1 D:1)
[2017.08.18-13.50.48:440][  0]LogWindows:    1. 'Radeon (TM) RX 470 Graphics' (P:0 D:1)
[2017.08.18-13.50.48:441][  0]LogWindows:    2. 'Radeon (TM) RX 470 Graphics' (P:0 D:0)
[2017.08.18-13.50.48:441][  0]LogWindows:    3. 'Radeon (TM) RX 470 Graphics' (P:0 D:0)
[2017.08.18-13.50.48:442][  0]LogWindows:    4. 'Radeon (TM) RX 470 Graphics' (P:0 D:0)
[2017.08.18-13.50.48:442][  0]LogWindows:    5. 'Radeon (TM) RX 470 Graphics' (P:0 D:0)
[2017.08.18-13.50.48:443][  0]LogWindows: DebugString: FoundDriverCount:6 
[2017.08.18-13.50.48:443][  0]LogD3D11RHI:     Adapter Name: Radeon (TM) RX 470 Graphics
[2017.08.18-13.50.48:443][  0]LogD3D11RHI:   Driver Version: Crimson ReLive 17.1.1 (internal:22.19.162.4, unified:22.19.162.4)
[2017.08.18-13.50.48:443][  0]LogD3D11RHI:      Driver Date: 4-24-2017
[2017.08.18-13.50.48:443][  0]LogRHI: Texture pool is 1361 MB (70% of 1945 MB)
[2017.08.18-13.50.48:629][  0]LogD3D11RHI: Async texture creation enabled
[2017.08.18-13.50.48:641][  0]LogD3D11RHI: GPU Timing Frequency: 25.000000 (Debug: 2 1)
[2017.08.18-13.50.48:642][  0]LogShaderCompilers: Guid format shader working directory is -5 characters bigger than the processId version (../../../../../FreedomReal/FREEDOM/PROYECTO/source/Intermediate/Shaders/WorkingDirectory/7680/).
[2017.08.18-13.50.48:643][  0]LogShaderCompilers: Cleaned the shader compiler working directory 'C:/Users/Pepe/AppData/Local/Temp/UnrealShaderWorkingDir/C362CFEC4B87C45B40A2B290DE936330/'.
[2017.08.18-13.50.48:643][  0]LogShaderCompilers:Display: Using Local Shader Compiler.
[2017.08.18-13.50.53:424][  0]LogTemp:Display: Loaded TP AllDesktopTargetPlatform
[2017.08.18-13.50.53:511][  0]LogTemp:Display: Loaded TP MacClientTargetPlatform
[2017.08.18-13.50.53:588][  0]LogTemp:Display: Loaded TP MacNoEditorTargetPlatform
[2017.08.18-13.50.53:672][  0]LogTemp:Display: Loaded TP MacServerTargetPlatform
[2017.08.18-13.50.53:777][  0]LogTemp:Display: Loaded TP MacTargetPlatform
[2017.08.18-13.50.53:854][  0]LogTemp:Display: Loaded TP WindowsClientTargetPlatform
[2017.08.18-13.50.53:934][  0]LogTemp:Display: Loaded TP WindowsNoEditorTargetPlatform
[2017.08.18-13.50.54:011][  0]LogTemp:Display: Loaded TP WindowsServerTargetPlatform
[2017.08.18-13.50.54:077][  0]LogTemp:Display: Loaded TP WindowsTargetPlatform
[2017.08.18-13.50.54:160][  0]LogTemp:Display: Loaded TP AndroidTargetPlatform
[2017.08.18-13.50.54:238][  0]LogTemp:Display: Loaded TP Android_ASTCTargetPlatform
[2017.08.18-13.50.54:319][  0]LogTemp:Display: Loaded TP Android_ATCTargetPlatform
[2017.08.18-13.50.54:402][  0]LogTemp:Display: Loaded TP Android_DXTTargetPlatform
[2017.08.18-13.50.54:476][  0]LogTemp:Display: Loaded TP Android_ETC1TargetPlatform
[2017.08.18-13.50.54:553][  0]LogTemp:Display: Loaded TP Android_ETC2TargetPlatform
[2017.08.18-13.50.54:708][  0]LogTemp:Display: Loaded TP Android_MultiTargetPlatform
[2017.08.18-13.50.54:708][  0]LogTemp:Display: Loaded TP Android_PVRTCTargetPlatform
[2017.08.18-13.50.54:769][  0]LogTemp:Display: Loaded TP HTML5TargetPlatform
[2017.08.18-13.50.54:958][  0]LogTemp:Display: Loaded TP IOSTargetPlatform
[2017.08.18-13.50.55:014][  0]LogTemp:Display: Loaded TP TVOSTargetPlatform
[2017.08.18-13.50.55:094][  0]LogTemp:Display: Loaded TP LinuxClientTargetPlatform
[2017.08.18-13.50.55:180][  0]LogTemp:Display: Loaded TP LinuxNoEditorTargetPlatform
[2017.08.18-13.50.55:263][  0]LogTemp:Display: Loaded TP LinuxServerTargetPlatform
[2017.08.18-13.50.55:341][  0]LogTemp:Display: Loaded TP LinuxTargetPlatform
[2017.08.18-13.50.55:341][  0]LogTargetPlatformManager:Display: Building Assets For Windows
[2017.08.18-13.50.56:507][  0]LogDerivedDataCache:Display: Max Cache Size: 512 MB
[2017.08.18-13.50.57:079][  0]LogDerivedDataCache: Loaded boot cache 0.57s 90MB C:/Users/Pepe/AppData/Local/UnrealEngine/4.16/DerivedDataCache/Boot.ddc.
[2017.08.18-13.50.57:079][  0]LogDerivedDataCache:Display: Loaded Boot cache: C:/Users/Pepe/AppData/Local/UnrealEngine/4.16/DerivedDataCache/Boot.ddc
[2017.08.18-13.50.57:079][  0]LogDerivedDataCache: FDerivedDataBackendGraph:  Pak pak cache file ../../../../../FreedomReal/FREEDOM/PROYECTO/source/DerivedDataCache/DDC.ddp not found, will not use a pak cache.
[2017.08.18-13.50.57:079][  0]LogDerivedDataCache: Unable to find inner node Pak for hierarchical cache Hierarchy.
[2017.08.18-13.50.57:080][  0]LogDerivedDataCache: FDerivedDataBackendGraph:  CompressedPak pak cache file ../../../../../FreedomReal/FREEDOM/PROYECTO/source/DerivedDataCache/Compressed.ddp not found, will not use a pak cache.
[2017.08.18-13.50.57:080][  0]LogDerivedDataCache: Unable to find inner node CompressedPak for hierarchical cache Hierarchy.
[2017.08.18-13.50.57:104][  0]LogDerivedDataCache:Display: Pak cache opened for reading ../../../Engine/DerivedDataCache/Compressed.ddp.
[2017.08.18-13.50.57:117][  0]LogDerivedDataCache: Using Local data cache path C:/Users/Pepe/AppData/Local/UnrealEngine/Common/DerivedDataCache: Writable
[2017.08.18-13.50.57:137][  0]LogMaterial: Verifying Global Shaders for PCD3D_SM5
[2017.08.18-13.50.57:137][  0]LogSlate: Using Freetype 2.6.0
[2017.08.18-13.50.57:212][  0]LogSlate: SlateFontCache - WITH_FREETYPE: 1, WITH_HARFBUZZ: 1
[2017.08.18-13.50.57:212][  0]LogSlate: SlateFontCache - WITH_FREETYPE: 1, WITH_HARFBUZZ: 1
[2017.08.18-13.51.01:754][  0]LogInit: Selected Device Profile: [Windows]
[2017.08.18-13.51.01:916][  0]LogContentStreaming: Texture pool size is 0.00 MB
[2017.08.18-13.51.02:243][  0]LogMeshUtilities: Using QuadricMeshReduction for automatic static mesh reduction
[2017.08.18-13.51.02:346][  0]LogSimplygon: Simplygon DLL not present - disabling.
[2017.08.18-13.51.02:458][  0]LogMeshUtilities: Using SimplygonSwarm for distributed automatic mesh merging
[2017.08.18-13.51.02:458][  0]LogMeshUtilities: No automatic skeletal mesh reduction module available
[2017.08.18-13.51.02:458][  0]LogMeshUtilities: No automatic mesh merging module available
[2017.08.18-13.51.03:459][  0]LogNetVersion: source , NetCL: 3452394, EngineNetVer: 2, GameNetVer: 0 (Checksum: 2297492709)
[2017.08.18-13.51.03:541][  0]LogAssetRegistry: FAssetRegistry took 0.0274 seconds to start up
[2017.08.18-13.51.03:643][  0]LogPackageLocalizationCache: Processed 4 localized package path(s) for 1 prioritized culture(s) in 0.067533 seconds
[2017.08.18-13.51.03:649][  0]LogUObjectArray: 34194 objects as part of root set at end of initial load.
[2017.08.18-13.51.03:649][  0]LogUObjectAllocator: 7260424 out of 0 bytes used by permanent object pool.
[2017.08.18-13.51.03:649][  0]LogUObjectArray: CloseDisregardForGC: 0/0 objects in disregard for GC pool
[2017.08.18-13.51.03:758][  0]LogInit: WinSock: version 1.1 (2.2), MaxSocks=32767, MaxUdp=65467
[2017.08.18-13.51.14:988][  0]LogTcpMessaging: Initializing TcpMessaging bridge
[2017.08.18-13.51.15:071][  0]LogUdpMessaging: Initializing bridge on interface 0.0.0.0:0 to multicast group 230.0.0.1:6666.
[2017.08.18-13.51.16:193][  0]LogMaterial: Uniform references updated for custom material expression Custom.
[2017.08.18-13.51.16:939][  0]SourceControl: Info Source control is disabled
[2017.08.18-13.51.16:941][  0]SourceControl: Info Source control is disabled
[2017.08.18-13.51.17:168][  0]SourceControl: Info Source control is disabled
[2017.08.18-13.51.17:294][  0]SourceControl: Info Source control is disabled
[2017.08.18-13.51.18:895][  0]LogAndroidPermission: UAndroidPermissionCallbackProxy::GetInstance
[2017.08.18-13.51.20:154][  0]LogEngine: Initializing Engine...
[2017.08.18-13.51.20:156][  0]LogHMD: Failed to initialize OpenVR with code 110
[2017.08.18-13.51.20:539][  0]LogStats: UGameplayTagsManager::ConstructGameplayTagTree: Construct from data asset -  0.000 s
[2017.08.18-13.51.20:539][  0]LogStats: UGameplayTagsManager::ConstructGameplayTagTree: GameplayTagTreeChangedEvent.Broadcast -  0.000 s
[2017.08.18-13.51.20:804][  0]LogAIModule: Creating AISystem for world Untitled
[2017.08.18-13.51.20:842][  0]LogInit: XAudio2 using 'Altavoces (Razer Surround Audio Controller)' : 6 channels at 48 kHz using 16 bits per sample (channel mask 0x3f)
[2017.08.18-13.51.20:869][  0]LogInit: FAudioDevice initialized.
[2017.08.18-13.51.20:893][  0]LogDerivedDataCache:Error: Could not save memory cache C:/Users/Pepe/AppData/Local/UnrealEngine/4.16/DerivedDataCache/Boot.ddc.
[2017.08.18-13.51.20:917][  0]LogInit: Texture streaming: Enabled
[2017.08.18-13.51.21:133][  0]LogEngineSessionManager: EngineSessionManager initialized
[2017.08.18-13.51.21:836][  0]LogInit: Transaction tracking system initialized
