Log file open, 08/17/17 12:02:59
LogInit:Display: Running engine for game: source
LogPlatformFile: Not using cached read wrapper
LogInit:Display: RandInit(-196541217) SRandInit(-196541216).
LogTaskGraph: Started task graph with 5 named threads and 8 total threads with 1 sets of task threads.
LogStats: Stats thread started at 0.112786
LogInit: Using libcurl 7.47.1
LogInit:  - built for x86_64-pc-win32
LogInit:  - supports SSL with OpenSSL/1.0.2g
LogInit:  - supports HTTP deflate (compression) using libz 1.2.8
LogInit:  - other features:
LogInit:      CURL_VERSION_SSL
LogInit:      CURL_VERSION_LIBZ
LogInit:      CURL_VERSION_IPV6
LogInit:      CURL_VERSION_ASYNCHDNS
LogInit:      CURL_VERSION_LARGEFILE
LogInit:      CURL_VERSION_IDN
LogInit:  CurlRequestOptions (configurable via config and command line):
LogInit:  - bVerifyPeer = false  - Libcurl will NOT verify peer certificate
LogInit:  - bUseHttpProxy = false  - Libcurl will NOT use HTTP proxy
LogInit:  - bDontReuseConnections = false  - Libcurl will reuse connections
LogInit:  - CertBundlePath = nullptr  - Libcurl will use whatever was configured at build time.
LogInit: Build: ++UE4+Release-4.16-CL-3561208
LogInit: Engine Version: 4.16.3-3561208+++UE4+Release-4.16
LogInit: Compatible Engine Version: 4.16.0-3452394+++UE4+Release-4.16
LogInit: Net CL: 3452394
LogDevObjectVersion: Number of dev versions registered: 16
LogDevObjectVersion:   Dev-Blueprints (B0D832E4-1F89-4F0D-ACCF-7EB736FD4AA2): 9
LogDevObjectVersion:   Dev-Build (E1C64328-A22C-4D53-A36C-8E866417BD8C): 0
LogDevObjectVersion:   Dev-Core (375EC13C-06E4-48FB-B500-84F0262A717E): 2
LogDevObjectVersion:   Dev-Editor (E4B068ED-F494-42E9-A231-DA0B2E46BB41): 17
LogDevObjectVersion:   Dev-Framework (CFFC743F-43B0-4480-9391-14DF171D2073): 23
LogDevObjectVersion:   Dev-Mobile (B02B49B5-BB20-44E9-A304-32B752E40360): 0
LogDevObjectVersion:   Dev-Networking (A4E4105C-59A1-49B5-A7C5-40C4547EDFEE): 0
LogDevObjectVersion:   Dev-Online (39C831C9-5AE6-47DC-9A44-9C173E1C8E7C): 0
LogDevObjectVersion:   Dev-Physics (78F01B33-EBEA-4F98-B9B4-84EACCB95AA2): 0
LogDevObjectVersion:   Dev-Platform (6631380F-2D4D-43E0-8009-CF276956A95A): 0
LogDevObjectVersion:   Dev-Rendering (12F88B9F-8875-4AFC-A67C-D90C383ABD29): 15
LogDevObjectVersion:   Dev-Sequencer (7B5AE74C-D270-4C10-A958-57980B212A5A): 4
LogDevObjectVersion:   Dev-VR (D7296918-1DD6-4BDD-9DE2-64A83CC13884): 0
LogDevObjectVersion:   Dev-LoadTimes (C2A15278-BFE7-4AFE-6C17-90FF531DF755): 1
LogDevObjectVersion:   Private-Geometry (6EACA3D4-40EC-4CC1-B786-8BED09428FC5): 1
LogDevObjectVersion:   Dev-AnimPhys (29E575DD-E0A3-4627-9D10-D276232CDCEA): 3
LogInit: Compiled (64-bit): Jul 28 2017 11:49:47
LogInit: Compiled with Visual C++: 19.00.24215.01
LogInit: Build Configuration: Development
LogInit: Branch Name: ++UE4+Release-4.16
LogInit: Command line: -EpicPortal 
LogInit: Base directory: B:/UnrealEngine/UE_4.16/Engine/Binaries/Win64/
LogInit: Installed Engine Build: 1
LogInit: Presizing for max 8388607 objects, including 0 objects not considered by GC, pre-allocating 0 bytes for permanent pool.
LogInit: Object subsystem initialized
[2017.08.17-11.03.00:392][  0]LogInit: Selected Device Profile: [Windows]
[2017.08.17-11.03.00:392][  0]LogInit: Applying CVar settings loaded from the selected device profile: [Windows]
[2017.08.17-11.03.00:417][  0]LogInit: Computer: DESKTOP-IS750JK
[2017.08.17-11.03.00:417][  0]LogInit: User: Pepe
[2017.08.17-11.03.00:417][  0]LogInit: CPU Page size=4096, Cores=4
[2017.08.17-11.03.00:417][  0]LogInit: High frequency timer resolution =3.417998 MHz
[2017.08.17-11.03.00:417][  0]LogMemory: Memory total: Physical=7.9GB (8GB approx)
[2017.08.17-11.03.00:417][  0]LogMemory: Platform Memory Stats for Windows
[2017.08.17-11.03.00:417][  0]LogMemory: Process Physical Memory: 273.69 MB used, 273.69 MB peak
[2017.08.17-11.03.00:417][  0]LogMemory: Process Virtual Memory: 260.70 MB used, 260.70 MB peak
[2017.08.17-11.03.00:417][  0]LogMemory: Physical Memory: 4914.91 MB used,  3225.36 MB free, 8140.28 MB total
[2017.08.17-11.03.00:417][  0]LogMemory: Virtual Memory: 638.34 MB used,  3225.36 MB free, 134217728.00 MB total
[2017.08.17-11.03.00:517][  0]LogInit: Overriding language with editor language configuration option (en).
[2017.08.17-11.03.00:517][  0]LogInit: Overriding locale with editor locale configuration option (en).
[2017.08.17-11.03.01:760][  0]LogD3D11RHI: D3D11 adapters:
[2017.08.17-11.03.01:800][  0]LogD3D11RHI:    0. 'Radeon (TM) RX 470 Graphics' (Feature Level 11_0)
[2017.08.17-11.03.01:800][  0]LogD3D11RHI:       4044/0/4070 MB DedicatedVideo/DedicatedSystem/SharedSystem, Outputs:2, VendorId:0x1002
[2017.08.17-11.03.01:803][  0]LogD3D11RHI:    1. 'Microsoft Basic Render Driver' (Feature Level 11_0)
[2017.08.17-11.03.01:803][  0]LogD3D11RHI:       0/0/4070 MB DedicatedVideo/DedicatedSystem/SharedSystem, Outputs:0, VendorId:0x1414
[2017.08.17-11.03.01:803][  0]LogD3D11RHI: Chosen D3D11 Adapter: 0
[2017.08.17-11.03.01:813][  0]LogD3D11RHI: Creating new Direct3DDevice
[2017.08.17-11.03.01:813][  0]LogD3D11RHI:     GPU DeviceId: 0x67df (for the marketing name, search the web for "GPU Device Id")
[2017.08.17-11.03.01:813][  0]LogWindows: EnumDisplayDevices:
[2017.08.17-11.03.01:814][  0]LogWindows:    0. 'Radeon (TM) RX 470 Graphics' (P:1 D:1)
[2017.08.17-11.03.01:814][  0]LogWindows:    1. 'Radeon (TM) RX 470 Graphics' (P:0 D:1)
[2017.08.17-11.03.01:815][  0]LogWindows:    2. 'Radeon (TM) RX 470 Graphics' (P:0 D:0)
[2017.08.17-11.03.01:815][  0]LogWindows:    3. 'Radeon (TM) RX 470 Graphics' (P:0 D:0)
[2017.08.17-11.03.01:816][  0]LogWindows:    4. 'Radeon (TM) RX 470 Graphics' (P:0 D:0)
[2017.08.17-11.03.01:816][  0]LogWindows:    5. 'Radeon (TM) RX 470 Graphics' (P:0 D:0)
[2017.08.17-11.03.01:817][  0]LogWindows: DebugString: FoundDriverCount:6 
[2017.08.17-11.03.01:817][  0]LogD3D11RHI:     Adapter Name: Radeon (TM) RX 470 Graphics
[2017.08.17-11.03.01:817][  0]LogD3D11RHI:   Driver Version: Crimson ReLive 17.1.1 (internal:22.19.162.4, unified:22.19.162.4)
[2017.08.17-11.03.01:817][  0]LogD3D11RHI:      Driver Date: 4-24-2017
[2017.08.17-11.03.01:817][  0]LogRHI: Texture pool is 1361 MB (70% of 1945 MB)
[2017.08.17-11.03.02:007][  0]LogD3D11RHI: Async texture creation enabled
[2017.08.17-11.03.02:019][  0]LogD3D11RHI: GPU Timing Frequency: 25.000000 (Debug: 2 1)
[2017.08.17-11.03.02:020][  0]LogShaderCompilers: Guid format shader working directory is -5 characters bigger than the processId version (../../../../../FreedomReal/FREEDOM/PROYECTO/source/Intermediate/Shaders/WorkingDirectory/7272/).
[2017.08.17-11.03.02:020][  0]LogShaderCompilers: Cleaned the shader compiler working directory 'C:/Users/Pepe/AppData/Local/Temp/UnrealShaderWorkingDir/B9049EC9498843DB8649DFA326A9093C/'.
[2017.08.17-11.03.02:020][  0]LogShaderCompilers:Display: Using Local Shader Compiler.
[2017.08.17-11.03.03:721][  0]LogTemp:Display: Loaded TP AllDesktopTargetPlatform
[2017.08.17-11.03.03:930][  0]LogTemp:Display: Loaded TP MacClientTargetPlatform
[2017.08.17-11.03.04:079][  0]LogTemp:Display: Loaded TP MacNoEditorTargetPlatform
[2017.08.17-11.03.04:160][  0]LogTemp:Display: Loaded TP MacServerTargetPlatform
[2017.08.17-11.03.04:259][  0]LogTemp:Display: Loaded TP MacTargetPlatform
[2017.08.17-11.03.04:403][  0]LogTemp:Display: Loaded TP WindowsClientTargetPlatform
[2017.08.17-11.03.04:498][  0]LogTemp:Display: Loaded TP WindowsNoEditorTargetPlatform
[2017.08.17-11.03.04:580][  0]LogTemp:Display: Loaded TP WindowsServerTargetPlatform
[2017.08.17-11.03.04:647][  0]LogTemp:Display: Loaded TP WindowsTargetPlatform
[2017.08.17-11.03.04:724][  0]LogTemp:Display: Loaded TP AndroidTargetPlatform
[2017.08.17-11.03.04:801][  0]LogTemp:Display: Loaded TP Android_ASTCTargetPlatform
[2017.08.17-11.03.04:877][  0]LogTemp:Display: Loaded TP Android_ATCTargetPlatform
[2017.08.17-11.03.04:958][  0]LogTemp:Display: Loaded TP Android_DXTTargetPlatform
[2017.08.17-11.03.05:035][  0]LogTemp:Display: Loaded TP Android_ETC1TargetPlatform
[2017.08.17-11.03.05:111][  0]LogTemp:Display: Loaded TP Android_ETC2TargetPlatform
[2017.08.17-11.03.05:265][  0]LogTemp:Display: Loaded TP Android_MultiTargetPlatform
[2017.08.17-11.03.05:265][  0]LogTemp:Display: Loaded TP Android_PVRTCTargetPlatform
[2017.08.17-11.03.05:328][  0]LogTemp:Display: Loaded TP HTML5TargetPlatform
[2017.08.17-11.03.05:465][  0]LogTemp:Display: Loaded TP IOSTargetPlatform
[2017.08.17-11.03.05:511][  0]LogTemp:Display: Loaded TP TVOSTargetPlatform
[2017.08.17-11.03.05:587][  0]LogTemp:Display: Loaded TP LinuxClientTargetPlatform
[2017.08.17-11.03.05:666][  0]LogTemp:Display: Loaded TP LinuxNoEditorTargetPlatform
[2017.08.17-11.03.05:743][  0]LogTemp:Display: Loaded TP LinuxServerTargetPlatform
[2017.08.17-11.03.05:822][  0]LogTemp:Display: Loaded TP LinuxTargetPlatform
[2017.08.17-11.03.05:822][  0]LogTargetPlatformManager:Display: Building Assets For Windows
[2017.08.17-11.03.06:579][  0]LogDerivedDataCache:Display: Max Cache Size: 512 MB
[2017.08.17-11.03.06:765][  0]LogDerivedDataCache: Loaded boot cache 0.19s 90MB C:/Users/Pepe/AppData/Local/UnrealEngine/4.16/DerivedDataCache/Boot.ddc.
[2017.08.17-11.03.06:765][  0]LogDerivedDataCache:Display: Loaded Boot cache: C:/Users/Pepe/AppData/Local/UnrealEngine/4.16/DerivedDataCache/Boot.ddc
[2017.08.17-11.03.06:765][  0]LogDerivedDataCache: FDerivedDataBackendGraph:  Pak pak cache file ../../../../../FreedomReal/FREEDOM/PROYECTO/source/DerivedDataCache/DDC.ddp not found, will not use a pak cache.
[2017.08.17-11.03.06:765][  0]LogDerivedDataCache: Unable to find inner node Pak for hierarchical cache Hierarchy.
[2017.08.17-11.03.06:765][  0]LogDerivedDataCache: FDerivedDataBackendGraph:  CompressedPak pak cache file ../../../../../FreedomReal/FREEDOM/PROYECTO/source/DerivedDataCache/Compressed.ddp not found, will not use a pak cache.
[2017.08.17-11.03.06:765][  0]LogDerivedDataCache: Unable to find inner node CompressedPak for hierarchical cache Hierarchy.
[2017.08.17-11.03.06:795][  0]LogDerivedDataCache:Display: Pak cache opened for reading ../../../Engine/DerivedDataCache/Compressed.ddp.
[2017.08.17-11.03.06:809][  0]LogDerivedDataCache: Using Local data cache path C:/Users/Pepe/AppData/Local/UnrealEngine/Common/DerivedDataCache: Writable
[2017.08.17-11.03.06:826][  0]LogMaterial: Verifying Global Shaders for PCD3D_SM5
[2017.08.17-11.03.06:826][  0]LogSlate: Using Freetype 2.6.0
[2017.08.17-11.03.06:827][  0]LogSlate: SlateFontCache - WITH_FREETYPE: 1, WITH_HARFBUZZ: 1
[2017.08.17-11.03.06:827][  0]LogSlate: SlateFontCache - WITH_FREETYPE: 1, WITH_HARFBUZZ: 1
[2017.08.17-11.03.07:348][  0]LogInit: Selected Device Profile: [Windows]
[2017.08.17-11.03.07:510][  0]LogContentStreaming: Texture pool size is 0.00 MB
[2017.08.17-11.03.07:741][  0]LogMeshUtilities: Using QuadricMeshReduction for automatic static mesh reduction
[2017.08.17-11.03.07:816][  0]LogSimplygon: Simplygon DLL not present - disabling.
[2017.08.17-11.03.07:898][  0]LogMeshUtilities: Using SimplygonSwarm for distributed automatic mesh merging
[2017.08.17-11.03.07:898][  0]LogMeshUtilities: No automatic skeletal mesh reduction module available
[2017.08.17-11.03.07:898][  0]LogMeshUtilities: No automatic mesh merging module available
[2017.08.17-11.03.08:756][  0]LogNetVersion: source , NetCL: 3452394, EngineNetVer: 2, GameNetVer: 0 (Checksum: 2297492709)
[2017.08.17-11.03.08:834][  0]LogAssetRegistry: FAssetRegistry took 0.0278 seconds to start up
[2017.08.17-11.03.09:011][  0]LogPackageLocalizationCache: Processed 4 localized package path(s) for 1 prioritized culture(s) in 0.141559 seconds
[2017.08.17-11.03.09:021][  0]LogUObjectArray: 34194 objects as part of root set at end of initial load.
[2017.08.17-11.03.09:021][  0]LogUObjectAllocator: 7260416 out of 0 bytes used by permanent object pool.
[2017.08.17-11.03.09:021][  0]LogUObjectArray: CloseDisregardForGC: 0/0 objects in disregard for GC pool
[2017.08.17-11.03.09:122][  0]LogInit: WinSock: version 1.1 (2.2), MaxSocks=32767, MaxUdp=65467
[2017.08.17-11.03.12:739][  0]LogTcpMessaging: Initializing TcpMessaging bridge
[2017.08.17-11.03.12:795][  0]LogUdpMessaging: Initializing bridge on interface 0.0.0.0:0 to multicast group 230.0.0.1:6666.
[2017.08.17-11.03.13:593][  0]LogMaterial: Uniform references updated for custom material expression Custom.
[2017.08.17-11.03.14:205][  0]SourceControl: Info Source control is disabled
[2017.08.17-11.03.14:207][  0]SourceControl: Info Source control is disabled
[2017.08.17-11.03.14:287][  0]SourceControl: Info Source control is disabled
[2017.08.17-11.03.14:364][  0]SourceControl: Info Source control is disabled
[2017.08.17-11.03.15:462][  0]LogAndroidPermission: UAndroidPermissionCallbackProxy::GetInstance
[2017.08.17-11.03.16:376][  0]LogEngine: Initializing Engine...
[2017.08.17-11.03.16:377][  0]LogHMD: Failed to initialize OpenVR with code 110
[2017.08.17-11.03.16:679][  0]LogStats: UGameplayTagsManager::ConstructGameplayTagTree: Construct from data asset -  0.000 s
[2017.08.17-11.03.16:679][  0]LogStats: UGameplayTagsManager::ConstructGameplayTagTree: GameplayTagTreeChangedEvent.Broadcast -  0.000 s
[2017.08.17-11.03.16:870][  0]LogAIModule: Creating AISystem for world Untitled
[2017.08.17-11.03.16:916][  0]LogInit: XAudio2 using 'Auriculares (Dispositivo de High Definition Audio)' : 2 channels at 48 kHz using 16 bits per sample (channel mask 0x3)
[2017.08.17-11.03.16:933][  0]LogInit: FAudioDevice initialized.
[2017.08.17-11.03.17:021][  0]LogDerivedDataCache: Saved boot cache 0.09s 90MB C:/Users/Pepe/AppData/Local/UnrealEngine/4.16/DerivedDataCache/Boot.ddc.
[2017.08.17-11.03.17:045][  0]LogInit: Texture streaming: Enabled
[2017.08.17-11.03.17:193][  0]LogEngineSessionManager: EngineSessionManager initialized
[2017.08.17-11.03.17:544][  0]LogInit: Transaction tracking system initialized
[2017.08.17-11.03.18:035][  0]BlueprintLog: New page: Editor Load
[2017.08.17-11.03.19:447][  0]LocalizationService: Info Localization service is disabled
[2017.08.17-11.03.20:462][  0]LogConsoleResponse:Display: 
[2017.08.17-11.03.20:719][  0]LogCook:Display: Max memory allowance for cook 16384mb min free memory 0mb
[2017.08.17-11.03.20:719][  0]LogCook:Display: Mobile HDR setting 1
[2017.08.17-11.03.21:532][  0]LogFileCache: Scanning file cache for directory 'B:/FreedomReal/FREEDOM/PROYECTO/source/Content/' took 0.04s
[2017.08.17-11.03.22:301][  0]SourceControl: Info Source control is disabled
[2017.08.17-11.03.22:301][  0]Cmd: MAP LOAD FILE="../../../../../FreedomReal/FREEDOM/PROYECTO/source/Content/StarterContent/Maps/Minimal_Default.umap" TEMPLATE=0 SHOWPROGRESS=1 FEATURELEVEL=3
[2017.08.17-11.03.22:345][  0]LightingResults: New page: Lighting Build
[2017.08.17-11.03.22:407][  0]MapCheck: New page: Map Check
[2017.08.17-11.03.22:407][  0]LightingResults: New page: Lighting Build
[2017.08.17-11.03.24:002][  0]LogAIModule: Creating AISystem for world Minimal_Default
[2017.08.17-11.03.24:127][  0]LogEditorServer: Finished looking for orphan Actors (0.000 secs)
[2017.08.17-11.03.24:161][  0]Cmd: MAP CHECKDEP NOCLEARLOG
[2017.08.17-11.03.24:241][  0]MapCheck: Info Map check complete: 0 Error(s), 0 Warning(s), took 79.506ms to complete.
[2017.08.17-11.03.24:241][  0]LogFileHelpers: Loading map 'Minimal_Default' took 1.940
[2017.08.17-11.03.24:349][  0]LogWindowsTextInputMethodSystem:Display: IME system now deactivated.
[2017.08.17-11.03.24:852][  0]LogCollectionManager: Loaded 0 collections in 0.002000 seconds
[2017.08.17-11.03.25:051][  0]LogFileCache: Scanning file cache for directory 'B:/FreedomReal/FREEDOM/PROYECTO/source/Saved/Collections/' took 0.01s
[2017.08.17-11.03.25:051][  0]LogFileCache: Scanning file cache for directory 'B:/FreedomReal/FREEDOM/PROYECTO/source/Content/Developers/Pepe/Collections/' took 0.01s
[2017.08.17-11.03.25:051][  0]LogFileCache: Scanning file cache for directory 'B:/FreedomReal/FREEDOM/PROYECTO/source/Content/Collections/' took 0.01s
[2017.08.17-11.03.25:051][  0]LogCollectionManager: Rebuilt the GUID cache for 0 collections in 0.000003 seconds
[2017.08.17-11.03.25:077][  0]LogContentBrowser: Native class hierarchy populated in 0.0174 seconds. Added 2329 classes and 491 folders.
[2017.08.17-11.03.25:204][  0]LogContentBrowser: Native class hierarchy updated for 'WidgetCarousel' in 0.0007 seconds. Added 0 classes and 0 folders.
[2017.08.17-11.03.26:550][  0]LogContentBrowser: Native class hierarchy updated for 'AddContentDialog' in 0.0008 seconds. Added 0 classes and 0 folders.
[2017.08.17-11.03.26:723][  0]LogContentBrowser: Native class hierarchy updated for 'SceneOutliner' in 0.0010 seconds. Added 1 classes and 2 folders.
[2017.08.17-11.03.26:995][  0]LogCrashTracker: Crashtracker disabled due to settings.
[2017.08.17-11.03.27:045][  0]LogSlate: Took 0.000442 seconds to synchronously load lazily loaded font '../../../Engine/Content/Slate/Fonts/Roboto-Regular.ttf' (155K)
[2017.08.17-11.03.27:048][  0]LogSlate: Took 0.000378 seconds to synchronously load lazily loaded font '../../../Engine/Content/Slate/Fonts/Roboto-Bold.ttf' (160K)
[2017.08.17-11.03.27:082][  0]LogSlate: Took 0.014863 seconds to synchronously load lazily loaded font '../../../Engine/Content/Editor/Slate/Fonts/FontAwesome.ttf' (139K)
[2017.08.17-11.03.27:449][  0]LogRenderer: Reallocating scene render targets to support 744x328 NumSamples 1 (Frame:1).
[2017.08.17-11.03.27:858][  0]LogUObjectGlobals:Warning: Failed to find object 'Class None.'
[2017.08.17-11.03.27:945][  0]LogContentBrowser: Native class hierarchy updated for 'HierarchicalLODOutliner' in 0.0008 seconds. Added 1 classes and 2 folders.
[2017.08.17-11.03.27:945][  0]LogLoad: (Engine Initialization) Total time: 30.67 seconds
[2017.08.17-11.03.27:945][  0]LogLoad: (Engine Initialization) Total Blueprint compile time: 0.14 seconds
[2017.08.17-11.03.27:945][  0]LogExternalProfiler: No external profilers were discovered.  External profiling features will not be available.
[2017.08.17-11.03.27:957][  0]LogOcInput: OculusInput pre-init called
[2017.08.17-11.03.27:957][  0]LogHMD: Starting GearVRController plugin
[2017.08.17-11.03.28:132][  0]LogContentStreaming: Texture pool size now 1000 MB
[2017.08.17-11.03.28:227][  0]LogSlate: Took 0.016525 seconds to synchronously load lazily loaded font '../../../Engine/Content/Slate/Fonts/Roboto-Light.ttf' (159K)
[2017.08.17-11.03.28:279][  1]LogAssetRegistry: Asset discovery search completed in 19.4670 seconds
[2017.08.17-11.03.28:282][  1]LogCollectionManager: Rebuilt the object cache for 0 collections in 0.000001 seconds (found 0 objects)
[2017.08.17-11.03.28:282][  1]LogCollectionManager: Fixed up redirectors for 0 collections in 0.000029 seconds (updated 0 objects)
[2017.08.17-11.24.08:684][149]LogAudio:Warning: Current Audio Device with ID {0.0.0.00000000}.{322daa3a-caff-4f42-b135-39311ce5b7c1} was removed. Shutting down audio device.
[2017.08.17-11.44.17:869][ 26]LogSlate: Took 0.000299 seconds to synchronously load lazily loaded font '../../../Engine/Content/Slate/Fonts/Roboto-Light.ttf' (159K)
[2017.08.17-11.44.18:608][ 26]LogSlate: Took 0.000295 seconds to synchronously load lazily loaded font '../../../Engine/Content/Slate/Fonts/Roboto-Regular.ttf' (155K)
[2017.08.17-11.44.18:915][ 26]LogContentBrowser: Native class hierarchy updated for 'BlueprintGraph' in 0.0015 seconds. Added 112 classes and 0 folders.
[2017.08.17-11.44.20:602][ 26]LogSlate: Took 0.014109 seconds to synchronously load lazily loaded font '../../../Engine/Content/Editor/Slate/Fonts/Roboto-BoldCondensed.ttf' (158K)
[2017.08.17-11.44.21:038][ 27]LogSlate: Took 0.020873 seconds to synchronously load lazily loaded font '../../../Engine/Content/Editor/Slate/Fonts/Roboto-Italic.ttf' (157K)
[2017.08.17-11.45.08:012][538]LogSlate: Took 0.015264 seconds to synchronously load lazily loaded font '../../../Engine/Content/Editor/Slate/Fonts/Roboto-BoldCondensedItalic.ttf' (160K)
[2017.08.17-11.46.34:756][416]BlueprintLog: New page: Compile Bp_Inventory
[2017.08.17-11.51.50:628][720]LogEditorTransaction: Undo Create Pin Link
[2017.08.17-11.51.50:683][720]LogSlate: Took 0.000312 seconds to synchronously load lazily loaded font '../../../Engine/Content/Slate/Fonts/Roboto-Light.ttf' (159K)
[2017.08.17-11.52.45:192][680]LogWindows: Windows GetLastError: La operación se completó correctamente. (0)
[2017.08.17-11.52.49:906][680]LogCrashTracker: 


[2017.08.17-11.52.49:906][680]LogCrashTracker: 


[2017.08.17-11.52.49:906][680]LogWindows:Error: === Critical error: ===
[2017.08.17-11.52.49:906][680]LogWindows:Error: 
[2017.08.17-11.52.49:906][680]LogWindows:Error: Assertion failed: OwningNode [File:D:\Build\++UE4+Release-4.16+Compile\Sync\Engine\Source\Runtime\Engine\Classes\EdGraph/EdGraphPin.h] [Line: 374] 
[2017.08.17-11.52.49:906][680]LogWindows:Error: 
[2017.08.17-11.52.49:906][680]LogWindows:Error: 
[2017.08.17-11.52.49:906][680]LogWindows:Error: 
[2017.08.17-11.52.49:906][680]LogWindows:Error: KERNELBASE.dll!0x0000000060609E08
[2017.08.17-11.52.49:906][680]LogWindows:Error: UE4Editor-Core.dll!0x00000000270CAFFE
[2017.08.17-11.52.49:906][680]LogWindows:Error: UE4Editor-Core.dll!0x0000000026EE249B
[2017.08.17-11.52.49:906][680]LogWindows:Error: UE4Editor-Core.dll!0x0000000026E70849
[2017.08.17-11.52.49:906][680]LogWindows:Error: UE4Editor-Engine.dll!0x0000000023AFA3CE
[2017.08.17-11.52.49:906][680]LogWindows:Error: UE4Editor-GraphEditor.dll!0x000000001E03E05F
[2017.08.17-11.52.49:906][680]LogWindows:Error: UE4Editor-GraphEditor.dll!0x000000001E0B33F1
[2017.08.17-11.52.49:906][680]LogWindows:Error: UE4Editor-Slate.dll!0x0000000022DA994B
[2017.08.17-11.52.49:906][680]LogWindows:Error: UE4Editor-Slate.dll!0x0000000022D78B3E
[2017.08.17-11.52.49:906][680]LogWindows:Error: UE4Editor-Slate.dll!0x0000000022E1E7FF
[2017.08.17-11.52.49:906][680]LogWindows:Error: UE4Editor-Slate.dll!0x0000000022E0720F
[2017.08.17-11.52.49:906][680]LogWindows:Error: UE4Editor-Slate.dll!0x0000000022DF8391
[2017.08.17-11.52.49:906][680]LogWindows:Error: UE4Editor-Core.dll!0x00000000270C175B
[2017.08.17-11.52.49:906][680]LogWindows:Error: UE4Editor-Core.dll!0x00000000270AB7D1
[2017.08.17-11.52.49:906][680]LogWindows:Error: UE4Editor-Core.dll!0x00000000270C33DB
[2017.08.17-11.52.49:906][680]LogWindows:Error: UE4Editor-Core.dll!0x00000000270A7B22
[2017.08.17-11.52.49:906][680]LogWindows:Error: USER32.dll!0x0000000060BDBC50
[2017.08.17-11.52.49:906][680]LogWindows:Error: USER32.dll!0x0000000060BDB5CF
[2017.08.17-11.52.49:906][680]LogWindows:Error: UE4Editor-Core.dll!0x00000000270C3CE6
[2017.08.17-11.52.49:906][680]LogWindows:Error: UE4Editor.exe!0x00000000B76EDB44
[2017.08.17-11.52.49:906][680]LogWindows:Error: UE4Editor.exe!0x00000000B76DF0B0
[2017.08.17-11.52.49:906][680]LogWindows:Error: UE4Editor.exe!0x00000000B76DF12A
[2017.08.17-11.52.49:906][680]LogWindows:Error: UE4Editor.exe!0x00000000B76F0CF9
[2017.08.17-11.52.49:906][680]LogWindows:Error: UE4Editor.exe!0x00000000B76F25F7
[2017.08.17-11.52.49:906][680]LogWindows:Error: KERNEL32.DLL!0x0000000061812774
[2017.08.17-11.52.49:906][680]LogWindows:Error: ntdll.dll!0x0000000063320D51
[2017.08.17-11.52.49:906][680]LogWindows:Error: ntdll.dll!0x0000000063320D51
[2017.08.17-11.52.49:906][680]LogWindows:Error: 
[2017.08.17-11.52.49:928][680]LogExit: Executing StaticShutdownAfterError
[2017.08.17-11.52.49:944][680]LogWindows: FPlatformMisc::RequestExit(1)
[2017.08.17-11.52.49:944][680]Log file closed, 08/17/17 12:52:49
