Log file open, 08/07/17 17:26:48
LogInit:Display: Running engine for game: source
LogPlatformFile: Not using cached read wrapper
LogInit:Display: RandInit(2048072354) SRandInit(2048072354).
LogTaskGraph: Started task graph with 5 named threads and 8 total threads with 1 sets of task threads.
LogStats: Stats thread started at 0.117129
LogInit: Using libcurl 7.47.1
LogInit:  - built for x86_64-pc-win32
LogInit:  - supports SSL with OpenSSL/1.0.2g
LogInit:  - supports HTTP deflate (compression) using libz 1.2.8
LogInit:  - other features:
LogInit:      CURL_VERSION_SSL
LogInit:      CURL_VERSION_LIBZ
LogInit:      CURL_VERSION_IPV6
LogInit:      CURL_VERSION_ASYNCHDNS
LogInit:      CURL_VERSION_LARGEFILE
LogInit:      CURL_VERSION_IDN
LogInit:  CurlRequestOptions (configurable via config and command line):
LogInit:  - bVerifyPeer = false  - Libcurl will NOT verify peer certificate
LogInit:  - bUseHttpProxy = false  - Libcurl will NOT use HTTP proxy
LogInit:  - bDontReuseConnections = false  - Libcurl will reuse connections
LogInit:  - CertBundlePath = nullptr  - Libcurl will use whatever was configured at build time.
LogInit: Build: ++UE4+Release-4.16-CL-3561208
LogInit: Engine Version: 4.16.3-3561208+++UE4+Release-4.16
LogInit: Compatible Engine Version: 4.16.0-3452394+++UE4+Release-4.16
LogInit: Net CL: 3452394
LogDevObjectVersion: Number of dev versions registered: 16
LogDevObjectVersion:   Dev-Blueprints (B0D832E4-1F89-4F0D-ACCF-7EB736FD4AA2): 9
LogDevObjectVersion:   Dev-Build (E1C64328-A22C-4D53-A36C-8E866417BD8C): 0
LogDevObjectVersion:   Dev-Core (375EC13C-06E4-48FB-B500-84F0262A717E): 2
LogDevObjectVersion:   Dev-Editor (E4B068ED-F494-42E9-A231-DA0B2E46BB41): 17
LogDevObjectVersion:   Dev-Framework (CFFC743F-43B0-4480-9391-14DF171D2073): 23
LogDevObjectVersion:   Dev-Mobile (B02B49B5-BB20-44E9-A304-32B752E40360): 0
LogDevObjectVersion:   Dev-Networking (A4E4105C-59A1-49B5-A7C5-40C4547EDFEE): 0
LogDevObjectVersion:   Dev-Online (39C831C9-5AE6-47DC-9A44-9C173E1C8E7C): 0
LogDevObjectVersion:   Dev-Physics (78F01B33-EBEA-4F98-B9B4-84EACCB95AA2): 0
LogDevObjectVersion:   Dev-Platform (6631380F-2D4D-43E0-8009-CF276956A95A): 0
LogDevObjectVersion:   Dev-Rendering (12F88B9F-8875-4AFC-A67C-D90C383ABD29): 15
LogDevObjectVersion:   Dev-Sequencer (7B5AE74C-D270-4C10-A958-57980B212A5A): 4
LogDevObjectVersion:   Dev-VR (D7296918-1DD6-4BDD-9DE2-64A83CC13884): 0
LogDevObjectVersion:   Dev-LoadTimes (C2A15278-BFE7-4AFE-6C17-90FF531DF755): 1
LogDevObjectVersion:   Private-Geometry (6EACA3D4-40EC-4CC1-B786-8BED09428FC5): 1
LogDevObjectVersion:   Dev-AnimPhys (29E575DD-E0A3-4627-9D10-D276232CDCEA): 3
LogInit: Compiled (64-bit): Jul 28 2017 11:49:47
LogInit: Compiled with Visual C++: 19.00.24215.01
LogInit: Build Configuration: Development
LogInit: Branch Name: ++UE4+Release-4.16
LogInit: Command line: -EpicPortal 
LogInit: Base directory: B:/UnrealEngine/UE_4.16/Engine/Binaries/Win64/
LogInit: Installed Engine Build: 1
LogInit: Presizing for max 8388607 objects, including 0 objects not considered by GC, pre-allocating 0 bytes for permanent pool.
LogInit: Object subsystem initialized
[2017.08.07-16.26.49:758][  0]LogInit: Selected Device Profile: [Windows]
[2017.08.07-16.26.49:758][  0]LogInit: Applying CVar settings loaded from the selected device profile: [Windows]
[2017.08.07-16.26.49:778][  0]LogInit: Computer: DESKTOP-IS750JK
[2017.08.07-16.26.49:778][  0]LogInit: User: Pepe
[2017.08.07-16.26.49:778][  0]LogInit: CPU Page size=4096, Cores=4
[2017.08.07-16.26.49:778][  0]LogInit: High frequency timer resolution =3.418003 MHz
[2017.08.07-16.26.49:778][  0]LogMemory: Memory total: Physical=7.9GB (8GB approx)
[2017.08.07-16.26.49:778][  0]LogMemory: Platform Memory Stats for Windows
[2017.08.07-16.26.49:778][  0]LogMemory: Process Physical Memory: 273.15 MB used, 273.15 MB peak
[2017.08.07-16.26.49:778][  0]LogMemory: Process Virtual Memory: 260.64 MB used, 260.64 MB peak
[2017.08.07-16.26.49:778][  0]LogMemory: Physical Memory: 5555.21 MB used,  2585.07 MB free, 8140.28 MB total
[2017.08.07-16.26.49:778][  0]LogMemory: Virtual Memory: 638.34 MB used,  2585.07 MB free, 134217728.00 MB total
[2017.08.07-16.26.49:896][  0]LogInit: Overriding language with editor language configuration option (en).
[2017.08.07-16.26.49:896][  0]LogInit: Overriding locale with editor locale configuration option (en).
[2017.08.07-16.26.51:223][  0]LogD3D11RHI: D3D11 adapters:
[2017.08.07-16.26.51:257][  0]LogD3D11RHI:    0. 'Radeon (TM) RX 470 Graphics' (Feature Level 11_0)
[2017.08.07-16.26.51:257][  0]LogD3D11RHI:       4044/0/4070 MB DedicatedVideo/DedicatedSystem/SharedSystem, Outputs:2, VendorId:0x1002
[2017.08.07-16.26.51:260][  0]LogD3D11RHI:    1. 'Microsoft Basic Render Driver' (Feature Level 11_0)
[2017.08.07-16.26.51:260][  0]LogD3D11RHI:       0/0/4070 MB DedicatedVideo/DedicatedSystem/SharedSystem, Outputs:0, VendorId:0x1414
[2017.08.07-16.26.51:260][  0]LogD3D11RHI: Chosen D3D11 Adapter: 0
[2017.08.07-16.26.51:271][  0]LogD3D11RHI: Creating new Direct3DDevice
[2017.08.07-16.26.51:272][  0]LogD3D11RHI:     GPU DeviceId: 0x67df (for the marketing name, search the web for "GPU Device Id")
[2017.08.07-16.26.51:272][  0]LogWindows: EnumDisplayDevices:
[2017.08.07-16.26.51:272][  0]LogWindows:    0. 'Radeon (TM) RX 470 Graphics' (P:1 D:1)
[2017.08.07-16.26.51:273][  0]LogWindows:    1. 'Radeon (TM) RX 470 Graphics' (P:0 D:1)
[2017.08.07-16.26.51:273][  0]LogWindows:    2. 'Radeon (TM) RX 470 Graphics' (P:0 D:0)
[2017.08.07-16.26.51:274][  0]LogWindows:    3. 'Radeon (TM) RX 470 Graphics' (P:0 D:0)
[2017.08.07-16.26.51:275][  0]LogWindows:    4. 'Radeon (TM) RX 470 Graphics' (P:0 D:0)
[2017.08.07-16.26.51:275][  0]LogWindows:    5. 'Radeon (TM) RX 470 Graphics' (P:0 D:0)
[2017.08.07-16.26.51:276][  0]LogWindows: DebugString: FoundDriverCount:6 
[2017.08.07-16.26.51:276][  0]LogD3D11RHI:     Adapter Name: Radeon (TM) RX 470 Graphics
[2017.08.07-16.26.51:276][  0]LogD3D11RHI:   Driver Version: Crimson ReLive 17.1.1 (internal:22.19.162.4, unified:22.19.162.4)
[2017.08.07-16.26.51:276][  0]LogD3D11RHI:      Driver Date: 4-24-2017
[2017.08.07-16.26.51:276][  0]LogRHI: Texture pool is 1361 MB (70% of 1945 MB)
[2017.08.07-16.26.51:436][  0]LogD3D11RHI: Async texture creation enabled
[2017.08.07-16.26.51:447][  0]LogD3D11RHI: GPU Timing Frequency: 25.000000 (Debug: 2 1)
[2017.08.07-16.26.51:448][  0]LogShaderCompilers: Guid format shader working directory is -6 characters bigger than the processId version (../../../../../FreedomReal/FREEDOM/PROYECTO/source/Intermediate/Shaders/WorkingDirectory/12260/).
[2017.08.07-16.26.51:448][  0]LogShaderCompilers: Cleaned the shader compiler working directory 'C:/Users/Pepe/AppData/Local/Temp/UnrealShaderWorkingDir/E028D74E400AB44EAEC2B5968DE977F8/'.
[2017.08.07-16.26.51:448][  0]LogShaderCompilers:Display: Using Local Shader Compiler.
[2017.08.07-16.26.53:223][  0]LogTemp:Display: Loaded TP AllDesktopTargetPlatform
[2017.08.07-16.26.53:299][  0]LogTemp:Display: Loaded TP MacClientTargetPlatform
[2017.08.07-16.26.53:378][  0]LogTemp:Display: Loaded TP MacNoEditorTargetPlatform
[2017.08.07-16.26.53:458][  0]LogTemp:Display: Loaded TP MacServerTargetPlatform
[2017.08.07-16.26.53:543][  0]LogTemp:Display: Loaded TP MacTargetPlatform
[2017.08.07-16.26.53:629][  0]LogTemp:Display: Loaded TP WindowsClientTargetPlatform
[2017.08.07-16.26.53:723][  0]LogTemp:Display: Loaded TP WindowsNoEditorTargetPlatform
[2017.08.07-16.26.53:803][  0]LogTemp:Display: Loaded TP WindowsServerTargetPlatform
[2017.08.07-16.26.53:873][  0]LogTemp:Display: Loaded TP WindowsTargetPlatform
[2017.08.07-16.26.53:955][  0]LogTemp:Display: Loaded TP AndroidTargetPlatform
[2017.08.07-16.26.54:037][  0]LogTemp:Display: Loaded TP Android_ASTCTargetPlatform
[2017.08.07-16.26.54:117][  0]LogTemp:Display: Loaded TP Android_ATCTargetPlatform
[2017.08.07-16.26.54:194][  0]LogTemp:Display: Loaded TP Android_DXTTargetPlatform
[2017.08.07-16.26.54:270][  0]LogTemp:Display: Loaded TP Android_ETC1TargetPlatform
[2017.08.07-16.26.54:346][  0]LogTemp:Display: Loaded TP Android_ETC2TargetPlatform
[2017.08.07-16.26.54:508][  0]LogTemp:Display: Loaded TP Android_MultiTargetPlatform
[2017.08.07-16.26.54:508][  0]LogTemp:Display: Loaded TP Android_PVRTCTargetPlatform
[2017.08.07-16.26.54:570][  0]LogTemp:Display: Loaded TP HTML5TargetPlatform
[2017.08.07-16.26.54:704][  0]LogTemp:Display: Loaded TP IOSTargetPlatform
[2017.08.07-16.26.54:751][  0]LogTemp:Display: Loaded TP TVOSTargetPlatform
[2017.08.07-16.26.54:828][  0]LogTemp:Display: Loaded TP LinuxClientTargetPlatform
[2017.08.07-16.26.54:909][  0]LogTemp:Display: Loaded TP LinuxNoEditorTargetPlatform
[2017.08.07-16.26.55:001][  0]LogTemp:Display: Loaded TP LinuxServerTargetPlatform
[2017.08.07-16.26.55:086][  0]LogTemp:Display: Loaded TP LinuxTargetPlatform
[2017.08.07-16.26.55:086][  0]LogTargetPlatformManager:Display: Building Assets For Windows
[2017.08.07-16.26.55:891][  0]LogDerivedDataCache:Display: Max Cache Size: 512 MB
[2017.08.07-16.26.56:074][  0]LogDerivedDataCache: Loaded boot cache 0.18s 90MB C:/Users/Pepe/AppData/Local/UnrealEngine/4.16/DerivedDataCache/Boot.ddc.
[2017.08.07-16.26.56:075][  0]LogDerivedDataCache:Display: Loaded Boot cache: C:/Users/Pepe/AppData/Local/UnrealEngine/4.16/DerivedDataCache/Boot.ddc
[2017.08.07-16.26.56:075][  0]LogDerivedDataCache: FDerivedDataBackendGraph:  Pak pak cache file ../../../../../FreedomReal/FREEDOM/PROYECTO/source/DerivedDataCache/DDC.ddp not found, will not use a pak cache.
[2017.08.07-16.26.56:075][  0]LogDerivedDataCache: Unable to find inner node Pak for hierarchical cache Hierarchy.
[2017.08.07-16.26.56:075][  0]LogDerivedDataCache: FDerivedDataBackendGraph:  CompressedPak pak cache file ../../../../../FreedomReal/FREEDOM/PROYECTO/source/DerivedDataCache/Compressed.ddp not found, will not use a pak cache.
[2017.08.07-16.26.56:075][  0]LogDerivedDataCache: Unable to find inner node CompressedPak for hierarchical cache Hierarchy.
[2017.08.07-16.26.56:099][  0]LogDerivedDataCache:Display: Pak cache opened for reading ../../../Engine/DerivedDataCache/Compressed.ddp.
[2017.08.07-16.26.56:114][  0]LogDerivedDataCache: Using Local data cache path C:/Users/Pepe/AppData/Local/UnrealEngine/Common/DerivedDataCache: Writable
[2017.08.07-16.26.56:131][  0]LogMaterial: Verifying Global Shaders for PCD3D_SM5
[2017.08.07-16.26.56:131][  0]LogSlate: Using Freetype 2.6.0
[2017.08.07-16.26.56:132][  0]LogSlate: SlateFontCache - WITH_FREETYPE: 1, WITH_HARFBUZZ: 1
[2017.08.07-16.26.56:132][  0]LogSlate: SlateFontCache - WITH_FREETYPE: 1, WITH_HARFBUZZ: 1
[2017.08.07-16.26.56:630][  0]LogInit: Selected Device Profile: [Windows]
[2017.08.07-16.26.56:786][  0]LogContentStreaming: Texture pool size is 0.00 MB
[2017.08.07-16.26.57:023][  0]LogMeshUtilities: Using QuadricMeshReduction for automatic static mesh reduction
[2017.08.07-16.26.57:099][  0]LogSimplygon: Simplygon DLL not present - disabling.
[2017.08.07-16.26.57:185][  0]LogMeshUtilities: Using SimplygonSwarm for distributed automatic mesh merging
[2017.08.07-16.26.57:185][  0]LogMeshUtilities: No automatic skeletal mesh reduction module available
[2017.08.07-16.26.57:185][  0]LogMeshUtilities: No automatic mesh merging module available
[2017.08.07-16.26.58:024][  0]LogNetVersion: source , NetCL: 3452394, EngineNetVer: 2, GameNetVer: 0 (Checksum: 2297492709)
[2017.08.07-16.26.58:106][  0]LogAssetRegistry: FAssetRegistry took 0.0295 seconds to start up
[2017.08.07-16.26.58:176][  0]LogPackageLocalizationCache: Processed 4 localized package path(s) for 1 prioritized culture(s) in 0.032769 seconds
[2017.08.07-16.26.58:185][  0]LogUObjectArray: 34194 objects as part of root set at end of initial load.
[2017.08.07-16.26.58:185][  0]LogUObjectAllocator: 7260416 out of 0 bytes used by permanent object pool.
[2017.08.07-16.26.58:185][  0]LogUObjectArray: CloseDisregardForGC: 0/0 objects in disregard for GC pool
[2017.08.07-16.26.58:287][  0]LogInit: WinSock: version 1.1 (2.2), MaxSocks=32767, MaxUdp=65467
[2017.08.07-16.27.02:110][  0]LogTcpMessaging: Initializing TcpMessaging bridge
[2017.08.07-16.27.02:172][  0]LogUdpMessaging: Initializing bridge on interface 0.0.0.0:0 to multicast group 230.0.0.1:6666.
[2017.08.07-16.27.03:032][  0]LogMaterial: Uniform references updated for custom material expression Custom.
[2017.08.07-16.27.03:664][  0]SourceControl: Info Source control is disabled
[2017.08.07-16.27.03:666][  0]SourceControl: Info Source control is disabled
[2017.08.07-16.27.03:750][  0]SourceControl: Info Source control is disabled
[2017.08.07-16.27.03:831][  0]SourceControl: Info Source control is disabled
[2017.08.07-16.27.04:960][  0]LogAndroidPermission: UAndroidPermissionCallbackProxy::GetInstance
[2017.08.07-16.27.05:970][  0]LogEngine: Initializing Engine...
[2017.08.07-16.27.05:972][  0]LogHMD: Failed to initialize OpenVR with code 110
[2017.08.07-16.27.06:285][  0]LogStats: UGameplayTagsManager::ConstructGameplayTagTree: Construct from data asset -  0.000 s
[2017.08.07-16.27.06:285][  0]LogStats: UGameplayTagsManager::ConstructGameplayTagTree: GameplayTagTreeChangedEvent.Broadcast -  0.000 s
[2017.08.07-16.27.06:499][  0]LogAIModule: Creating AISystem for world Untitled
[2017.08.07-16.27.06:527][  0]LogInit: XAudio2 using 'Altavoces (Dispositivo de High Definition Audio)' : 2 channels at 44.1 kHz using 16 bits per sample (channel mask 0x3)
[2017.08.07-16.27.06:549][  0]LogInit: FAudioDevice initialized.
[2017.08.07-16.27.06:641][  0]LogDerivedDataCache: Saved boot cache 0.09s 90MB C:/Users/Pepe/AppData/Local/UnrealEngine/4.16/DerivedDataCache/Boot.ddc.
[2017.08.07-16.27.06:664][  0]LogInit: Texture streaming: Enabled
[2017.08.07-16.27.06:816][  0]LogEngineSessionManager: EngineSessionManager initialized
[2017.08.07-16.27.07:166][  0]LogInit: Transaction tracking system initialized
[2017.08.07-16.27.07:672][  0]BlueprintLog: New page: Editor Load
[2017.08.07-16.27.09:311][  0]LocalizationService: Info Localization service is disabled
[2017.08.07-16.27.10:444][  0]LogConsoleResponse:Display: 
[2017.08.07-16.27.10:651][  0]LogCook:Display: Max memory allowance for cook 16384mb min free memory 0mb
[2017.08.07-16.27.10:652][  0]LogCook:Display: Mobile HDR setting 1
[2017.08.07-16.27.11:814][  0]LogFileCache: Scanning file cache for directory 'B:/FreedomReal/FREEDOM/PROYECTO/source/Content/' took 0.02s
[2017.08.07-16.27.12:406][  0]SourceControl: Info Source control is disabled
[2017.08.07-16.27.12:406][  0]Cmd: MAP LOAD FILE="../../../../../FreedomReal/FREEDOM/PROYECTO/source/Content/StarterContent/Maps/Minimal_Default.umap" TEMPLATE=0 SHOWPROGRESS=1 FEATURELEVEL=3
[2017.08.07-16.27.12:407][  0]LightingResults: New page: Lighting Build
[2017.08.07-16.27.12:472][  0]MapCheck: New page: Map Check
[2017.08.07-16.27.12:472][  0]LightingResults: New page: Lighting Build
[2017.08.07-16.27.13:194][  0]LogAIModule: Creating AISystem for world Minimal_Default
[2017.08.07-16.27.13:207][  0]LogEditorServer: Finished looking for orphan Actors (0.000 secs)
[2017.08.07-16.27.13:227][  0]Cmd: MAP CHECKDEP NOCLEARLOG
[2017.08.07-16.27.13:311][  0]MapCheck: Info Map check complete: 0 Error(s), 0 Warning(s), took 84.032ms to complete.
[2017.08.07-16.27.13:311][  0]LogFileHelpers: Loading map 'Minimal_Default' took 0.905
[2017.08.07-16.27.13:608][  0]LogCollectionManager: Loaded 0 collections in 0.002344 seconds
[2017.08.07-16.27.13:741][  0]LogFileCache: Scanning file cache for directory 'B:/FreedomReal/FREEDOM/PROYECTO/source/Saved/Collections/' took 0.01s
[2017.08.07-16.27.13:741][  0]LogFileCache: Scanning file cache for directory 'B:/FreedomReal/FREEDOM/PROYECTO/source/Content/Developers/Pepe/Collections/' took 0.01s
[2017.08.07-16.27.13:741][  0]LogFileCache: Scanning file cache for directory 'B:/FreedomReal/FREEDOM/PROYECTO/source/Content/Collections/' took 0.01s
[2017.08.07-16.27.13:741][  0]LogCollectionManager: Rebuilt the GUID cache for 0 collections in 0.000002 seconds
[2017.08.07-16.27.13:761][  0]LogContentBrowser: Native class hierarchy populated in 0.0200 seconds. Added 2329 classes and 491 folders.
[2017.08.07-16.27.13:875][  0]LogContentBrowser: Native class hierarchy updated for 'WidgetCarousel' in 0.0008 seconds. Added 0 classes and 0 folders.
[2017.08.07-16.27.15:022][  0]LogContentBrowser: Native class hierarchy updated for 'AddContentDialog' in 0.0007 seconds. Added 0 classes and 0 folders.
[2017.08.07-16.27.15:146][  0]LogContentBrowser: Native class hierarchy updated for 'SceneOutliner' in 0.0010 seconds. Added 1 classes and 2 folders.
[2017.08.07-16.27.15:214][  0]LogCrashTracker: Crashtracker disabled due to settings.
[2017.08.07-16.27.15:221][  0]LogSlate: Took 0.000422 seconds to synchronously load lazily loaded font '../../../Engine/Content/Slate/Fonts/Roboto-Regular.ttf' (155K)
[2017.08.07-16.27.15:224][  0]LogSlate: Took 0.000279 seconds to synchronously load lazily loaded font '../../../Engine/Content/Slate/Fonts/Roboto-Bold.ttf' (160K)
[2017.08.07-16.27.15:414][  0]LogSlate: Took 0.019590 seconds to synchronously load lazily loaded font '../../../Engine/Content/Editor/Slate/Fonts/FontAwesome.ttf' (139K)
[2017.08.07-16.27.15:612][  0]LogRenderer: Reallocating scene render targets to support 744x328 NumSamples 1 (Frame:1).
[2017.08.07-16.27.15:809][  0]LogUObjectGlobals:Warning: Failed to find object 'Class None.'
[2017.08.07-16.27.15:900][  0]LogContentBrowser: Native class hierarchy updated for 'HierarchicalLODOutliner' in 0.0009 seconds. Added 1 classes and 2 folders.
[2017.08.07-16.27.15:900][  0]LogLoad: (Engine Initialization) Total time: 28.93 seconds
[2017.08.07-16.27.15:900][  0]LogLoad: (Engine Initialization) Total Blueprint compile time: 0.14 seconds
[2017.08.07-16.27.15:900][  0]LogExternalProfiler: No external profilers were discovered.  External profiling features will not be available.
[2017.08.07-16.27.16:240][  0]LogOcInput: OculusInput pre-init called
[2017.08.07-16.27.16:240][  0]LogHMD: Starting GearVRController plugin
[2017.08.07-16.27.16:261][  0]LogContentStreaming: Texture pool size now 1000 MB
[2017.08.07-16.27.16:366][  0]LogSlate: Took 0.014791 seconds to synchronously load lazily loaded font '../../../Engine/Content/Slate/Fonts/Roboto-Light.ttf' (159K)
[2017.08.07-16.27.16:585][  1]LogAssetRegistry: Asset discovery search completed in 18.5021 seconds
[2017.08.07-16.27.16:587][  1]LogCollectionManager: Rebuilt the object cache for 0 collections in 0.000001 seconds (found 0 objects)
[2017.08.07-16.27.16:587][  1]LogCollectionManager: Fixed up redirectors for 0 collections in 0.000040 seconds (updated 0 objects)
[2017.08.07-16.35.20:203][130]LogEditorViewport: Clicking on Actor (context menu): BP_Sky_Sphere_C (BP_Sky_Sphere)
[2017.08.07-16.35.22:222][242]LogEditorViewport: Clicking on Actor (context menu): StaticMeshActor (Floor)
[2017.08.07-16.35.23:496][320]LogEditorViewport: Clicking on Actor (LMB): BP_Sky_Sphere_C (BP_Sky_Sphere)
[2017.08.07-16.35.25:252][476]LogSlate: Took 0.000355 seconds to synchronously load lazily loaded font '../../../Engine/Content/Slate/Fonts/Roboto-Light.ttf' (159K)
[2017.08.07-16.35.45:682][852]LogSlate: Took 0.000338 seconds to synchronously load lazily loaded font '../../../Engine/Content/Slate/Fonts/Roboto-Light.ttf' (159K)
[2017.08.07-16.35.45:709][852]LogAIModule: Creating AISystem for world 00_pepe
[2017.08.07-16.36.32:161][  5]Cmd: EDIT COPY
[2017.08.07-16.36.33:116][ 91]Cmd: EDIT PASTE
[2017.08.07-16.36.34:289][164]Cmd: TRANSACTION UNDO
[2017.08.07-16.36.34:289][164]LogEditorTransaction: Undo Paste
[2017.08.07-16.36.37:834][334]Cmd: MAP LOAD FILE="../../../../../FreedomReal/FREEDOM/PROYECTO/source/Content/00_pepe.umap" TEMPLATE=0 SHOWPROGRESS=1 FEATURELEVEL=3
[2017.08.07-16.36.37:836][334]LightingResults: New page: Lighting Build
[2017.08.07-16.36.37:837][334]LoadErrors: New page: Loading map: 00_pepe.umap
[2017.08.07-16.36.37:838][334]MapCheck: New page: Map Check
[2017.08.07-16.36.37:838][334]LightingResults: New page: Lighting Build
[2017.08.07-16.36.37:856][334]LogEditorServer: Finished looking for orphan Actors (0.000 secs)
[2017.08.07-16.36.37:920][334]Cmd: MAP CHECKDEP NOCLEARLOG
[2017.08.07-16.36.38:001][334]MapCheck: Info Map check complete: 0 Error(s), 0 Warning(s), took 80.052ms to complete.
[2017.08.07-16.36.38:001][334]LogSlate: Took 0.000296 seconds to synchronously load lazily loaded font '../../../Engine/Content/Slate/Fonts/Roboto-Regular.ttf' (155K)
[2017.08.07-16.36.38:009][334]LogFileHelpers: Loading map '00_pepe' took 0.176
[2017.08.07-16.36.39:385][494]Cmd: EDIT PASTE
[2017.08.07-16.36.39:413][494]LogProperty:Warning: ObjectProperty /Engine/EngineSky/BP_Sky_Sphere.BP_Sky_Sphere_C:Directional light actor: unresolved reference to 'DirectionalLight'LightSource''
[2017.08.07-16.37.01:255][ 59]LogAIModule: Creating AISystem for world 00_base
[2017.08.07-16.37.02:935][ 59]Cmd: OBJ SAVEPACKAGE PACKAGE="/Game/00_pepe" FILE="../../../../../FreedomReal/FREEDOM/PROYECTO/source/Content/00_pepe.umap" SILENT=true AUTOSAVING=false KEEPDIRTY=false
[2017.08.07-16.37.03:009][ 59]LogSavePackage: Save=34.43ms
[2017.08.07-16.37.03:009][ 59]LogSavePackage: Moving '../../../../../FreedomReal/FREEDOM/PROYECTO/source/Saved/00_pepeD00BAECF45E1B4F3716CA9A43B3825C6.tmp' to '../../../../../FreedomReal/FREEDOM/PROYECTO/source/Content/00_pepe.umap'
[2017.08.07-16.37.03:015][ 59]LogSavePackage:Display: Finished SavePackage ../../../../../FreedomReal/FREEDOM/PROYECTO/source/Content/00_pepe.umap
[2017.08.07-16.37.03:064][ 59]LogFileHelpers: Saving map '00_pepe' took 0.212
[2017.08.07-16.37.03:065][ 59]Cmd: MAP LOAD FILE="../../../../../FreedomReal/FREEDOM/PROYECTO/source/Content/00_base.umap" TEMPLATE=0 SHOWPROGRESS=1 FEATURELEVEL=3
[2017.08.07-16.37.03:065][ 59]LightingResults: New page: Lighting Build
[2017.08.07-16.37.03:066][ 59]LoadErrors: New page: Loading map: 00_base.umap
[2017.08.07-16.37.03:068][ 59]MapCheck: New page: Map Check
[2017.08.07-16.37.03:068][ 59]LightingResults: New page: Lighting Build
[2017.08.07-16.37.03:085][ 59]LogEditorServer: Finished looking for orphan Actors (0.000 secs)
[2017.08.07-16.37.03:133][ 59]Cmd: MAP CHECKDEP NOCLEARLOG
[2017.08.07-16.37.03:215][ 59]MapCheck: Info Map check complete: 0 Error(s), 0 Warning(s), took 81.488ms to complete.
[2017.08.07-16.37.03:215][ 59]LogFileHelpers: Loading map '00_base' took 0.151
[2017.08.07-16.37.04:764][229]LogAIModule: Creating AISystem for world 00_Alex
[2017.08.07-16.37.04:782][229]Cmd: MAP LOAD FILE="../../../../../FreedomReal/FREEDOM/PROYECTO/source/Content/00_Alex.umap" TEMPLATE=0 SHOWPROGRESS=1 FEATURELEVEL=3
[2017.08.07-16.37.04:782][229]LightingResults: New page: Lighting Build
[2017.08.07-16.37.04:783][229]LoadErrors: New page: Loading map: 00_Alex.umap
[2017.08.07-16.37.04:784][229]MapCheck: New page: Map Check
[2017.08.07-16.37.04:784][229]LightingResults: New page: Lighting Build
[2017.08.07-16.37.04:801][229]LogEditorServer: Finished looking for orphan Actors (0.000 secs)
[2017.08.07-16.37.04:860][229]Cmd: MAP CHECKDEP NOCLEARLOG
[2017.08.07-16.37.04:940][229]MapCheck: Info Map check complete: 0 Error(s), 0 Warning(s), took 79.951ms to complete.
[2017.08.07-16.37.04:941][229]LogFileHelpers: Loading map '00_Alex' took 0.159
[2017.08.07-16.37.05:530][289]LogMaterial: Missing cached shader map for material MAT_ejemplo, compiling. 
[2017.08.07-16.37.05:765][289]LogTexture:Display: Building textures: HQ_Lightmap1_1 (AutoDXT, 256X256)
[2017.08.07-16.37.05:829][289]LogTexture:Display: Building textures: LQ_Lightmap_1_1 (DXT1, 256X256)
[2017.08.07-16.37.05:845][289]LogTexture:Display: Building textures: SkyOcclusion1_1 (AutoDXT, 256X128)
[2017.08.07-16.37.05:862][289]LogTexture:Display: Building textures: ShadowMapTexture2D_3 (G8, 256X128)
[2017.08.07-16.37.05:865][289]LogAIModule: Creating AISystem for world 00_carlos
[2017.08.07-16.37.05:946][289]Cmd: MAP LOAD FILE="../../../../../FreedomReal/FREEDOM/PROYECTO/source/Content/00_carlos.umap" TEMPLATE=0 SHOWPROGRESS=1 FEATURELEVEL=3
[2017.08.07-16.37.05:946][289]LightingResults: New page: Lighting Build
[2017.08.07-16.37.05:947][289]LoadErrors: New page: Loading map: 00_carlos.umap
[2017.08.07-16.37.05:947][289]MapCheck: New page: Map Check
[2017.08.07-16.37.05:947][289]LightingResults: New page: Lighting Build
[2017.08.07-16.37.05:966][289]LogEditorServer: Finished looking for orphan Actors (0.000 secs)
[2017.08.07-16.37.06:040][289]Cmd: MAP CHECKDEP NOCLEARLOG
[2017.08.07-16.37.06:135][289]MapCheck: Info Map check complete: 0 Error(s), 0 Warning(s), took 94.424ms to complete.
[2017.08.07-16.37.06:138][289]LogFileHelpers: Loading map '00_carlos' took 0.193
[2017.08.07-16.37.06:989][383]LogAIModule: Creating AISystem for world 00_dani
[2017.08.07-16.37.07:007][383]Cmd: MAP LOAD FILE="../../../../../FreedomReal/FREEDOM/PROYECTO/source/Content/00_dani.umap" TEMPLATE=0 SHOWPROGRESS=1 FEATURELEVEL=3
[2017.08.07-16.37.07:008][383]LightingResults: New page: Lighting Build
[2017.08.07-16.37.07:008][383]LoadErrors: New page: Loading map: 00_dani.umap
[2017.08.07-16.37.07:009][383]MapCheck: New page: Map Check
[2017.08.07-16.37.07:009][383]LightingResults: New page: Lighting Build
[2017.08.07-16.37.07:027][383]LogEditorServer: Finished looking for orphan Actors (0.000 secs)
[2017.08.07-16.37.07:088][383]Cmd: MAP CHECKDEP NOCLEARLOG
[2017.08.07-16.37.07:188][383]MapCheck: Info Map check complete: 0 Error(s), 0 Warning(s), took 99.957ms to complete.
[2017.08.07-16.37.07:188][383]LogFileHelpers: Loading map '00_dani' took 0.182
[2017.08.07-16.37.07:922][460]LogAIModule: Creating AISystem for world 00_pepe
[2017.08.07-16.37.07:946][460]Cmd: MAP LOAD FILE="../../../../../FreedomReal/FREEDOM/PROYECTO/source/Content/00_pepe.umap" TEMPLATE=0 SHOWPROGRESS=1 FEATURELEVEL=3
[2017.08.07-16.37.07:946][460]LightingResults: New page: Lighting Build
[2017.08.07-16.37.07:947][460]LoadErrors: New page: Loading map: 00_pepe.umap
[2017.08.07-16.37.07:947][460]MapCheck: New page: Map Check
[2017.08.07-16.37.07:948][460]LightingResults: New page: Lighting Build
[2017.08.07-16.37.07:969][460]LogEditorServer: Finished looking for orphan Actors (0.000 secs)
[2017.08.07-16.37.08:036][460]Cmd: MAP CHECKDEP NOCLEARLOG
[2017.08.07-16.37.08:140][460]MapCheck: Info Map check complete: 0 Error(s), 0 Warning(s), took 103.967ms to complete.
[2017.08.07-16.37.08:141][460]LogFileHelpers: Loading map '00_pepe' took 0.196
[2017.08.07-16.37.15:947][370]LogAIModule: Creating AISystem for world 00_lab
[2017.08.07-16.37.15:967][370]Cmd: MAP LOAD FILE="../../../../../FreedomReal/FREEDOM/PROYECTO/source/Content/MapasFinales/00_lab.umap" TEMPLATE=0 SHOWPROGRESS=1 FEATURELEVEL=3
[2017.08.07-16.37.15:967][370]LightingResults: New page: Lighting Build
[2017.08.07-16.37.15:968][370]LoadErrors: New page: Loading map: 00_lab.umap
[2017.08.07-16.37.15:968][370]MapCheck: New page: Map Check
[2017.08.07-16.37.15:968][370]LightingResults: New page: Lighting Build
[2017.08.07-16.37.15:986][370]LogEditorServer: Finished looking for orphan Actors (0.000 secs)
[2017.08.07-16.37.16:031][370]Cmd: MAP CHECKDEP NOCLEARLOG
[2017.08.07-16.37.16:116][370]MapCheck: Info Map check complete: 0 Error(s), 0 Warning(s), took 84.929ms to complete.
[2017.08.07-16.37.16:116][370]LogFileHelpers: Loading map '00_lab' took 0.150
[2017.08.07-16.37.24:513][238]LogAIModule: Creating AISystem for world Advanced_Lighting
[2017.08.07-16.37.24:614][238]Cmd: MAP LOAD FILE="../../../../../FreedomReal/FREEDOM/PROYECTO/source/Content/StarterContent/Maps/Advanced_Lighting.umap" TEMPLATE=0 SHOWPROGRESS=1 FEATURELEVEL=3
[2017.08.07-16.37.24:614][238]LightingResults: New page: Lighting Build
[2017.08.07-16.37.24:615][238]LoadErrors: New page: Loading map: Advanced_Lighting.umap
[2017.08.07-16.37.24:615][238]MapCheck: New page: Map Check
[2017.08.07-16.37.24:615][238]LightingResults: New page: Lighting Build
[2017.08.07-16.37.24:651][238]LogEditorServer: Finished looking for orphan Actors (0.000 secs)
[2017.08.07-16.37.24:693][238]Cmd: MAP CHECKDEP NOCLEARLOG
[2017.08.07-16.37.24:779][238]MapCheck: Info Map check complete: 0 Error(s), 0 Warning(s), took 85.508ms to complete.
[2017.08.07-16.37.24:779][238]LogFileHelpers: Loading map 'Advanced_Lighting' took 0.166
[2017.08.07-16.37.42:733][267]LogAIModule: Creating AISystem for world Minimal_Default
[2017.08.07-16.37.42:753][267]Cmd: MAP LOAD FILE="../../../../../FreedomReal/FREEDOM/PROYECTO/source/Content/StarterContent/Maps/Minimal_Default.umap" TEMPLATE=0 SHOWPROGRESS=1 FEATURELEVEL=3
[2017.08.07-16.37.42:753][267]LightingResults: New page: Lighting Build
[2017.08.07-16.37.42:754][267]LoadErrors: New page: Loading map: Minimal_Default.umap
[2017.08.07-16.37.42:754][267]MapCheck: New page: Map Check
[2017.08.07-16.37.42:754][267]LightingResults: New page: Lighting Build
[2017.08.07-16.37.42:793][267]LogEditorServer: Finished looking for orphan Actors (0.000 secs)
[2017.08.07-16.37.42:838][267]Cmd: MAP CHECKDEP NOCLEARLOG
[2017.08.07-16.37.42:926][267]MapCheck: Info Map check complete: 0 Error(s), 0 Warning(s), took 87.986ms to complete.
[2017.08.07-16.37.42:926][267]LogFileHelpers: Loading map 'Minimal_Default' took 0.174
[2017.08.07-16.37.47:223][486]LogAIModule: Creating AISystem for world StarterMap
[2017.08.07-16.37.47:405][486]Cmd: MAP LOAD FILE="../../../../../FreedomReal/FREEDOM/PROYECTO/source/Content/StarterContent/Maps/StarterMap.umap" TEMPLATE=0 SHOWPROGRESS=1 FEATURELEVEL=3
[2017.08.07-16.37.47:405][486]LightingResults: New page: Lighting Build
[2017.08.07-16.37.47:405][486]LoadErrors: New page: Loading map: StarterMap.umap
[2017.08.07-16.37.47:406][486]MapCheck: New page: Map Check
[2017.08.07-16.37.47:406][486]LightingResults: New page: Lighting Build
[2017.08.07-16.37.47:508][486]LogEditorServer: Finished looking for orphan Actors (0.000 secs)
[2017.08.07-16.37.47:577][486]Cmd: MAP CHECKDEP NOCLEARLOG
[2017.08.07-16.37.47:700][486]MapCheck: Info Map check complete: 0 Error(s), 0 Warning(s), took 122.158ms to complete.
[2017.08.07-16.37.47:700][486]LogFileHelpers: Loading map 'StarterMap' took 0.296
[2017.08.07-16.41.53:001][643]LogTemp: Repeting last play command: Selected Viewport
[2017.08.07-16.41.53:152][643]LogBlueprintUserMessages: Early PlayInEditor Detection: Level '/Game/StarterContent/Maps/StarterMap.StarterMap:PersistentLevel' has LevelScriptBlueprint '/Game/StarterContent/Maps/StarterMap.StarterMap:PersistentLevel.StarterMap' with GeneratedClass '/Game/StarterContent/Maps/StarterMap.StarterMap_C' with ClassGeneratedBy '/Game/StarterContent/Maps/StarterMap.StarterMap:PersistentLevel.StarterMap'
[2017.08.07-16.41.53:174][643]LogPlayLevel: PlayLevel: No blueprints needed recompiling
[2017.08.07-16.41.53:257][643]PIE: New page: PIE session: StarterMap (Aug 7, 2017, 6:41:53 PM)
[2017.08.07-16.41.53:279][643]LogPlayLevel: Creating play world package: /Game/StarterContent/Maps/UEDPIE_0_StarterMap
[2017.08.07-16.41.53:552][643]LogPlayLevel: PIE: StaticDuplicateObject took: (0.272094s)
[2017.08.07-16.41.53:552][643]LogAIModule: Creating AISystem for world StarterMap
[2017.08.07-16.41.53:553][643]LogPlayLevel: PIE: World Init took: (0.000953s)
[2017.08.07-16.41.53:565][643]LogPlayLevel: PIE: Created PIE world by copying editor world from /Game/StarterContent/Maps/StarterMap.StarterMap to /Game/StarterContent/Maps/UEDPIE_0_StarterMap.StarterMap (0.294832s)
[2017.08.07-16.41.53:625][643]LogInit: XAudio2 using 'Altavoces (Dispositivo de High Definition Audio)' : 2 channels at 44.1 kHz using 16 bits per sample (channel mask 0x3)
[2017.08.07-16.41.53:635][643]LogInit: FAudioDevice initialized.
[2017.08.07-16.41.53:690][643]LogLoad: Game class is 'GameModeBase'
[2017.08.07-16.41.53:831][643]LogWorld: Bringing World /Game/StarterContent/Maps/UEDPIE_0_StarterMap.StarterMap up for play (max tick rate 0) at 2017.08.07-17.41.53
[2017.08.07-16.41.53:876][643]LogWorld: Bringing up level for play took: 0.045316
[2017.08.07-16.41.54:070][643]LogContentBrowser: Native class hierarchy updated for 'MovieSceneCapture' in 0.0009 seconds. Added 11 classes and 0 folders.
[2017.08.07-16.41.54:142][643]PIE: Info Play in editor start time for /Game/StarterContent/Maps/UEDPIE_0_StarterMap 0.018
[2017.08.07-16.41.54:142][643]LogBlueprintUserMessages: Late PlayInEditor Detection: Level '/Game/StarterContent/Maps/StarterMap.StarterMap:PersistentLevel' has LevelScriptBlueprint '/Game/StarterContent/Maps/StarterMap.StarterMap:PersistentLevel.StarterMap' with GeneratedClass '/Game/StarterContent/Maps/StarterMap.StarterMap_C' with ClassGeneratedBy '/Game/StarterContent/Maps/StarterMap.StarterMap:PersistentLevel.StarterMap'
[2017.08.07-16.42.28:314][679]LogBlueprintUserMessages: Early EndPlayMap Detection: Level '/Game/StarterContent/Maps/StarterMap.StarterMap:PersistentLevel' has LevelScriptBlueprint '/Game/StarterContent/Maps/StarterMap.StarterMap:PersistentLevel.StarterMap' with GeneratedClass '/Game/StarterContent/Maps/StarterMap.StarterMap_C' with ClassGeneratedBy '/Game/StarterContent/Maps/StarterMap.StarterMap:PersistentLevel.StarterMap'
[2017.08.07-16.42.28:418][679]LogBlueprintUserMessages: Late EndPlayMap Detection: Level '/Game/StarterContent/Maps/StarterMap.StarterMap:PersistentLevel' has LevelScriptBlueprint '/Game/StarterContent/Maps/StarterMap.StarterMap:PersistentLevel.StarterMap' with GeneratedClass '/Game/StarterContent/Maps/StarterMap.StarterMap_C' with ClassGeneratedBy '/Game/StarterContent/Maps/StarterMap.StarterMap:PersistentLevel.StarterMap'
[2017.08.07-16.42.30:119][859]LogEditorViewport: Clicking on Actor (LMB): StaticMeshActor (MaterialSphere_32)
[2017.08.07-16.42.31:145][969]LogEditorViewport: Clicking on Actor (LMB): StaticMeshActor (Floor_37)
[2017.08.07-16.42.33:973][243]LogMaterial: Missing cached shader map for material M_Water_Lake, compiling. 
[2017.08.07-16.42.34:607][243]LogMaterial: Missing cached shader map for material M_Water_Lake, compiling. 
[2017.08.07-16.42.34:664][243]LogMaterial: Missing cached shader map for material FMatExpressionPreview MaterialExpressionTextureSample_13, compiling. 
[2017.08.07-16.42.34:670][243]LogMaterial: Missing cached shader map for material FMatExpressionPreview MaterialExpressionTextureSample_14, compiling. 
[2017.08.07-16.42.34:677][243]LogMaterial: Missing cached shader map for material FMatExpressionPreview MaterialExpressionVectorParameter_0, compiling. 
[2017.08.07-16.42.34:684][243]LogMaterial: Missing cached shader map for material FMatExpressionPreview MaterialExpressionTextureSample_9, compiling. 
[2017.08.07-16.42.34:697][243]LogMaterial: Missing cached shader map for material FMatExpressionPreview MaterialExpressionTextureSample_10, compiling. 
[2017.08.07-16.42.34:706][243]LogMaterial: Missing cached shader map for material FMatExpressionPreview MaterialExpressionTextureSample_15, compiling. 
[2017.08.07-16.42.34:714][243]LogMaterial: Missing cached shader map for material FMatExpressionPreview MaterialExpressionTextureSample_16, compiling. 
[2017.08.07-16.42.34:722][243]LogMaterial: Missing cached shader map for material FMatExpressionPreview MaterialExpressionTextureSample_19, compiling. 
[2017.08.07-16.42.34:729][243]LogMaterial: Missing cached shader map for material FMatExpressionPreview MaterialExpressionConstant3Vector_2, compiling. 
[2017.08.07-16.42.34:736][243]LogMaterial: Missing cached shader map for material FMatExpressionPreview MaterialExpressionConstant3Vector_3, compiling. 
[2017.08.07-16.42.34:805][243]LogSlate: Took 0.034876 seconds to synchronously load lazily loaded font '../../../Engine/Content/Editor/Slate/Fonts/Roboto-BoldCondensed.ttf' (158K)
[2017.08.07-16.42.35:700][259]LogSlate: Took 0.018008 seconds to synchronously load lazily loaded font '../../../Engine/Content/Editor/Slate/Fonts/Roboto-Italic.ttf' (157K)
[2017.08.07-16.42.36:639][310]MaterialEditorStats: Info Base pass shader: 140 instructions
[2017.08.07-16.42.36:639][310]MaterialEditorStats: Info Vertex shader: 31 instructions
[2017.08.07-16.42.36:639][310]MaterialEditorStats: Info Texture samplers: 4/16
[2017.08.07-16.42.36:639][310]MaterialEditorStats: Info User interpolators: 2/4 Scalars (1/4 Vectors) (TexCoords: 2, Custom: 0)
[2017.08.07-16.44.31:931][797]LogTemp: Repeting last play command: Selected Viewport
[2017.08.07-16.44.31:953][797]LogBlueprintUserMessages: Early PlayInEditor Detection: Level '/Game/StarterContent/Maps/StarterMap.StarterMap:PersistentLevel' has LevelScriptBlueprint '/Game/StarterContent/Maps/StarterMap.StarterMap:PersistentLevel.StarterMap' with GeneratedClass '/Game/StarterContent/Maps/StarterMap.StarterMap_C' with ClassGeneratedBy '/Game/StarterContent/Maps/StarterMap.StarterMap:PersistentLevel.StarterMap'
[2017.08.07-16.44.31:953][797]LogPlayLevel: PlayLevel: No blueprints needed recompiling
[2017.08.07-16.44.31:953][797]PIE: New page: PIE session: StarterMap (Aug 7, 2017, 6:44:31 PM)
[2017.08.07-16.44.31:953][797]LogPlayLevel: Creating play world package: /Game/StarterContent/Maps/UEDPIE_0_StarterMap
[2017.08.07-16.44.32:026][797]LogPlayLevel: PIE: StaticDuplicateObject took: (0.073029s)
[2017.08.07-16.44.32:027][797]LogAIModule: Creating AISystem for world StarterMap
[2017.08.07-16.44.32:027][797]LogPlayLevel: PIE: World Init took: (0.001248s)
[2017.08.07-16.44.32:028][797]LogPlayLevel: PIE: Created PIE world by copying editor world from /Game/StarterContent/Maps/StarterMap.StarterMap to /Game/StarterContent/Maps/UEDPIE_0_StarterMap.StarterMap (0.074705s)
[2017.08.07-16.44.32:082][797]LogInit: XAudio2 using 'Altavoces (Dispositivo de High Definition Audio)' : 2 channels at 44.1 kHz using 16 bits per sample (channel mask 0x3)
[2017.08.07-16.44.32:090][797]LogInit: FAudioDevice initialized.
[2017.08.07-16.44.32:124][797]LogLoad: Game class is 'GameModeBase'
[2017.08.07-16.44.32:136][797]LogWorld: Bringing World /Game/StarterContent/Maps/UEDPIE_0_StarterMap.StarterMap up for play (max tick rate 0) at 2017.08.07-17.44.32
[2017.08.07-16.44.32:137][797]LogWorld: Bringing up level for play took: 0.010852
[2017.08.07-16.44.32:139][797]PIE: Info Play in editor start time for /Game/StarterContent/Maps/UEDPIE_0_StarterMap 0.015
[2017.08.07-16.44.32:139][797]LogBlueprintUserMessages: Late PlayInEditor Detection: Level '/Game/StarterContent/Maps/StarterMap.StarterMap:PersistentLevel' has LevelScriptBlueprint '/Game/StarterContent/Maps/StarterMap.StarterMap:PersistentLevel.StarterMap' with GeneratedClass '/Game/StarterContent/Maps/StarterMap.StarterMap_C' with ClassGeneratedBy '/Game/StarterContent/Maps/StarterMap.StarterMap:PersistentLevel.StarterMap'
[2017.08.07-16.44.41:032][846]LogBlueprintUserMessages: Early EndPlayMap Detection: Level '/Game/StarterContent/Maps/StarterMap.StarterMap:PersistentLevel' has LevelScriptBlueprint '/Game/StarterContent/Maps/StarterMap.StarterMap:PersistentLevel.StarterMap' with GeneratedClass '/Game/StarterContent/Maps/StarterMap.StarterMap_C' with ClassGeneratedBy '/Game/StarterContent/Maps/StarterMap.StarterMap:PersistentLevel.StarterMap'
[2017.08.07-16.44.41:094][846]LogBlueprintUserMessages: Late EndPlayMap Detection: Level '/Game/StarterContent/Maps/StarterMap.StarterMap:PersistentLevel' has LevelScriptBlueprint '/Game/StarterContent/Maps/StarterMap.StarterMap:PersistentLevel.StarterMap' with GeneratedClass '/Game/StarterContent/Maps/StarterMap.StarterMap_C' with ClassGeneratedBy '/Game/StarterContent/Maps/StarterMap.StarterMap:PersistentLevel.StarterMap'
[2017.08.07-16.44.57:007][112]LogEditorViewport: Clicking on Actor (LMB): BP_Sky_Sphere_C (BP_Sky_Shere)
[2017.08.07-16.44.59:506][392]LogEditorViewport: Clicking on Actor (LMB): Blueprint_CeilingLight_C (Blueprint_CeilingLight2)
[2017.08.07-16.45.04:540][950]LogTemp: Repeting last play command: Selected Viewport
[2017.08.07-16.45.04:559][950]LogBlueprintUserMessages: Early PlayInEditor Detection: Level '/Game/StarterContent/Maps/StarterMap.StarterMap:PersistentLevel' has LevelScriptBlueprint '/Game/StarterContent/Maps/StarterMap.StarterMap:PersistentLevel.StarterMap' with GeneratedClass '/Game/StarterContent/Maps/StarterMap.StarterMap_C' with ClassGeneratedBy '/Game/StarterContent/Maps/StarterMap.StarterMap:PersistentLevel.StarterMap'
[2017.08.07-16.45.04:559][950]LogPlayLevel: PlayLevel: No blueprints needed recompiling
[2017.08.07-16.45.04:559][950]PIE: New page: PIE session: StarterMap (Aug 7, 2017, 6:45:04 PM)
[2017.08.07-16.45.04:560][950]LogPlayLevel: Creating play world package: /Game/StarterContent/Maps/UEDPIE_0_StarterMap
[2017.08.07-16.45.04:632][950]LogPlayLevel: PIE: StaticDuplicateObject took: (0.072712s)
[2017.08.07-16.45.04:633][950]LogAIModule: Creating AISystem for world StarterMap
[2017.08.07-16.45.04:634][950]LogPlayLevel: PIE: World Init took: (0.001262s)
[2017.08.07-16.45.04:634][950]LogPlayLevel: PIE: Created PIE world by copying editor world from /Game/StarterContent/Maps/StarterMap.StarterMap to /Game/StarterContent/Maps/UEDPIE_0_StarterMap.StarterMap (0.074712s)
[2017.08.07-16.45.04:679][950]LogInit: XAudio2 using 'Altavoces (Dispositivo de High Definition Audio)' : 2 channels at 44.1 kHz using 16 bits per sample (channel mask 0x3)
[2017.08.07-16.45.04:687][950]LogInit: FAudioDevice initialized.
[2017.08.07-16.45.04:722][950]LogLoad: Game class is 'GameModeBase'
[2017.08.07-16.45.04:735][950]LogWorld: Bringing World /Game/StarterContent/Maps/UEDPIE_0_StarterMap.StarterMap up for play (max tick rate 0) at 2017.08.07-17.45.04
[2017.08.07-16.45.04:736][950]LogWorld: Bringing up level for play took: 0.011986
[2017.08.07-16.45.04:738][950]PIE: Info Play in editor start time for /Game/StarterContent/Maps/UEDPIE_0_StarterMap 0.613
[2017.08.07-16.45.04:738][950]LogBlueprintUserMessages: Late PlayInEditor Detection: Level '/Game/StarterContent/Maps/StarterMap.StarterMap:PersistentLevel' has LevelScriptBlueprint '/Game/StarterContent/Maps/StarterMap.StarterMap:PersistentLevel.StarterMap' with GeneratedClass '/Game/StarterContent/Maps/StarterMap.StarterMap_C' with ClassGeneratedBy '/Game/StarterContent/Maps/StarterMap.StarterMap:PersistentLevel.StarterMap'
[2017.08.07-16.45.08:395][375]LogBlueprintUserMessages: Early EndPlayMap Detection: Level '/Game/StarterContent/Maps/StarterMap.StarterMap:PersistentLevel' has LevelScriptBlueprint '/Game/StarterContent/Maps/StarterMap.StarterMap:PersistentLevel.StarterMap' with GeneratedClass '/Game/StarterContent/Maps/StarterMap.StarterMap_C' with ClassGeneratedBy '/Game/StarterContent/Maps/StarterMap.StarterMap:PersistentLevel.StarterMap'
[2017.08.07-16.45.08:441][375]LogBlueprintUserMessages: Late EndPlayMap Detection: Level '/Game/StarterContent/Maps/StarterMap.StarterMap:PersistentLevel' has LevelScriptBlueprint '/Game/StarterContent/Maps/StarterMap.StarterMap:PersistentLevel.StarterMap' with GeneratedClass '/Game/StarterContent/Maps/StarterMap.StarterMap_C' with ClassGeneratedBy '/Game/StarterContent/Maps/StarterMap.StarterMap:PersistentLevel.StarterMap'
[2017.08.07-16.45.16:405][277]LogEditorViewport: Clicking on Actor (LMB): Blueprint_CeilingLight_C (Blueprint_CeilingLight2)
[2017.08.07-16.47.03:899][938]LogEditorViewport: Clicking on Actor (LMB): StaticMeshActor (MaterialSphere_4)
[2017.08.07-16.47.25:967][448]Cmd: EDIT COPY
[2017.08.07-16.47.30:680][927]LogAIModule: Creating AISystem for world 00_pepe
[2017.08.07-16.47.31:867][927]Cmd: MAP LOAD FILE="../../../../../FreedomReal/FREEDOM/PROYECTO/source/Content/00_pepe.umap" TEMPLATE=0 SHOWPROGRESS=1 FEATURELEVEL=3
[2017.08.07-16.47.31:869][927]LightingResults: New page: Lighting Build
[2017.08.07-16.47.31:871][927]LoadErrors: New page: Loading map: 00_pepe.umap
[2017.08.07-16.47.31:874][927]MapCheck: New page: Map Check
[2017.08.07-16.47.31:874][927]LightingResults: New page: Lighting Build
[2017.08.07-16.47.31:901][927]LogEditorServer: Finished looking for orphan Actors (0.000 secs)
[2017.08.07-16.47.31:953][927]Cmd: MAP CHECKDEP NOCLEARLOG
[2017.08.07-16.47.32:082][927]MapCheck: Info Map check complete: 0 Error(s), 0 Warning(s), took 129.109ms to complete.
[2017.08.07-16.47.32:084][927]LogFileHelpers: Loading map '00_pepe' took 0.218
[2017.08.07-16.47.32:885][ 15]Cmd: EDIT PASTE
[2017.08.07-16.47.36:350][410]LogTemp: Repeting last play command: Selected Viewport
[2017.08.07-16.47.36:370][410]LogPlayLevel: PlayLevel: No blueprints needed recompiling
[2017.08.07-16.47.36:370][410]PIE: New page: PIE session: 00_pepe (Aug 7, 2017, 6:47:36 PM)
[2017.08.07-16.47.36:370][410]LogPlayLevel: Creating play world package: /Game/UEDPIE_0_00_pepe
[2017.08.07-16.47.36:372][410]LogPlayLevel: PIE: StaticDuplicateObject took: (0.002248s)
[2017.08.07-16.47.36:373][410]LogAIModule: Creating AISystem for world 00_pepe
[2017.08.07-16.47.36:373][410]LogPlayLevel: PIE: World Init took: (0.000974s)
[2017.08.07-16.47.36:373][410]LogPlayLevel: PIE: Created PIE world by copying editor world from /Game/00_pepe.00_pepe to /Game/UEDPIE_0_00_pepe.00_pepe (0.003433s)
[2017.08.07-16.47.36:406][410]LogInit: XAudio2 using 'Altavoces (Dispositivo de High Definition Audio)' : 2 channels at 44.1 kHz using 16 bits per sample (channel mask 0x3)
[2017.08.07-16.47.36:416][410]LogInit: FAudioDevice initialized.
[2017.08.07-16.47.36:452][410]LogLoad: Game class is 'GameModeBase'
[2017.08.07-16.47.36:455][410]LogWorld: Bringing World /Game/UEDPIE_0_00_pepe.00_pepe up for play (max tick rate 0) at 2017.08.07-17.47.36
[2017.08.07-16.47.36:455][410]LogWorld: Bringing up level for play took: 0.001115
[2017.08.07-16.47.36:456][410]PIE: Info Play in editor start time for /Game/UEDPIE_0_00_pepe 0.332
[2017.08.07-16.49.16:098][177]LogEditorViewport: Clicking on Actor (LMB): BP_Sky_Sphere_C (BP_Sky_Sphere)
[2017.08.07-16.50.08:609][351]Cmd: DELETE
[2017.08.07-16.50.08:609][351]Cmd: ACTOR DELETE
[2017.08.07-16.50.08:657][351]LogEditorActor: Deleted Actor: Blueprint_WallSconce_C
[2017.08.07-16.50.08:658][351]LogEditorActor: Deleted Actor: Blueprint_CeilingLight_C
[2017.08.07-16.50.08:685][351]LogEditorActor: Deleted 2 Actors (0.036 secs)
[2017.08.07-16.50.34:115][260]LogEditorViewport: Clicking on Actor (LMB): BP_Sky_Sphere_C (BP_Sky_Sphere)
[2017.08.07-16.50.35:963][469]LogEditorViewport: Clicking on Actor (LMB): DirectionalLight (Light Source)
[2017.08.07-16.50.40:619][979]LogActorFactory: Actor Factory created Plane
[2017.08.07-16.50.41:927][122]LogActorFactory: Actor Factory created Plane
[2017.08.07-16.50.50:199][ 60]LogEditorViewport: Clicking on Actor (context menu): BP_Sky_Sphere_C (BP_Sky_Sphere)
[2017.08.07-16.51.39:870][808]LogTemp: Repeting last play command: Selected Viewport
[2017.08.07-16.51.39:897][808]LogPlayLevel: PlayLevel: No blueprints needed recompiling
[2017.08.07-16.51.39:897][808]PIE: New page: PIE session: 00_pepe (Aug 7, 2017, 6:51:39 PM)
[2017.08.07-16.51.39:897][808]LogPlayLevel: Creating play world package: /Game/UEDPIE_0_00_pepe
[2017.08.07-16.51.39:899][808]LogPlayLevel: PIE: StaticDuplicateObject took: (0.001997s)
[2017.08.07-16.51.39:900][808]LogAIModule: Creating AISystem for world 00_pepe
[2017.08.07-16.51.39:900][808]LogPlayLevel: PIE: World Init took: (0.000940s)
[2017.08.07-16.51.39:900][808]LogPlayLevel: PIE: Created PIE world by copying editor world from /Game/00_pepe.00_pepe to /Game/UEDPIE_0_00_pepe.00_pepe (0.003157s)
[2017.08.07-16.51.39:937][808]LogInit: XAudio2 using 'Altavoces (Dispositivo de High Definition Audio)' : 2 channels at 44.1 kHz using 16 bits per sample (channel mask 0x3)
[2017.08.07-16.51.39:946][808]LogInit: FAudioDevice initialized.
[2017.08.07-16.51.39:978][808]LogLoad: Game class is 'GameModeBase'
[2017.08.07-16.51.39:981][808]LogWorld: Bringing World /Game/UEDPIE_0_00_pepe.00_pepe up for play (max tick rate 0) at 2017.08.07-17.51.39
[2017.08.07-16.51.39:981][808]LogWorld: Bringing up level for play took: 0.001018
[2017.08.07-16.51.39:982][808]PIE: Info Play in editor start time for /Game/UEDPIE_0_00_pepe -0.142
[2017.08.07-16.53.43:978][922]LogEditorViewport: Clicking on Actor (LMB): StaticMeshActor (Plane)
[2017.08.07-16.53.45:997][104]LogMaterial: Missing cached shader map for material BasicShapeMaterial, compiling. 
[2017.08.07-16.53.46:154][104]LogMaterial: Missing cached shader map for material BasicShapeMaterial, compiling. 
[2017.08.07-16.53.46:198][104]LogMaterial: Missing cached shader map for material FMatExpressionPreview MaterialExpressionVectorParameter_0, compiling. 
[2017.08.07-16.53.48:826][257]MaterialEditorStats: Info Base pass shader: 81 instructions
[2017.08.07-16.53.48:826][257]MaterialEditorStats: Info Vertex shader: 29 instructions
[2017.08.07-16.53.48:826][257]MaterialEditorStats: Info Texture samplers: 3/16
[2017.08.07-16.54.01:664][184]LogMaterial: Missing cached shader map for material BasicShapeMaterial, compiling. 
[2017.08.07-16.54.01:685][184]LogMaterial: Missing cached shader map for material FMatExpressionPreview MaterialExpressionVectorParameter_0, compiling. 
[2017.08.07-16.54.03:296][269]MaterialEditorStats: Info Base pass shader: 81 instructions
[2017.08.07-16.54.03:296][269]MaterialEditorStats: Info Vertex shader: 29 instructions
[2017.08.07-16.54.03:296][269]MaterialEditorStats: Info Texture samplers: 3/16
[2017.08.07-16.54.04:753][380]LogMaterial: Missing cached shader map for material BasicShapeMaterial, compiling. 
[2017.08.07-16.54.04:780][380]LogMaterial: Missing cached shader map for material FMatExpressionPreview MaterialExpressionVectorParameter_0, compiling. 
[2017.08.07-16.54.06:320][466]MaterialEditorStats: Info Base pass shader: 81 instructions
[2017.08.07-16.54.06:320][466]MaterialEditorStats: Info Vertex shader: 29 instructions
[2017.08.07-16.54.06:320][466]MaterialEditorStats: Info Texture samplers: 3/16
[2017.08.07-16.54.07:778][577]LogMaterial: Missing cached shader map for material BasicShapeMaterial, compiling. 
[2017.08.07-16.54.07:798][577]LogMaterial: Missing cached shader map for material FMatExpressionPreview MaterialExpressionVectorParameter_0, compiling. 
[2017.08.07-16.54.09:407][668]MaterialEditorStats: Info Base pass shader: 81 instructions
[2017.08.07-16.54.09:407][668]MaterialEditorStats: Info Vertex shader: 29 instructions
[2017.08.07-16.54.09:407][668]MaterialEditorStats: Info Texture samplers: 3/16
[2017.08.07-16.54.17:164][260]LogMaterial: Missing cached shader map for material BasicShapeMaterial, compiling. 
[2017.08.07-16.54.17:189][260]LogMaterial: Missing cached shader map for material FMatExpressionPreview MaterialExpressionVectorParameter_0, compiling. 
[2017.08.07-16.54.18:788][348]MaterialEditorStats: Info Base pass shader: 81 instructions
[2017.08.07-16.54.18:788][348]MaterialEditorStats: Info Vertex shader: 29 instructions
[2017.08.07-16.54.18:788][348]MaterialEditorStats: Info Texture samplers: 3/16
[2017.08.07-16.54.21:376][547]LogMaterial: Missing cached shader map for material BasicShapeMaterial, compiling. 
[2017.08.07-16.54.21:402][547]LogMaterial: Missing cached shader map for material FMatExpressionPreview MaterialExpressionVectorParameter_0, compiling. 
[2017.08.07-16.54.22:095][584]LogMaterial: Missing cached shader map for material BasicShapeMaterial, compiling. 
[2017.08.07-16.54.22:128][584]LogMaterial: Missing cached shader map for material FMatExpressionPreview MaterialExpressionVectorParameter_0, compiling. 
[2017.08.07-16.54.23:971][683]LogMaterial: Missing cached shader map for material BasicShapeMaterial, compiling. 
[2017.08.07-16.54.24:006][683]LogMaterial: Missing cached shader map for material FMatExpressionPreview MaterialExpressionVectorParameter_0, compiling. 
[2017.08.07-16.54.24:650][716]LogMaterial: Missing cached shader map for material BasicShapeMaterial, compiling. 
[2017.08.07-16.54.24:679][716]LogMaterial: Missing cached shader map for material FMatExpressionPreview MaterialExpressionVectorParameter_0, compiling. 
[2017.08.07-16.54.26:646][820]MaterialEditorStats: Info Base pass shader: 81 instructions
[2017.08.07-16.54.26:646][820]MaterialEditorStats: Info Vertex shader: 29 instructions
[2017.08.07-16.54.26:646][820]MaterialEditorStats: Info Texture samplers: 3/16
[2017.08.07-16.54.31:697][206]LogMaterial: Missing cached shader map for material BasicShapeMaterial, compiling. 
[2017.08.07-16.54.31:723][206]LogMaterial: Missing cached shader map for material FMatExpressionPreview MaterialExpressionVectorParameter_0, compiling. 
[2017.08.07-16.54.33:640][315]MaterialEditorStats: Info Base pass shader: 81 instructions
[2017.08.07-16.54.33:640][315]MaterialEditorStats: Info Vertex shader: 29 instructions
[2017.08.07-16.54.33:640][315]MaterialEditorStats: Info Texture samplers: 3/16
[2017.08.07-16.54.37:569][613]LogMaterial: Missing cached shader map for material BasicShapeMaterial, compiling. 
[2017.08.07-16.54.37:594][613]LogMaterial: Missing cached shader map for material FMatExpressionPreview MaterialExpressionVectorParameter_0, compiling. 
[2017.08.07-16.54.39:224][700]MaterialEditorStats: Info Base pass shader: 81 instructions
[2017.08.07-16.54.39:225][700]MaterialEditorStats: Info Vertex shader: 29 instructions
[2017.08.07-16.54.39:225][700]MaterialEditorStats: Info Texture samplers: 3/16
[2017.08.07-16.54.50:127][526]LogMaterial: Missing cached shader map for material BasicShapeMaterial, compiling. 
[2017.08.07-16.54.50:147][526]LogMaterial: Missing cached shader map for material FMatExpressionPreview MaterialExpressionVectorParameter_0, compiling. 
[2017.08.07-16.54.50:990][571]LogMaterial: Missing cached shader map for material BasicShapeMaterial, compiling. 
[2017.08.07-16.54.51:026][571]LogMaterial: Missing cached shader map for material FMatExpressionPreview MaterialExpressionVectorParameter_0, compiling. 
[2017.08.07-16.54.53:026][674]MaterialEditorStats: Info Base pass shader: 81 instructions
[2017.08.07-16.54.53:026][674]MaterialEditorStats: Info Vertex shader: 29 instructions
[2017.08.07-16.54.53:026][674]MaterialEditorStats: Info Texture samplers: 3/16
[2017.08.07-16.55.02:142][360]LogMaterial: Missing cached shader map for material BasicShapeMaterial, compiling. 
[2017.08.07-16.55.02:162][360]LogMaterial: Missing cached shader map for material FMatExpressionPreview MaterialExpressionVectorParameter_0, compiling. 
[2017.08.07-16.55.03:842][443]MaterialEditorStats: Info Base pass shader: 81 instructions
[2017.08.07-16.55.03:842][443]MaterialEditorStats: Info Vertex shader: 29 instructions
[2017.08.07-16.55.03:842][443]MaterialEditorStats: Info Texture samplers: 3/16
[2017.08.07-16.55.04:939][523]LogMaterial: Missing cached shader map for material BasicShapeMaterial, compiling. 
[2017.08.07-16.55.04:967][523]LogMaterial: Missing cached shader map for material FMatExpressionPreview MaterialExpressionVectorParameter_0, compiling. 
[2017.08.07-16.55.05:790][566]LogMaterial: Missing cached shader map for material BasicShapeMaterial, compiling. 
[2017.08.07-16.55.05:827][566]LogMaterial: Missing cached shader map for material FMatExpressionPreview MaterialExpressionVectorParameter_0, compiling. 
[2017.08.07-16.55.06:310][590]LogMaterial: Missing cached shader map for material BasicShapeMaterial, compiling. 
[2017.08.07-16.55.06:348][590]LogMaterial: Missing cached shader map for material FMatExpressionPreview MaterialExpressionVectorParameter_0, compiling. 
[2017.08.07-16.55.08:120][679]MaterialEditorStats: Info Base pass shader: 81 instructions
[2017.08.07-16.55.08:120][679]MaterialEditorStats: Info Vertex shader: 29 instructions
[2017.08.07-16.55.08:120][679]MaterialEditorStats: Info Texture samplers: 3/16
[2017.08.07-16.55.15:843][226]LogMaterial: Missing cached shader map for material BasicShapeMaterial, compiling. 
[2017.08.07-16.55.15:862][226]LogMaterial: Missing cached shader map for material FMatExpressionPreview MaterialExpressionTextureSample_0, compiling. 
[2017.08.07-16.55.15:876][226]LogMaterial: Missing cached shader map for material BasicShapeMaterial, compiling. 
[2017.08.07-16.55.15:964][226]LogMaterial: Missing cached shader map for material FMatExpressionPreview MaterialExpressionVectorParameter_0, compiling. 
[2017.08.07-16.55.15:972][226]LogMaterial: Missing cached shader map for material FMatExpressionPreview MaterialExpressionTextureSample_0, compiling. 
[2017.08.07-16.55.15:985][226]LogMaterial: Missing cached shader map for material BasicShapeMaterial, compiling. 
[2017.08.07-16.55.15:986][226]LogMaterial:Warning: Failed to compile Material /Engine/Transient.BasicShapeMaterial for platform PCD3D_SM5, Default Material will be used in game.
[2017.08.07-16.55.15:986][226]LogMaterial:Warning: 	(Node TextureSample) Texture Sample> Missing input texture
[2017.08.07-16.55.16:016][226]LogMaterial: Missing cached shader map for material FMatExpressionPreview MaterialExpressionTextureSample_0, compiling. 
[2017.08.07-16.55.16:022][226]MaterialEditorStats:Error: Error [SM5] (Node TextureSample) Texture Sample> Missing input texture
[2017.08.07-16.55.21:063][554]LogMaterial: Missing cached shader map for material BasicShapeMaterial, compiling. 
[2017.08.07-16.55.22:814][641]MaterialEditorStats: Info Base pass shader: 79 instructions
[2017.08.07-16.55.22:814][641]MaterialEditorStats: Info Vertex shader: 29 instructions
[2017.08.07-16.55.22:814][641]MaterialEditorStats: Info Texture samplers: 3/16
[2017.08.07-16.55.25:604][848]LogMaterial: Missing cached shader map for material BasicShapeMaterial, compiling. 
[2017.08.07-16.55.25:625][848]LogMaterial: Missing cached shader map for material FMatExpressionPreview MaterialExpressionVectorParameter_0, compiling. 
[2017.08.07-16.55.27:358][940]MaterialEditorStats: Info Base pass shader: 81 instructions
[2017.08.07-16.55.27:358][940]MaterialEditorStats: Info Vertex shader: 29 instructions
[2017.08.07-16.55.27:358][940]MaterialEditorStats: Info Texture samplers: 3/16
[2017.08.07-16.57.50:933][752]Cmd: OBJ SAVEPACKAGE PACKAGE="/Game/00_pepe" FILE="../../../../../FreedomReal/FREEDOM/PROYECTO/source/Saved/Autosaves/Game/00_pepe_Auto1.umap" SILENT=true AUTOSAVING=true KEEPDIRTY=false
[2017.08.07-16.57.51:074][752]LogSavePackage: Save=44.34ms
[2017.08.07-16.57.51:074][752]LogSavePackage: Moving '../../../../../FreedomReal/FREEDOM/PROYECTO/source/Saved/00_pepe_Auto1D3CE6B1046F5AD50D033B18B5794325A.tmp' to '../../../../../FreedomReal/FREEDOM/PROYECTO/source/Saved/Autosaves/Game/00_pepe_Auto1.umap'
[2017.08.07-16.57.51:077][752]LogSavePackage:Display: Finished SavePackage ../../../../../FreedomReal/FREEDOM/PROYECTO/source/Saved/Autosaves/Game/00_pepe_Auto1.umap
[2017.08.07-16.57.51:086][752]LogFileHelpers: Editor autosave (incl. sublevels) for '/Game/00_pepe' took 0.205
[2017.08.07-16.57.51:086][752]LogFileHelpers: Editor autosave (incl. sublevels) for all levels took 0.205
[2017.08.07-16.59.50:159][457]LogMaterial: Missing cached shader map for material BasicShapeMaterial, compiling. 
[2017.08.07-16.59.52:030][570]MaterialEditorStats: Info Base pass shader: 80 instructions
[2017.08.07-16.59.52:030][570]MaterialEditorStats: Info Vertex shader: 29 instructions
[2017.08.07-16.59.52:031][570]MaterialEditorStats: Info Texture samplers: 3/16
[2017.08.07-16.59.59:155][ 88]LogMaterial: Missing cached shader map for material BasicShapeMaterial, compiling. 
[2017.08.07-16.59.59:174][ 88]LogMaterial: Missing cached shader map for material BasicShapeMaterial, compiling. 
[2017.08.07-17.00.00:632][177]MaterialEditorStats: Info Base pass shader: 80 instructions
[2017.08.07-17.00.00:632][177]MaterialEditorStats: Info Vertex shader: 29 instructions
[2017.08.07-17.00.00:632][177]MaterialEditorStats: Info Texture samplers: 3/16
[2017.08.07-17.00.03:657][410]LogMaterial: Missing cached shader map for material BasicShapeMaterial, compiling. 
[2017.08.07-17.00.05:120][501]MaterialEditorStats: Info Base pass shader: 85 instructions
[2017.08.07-17.00.05:120][501]MaterialEditorStats: Info Vertex shader: 29 instructions
[2017.08.07-17.00.05:120][501]MaterialEditorStats: Info Texture samplers: 3/16
[2017.08.07-17.00.07:914][723]LogMaterial: Missing cached shader map for material BasicShapeMaterial, compiling. 
[2017.08.07-17.00.09:547][821]MaterialEditorStats: Info Base pass shader: 85 instructions
[2017.08.07-17.00.09:547][821]MaterialEditorStats: Info Vertex shader: 29 instructions
[2017.08.07-17.00.09:547][821]MaterialEditorStats: Info Texture samplers: 3/16
[2017.08.07-17.00.18:241][495]LogMaterial: Missing cached shader map for material BasicShapeMaterial, compiling. 
[2017.08.07-17.00.19:983][600]MaterialEditorStats: Info Base pass shader: 85 instructions
[2017.08.07-17.00.19:983][600]MaterialEditorStats: Info Vertex shader: 29 instructions
[2017.08.07-17.00.19:983][600]MaterialEditorStats: Info Texture samplers: 3/16
[2017.08.07-17.13.13:264][992]LogContentBrowser: Native class hierarchy updated for 'BlueprintGraph' in 0.0025 seconds. Added 112 classes and 0 folders.
[2017.08.07-17.13.56:842][185]Cmd: OBJ SAVEPACKAGE PACKAGE="/Game/00_pepe" FILE="../../../../../FreedomReal/FREEDOM/PROYECTO/source/Content/00_pepe.umap" SILENT=true AUTOSAVING=false KEEPDIRTY=false
[2017.08.07-17.13.57:105][185]LogSavePackage: Save=187.19ms
[2017.08.07-17.13.57:105][185]LogSavePackage: Moving '../../../../../FreedomReal/FREEDOM/PROYECTO/source/Saved/00_pepeE8D0BDE94FC0D587B31508B0440ED8D6.tmp' to '../../../../../FreedomReal/FREEDOM/PROYECTO/source/Content/00_pepe.umap'
[2017.08.07-17.13.57:117][185]LogSavePackage:Display: Finished SavePackage ../../../../../FreedomReal/FREEDOM/PROYECTO/source/Content/00_pepe.umap
[2017.08.07-17.13.57:156][185]LogFileHelpers: Saving map '00_pepe' took 0.447
[2017.08.07-17.13.57:267][185]LogWindowsTextInputMethodSystem:Display: IME system now deactivated.
[2017.08.07-17.13.57:515][186]Cmd: QUIT_EDITOR
[2017.08.07-17.13.58:122][186]LogExit: Preparing to exit.
[2017.08.07-17.13.59:539][186]LogDirectoryWatcher: A directory notification for 'B:/FreedomReal/FREEDOM/PROYECTO/source/Content/' was aborted.
[2017.08.07-17.13.59:808][186]LogExit: Editor shut down
[2017.08.07-17.13.59:857][186]LogExit: Transaction tracking system shut down
[2017.08.07-17.14.00:181][186]LogObj: Freed 0b from 0 cluster array pools.
[2017.08.07-17.14.00:181][186]LogExit: Object subsystem successfully closed.
[2017.08.07-17.14.00:209][186]LogD3D11RHI: Shutdown
[2017.08.07-17.14.00:209][186]LogD3D11RHI: CleanupD3DDevice
[2017.08.07-17.14.00:424][186]LogD3D11RHI: ~FD3D11DynamicRHI
[2017.08.07-17.14.00:441][186]LogModuleManager: Shutting down and abandoning module BlueprintGraph (532)
[2017.08.07-17.14.00:441][186]LogModuleManager: Shutting down and abandoning module BlueprintProfiler (530)
[2017.08.07-17.14.00:441][186]LogModuleManager: Shutting down and abandoning module MaterialEditor (528)
[2017.08.07-17.14.00:441][186]LogModuleManager: Shutting down and abandoning module MovieSceneCapture (526)
[2017.08.07-17.14.00:441][186]LogModuleManager: Shutting down and abandoning module HierarchicalLODOutliner (524)
[2017.08.07-17.14.00:441][186]LogModuleManager: Shutting down and abandoning module CrashTracker (522)
[2017.08.07-17.14.00:442][186]LogModuleManager: Shutting down and abandoning module SceneOutliner (520)
[2017.08.07-17.14.00:442][186]LogModuleManager: Shutting down and abandoning module AddContentDialog (518)
[2017.08.07-17.14.00:442][186]LogDirectoryWatcher: A directory notification for 'B:/UnrealEngine/UE_4.16/FeaturePacks/' was aborted.
[2017.08.07-17.14.00:451][186]LogModuleManager: Shutting down and abandoning module WidgetCarousel (517)
[2017.08.07-17.14.00:451][186]LogModuleManager: Shutting down and abandoning module EditorWidgets (514)
[2017.08.07-17.14.00:451][186]LogModuleManager: Shutting down and abandoning module CollectionManager (512)
[2017.08.07-17.14.00:451][186]LogDirectoryWatcher: A directory notification for 'B:/FreedomReal/FREEDOM/PROYECTO/source/Content/Collections/' was aborted.
[2017.08.07-17.14.00:452][186]LogDirectoryWatcher: A directory notification for 'B:/FreedomReal/FREEDOM/PROYECTO/source/Content/Developers/Pepe/Collections/' was aborted.
[2017.08.07-17.14.00:452][186]LogDirectoryWatcher: A directory notification for 'B:/FreedomReal/FREEDOM/PROYECTO/source/Saved/Collections/' was aborted.
[2017.08.07-17.14.00:452][186]LogModuleManager: Shutting down and abandoning module StatsViewer (510)
[2017.08.07-17.14.00:452][186]LogModuleManager: Shutting down and abandoning module FoliageEdit (508)
[2017.08.07-17.14.00:452][186]LogModuleManager: Shutting down and abandoning module LandscapeEditor (506)
[2017.08.07-17.14.00:452][186]LogModuleManager: Shutting down and abandoning module MeshPaintMode (504)
[2017.08.07-17.14.00:452][186]LogModuleManager: Shutting down and abandoning module SceneDepthPickerMode (502)
[2017.08.07-17.14.00:452][186]LogModuleManager: Shutting down and abandoning module ActorPickerMode (500)
[2017.08.07-17.14.00:452][186]LogModuleManager: Shutting down and abandoning module GeometryMode (498)
[2017.08.07-17.14.00:452][186]LogModuleManager: Shutting down and abandoning module TextureAlignMode (496)
[2017.08.07-17.14.00:452][186]LogModuleManager: Shutting down and abandoning module BspMode (494)
[2017.08.07-17.14.00:452][186]LogModuleManager: Shutting down and abandoning module HardwareSurvey (492)
[2017.08.07-17.14.00:452][186]LogModuleManager: Shutting down and abandoning module SequenceRecorderSections (490)
[2017.08.07-17.14.00:452][186]LogModuleManager: Shutting down and abandoning module AutomationWorker (488)
[2017.08.07-17.14.00:452][186]LogModuleManager: Shutting down and abandoning module MatineeToLevelSequence (486)
[2017.08.07-17.14.00:452][186]LogModuleManager: Shutting down and abandoning module LevelSequenceEditor (484)
[2017.08.07-17.14.00:452][186]LogModuleManager: Shutting down and abandoning module PlacementMode (483)
[2017.08.07-17.14.00:452][186]LogModuleManager: Shutting down and abandoning module WmfMediaFactory (480)
[2017.08.07-17.14.00:452][186]LogModuleManager: Shutting down and abandoning module WmfMediaEditor (478)
[2017.08.07-17.14.00:452][186]LogModuleManager: Shutting down and abandoning module AvfMediaFactory (476)
[2017.08.07-17.14.00:452][186]LogModuleManager: Shutting down and abandoning module AvfMediaEditor (474)
[2017.08.07-17.14.00:452][186]LogModuleManager: Shutting down and abandoning module AndroidMediaFactory (472)
[2017.08.07-17.14.00:452][186]LogModuleManager: Shutting down and abandoning module Media (471)
[2017.08.07-17.14.00:452][186]LogModuleManager: Shutting down and abandoning module AndroidMediaEditor (468)
[2017.08.07-17.14.00:452][186]LogModuleManager: Shutting down and abandoning module CharacterAI (466)
[2017.08.07-17.14.00:452][186]LogModuleManager: Shutting down and abandoning module AudioCapture (464)
[2017.08.07-17.14.00:452][186]LogModuleManager: Shutting down and abandoning module SequenceRecorder (463)
[2017.08.07-17.14.00:452][186]LogModuleManager: Shutting down and abandoning module SmartSnapping (460)
[2017.08.07-17.14.00:452][186]LogModuleManager: Shutting down and abandoning module SessionServices (458)
[2017.08.07-17.14.00:452][186]LogModuleManager: Shutting down and abandoning module ViewportSnapping (456)
[2017.08.07-17.14.00:452][186]LogModuleManager: Shutting down and abandoning module ViewportInteraction (454)
[2017.08.07-17.14.00:452][186]LogModuleManager: Shutting down and abandoning module ClothPainter (452)
[2017.08.07-17.14.00:453][186]LogModuleManager: Shutting down and abandoning module LogVisualizer (450)
[2017.08.07-17.14.00:453][186]LogModuleManager: Shutting down and abandoning module IntroTutorials (448)
[2017.08.07-17.14.00:453][186]LogModuleManager: Shutting down and abandoning module GameProjectGeneration (447)
[2017.08.07-17.14.00:453][186]LogModuleManager: Shutting down and abandoning module EditorLiveStreaming (444)
[2017.08.07-17.14.00:453][186]LogModuleManager: Shutting down and abandoning module IOSPlatformEditor (442)
[2017.08.07-17.14.00:453][186]LogModuleManager: Shutting down and abandoning module HTML5PlatformEditor (440)
[2017.08.07-17.14.00:453][186]LogModuleManager: Shutting down and abandoning module AndroidPlatformEditor (438)
[2017.08.07-17.14.00:453][186]LogModuleManager: Shutting down and abandoning module AndroidDeviceDetection (437)
[2017.08.07-17.14.00:984][186]LogModuleManager: Shutting down and abandoning module IOSRuntimeSettings (434)
[2017.08.07-17.14.00:984][186]LogModuleManager: Shutting down and abandoning module AndroidRuntimeSettings (432)
[2017.08.07-17.14.00:984][186]LogModuleManager: Shutting down and abandoning module InputBindingEditor (430)
[2017.08.07-17.14.00:985][186]LogModuleManager: Shutting down and abandoning module MergeActors (428)
[2017.08.07-17.14.00:985][186]LogModuleManager: Shutting down and abandoning module SizeMap (426)
[2017.08.07-17.14.00:985][186]LogModuleManager: Shutting down and abandoning module TreeMap (424)
[2017.08.07-17.14.00:985][186]LogModuleManager: Shutting down and abandoning module ReferenceViewer (422)
[2017.08.07-17.14.00:985][186]LogModuleManager: Shutting down and abandoning module LocalizationDashboard (420)
[2017.08.07-17.14.00:986][186]LogModuleManager: Shutting down and abandoning module LocalizationService (419)
[2017.08.07-17.14.00:986][186]LogModuleManager: Shutting down and abandoning module HardwareTargeting (416)
[2017.08.07-17.14.00:986][186]LogModuleManager: Shutting down and abandoning module DeviceProfileEditor (414)
[2017.08.07-17.14.00:986][186]LogModuleManager: Shutting down and abandoning module UndoHistory (412)
[2017.08.07-17.14.00:986][186]LogModuleManager: Shutting down and abandoning module UserFeedback (410)
[2017.08.07-17.14.00:986][186]LogModuleManager: Shutting down and abandoning module XmlParser (408)
[2017.08.07-17.14.00:986][186]LogModuleManager: Shutting down and abandoning module Blutility (406)
[2017.08.07-17.14.00:986][186]LogModuleManager: Shutting down and abandoning module ProjectSettingsViewer (404)
[2017.08.07-17.14.00:986][186]LogModuleManager: Shutting down and abandoning module ProjectTargetPlatformEditor (403)
[2017.08.07-17.14.00:986][186]LogModuleManager: Shutting down and abandoning module EditorSettingsViewer (400)
[2017.08.07-17.14.00:986][186]LogModuleManager: Shutting down and abandoning module SettingsEditor (398)
[2017.08.07-17.14.00:987][186]LogModuleManager: Shutting down and abandoning module ProjectLauncher (396)
[2017.08.07-17.14.00:987][186]LogModuleManager: Shutting down and abandoning module SessionFrontend (394)
[2017.08.07-17.14.00:987][186]LogModuleManager: Shutting down and abandoning module ProfilerClient (392)
[2017.08.07-17.14.00:987][186]LogModuleManager: Shutting down and abandoning module DeviceManager (390)
[2017.08.07-17.14.00:987][186]LogModuleManager: Shutting down and abandoning module TargetDeviceServices (389)
[2017.08.07-17.14.01:051][186]LogModuleManager: Shutting down and abandoning module AutomationController (386)
[2017.08.07-17.14.01:051][186]LogModuleManager: Shutting down and abandoning module AutomationWindow (384)
[2017.08.07-17.14.01:051][186]LogModuleManager: Shutting down and abandoning module Layers (382)
[2017.08.07-17.14.01:051][186]LogModuleManager: Shutting down and abandoning module ComponentVisualizers (380)
[2017.08.07-17.14.01:051][186]LogModuleManager: Shutting down and abandoning module DetailCustomizations (378)
[2017.08.07-17.14.01:052][186]LogModuleManager: Shutting down and abandoning module PackagesDialog (376)
[2017.08.07-17.14.01:052][186]LogModuleManager: Shutting down and abandoning module Persona (374)
[2017.08.07-17.14.01:052][186]LogModuleManager: Shutting down and abandoning module AdvancedPreviewScene (373)
[2017.08.07-17.14.01:052][186]LogModuleManager: Shutting down and abandoning module AnimGraph (371)
[2017.08.07-17.14.01:052][186]LogModuleManager: Shutting down and abandoning module Kismet (368)
[2017.08.07-17.14.01:064][186]LogModuleManager: Shutting down and abandoning module ClassViewer (366)
[2017.08.07-17.14.01:064][186]LogModuleManager: Shutting down and abandoning module Toolbox (364)
[2017.08.07-17.14.01:064][186]LogModuleManager: Shutting down and abandoning module ModuleUI (362)
[2017.08.07-17.14.01:064][186]LogModuleManager: Shutting down and abandoning module MovieSceneTools (360)
[2017.08.07-17.14.01:064][186]LogModuleManager: Shutting down and abandoning module OutputLog (358)
[2017.08.07-17.14.01:064][186]LogModuleManager: Shutting down and abandoning module GammaUI (356)
[2017.08.07-17.14.01:064][186]LogModuleManager: Shutting down and abandoning module Documentation (354)
[2017.08.07-17.14.01:064][186]LogModuleManager: Shutting down and abandoning module MovieSceneTracks (352)
[2017.08.07-17.14.01:064][186]LogModuleManager: Shutting down and abandoning module MovieScene (350)
[2017.08.07-17.14.01:064][186]LogModuleManager: Shutting down and abandoning module Niagara (348)
[2017.08.07-17.14.01:064][186]LogModuleManager: Shutting down and abandoning module NiagaraEditor (347)
[2017.08.07-17.14.01:064][186]LogModuleManager: Shutting down and abandoning module StreamingPauseRendering (344)
[2017.08.07-17.14.01:065][186]LogModuleManager: Shutting down and abandoning module AnalyticsET (342)
[2017.08.07-17.14.01:065][186]LogModuleManager: Shutting down and abandoning module PortalServices (340)
[2017.08.07-17.14.01:065][186]LogModuleManager: Shutting down and abandoning module PortalRpc (338)
[2017.08.07-17.14.01:065][186]LogModuleManager: Shutting down and abandoning module MessagingRpc (336)
[2017.08.07-17.14.01:065][186]LogModuleManager: Shutting down and abandoning module AIModule (334)
[2017.08.07-17.14.01:065][186]LogModuleManager: Shutting down and abandoning module GameplayDebugger (333)
[2017.08.07-17.14.01:065][186]LogModuleManager: Shutting down and abandoning module AITestSuite (331)
[2017.08.07-17.14.01:065][186]LogModuleManager: Shutting down and abandoning module ProfilerService (328)
[2017.08.07-17.14.01:076][186]LogModuleManager: Shutting down and abandoning module TaskGraph (326)
[2017.08.07-17.14.01:076][186]LogModuleManager: Shutting down and abandoning module SteamVRController (324)
[2017.08.07-17.14.01:076][186]LogModuleManager: Shutting down and abandoning module SteamVR (322)
[2017.08.07-17.14.01:076][186]LogModuleManager: Shutting down and abandoning module ProceduralMeshComponentEditor (320)
[2017.08.07-17.14.01:077][186]LogModuleManager: Shutting down and abandoning module ProceduralMeshComponent (318)
[2017.08.07-17.14.01:077][186]LogModuleManager: Shutting down and abandoning module OculusLibrary (316)
[2017.08.07-17.14.01:077][186]LogModuleManager: Shutting down and abandoning module OculusInput (314)
[2017.08.07-17.14.01:077][186]LogModuleManager: Shutting down and abandoning module MobilePatchingUtils (312)
[2017.08.07-17.14.01:077][186]LogModuleManager: Shutting down and abandoning module CustomMeshComponent (310)
[2017.08.07-17.14.01:077][186]LogModuleManager: Shutting down and abandoning module CableComponent (308)
[2017.08.07-17.14.01:077][186]LogModuleManager: Shutting down and abandoning module ArchVisCharacter (306)
[2017.08.07-17.14.01:077][186]LogModuleManager: Shutting down and abandoning module AndroidPermission (304)
[2017.08.07-17.14.01:077][186]LogModuleManager: Shutting down and abandoning module MediaPlayerEditor (300)
[2017.08.07-17.14.01:077][186]LogModuleManager: Shutting down and abandoning module HTML5Networking (298)
[2017.08.07-17.14.01:077][186]LogModuleManager: Shutting down and abandoning module AlembicImporter (296)
[2017.08.07-17.14.01:077][186]LogModuleManager: Shutting down and abandoning module AlembicLibrary (295)
[2017.08.07-17.14.01:077][186]LogModuleManager: Shutting down and abandoning module GeometryCache (294)
[2017.08.07-17.14.01:077][186]LogModuleManager: Shutting down and abandoning module GeometryCacheEd (293)
[2017.08.07-17.14.01:077][186]LogModuleManager: Shutting down and abandoning module SuperSearchEditor (288)
[2017.08.07-17.14.01:077][186]LogModuleManager: Shutting down and abandoning module SuperSearch (287)
[2017.08.07-17.14.01:077][186]LogModuleManager: Shutting down and abandoning module SpeedTreeImporter (284)
[2017.08.07-17.14.01:077][186]LogModuleManager: Shutting down and abandoning module PluginBrowser (282)
[2017.08.07-17.14.01:077][186]LogModuleManager: Shutting down and abandoning module MobileLauncherProfileWizard (280)
[2017.08.07-17.14.01:077][186]LogModuleManager: Shutting down and abandoning module VisualStudioSourceCodeAccess (278)
[2017.08.07-17.14.01:077][186]LogModuleManager: Shutting down and abandoning module DesktopPlatform (277)
[2017.08.07-17.14.01:077][186]LogModuleManager: Shutting down and abandoning module UObjectPlugin (274)
[2017.08.07-17.14.01:077][186]LogModuleManager: Shutting down and abandoning module SubversionSourceControl (272)
[2017.08.07-17.14.01:077][186]LogModuleManager: Shutting down and abandoning module PerforceSourceControl (270)
[2017.08.07-17.14.01:077][186]LogModuleManager: Shutting down and abandoning module GitSourceControl (268)
[2017.08.07-17.14.01:077][186]LogModuleManager: Shutting down and abandoning module SourceControl (267)
[2017.08.07-17.14.01:077][186]LogModuleManager: Shutting down and abandoning module LightPropagationVolumeEditor (264)
[2017.08.07-17.14.01:077][186]LogModuleManager: Shutting down and abandoning module PaperTiledImporter (262)
[2017.08.07-17.14.01:077][186]LogModuleManager: Shutting down and abandoning module PaperSpriteSheetImporter (260)
[2017.08.07-17.14.01:077][186]LogModuleManager: Shutting down and abandoning module Paper2DEditor (258)
[2017.08.07-17.14.01:077][186]LogModuleManager: Shutting down and abandoning module MeshPaint (257)
[2017.08.07-17.14.01:077][186]LogModuleManager: Shutting down and abandoning module LevelEditor (255)
[2017.08.07-17.14.01:079][186]LogModuleManager: Shutting down and abandoning module PixelInspectorModule (254)
[2017.08.07-17.14.01:079][186]LogModuleManager: Shutting down and abandoning module MainFrame (252)
[2017.08.07-17.14.01:079][186]LogModuleManager: Shutting down and abandoning module HotReload (251)
[2017.08.07-17.14.01:079][186]LogModuleManager: Shutting down and abandoning module PhysXVehiclesEditor (246)
[2017.08.07-17.14.01:079][186]LogModuleManager: Shutting down and abandoning module PhysXVehicles (244)
[2017.08.07-17.14.01:080][186]LogModuleManager: Shutting down and abandoning module LocationServicesBPLibrary (242)
[2017.08.07-17.14.01:080][186]LogModuleManager: Shutting down and abandoning module ImmediatePhysicsEditor (240)
[2017.08.07-17.14.01:080][186]LogModuleManager: Shutting down and abandoning module ImmediatePhysics (238)
[2017.08.07-17.14.01:080][186]LogModuleManager: Shutting down and abandoning module UdpMessaging (236)
[2017.08.07-17.14.01:180][186]LogModuleManager: Shutting down and abandoning module TcpMessaging (234)
[2017.08.07-17.14.01:282][186]LogModuleManager: Shutting down and abandoning module GameplayTagsEditor (232)
[2017.08.07-17.14.01:282][186]LogModuleManager: Shutting down and abandoning module FacialAnimationEditor (230)
[2017.08.07-17.14.01:282][186]LogModuleManager: Shutting down and abandoning module FacialAnimation (228)
[2017.08.07-17.14.01:282][186]LogModuleManager: Shutting down and abandoning module AssetManagerEditor (226)
[2017.08.07-17.14.01:282][186]LogModuleManager: Shutting down and abandoning module GraphEditor (225)
[2017.08.07-17.14.01:283][186]LogModuleManager: Shutting down and abandoning module ContentBrowser (223)
[2017.08.07-17.14.01:287][186]LogModuleManager: Shutting down and abandoning module LightPropagationVolumeRuntime (220)
[2017.08.07-17.14.01:287][186]LogModuleManager: Shutting down and abandoning module Paper2D (218)
[2017.08.07-17.14.01:287][186]LogModuleManager: Shutting down and abandoning module WindowsMoviePlayer (216)
[2017.08.07-17.14.01:287][186]LogModuleManager: Shutting down and abandoning module WmfMedia (214)
[2017.08.07-17.14.01:287][186]LogModuleManager: Shutting down and abandoning module ClothingSystemEditor (212)
[2017.08.07-17.14.01:287][186]LogModuleManager: Shutting down and abandoning module ClothingSystemRuntime (210)
[2017.08.07-17.14.01:287][186]LogModuleManager: Shutting down and abandoning module MediaAssets (208)
[2017.08.07-17.14.01:287][186]LogModuleManager: Shutting down and abandoning module GameLiveStreaming (206)
[2017.08.07-17.14.01:287][186]LogModuleManager: Shutting down and abandoning module VREditor (204)
[2017.08.07-17.14.01:287][186]LogModuleManager: Shutting down and abandoning module StringTableEditor (202)
[2017.08.07-17.14.01:287][186]LogModuleManager: Shutting down and abandoning module GameplayTasksEditor (200)
[2017.08.07-17.14.01:287][186]LogModuleManager: Shutting down and abandoning module BehaviorTreeEditor (198)
[2017.08.07-17.14.01:288][186]LogModuleManager: Shutting down and abandoning module FunctionalTesting (196)
[2017.08.07-17.14.01:288][186]LogModuleManager: Shutting down and abandoning module CollisionAnalyzer (194)
[2017.08.07-17.14.01:288][186]LogModuleManager: Shutting down and abandoning module UMG (192)
[2017.08.07-17.14.01:288][186]LogModuleManager: Shutting down and abandoning module UMGEditor (191)
[2017.08.07-17.14.01:288][186]LogModuleManager: Shutting down and abandoning module Sequencer (190)
[2017.08.07-17.14.01:288][186]LogModuleManager: Shutting down and abandoning module AssetTools (188)
[2017.08.07-17.14.01:288][186]LogModuleManager: Shutting down and abandoning module MessageLog (187)
[2017.08.07-17.14.01:288][186]LogModuleManager: Shutting down and abandoning module WorkspaceMenuStructure (186)
[2017.08.07-17.14.01:288][186]LogModuleManager: Shutting down and abandoning module SlateReflector (180)
[2017.08.07-17.14.01:288][186]LogModuleManager: Shutting down and abandoning module Slate (178)
[2017.08.07-17.14.01:288][186]LogModuleManager: Shutting down and abandoning module EditorStyle (176)
[2017.08.07-17.14.01:292][186]LogModuleManager: Shutting down and abandoning module SourceCodeAccess (174)
[2017.08.07-17.14.01:292][186]LogModuleManager: Shutting down and abandoning module HeadMountedDisplay (172)
[2017.08.07-17.14.01:292][186]LogModuleManager: Shutting down and abandoning module XAudio2 (170)
[2017.08.07-17.14.01:292][186]LogModuleManager: Shutting down and abandoning module Networking (168)
[2017.08.07-17.14.01:292][186]LogModuleManager: Shutting down and abandoning module Core (164)
[2017.08.07-17.14.01:292][186]LogModuleManager: Shutting down and abandoning module AssetRegistry (162)
[2017.08.07-17.14.01:405][186]LogDirectoryWatcher: A directory notification for '../../../Engine/Content/' was aborted.
[2017.08.07-17.14.01:405][186]LogDirectoryWatcher: A directory notification for '../../../../../FreedomReal/FREEDOM/PROYECTO/source/Content/' was aborted.
[2017.08.07-17.14.01:405][186]LogDirectoryWatcher: A directory notification for '../../../Engine/Plugins/2D/Paper2D/Content/' was aborted.
[2017.08.07-17.14.01:405][186]LogDirectoryWatcher: A directory notification for '../../../Engine/Plugins/Runtime/GearVR/Content/' was aborted.
[2017.08.07-17.14.01:414][186]LogModuleManager: Shutting down and abandoning module DirectoryWatcher (161)
[2017.08.07-17.14.01:422][186]LogModuleManager: Shutting down and abandoning module KismetCompiler (158)
[2017.08.07-17.14.01:423][186]LogModuleManager: Shutting down and abandoning module LevelSequence (156)
[2017.08.07-17.14.01:423][186]LogModuleManager: Shutting down and abandoning module PhysXFormats (154)
[2017.08.07-17.14.01:423][186]LogModuleManager: Shutting down and abandoning module MeshUtilities (152)
[2017.08.07-17.14.01:423][186]LogModuleManager: Shutting down and abandoning module SimplygonSwarm (151)
[2017.08.07-17.14.01:423][186]LogModuleManager: Shutting down and abandoning module SimplygonMeshReduction (149)
[2017.08.07-17.14.01:423][186]LogModuleManager: Shutting down and abandoning module QuadricMeshReduction (147)
[2017.08.07-17.14.01:423][186]LogModuleManager: Shutting down and abandoning module DerivedDataCache (144)
[2017.08.07-17.14.01:462][186]LogDerivedDataCache: Shutdown
[2017.08.07-17.14.01:462][186]LogModuleManager: Shutting down and abandoning module TargetPlatform (142)
[2017.08.07-17.14.01:462][186]LogModuleManager: Shutting down and abandoning module VulkanShaderFormat (141)
[2017.08.07-17.14.01:462][186]LogModuleManager: Shutting down and abandoning module ShaderFormatVectorVM (139)
[2017.08.07-17.14.01:462][186]LogModuleManager: Shutting down and abandoning module ShaderFormatOpenGL (137)
[2017.08.07-17.14.01:462][186]LogModuleManager: Shutting down and abandoning module ShaderFormatD3D (135)
[2017.08.07-17.14.01:462][186]LogModuleManager: Shutting down and abandoning module MetalShaderFormat (133)
[2017.08.07-17.14.01:462][186]LogModuleManager: Shutting down and abandoning module TextureFormatUncompressed (131)
[2017.08.07-17.14.01:462][186]LogModuleManager: Shutting down and abandoning module TextureFormatPVR (129)
[2017.08.07-17.14.01:462][186]LogModuleManager: Shutting down and abandoning module TextureFormatDXT (127)
[2017.08.07-17.14.01:462][186]LogModuleManager: Shutting down and abandoning module TextureFormatIntelISPCTexComp (125)
[2017.08.07-17.14.01:463][186]LogModuleManager: Shutting down and abandoning module TextureFormatASTC (123)
[2017.08.07-17.14.01:463][186]LogModuleManager: Shutting down and abandoning module ImageWrapper (122)
[2017.08.07-17.14.01:463][186]LogModuleManager: Shutting down and abandoning module TextureFormatAndroid (119)
[2017.08.07-17.14.01:463][186]LogModuleManager: Shutting down and abandoning module AudioFormatOpus (117)
[2017.08.07-17.14.01:463][186]LogModuleManager: Shutting down and abandoning module AudioFormatOgg (115)
[2017.08.07-17.14.01:463][186]LogModuleManager: Shutting down and abandoning module AudioFormatADPCM (113)
[2017.08.07-17.14.01:463][186]LogModuleManager: Shutting down and abandoning module LinuxTargetPlatform (111)
[2017.08.07-17.14.01:463][186]LogModuleManager: Shutting down and abandoning module LinuxServerTargetPlatform (109)
[2017.08.07-17.14.01:463][186]LogModuleManager: Shutting down and abandoning module LinuxNoEditorTargetPlatform (107)
[2017.08.07-17.14.01:463][186]LogModuleManager: Shutting down and abandoning module LinuxClientTargetPlatform (105)
[2017.08.07-17.14.01:463][186]LogModuleManager: Shutting down and abandoning module TVOSTargetPlatform (103)
[2017.08.07-17.14.01:463][186]LogModuleManager: Shutting down and abandoning module Messaging (101)
[2017.08.07-17.14.01:463][186]LogModuleManager: Shutting down and abandoning module IOSTargetPlatform (99)
[2017.08.07-17.14.01:463][186]LogModuleManager: Shutting down and abandoning module HTML5TargetPlatform (97)
[2017.08.07-17.14.01:463][186]LogModuleManager: Shutting down and abandoning module Android_PVRTCTargetPlatform (95)
[2017.08.07-17.14.01:463][186]LogModuleManager: Shutting down and abandoning module Android_MultiTargetPlatform (93)
[2017.08.07-17.14.01:463][186]LogModuleManager: Shutting down and abandoning module Android_ETC2TargetPlatform (91)
[2017.08.07-17.14.01:463][186]LogModuleManager: Shutting down and abandoning module Android_ETC1TargetPlatform (89)
[2017.08.07-17.14.01:463][186]LogModuleManager: Shutting down and abandoning module Android_DXTTargetPlatform (87)
[2017.08.07-17.14.01:463][186]LogModuleManager: Shutting down and abandoning module Android_ATCTargetPlatform (85)
[2017.08.07-17.14.01:463][186]LogModuleManager: Shutting down and abandoning module Android_ASTCTargetPlatform (83)
[2017.08.07-17.14.01:463][186]LogModuleManager: Shutting down and abandoning module AndroidTargetPlatform (81)
[2017.08.07-17.14.01:463][186]LogModuleManager: Shutting down and abandoning module WindowsTargetPlatform (79)
[2017.08.07-17.14.01:463][186]LogModuleManager: Shutting down and abandoning module WindowsServerTargetPlatform (77)
[2017.08.07-17.14.01:464][186]LogModuleManager: Shutting down and abandoning module WindowsNoEditorTargetPlatform (75)
[2017.08.07-17.14.01:464][186]LogModuleManager: Shutting down and abandoning module WindowsClientTargetPlatform (73)
[2017.08.07-17.14.01:464][186]LogModuleManager: Shutting down and abandoning module MacTargetPlatform (71)
[2017.08.07-17.14.01:464][186]LogModuleManager: Shutting down and abandoning module MacServerTargetPlatform (69)
[2017.08.07-17.14.01:464][186]LogModuleManager: Shutting down and abandoning module MacNoEditorTargetPlatform (67)
[2017.08.07-17.14.01:464][186]LogModuleManager: Shutting down and abandoning module MacClientTargetPlatform (65)
[2017.08.07-17.14.01:464][186]LogModuleManager: Shutting down and abandoning module AllDesktopTargetPlatform (63)
[2017.08.07-17.14.01:464][186]LogModuleManager: Shutting down and abandoning module InputCore (60)
[2017.08.07-17.14.01:464][186]LogModuleManager: Shutting down and abandoning module Settings (58)
[2017.08.07-17.14.01:464][186]LogModuleManager: Shutting down and abandoning module OculusRift (56)
[2017.08.07-17.14.01:464][186]LogModuleManager: Shutting down and abandoning module GearVRController (54)
[2017.08.07-17.14.01:464][186]LogModuleManager: Shutting down and abandoning module GearVR (52)
[2017.08.07-17.14.01:464][186]LogModuleManager: Shutting down and abandoning module ExampleDeviceProfileSelector (50)
[2017.08.07-17.14.01:464][186]LogModuleManager: Shutting down and abandoning module OnlineBlueprintSupport (48)
[2017.08.07-17.14.01:464][186]LogModuleManager: Shutting down and abandoning module OnlineSubsystem (44)
[2017.08.07-17.14.01:464][186]LogOnline:Display: Unloading online subsystem: NULL
[2017.08.07-17.14.01:464][186]LogModuleManager: Shutting down and abandoning module XMPP (43)
[2017.08.07-17.14.01:464][186]LogModuleManager: Shutting down and abandoning module HTTP (41)
[2017.08.07-17.14.01:464][186]LogHttp:Display: Http module shutting down, but needs to wait on 1 outstanding Http requests:
[2017.08.07-17.14.01:464][186]LogHttp:Display: 	verb=[POST] url=[https://datarouter.ol.epicgames.com/datarouter/api/v1/public/data?SessionID=%7B63A6F945-409E-7A03-BCAF-36885B0FA4F5%7D&AppID=UEEditor.Rocket.Release&AppVersion=4.16.3-3561208%2B%2B%2BUE4%2BRelease-4.16&UserID=6a255fb4460632c01bed928edce450f0%7C59348a7e39f744e38e82324575011dc9%7C4460d85e-48e5-48d7-88f6-1adefd4f1c03&AppEnvironment=datacollector-binary&UploadType=eteventstream] status=Processing
[2017.08.07-17.14.01:468][186]LogModuleManager: Shutting down and abandoning module SSL (40)
[2017.08.07-17.14.01:471][186]LogModuleManager: Shutting down and abandoning module HTTPChunkInstaller (36)
[2017.08.07-17.14.01:471][186]LogModuleManager: Shutting down and abandoning module AnimationModifiers (34)
[2017.08.07-17.14.01:471][186]LogModuleManager: Shutting down and abandoning module PropertyEditor (33)
[2017.08.07-17.14.01:471][186]LogModuleManager: Shutting down and abandoning module AudioEditor (30)
[2017.08.07-17.14.01:471][186]LogModuleManager: Shutting down and abandoning module TextureCompressor (28)
[2017.08.07-17.14.01:471][186]LogModuleManager: Shutting down and abandoning module ShaderCore (26)
[2017.08.07-17.14.01:471][186]LogModuleManager: Shutting down and abandoning module Landscape (24)
[2017.08.07-17.14.01:472][186]LogModuleManager: Shutting down and abandoning module SlateRHIRenderer (22)
[2017.08.07-17.14.01:477][186]LogModuleManager: Shutting down and abandoning module OpenGLDrv (20)
[2017.08.07-17.14.01:477][186]LogModuleManager: Shutting down and abandoning module D3D11RHI (18)
[2017.08.07-17.14.01:477][186]LogModuleManager: Shutting down and abandoning module AnimGraphRuntime (16)
[2017.08.07-17.14.01:477][186]LogModuleManager: Shutting down and abandoning module Renderer (14)
[2017.08.07-17.14.01:477][186]LogModuleManager: Shutting down and abandoning module Engine (12)
[2017.08.07-17.14.01:477][186]LogModuleManager: Shutting down and abandoning module CoreUObject (10)
[2017.08.07-17.14.01:477][186]LogModuleManager: Shutting down and abandoning module NetworkFile (8)
[2017.08.07-17.14.01:477][186]LogModuleManager: Shutting down and abandoning module StreamingFile (6)
[2017.08.07-17.14.01:477][186]LogModuleManager: Shutting down and abandoning module SandboxFile (4)
[2017.08.07-17.14.01:477][186]LogModuleManager: Shutting down and abandoning module PakFile (2)
[2017.08.07-17.14.01:481][186]LogExit: Exiting.
[2017.08.07-17.14.01:504][186]Log file closed, 08/07/17 18:14:01
