Log file open, 08/11/17 20:00:00
LogInit:Display: Running engine for game: source
LogPlatformFile: Not using cached read wrapper
LogInit:Display: RandInit(106275938) SRandInit(106275938).
LogTaskGraph: Started task graph with 5 named threads and 8 total threads with 1 sets of task threads.
LogStats: Stats thread started at 0.112269
LogInit: Using libcurl 7.47.1
LogInit:  - built for x86_64-pc-win32
LogInit:  - supports SSL with OpenSSL/1.0.2g
LogInit:  - supports HTTP deflate (compression) using libz 1.2.8
LogInit:  - other features:
LogInit:      CURL_VERSION_SSL
LogInit:      CURL_VERSION_LIBZ
LogInit:      CURL_VERSION_IPV6
LogInit:      CURL_VERSION_ASYNCHDNS
LogInit:      CURL_VERSION_LARGEFILE
LogInit:      CURL_VERSION_IDN
LogInit:  CurlRequestOptions (configurable via config and command line):
LogInit:  - bVerifyPeer = false  - Libcurl will NOT verify peer certificate
LogInit:  - bUseHttpProxy = false  - Libcurl will NOT use HTTP proxy
LogInit:  - bDontReuseConnections = false  - Libcurl will reuse connections
LogInit:  - CertBundlePath = nullptr  - Libcurl will use whatever was configured at build time.
LogInit: Build: ++UE4+Release-4.16-CL-3561208
LogInit: Engine Version: 4.16.3-3561208+++UE4+Release-4.16
LogInit: Compatible Engine Version: 4.16.0-3452394+++UE4+Release-4.16
LogInit: Net CL: 3452394
LogDevObjectVersion: Number of dev versions registered: 16
LogDevObjectVersion:   Dev-Blueprints (B0D832E4-1F89-4F0D-ACCF-7EB736FD4AA2): 9
LogDevObjectVersion:   Dev-Build (E1C64328-A22C-4D53-A36C-8E866417BD8C): 0
LogDevObjectVersion:   Dev-Core (375EC13C-06E4-48FB-B500-84F0262A717E): 2
LogDevObjectVersion:   Dev-Editor (E4B068ED-F494-42E9-A231-DA0B2E46BB41): 17
LogDevObjectVersion:   Dev-Framework (CFFC743F-43B0-4480-9391-14DF171D2073): 23
LogDevObjectVersion:   Dev-Mobile (B02B49B5-BB20-44E9-A304-32B752E40360): 0
LogDevObjectVersion:   Dev-Networking (A4E4105C-59A1-49B5-A7C5-40C4547EDFEE): 0
LogDevObjectVersion:   Dev-Online (39C831C9-5AE6-47DC-9A44-9C173E1C8E7C): 0
LogDevObjectVersion:   Dev-Physics (78F01B33-EBEA-4F98-B9B4-84EACCB95AA2): 0
LogDevObjectVersion:   Dev-Platform (6631380F-2D4D-43E0-8009-CF276956A95A): 0
LogDevObjectVersion:   Dev-Rendering (12F88B9F-8875-4AFC-A67C-D90C383ABD29): 15
LogDevObjectVersion:   Dev-Sequencer (7B5AE74C-D270-4C10-A958-57980B212A5A): 4
LogDevObjectVersion:   Dev-VR (D7296918-1DD6-4BDD-9DE2-64A83CC13884): 0
LogDevObjectVersion:   Dev-LoadTimes (C2A15278-BFE7-4AFE-6C17-90FF531DF755): 1
LogDevObjectVersion:   Private-Geometry (6EACA3D4-40EC-4CC1-B786-8BED09428FC5): 1
LogDevObjectVersion:   Dev-AnimPhys (29E575DD-E0A3-4627-9D10-D276232CDCEA): 3
LogInit: Compiled (64-bit): Jul 28 2017 11:49:47
LogInit: Compiled with Visual C++: 19.00.24215.01
LogInit: Build Configuration: Development
LogInit: Branch Name: ++UE4+Release-4.16
LogInit: Command line: -EpicPortal 
LogInit: Base directory: B:/UnrealEngine/UE_4.16/Engine/Binaries/Win64/
LogInit: Installed Engine Build: 1
LogInit: Presizing for max 8388607 objects, including 0 objects not considered by GC, pre-allocating 0 bytes for permanent pool.
LogInit: Object subsystem initialized
[2017.08.11-19.00.01:229][  0]LogInit: Selected Device Profile: [Windows]
[2017.08.11-19.00.01:229][  0]LogInit: Applying CVar settings loaded from the selected device profile: [Windows]
[2017.08.11-19.00.01:248][  0]LogInit: Computer: DESKTOP-IS750JK
[2017.08.11-19.00.01:248][  0]LogInit: User: Pepe
[2017.08.11-19.00.01:248][  0]LogInit: CPU Page size=4096, Cores=4
[2017.08.11-19.00.01:248][  0]LogInit: High frequency timer resolution =3.417998 MHz
[2017.08.11-19.00.01:249][  0]LogMemory: Memory total: Physical=7.9GB (8GB approx)
[2017.08.11-19.00.01:249][  0]LogMemory: Platform Memory Stats for Windows
[2017.08.11-19.00.01:249][  0]LogMemory: Process Physical Memory: 273.68 MB used, 273.68 MB peak
[2017.08.11-19.00.01:249][  0]LogMemory: Process Virtual Memory: 260.76 MB used, 260.76 MB peak
[2017.08.11-19.00.01:249][  0]LogMemory: Physical Memory: 6012.69 MB used,  2127.59 MB free, 8140.28 MB total
[2017.08.11-19.00.01:249][  0]LogMemory: Virtual Memory: 638.34 MB used,  2127.59 MB free, 134217728.00 MB total
[2017.08.11-19.00.01:343][  0]LogInit: Overriding language with editor language configuration option (en).
[2017.08.11-19.00.01:343][  0]LogInit: Overriding locale with editor locale configuration option (en).
[2017.08.11-19.00.09:234][  0]LogD3D11RHI: D3D11 adapters:
[2017.08.11-19.00.11:087][  0]LogD3D11RHI:    0. 'Radeon (TM) RX 470 Graphics' (Feature Level 11_0)
[2017.08.11-19.00.11:087][  0]LogD3D11RHI:       4044/0/4070 MB DedicatedVideo/DedicatedSystem/SharedSystem, Outputs:2, VendorId:0x1002
[2017.08.11-19.00.11:089][  0]LogD3D11RHI:    1. 'Microsoft Basic Render Driver' (Feature Level 11_0)
[2017.08.11-19.00.11:089][  0]LogD3D11RHI:       0/0/4070 MB DedicatedVideo/DedicatedSystem/SharedSystem, Outputs:0, VendorId:0x1414
[2017.08.11-19.00.11:089][  0]LogD3D11RHI: Chosen D3D11 Adapter: 0
[2017.08.11-19.00.11:101][  0]LogD3D11RHI: Creating new Direct3DDevice
[2017.08.11-19.00.11:101][  0]LogD3D11RHI:     GPU DeviceId: 0x67df (for the marketing name, search the web for "GPU Device Id")
[2017.08.11-19.00.11:101][  0]LogWindows: EnumDisplayDevices:
[2017.08.11-19.00.11:101][  0]LogWindows:    0. 'Radeon (TM) RX 470 Graphics' (P:1 D:1)
[2017.08.11-19.00.11:102][  0]LogWindows:    1. 'Radeon (TM) RX 470 Graphics' (P:0 D:1)
[2017.08.11-19.00.11:103][  0]LogWindows:    2. 'Radeon (TM) RX 470 Graphics' (P:0 D:0)
[2017.08.11-19.00.11:103][  0]LogWindows:    3. 'Radeon (TM) RX 470 Graphics' (P:0 D:0)
[2017.08.11-19.00.11:104][  0]LogWindows:    4. 'Radeon (TM) RX 470 Graphics' (P:0 D:0)
[2017.08.11-19.00.11:105][  0]LogWindows:    5. 'Radeon (TM) RX 470 Graphics' (P:0 D:0)
[2017.08.11-19.00.11:105][  0]LogWindows: DebugString: FoundDriverCount:6 
[2017.08.11-19.00.11:105][  0]LogD3D11RHI:     Adapter Name: Radeon (TM) RX 470 Graphics
[2017.08.11-19.00.11:105][  0]LogD3D11RHI:   Driver Version: Crimson ReLive 17.1.1 (internal:22.19.162.4, unified:22.19.162.4)
[2017.08.11-19.00.11:105][  0]LogD3D11RHI:      Driver Date: 4-24-2017
[2017.08.11-19.00.11:105][  0]LogRHI: Texture pool is 1361 MB (70% of 1945 MB)
[2017.08.11-19.00.11:261][  0]LogD3D11RHI: Async texture creation enabled
[2017.08.11-19.00.11:272][  0]LogD3D11RHI: GPU Timing Frequency: 25.000000 (Debug: 2 1)
[2017.08.11-19.00.11:273][  0]LogShaderCompilers: Guid format shader working directory is -4 characters bigger than the processId version (../../../../../FreedomReal/FREEDOM/PROYECTO/source/Intermediate/Shaders/WorkingDirectory/388/).
[2017.08.11-19.00.11:273][  0]LogShaderCompilers: Cleaned the shader compiler working directory 'C:/Users/Pepe/AppData/Local/Temp/UnrealShaderWorkingDir/2301AD5544350281FE7A08AAD781DAA6/'.
[2017.08.11-19.00.11:273][  0]LogShaderCompilers:Display: Using Local Shader Compiler.
[2017.08.11-19.00.13:031][  0]LogTemp:Display: Loaded TP AllDesktopTargetPlatform
[2017.08.11-19.00.13:105][  0]LogTemp:Display: Loaded TP MacClientTargetPlatform
[2017.08.11-19.00.13:180][  0]LogTemp:Display: Loaded TP MacNoEditorTargetPlatform
[2017.08.11-19.00.13:253][  0]LogTemp:Display: Loaded TP MacServerTargetPlatform
[2017.08.11-19.00.13:332][  0]LogTemp:Display: Loaded TP MacTargetPlatform
[2017.08.11-19.00.13:408][  0]LogTemp:Display: Loaded TP WindowsClientTargetPlatform
[2017.08.11-19.00.13:482][  0]LogTemp:Display: Loaded TP WindowsNoEditorTargetPlatform
[2017.08.11-19.00.13:557][  0]LogTemp:Display: Loaded TP WindowsServerTargetPlatform
[2017.08.11-19.00.13:623][  0]LogTemp:Display: Loaded TP WindowsTargetPlatform
[2017.08.11-19.00.13:698][  0]LogTemp:Display: Loaded TP AndroidTargetPlatform
[2017.08.11-19.00.13:768][  0]LogTemp:Display: Loaded TP Android_ASTCTargetPlatform
[2017.08.11-19.00.13:839][  0]LogTemp:Display: Loaded TP Android_ATCTargetPlatform
[2017.08.11-19.00.13:909][  0]LogTemp:Display: Loaded TP Android_DXTTargetPlatform
[2017.08.11-19.00.13:979][  0]LogTemp:Display: Loaded TP Android_ETC1TargetPlatform
[2017.08.11-19.00.14:050][  0]LogTemp:Display: Loaded TP Android_ETC2TargetPlatform
[2017.08.11-19.00.14:190][  0]LogTemp:Display: Loaded TP Android_MultiTargetPlatform
[2017.08.11-19.00.14:190][  0]LogTemp:Display: Loaded TP Android_PVRTCTargetPlatform
[2017.08.11-19.00.14:245][  0]LogTemp:Display: Loaded TP HTML5TargetPlatform
[2017.08.11-19.00.14:371][  0]LogTemp:Display: Loaded TP IOSTargetPlatform
[2017.08.11-19.00.14:415][  0]LogTemp:Display: Loaded TP TVOSTargetPlatform
[2017.08.11-19.00.14:483][  0]LogTemp:Display: Loaded TP LinuxClientTargetPlatform
[2017.08.11-19.00.14:552][  0]LogTemp:Display: Loaded TP LinuxNoEditorTargetPlatform
[2017.08.11-19.00.14:622][  0]LogTemp:Display: Loaded TP LinuxServerTargetPlatform
[2017.08.11-19.00.14:694][  0]LogTemp:Display: Loaded TP LinuxTargetPlatform
[2017.08.11-19.00.14:694][  0]LogTargetPlatformManager:Display: Building Assets For Windows
[2017.08.11-19.00.15:405][  0]LogDerivedDataCache:Display: Max Cache Size: 512 MB
[2017.08.11-19.00.15:575][  0]LogDerivedDataCache: Loaded boot cache 0.17s 90MB C:/Users/Pepe/AppData/Local/UnrealEngine/4.16/DerivedDataCache/Boot.ddc.
[2017.08.11-19.00.15:575][  0]LogDerivedDataCache:Display: Loaded Boot cache: C:/Users/Pepe/AppData/Local/UnrealEngine/4.16/DerivedDataCache/Boot.ddc
[2017.08.11-19.00.15:575][  0]LogDerivedDataCache: FDerivedDataBackendGraph:  Pak pak cache file ../../../../../FreedomReal/FREEDOM/PROYECTO/source/DerivedDataCache/DDC.ddp not found, will not use a pak cache.
[2017.08.11-19.00.15:575][  0]LogDerivedDataCache: Unable to find inner node Pak for hierarchical cache Hierarchy.
[2017.08.11-19.00.15:575][  0]LogDerivedDataCache: FDerivedDataBackendGraph:  CompressedPak pak cache file ../../../../../FreedomReal/FREEDOM/PROYECTO/source/DerivedDataCache/Compressed.ddp not found, will not use a pak cache.
[2017.08.11-19.00.15:575][  0]LogDerivedDataCache: Unable to find inner node CompressedPak for hierarchical cache Hierarchy.
[2017.08.11-19.00.15:599][  0]LogDerivedDataCache:Display: Pak cache opened for reading ../../../Engine/DerivedDataCache/Compressed.ddp.
[2017.08.11-19.00.15:612][  0]LogDerivedDataCache: Using Local data cache path C:/Users/Pepe/AppData/Local/UnrealEngine/Common/DerivedDataCache: Writable
[2017.08.11-19.00.15:629][  0]LogMaterial: Verifying Global Shaders for PCD3D_SM5
[2017.08.11-19.00.15:629][  0]LogSlate: Using Freetype 2.6.0
[2017.08.11-19.00.15:630][  0]LogSlate: SlateFontCache - WITH_FREETYPE: 1, WITH_HARFBUZZ: 1
[2017.08.11-19.00.15:630][  0]LogSlate: SlateFontCache - WITH_FREETYPE: 1, WITH_HARFBUZZ: 1
[2017.08.11-19.00.16:102][  0]LogInit: Selected Device Profile: [Windows]
[2017.08.11-19.00.16:254][  0]LogContentStreaming: Texture pool size is 0.00 MB
[2017.08.11-19.00.16:472][  0]LogMeshUtilities: Using QuadricMeshReduction for automatic static mesh reduction
[2017.08.11-19.00.16:534][  0]LogSimplygon: Simplygon DLL not present - disabling.
[2017.08.11-19.00.16:604][  0]LogMeshUtilities: Using SimplygonSwarm for distributed automatic mesh merging
[2017.08.11-19.00.16:604][  0]LogMeshUtilities: No automatic skeletal mesh reduction module available
[2017.08.11-19.00.16:604][  0]LogMeshUtilities: No automatic mesh merging module available
[2017.08.11-19.00.17:370][  0]LogNetVersion: source , NetCL: 3452394, EngineNetVer: 2, GameNetVer: 0 (Checksum: 2297492709)
[2017.08.11-19.00.17:445][  0]LogAssetRegistry: FAssetRegistry took 0.0275 seconds to start up
[2017.08.11-19.00.17:845][  0]LogPackageLocalizationCache: Processed 4 localized package path(s) for 1 prioritized culture(s) in 0.361771 seconds
[2017.08.11-19.00.17:853][  0]LogUObjectArray: 34194 objects as part of root set at end of initial load.
[2017.08.11-19.00.17:853][  0]LogUObjectAllocator: 7260416 out of 0 bytes used by permanent object pool.
[2017.08.11-19.00.17:853][  0]LogUObjectArray: CloseDisregardForGC: 0/0 objects in disregard for GC pool
[2017.08.11-19.00.17:948][  0]LogInit: WinSock: version 1.1 (2.2), MaxSocks=32767, MaxUdp=65467
[2017.08.11-19.00.21:152][  0]LogTcpMessaging: Initializing TcpMessaging bridge
[2017.08.11-19.00.21:205][  0]LogUdpMessaging: Initializing bridge on interface 0.0.0.0:0 to multicast group 230.0.0.1:6666.
[2017.08.11-19.00.21:939][  0]LogMaterial: Uniform references updated for custom material expression Custom.
[2017.08.11-19.00.22:473][  0]SourceControl: Info Source control is disabled
[2017.08.11-19.00.22:475][  0]SourceControl: Info Source control is disabled
[2017.08.11-19.00.22:546][  0]SourceControl: Info Source control is disabled
[2017.08.11-19.00.22:613][  0]SourceControl: Info Source control is disabled
[2017.08.11-19.00.23:597][  0]LogAndroidPermission: UAndroidPermissionCallbackProxy::GetInstance
[2017.08.11-19.00.24:422][  0]LogEngine: Initializing Engine...
[2017.08.11-19.00.24:424][  0]LogHMD: Failed to initialize OpenVR with code 110
[2017.08.11-19.00.24:698][  0]LogStats: UGameplayTagsManager::ConstructGameplayTagTree: Construct from data asset -  0.000 s
[2017.08.11-19.00.24:698][  0]LogStats: UGameplayTagsManager::ConstructGameplayTagTree: GameplayTagTreeChangedEvent.Broadcast -  0.000 s
[2017.08.11-19.00.24:872][  0]LogAIModule: Creating AISystem for world Untitled
[2017.08.11-19.00.24:907][  0]LogInit: XAudio2 using 'Altavoces (Razer Surround Audio Controller)' : 6 channels at 48 kHz using 16 bits per sample (channel mask 0x3f)
[2017.08.11-19.00.24:921][  0]LogInit: FAudioDevice initialized.
[2017.08.11-19.00.25:007][  0]LogDerivedDataCache: Saved boot cache 0.09s 90MB C:/Users/Pepe/AppData/Local/UnrealEngine/4.16/DerivedDataCache/Boot.ddc.
[2017.08.11-19.00.25:028][  0]LogInit: Texture streaming: Enabled
[2017.08.11-19.00.25:159][  0]LogEngineSessionManager: EngineSessionManager initialized
[2017.08.11-19.00.25:457][  0]LogInit: Transaction tracking system initialized
[2017.08.11-19.00.25:879][  0]BlueprintLog: New page: Editor Load
[2017.08.11-19.00.27:178][  0]LocalizationService: Info Localization service is disabled
[2017.08.11-19.00.28:135][  0]LogConsoleResponse:Display: 
[2017.08.11-19.00.28:310][  0]LogCook:Display: Max memory allowance for cook 16384mb min free memory 0mb
[2017.08.11-19.00.28:310][  0]LogCook:Display: Mobile HDR setting 1
[2017.08.11-19.00.29:143][  0]LogFileCache: Scanning file cache for directory 'B:/FreedomReal/FREEDOM/PROYECTO/source/Content/' took 0.02s
[2017.08.11-19.00.29:749][  0]SourceControl: Info Source control is disabled
[2017.08.11-19.00.29:749][  0]Cmd: MAP LOAD FILE="../../../../../FreedomReal/FREEDOM/PROYECTO/source/Content/StarterContent/Maps/Minimal_Default.umap" TEMPLATE=0 SHOWPROGRESS=1 FEATURELEVEL=3
[2017.08.11-19.00.29:750][  0]LightingResults: New page: Lighting Build
[2017.08.11-19.00.29:807][  0]MapCheck: New page: Map Check
[2017.08.11-19.00.29:807][  0]LightingResults: New page: Lighting Build
[2017.08.11-19.00.30:262][  0]LogAIModule: Creating AISystem for world Minimal_Default
[2017.08.11-19.00.30:270][  0]LogEditorServer: Finished looking for orphan Actors (0.000 secs)
[2017.08.11-19.00.30:289][  0]Cmd: MAP CHECKDEP NOCLEARLOG
[2017.08.11-19.00.30:366][  0]MapCheck: Info Map check complete: 0 Error(s), 0 Warning(s), took 76.337ms to complete.
[2017.08.11-19.00.30:366][  0]LogFileHelpers: Loading map 'Minimal_Default' took 0.617
[2017.08.11-19.00.30:464][  0]LogWindowsTextInputMethodSystem:Display: IME system now deactivated.
[2017.08.11-19.00.30:591][  0]LogCollectionManager: Loaded 0 collections in 0.001935 seconds
[2017.08.11-19.00.30:704][  0]LogFileCache: Scanning file cache for directory 'B:/FreedomReal/FREEDOM/PROYECTO/source/Saved/Collections/' took 0.01s
[2017.08.11-19.00.30:704][  0]LogFileCache: Scanning file cache for directory 'B:/FreedomReal/FREEDOM/PROYECTO/source/Content/Developers/Pepe/Collections/' took 0.01s
[2017.08.11-19.00.30:704][  0]LogFileCache: Scanning file cache for directory 'B:/FreedomReal/FREEDOM/PROYECTO/source/Content/Collections/' took 0.01s
[2017.08.11-19.00.30:704][  0]LogCollectionManager: Rebuilt the GUID cache for 0 collections in 0.000002 seconds
[2017.08.11-19.00.30:718][  0]LogContentBrowser: Native class hierarchy populated in 0.0143 seconds. Added 2329 classes and 491 folders.
[2017.08.11-19.00.30:803][  0]LogContentBrowser: Native class hierarchy updated for 'WidgetCarousel' in 0.0007 seconds. Added 0 classes and 0 folders.
[2017.08.11-19.00.30:868][  0]LogContentBrowser: Native class hierarchy updated for 'AddContentDialog' in 0.0007 seconds. Added 0 classes and 0 folders.
[2017.08.11-19.00.30:925][  0]LogContentBrowser: Native class hierarchy updated for 'SceneOutliner' in 0.0007 seconds. Added 1 classes and 2 folders.
[2017.08.11-19.00.30:976][  0]LogCrashTracker: Crashtracker disabled due to settings.
[2017.08.11-19.00.30:982][  0]LogSlate: Took 0.000284 seconds to synchronously load lazily loaded font '../../../Engine/Content/Slate/Fonts/Roboto-Regular.ttf' (155K)
[2017.08.11-19.00.30:984][  0]LogSlate: Took 0.000285 seconds to synchronously load lazily loaded font '../../../Engine/Content/Slate/Fonts/Roboto-Bold.ttf' (160K)
[2017.08.11-19.00.30:990][  0]LogSlate: Took 0.000316 seconds to synchronously load lazily loaded font '../../../Engine/Content/Editor/Slate/Fonts/FontAwesome.ttf' (139K)
[2017.08.11-19.00.31:106][  0]LogRenderer: Reallocating scene render targets to support 744x328 NumSamples 1 (Frame:1).
[2017.08.11-19.00.31:271][  0]LogUObjectGlobals:Warning: Failed to find object 'Class None.'
[2017.08.11-19.00.31:356][  0]LogContentBrowser: Native class hierarchy updated for 'HierarchicalLODOutliner' in 0.0008 seconds. Added 1 classes and 2 folders.
[2017.08.11-19.00.31:356][  0]LogLoad: (Engine Initialization) Total time: 32.62 seconds
[2017.08.11-19.00.31:356][  0]LogLoad: (Engine Initialization) Total Blueprint compile time: 0.12 seconds
[2017.08.11-19.00.31:357][  0]LogExternalProfiler: No external profilers were discovered.  External profiling features will not be available.
[2017.08.11-19.00.31:368][  0]LogOcInput: OculusInput pre-init called
[2017.08.11-19.00.31:368][  0]LogHMD: Starting GearVRController plugin
[2017.08.11-19.00.31:389][  0]LogContentStreaming: Texture pool size now 1000 MB
[2017.08.11-19.00.31:430][  0]LogSlate: Took 0.000339 seconds to synchronously load lazily loaded font '../../../Engine/Content/Slate/Fonts/Roboto-Light.ttf' (159K)
[2017.08.11-19.00.31:452][  1]LogAssetRegistry: Asset discovery search completed in 14.0292 seconds
[2017.08.11-19.00.31:454][  1]LogCollectionManager: Rebuilt the object cache for 0 collections in 0.000001 seconds (found 0 objects)
[2017.08.11-19.00.31:454][  1]LogCollectionManager: Fixed up redirectors for 0 collections in 0.000026 seconds (updated 0 objects)
[2017.08.11-19.00.33:459][228]LogTemp: Repeting last play command: Selected Viewport
[2017.08.11-19.00.33:527][228]LogBlueprintUserMessages: Early PlayInEditor Detection: Level '/Game/StarterContent/Maps/Minimal_Default.Minimal_Default:PersistentLevel' has LevelScriptBlueprint '/Game/StarterContent/Maps/Minimal_Default.Minimal_Default:PersistentLevel.Minimal_Default' with GeneratedClass '/Game/StarterContent/Maps/Minimal_Default.Minimal_Default_C' with ClassGeneratedBy '/Game/StarterContent/Maps/Minimal_Default.Minimal_Default:PersistentLevel.Minimal_Default'
[2017.08.11-19.00.33:527][228]LogPlayLevel: PlayLevel: No blueprints needed recompiling
[2017.08.11-19.00.33:527][228]PIE: New page: PIE session: Minimal_Default (Aug 11, 2017, 9:00:33 PM)
[2017.08.11-19.00.33:527][228]LogPlayLevel: Creating play world package: /Game/StarterContent/Maps/UEDPIE_0_Minimal_Default
[2017.08.11-19.00.33:537][228]LogPlayLevel: PIE: StaticDuplicateObject took: (0.009667s)
[2017.08.11-19.00.33:538][228]LogAIModule: Creating AISystem for world Minimal_Default
[2017.08.11-19.00.33:538][228]LogPlayLevel: PIE: World Init took: (0.000899s)
[2017.08.11-19.00.33:538][228]LogPlayLevel: PIE: Created PIE world by copying editor world from /Game/StarterContent/Maps/Minimal_Default.Minimal_Default to /Game/StarterContent/Maps/UEDPIE_0_Minimal_Default.Minimal_Default (0.010810s)
[2017.08.11-19.00.33:585][228]LogInit: XAudio2 using 'Altavoces (Razer Surround Audio Controller)' : 6 channels at 48 kHz using 16 bits per sample (channel mask 0x3f)
[2017.08.11-19.00.33:592][228]LogInit: FAudioDevice initialized.
[2017.08.11-19.00.33:761][228]LogLoad: Game class is 'GM_ModoJuego_C'
[2017.08.11-19.00.33:765][228]LogWorld: Bringing World /Game/StarterContent/Maps/UEDPIE_0_Minimal_Default.Minimal_Default up for play (max tick rate 0) at 2017.08.11-20.00.33
[2017.08.11-19.00.33:765][228]LogWorld: Bringing up level for play took: 0.001215
[2017.08.11-19.00.33:822][228]LogContentBrowser: Native class hierarchy updated for 'MovieSceneCapture' in 0.0008 seconds. Added 11 classes and 0 folders.
[2017.08.11-19.00.33:824][228]PIE: Info Play in editor start time for /Game/StarterContent/Maps/UEDPIE_0_Minimal_Default 0.168
[2017.08.11-19.00.33:825][228]LogBlueprintUserMessages: Late PlayInEditor Detection: Level '/Game/StarterContent/Maps/Minimal_Default.Minimal_Default:PersistentLevel' has LevelScriptBlueprint '/Game/StarterContent/Maps/Minimal_Default.Minimal_Default:PersistentLevel.Minimal_Default' with GeneratedClass '/Game/StarterContent/Maps/Minimal_Default.Minimal_Default_C' with ClassGeneratedBy '/Game/StarterContent/Maps/Minimal_Default.Minimal_Default:PersistentLevel.Minimal_Default'
[2017.08.11-19.00.46:454][734]LogBlueprintUserMessages: Early EndPlayMap Detection: Level '/Game/StarterContent/Maps/Minimal_Default.Minimal_Default:PersistentLevel' has LevelScriptBlueprint '/Game/StarterContent/Maps/Minimal_Default.Minimal_Default:PersistentLevel.Minimal_Default' with GeneratedClass '/Game/StarterContent/Maps/Minimal_Default.Minimal_Default_C' with ClassGeneratedBy '/Game/StarterContent/Maps/Minimal_Default.Minimal_Default:PersistentLevel.Minimal_Default'
[2017.08.11-19.00.46:491][734]LogBlueprintUserMessages: Late EndPlayMap Detection: Level '/Game/StarterContent/Maps/Minimal_Default.Minimal_Default:PersistentLevel' has LevelScriptBlueprint '/Game/StarterContent/Maps/Minimal_Default.Minimal_Default:PersistentLevel.Minimal_Default' with GeneratedClass '/Game/StarterContent/Maps/Minimal_Default.Minimal_Default_C' with ClassGeneratedBy '/Game/StarterContent/Maps/Minimal_Default.Minimal_Default:PersistentLevel.Minimal_Default'
[2017.08.11-19.00.49:621][ 76]LogSlate: Took 0.000337 seconds to synchronously load lazily loaded font '../../../Engine/Content/Slate/Fonts/Roboto-Light.ttf' (159K)
[2017.08.11-19.00.49:663][ 76]LogAIModule: Creating AISystem for world 00_pepe
[2017.08.11-19.00.49:690][ 76]Cmd: MAP LOAD FILE="../../../../../FreedomReal/FREEDOM/PROYECTO/source/Content/00_pepe.umap" TEMPLATE=0 SHOWPROGRESS=1 FEATURELEVEL=3
[2017.08.11-19.00.49:690][ 76]LightingResults: New page: Lighting Build
[2017.08.11-19.00.49:690][ 76]LoadErrors: New page: Loading map: 00_pepe.umap
[2017.08.11-19.00.49:691][ 76]MapCheck: New page: Map Check
[2017.08.11-19.00.49:691][ 76]LightingResults: New page: Lighting Build
[2017.08.11-19.00.49:712][ 76]LogEditorServer: Finished looking for orphan Actors (0.000 secs)
[2017.08.11-19.00.49:769][ 76]Cmd: MAP CHECKDEP NOCLEARLOG
[2017.08.11-19.00.49:851][ 76]MapCheck: Info Map check complete: 0 Error(s), 0 Warning(s), took 81.895ms to complete.
[2017.08.11-19.00.49:851][ 76]LogFileHelpers: Loading map '00_pepe' took 0.163
[2017.08.11-19.02.36:854][868]LogLinker: Can't find file '/Game/UI/UIinventory'
[2017.08.11-19.02.36:854][868]LogLinker: Can't find file '/Game/UI/UIinventory'
[2017.08.11-19.02.56:191][895]LogLinker: Can't find file '/Game/UI/UIinteractableitems'
[2017.08.11-19.02.56:192][895]LogLinker: Can't find file '/Game/UI/UIinteractableitems'
[2017.08.11-19.05.15:886][154]LogSlate: Took 0.029513 seconds to synchronously load lazily loaded font '../../../Engine/Content/Editor/Slate/Fonts/Roboto-BoldCondensedItalic.ttf' (160K)
[2017.08.11-19.10.41:163][668]LogSlate: Took 0.000353 seconds to synchronously load lazily loaded font '../../../Engine/Content/Slate/Fonts/Roboto-Light.ttf' (159K)
[2017.08.11-19.10.49:663][731]LogFileHelpers: Editor autosave (incl. sublevels) for '/Game/00_pepe' took 0.016
[2017.08.11-19.10.49:691][731]OBJ SavePackage: Generating thumbnails for [0] asset(s) in package [/Game/UI/UIinventory] ([1] browsable assets)...
[2017.08.11-19.10.49:691][731]OBJ SavePackage: Finished generating thumbnails for package [/Game/UI/UIinventory]
[2017.08.11-19.10.49:691][731]Cmd: OBJ SAVEPACKAGE PACKAGE="/Game/UI/UIinventory" FILE="../../../../../FreedomReal/FREEDOM/PROYECTO/source/Saved/Autosaves/Game/UI/UIinventory_Auto1.uasset" SILENT=false AUTOSAVING=true
[2017.08.11-19.10.49:782][731]LogSavePackage: Save=73.33ms
[2017.08.11-19.10.49:783][731]LogSavePackage: Moving '../../../../../FreedomReal/FREEDOM/PROYECTO/source/Saved/UIinventory_Auto122CB88BF48F6B298194D75BE9DBCED38.tmp' to '../../../../../FreedomReal/FREEDOM/PROYECTO/source/Saved/Autosaves/Game/UI/UIinventory_Auto1.uasset'
[2017.08.11-19.10.49:788][731]LogSavePackage:Display: Finished SavePackage ../../../../../FreedomReal/FREEDOM/PROYECTO/source/Saved/Autosaves/Game/UI/UIinventory_Auto1.uasset
[2017.08.11-19.10.49:790][731]OBJ SavePackage: Generating thumbnails for [0] asset(s) in package [/Game/UI/UIinteractableitems] ([1] browsable assets)...
[2017.08.11-19.10.49:790][731]OBJ SavePackage: Finished generating thumbnails for package [/Game/UI/UIinteractableitems]
[2017.08.11-19.10.49:790][731]Cmd: OBJ SAVEPACKAGE PACKAGE="/Game/UI/UIinteractableitems" FILE="../../../../../FreedomReal/FREEDOM/PROYECTO/source/Saved/Autosaves/Game/UI/UIinteractableitems_Auto1.uasset" SILENT=false AUTOSAVING=true
[2017.08.11-19.10.49:812][731]LogSavePackage: Save=16.12ms
[2017.08.11-19.10.49:812][731]LogSavePackage: Moving '../../../../../FreedomReal/FREEDOM/PROYECTO/source/Saved/UIinteractableitems_Auto17DC398164898E6529C5117B2313A56A3.tmp' to '../../../../../FreedomReal/FREEDOM/PROYECTO/source/Saved/Autosaves/Game/UI/UIinteractableitems_Auto1.uasset'
[2017.08.11-19.10.49:816][731]LogSavePackage:Display: Finished SavePackage ../../../../../FreedomReal/FREEDOM/PROYECTO/source/Saved/Autosaves/Game/UI/UIinteractableitems_Auto1.uasset
[2017.08.11-19.10.49:818][731]OBJ SavePackage: Generating thumbnails for [0] asset(s) in package [/Game/UI/EitemType] ([1] browsable assets)...
[2017.08.11-19.10.49:818][731]OBJ SavePackage: Finished generating thumbnails for package [/Game/UI/EitemType]
[2017.08.11-19.10.49:818][731]Cmd: OBJ SAVEPACKAGE PACKAGE="/Game/UI/EitemType" FILE="../../../../../FreedomReal/FREEDOM/PROYECTO/source/Saved/Autosaves/Game/UI/EitemType_Auto1.uasset" SILENT=false AUTOSAVING=true
[2017.08.11-19.10.49:830][731]LogSavePackage: Save=7.04ms
[2017.08.11-19.10.49:830][731]LogSavePackage: Moving '../../../../../FreedomReal/FREEDOM/PROYECTO/source/Saved/EitemType_Auto1501536244875C397356CB6ADA9C999FD.tmp' to '../../../../../FreedomReal/FREEDOM/PROYECTO/source/Saved/Autosaves/Game/UI/EitemType_Auto1.uasset'
[2017.08.11-19.10.49:834][731]LogSavePackage:Display: Finished SavePackage ../../../../../FreedomReal/FREEDOM/PROYECTO/source/Saved/Autosaves/Game/UI/EitemType_Auto1.uasset
[2017.08.11-19.10.49:837][731]OBJ SavePackage: Generating thumbnails for [0] asset(s) in package [/Game/UI/Fiteminfo] ([1] browsable assets)...
[2017.08.11-19.10.49:837][731]OBJ SavePackage: Finished generating thumbnails for package [/Game/UI/Fiteminfo]
[2017.08.11-19.10.49:837][731]Cmd: OBJ SAVEPACKAGE PACKAGE="/Game/UI/Fiteminfo" FILE="../../../../../FreedomReal/FREEDOM/PROYECTO/source/Saved/Autosaves/Game/UI/Fiteminfo_Auto1.uasset" SILENT=false AUTOSAVING=true
[2017.08.11-19.10.49:861][731]LogSavePackage: Save=9.32ms
[2017.08.11-19.10.49:861][731]LogSavePackage: Moving '../../../../../FreedomReal/FREEDOM/PROYECTO/source/Saved/Fiteminfo_Auto19248D6D24345B2A5E6851ABB8C546ED5.tmp' to '../../../../../FreedomReal/FREEDOM/PROYECTO/source/Saved/Autosaves/Game/UI/Fiteminfo_Auto1.uasset'
[2017.08.11-19.10.49:866][731]LogSavePackage:Display: Finished SavePackage ../../../../../FreedomReal/FREEDOM/PROYECTO/source/Saved/Autosaves/Game/UI/Fiteminfo_Auto1.uasset
[2017.08.11-19.10.49:866][731]LogFileHelpers: Auto-saving content packages took 0.201
[2017.08.11-19.10.59:437][494]LogObjectTools:Warning: ForceReplaceReferences replaced references for a transient object 'ItemType_3_F1840EEB408D2D82411BB7B904557575' or package '/Engine/Transient'.
[2017.08.11-19.10.59:437][494]LogObjectTools:Warning: ForceReplaceReferences replaced references for a transient object 'ItemType_3_F1840EEB408D2D82411BB7B904557575' or package '/Engine/Transient'.
[2017.08.11-19.10.59:437][494]LogObjectTools:Warning: ForceReplaceReferences replaced references for a transient object 'ItemType_3_F1840EEB408D2D82411BB7B904557575' or package '/Engine/Transient'.
[2017.08.11-19.10.59:437][494]LogObjectTools:Warning: ForceReplaceReferences replaced references for a transient object 'ItemType_3_F1840EEB408D2D82411BB7B904557575' or package '/Engine/Transient'.
[2017.08.11-19.10.59:437][494]LogObjectTools:Warning: ForceReplaceReferences replaced references for a transient object 'ItemType_3_F1840EEB408D2D82411BB7B904557575' or package '/Engine/Transient'.
[2017.08.11-19.10.59:437][494]LogObjectTools:Warning: ForceReplaceReferences replaced references for a transient object 'ItemName_5_04D16544446620EAB31F66A08F3ED661' or package '/Engine/Transient'.
[2017.08.11-19.10.59:437][494]LogObjectTools:Warning: ForceReplaceReferences replaced references for a transient object 'ItemType_3_F1840EEB408D2D82411BB7B904557575' or package '/Engine/Transient'.
[2017.08.11-19.10.59:437][494]LogObjectTools:Warning: ForceReplaceReferences replaced references for a transient object 'MemberVar_4_04D16544446620EAB31F66A08F3ED661' or package '/Engine/Transient'.
[2017.08.11-19.10.59:437][494]LogObjectTools:Warning: ForceReplaceReferences replaced references for a transient object 'ItemType_3_F1840EEB408D2D82411BB7B904557575' or package '/Engine/Transient'.
[2017.08.11-19.10.59:437][494]LogObjectTools:Warning: ForceReplaceReferences replaced references for a transient object 'ItemType_3_F1840EEB408D2D82411BB7B904557575' or package '/Engine/Transient'.
[2017.08.11-19.10.59:437][494]LogObjectTools:Warning: ForceReplaceReferences replaced references for a transient object 'ItemType_2_F1840EEB408D2D82411BB7B904557575' or package '/Engine/Transient'.
[2017.08.11-19.10.59:437][494]LogObjectTools:Warning: ForceReplaceReferences replaced references for a transient object 'WidgetTree' or package '/Engine/Transient'.
[2017.08.11-19.10.59:437][494]LogObjectTools:Warning: ForceReplaceReferences replaced references for a transient object 'DEADCLASS_UIinteractableitems_C_2' or package '/Engine/Transient'.
[2017.08.11-19.10.59:437][494]LogObjectTools:Warning: ForceReplaceReferences replaced references for a transient object 'DEADCLASS_UIinteractableitems_C_3' or package '/Engine/Transient'.
[2017.08.11-19.10.59:438][494]LogObjectTools:Warning: ForceReplaceReferences replaced references for a transient object 'WidgetTree' or package '/Engine/Transient'.
[2017.08.11-19.10.59:438][494]LogObjectTools:Warning: ForceReplaceReferences replaced references for a transient object 'DEADCLASS_UIinventory_C_0' or package '/Engine/Transient'.
[2017.08.11-19.10.59:438][494]LogObjectTools:Warning: ForceReplaceReferences replaced references for a transient object 'REINST_SKEL_UIinteractableitems_C_3' or package '/Engine/Transient'.
[2017.08.11-19.10.59:438][494]LogObjectTools:Warning: ForceReplaceReferences replaced references for a transient object 'REINST_UIinteractableitems_C_2' or package '/Engine/Transient'.
[2017.08.11-19.10.59:438][494]LogObjectTools:Warning: ForceReplaceReferences replaced references for a transient object 'REINST_SKEL_UIinventory_C_1' or package '/Engine/Transient'.
[2017.08.11-19.10.59:438][494]LogObjectTools:Warning: ForceReplaceReferences replaced references for a transient object 'DEADCLASS_UIinventory_C_1' or package '/Engine/Transient'.
[2017.08.11-19.10.59:438][494]LogObjectTools:Warning: ForceReplaceReferences replaced references for a transient object 'REINST_UIinventory_C_0' or package '/Engine/Transient'.
[2017.08.11-19.21.20:937][405]LogRenderer: Reallocating scene render targets to support 744x352 NumSamples 1 (Frame:54062).
[2017.08.11-19.21.34:874][797]LogFactory: FactoryCreateFile: Texture with ReimportTextureFactory (0 0 C:\Users\Pepe\Desktop\InventorySystemTextures\Icons\Icon_Map.png)
[2017.08.11-19.21.34:928][797]LogTexture:Display: Building textures: Icon_Map (AutoDXT, 128X128)
[2017.08.11-19.21.35:039][797]LogFactory: FactoryCreateFile: Texture with ReimportTextureFactory (0 0 C:\Users\Pepe\Desktop\InventorySystemTextures\Icons\Icon_Potion.jpg)
[2017.08.11-19.21.35:064][797]LogTexture:Display: Building textures: Icon_Potion (AutoDXT, 128X128)
[2017.08.11-19.21.35:097][797]LogFactory: FactoryCreateFile: Texture with ReimportTextureFactory (0 0 C:\Users\Pepe\Desktop\InventorySystemTextures\Icons\Icon_Ring.png)
[2017.08.11-19.21.35:101][797]LogTexture:Display: Building textures: Icon_Ring (AutoDXT, 128X128)
[2017.08.11-19.21.42:554][588]LogContentBrowser: Native class hierarchy updated for 'TextureEditor' in 0.0012 seconds. Added 1 classes and 2 folders.
[2017.08.11-19.22.48:824][809]LogTexture:Display: Building textures: Icon_Potion (BGRA8, 128X128)
[2017.08.11-19.22.48:829][809]LogTexture:Display: Building textures: Icon_Map (BGRA8, 128X128)
[2017.08.11-19.22.48:833][809]LogTexture:Display: Building textures: Icon_Ring (BGRA8, 128X128)
[2017.08.11-19.23.12:450][873]LogSavePackage: Save=27.10ms
[2017.08.11-19.23.12:450][873]LogSavePackage: Moving '../../../../../FreedomReal/FREEDOM/PROYECTO/source/Saved/Icon_MapB051C25844EB477C32AE2688504BECD4.tmp' to '../../../../../FreedomReal/FREEDOM/PROYECTO/source/Content/InventorySystem/Textures/ItemIcons/Icon_Map.uasset'
[2017.08.11-19.23.12:464][873]LogSavePackage:Display: Finished SavePackage ../../../../../FreedomReal/FREEDOM/PROYECTO/source/Content/InventorySystem/Textures/ItemIcons/Icon_Map.uasset
[2017.08.11-19.23.12:494][873]LogSavePackage: Save=13.66ms
[2017.08.11-19.23.12:494][873]LogSavePackage: Moving '../../../../../FreedomReal/FREEDOM/PROYECTO/source/Saved/Icon_Potion0C67DAA045CE6F9326562391D60DCF3C.tmp' to '../../../../../FreedomReal/FREEDOM/PROYECTO/source/Content/InventorySystem/Textures/ItemIcons/Icon_Potion.uasset'
[2017.08.11-19.23.12:506][873]LogSavePackage:Display: Finished SavePackage ../../../../../FreedomReal/FREEDOM/PROYECTO/source/Content/InventorySystem/Textures/ItemIcons/Icon_Potion.uasset
[2017.08.11-19.23.12:549][873]LogSavePackage: Save=12.84ms
[2017.08.11-19.23.12:549][873]LogSavePackage: Moving '../../../../../FreedomReal/FREEDOM/PROYECTO/source/Saved/Icon_RingD828FCC0407C09A5DEBEB4861C2D5383.tmp' to '../../../../../FreedomReal/FREEDOM/PROYECTO/source/Content/InventorySystem/Textures/ItemIcons/Icon_Ring.uasset'
[2017.08.11-19.23.12:560][873]LogSavePackage:Display: Finished SavePackage ../../../../../FreedomReal/FREEDOM/PROYECTO/source/Content/InventorySystem/Textures/ItemIcons/Icon_Ring.uasset
[2017.08.11-19.24.24:229][521]Cmd: TRANSACTION UNDO
[2017.08.11-19.24.24:229][521]LogEditorTransaction: Undo Add Variable
[2017.08.11-19.24.24:694][551]Cmd: TRANSACTION UNDO
[2017.08.11-19.24.24:694][551]LogEditorTransaction: Undo Add Variable
[2017.08.11-19.26.02:595][562]LogSavePackage: Save=11.39ms
[2017.08.11-19.26.02:595][562]LogSavePackage: Moving '../../../../../FreedomReal/FREEDOM/PROYECTO/source/Saved/S_iteminfo868703C04ED6837EB33F45A9447C4706.tmp' to '../../../../../FreedomReal/FREEDOM/PROYECTO/source/Content/InventorySystem/Blueprints/Structure/S_iteminfo.uasset'
[2017.08.11-19.26.02:608][562]LogSavePackage:Display: Finished SavePackage ../../../../../FreedomReal/FREEDOM/PROYECTO/source/Content/InventorySystem/Blueprints/Structure/S_iteminfo.uasset
[2017.08.11-19.27.00:300][838]LogSavePackage: Save=7.74ms
[2017.08.11-19.27.00:300][838]LogSavePackage: Moving '../../../../../FreedomReal/FREEDOM/PROYECTO/source/Saved/EitemCategorys33ECAD9744093840823A9C92E5DB77F0.tmp' to '../../../../../FreedomReal/FREEDOM/PROYECTO/source/Content/InventorySystem/Blueprints/Enum/EitemCategorys.uasset'
[2017.08.11-19.27.00:312][838]LogSavePackage:Display: Finished SavePackage ../../../../../FreedomReal/FREEDOM/PROYECTO/source/Content/InventorySystem/Blueprints/Enum/EitemCategorys.uasset
[2017.08.11-19.27.34:553][788]LogSavePackage: Save=9.63ms
[2017.08.11-19.27.34:553][788]LogSavePackage: Moving '../../../../../FreedomReal/FREEDOM/PROYECTO/source/Saved/S_iteminfoDA003A2646733044E4E5B2910C0B5BB3.tmp' to '../../../../../FreedomReal/FREEDOM/PROYECTO/source/Content/InventorySystem/Blueprints/Structure/S_iteminfo.uasset'
[2017.08.11-19.27.34:565][788]LogSavePackage:Display: Finished SavePackage ../../../../../FreedomReal/FREEDOM/PROYECTO/source/Content/InventorySystem/Blueprints/Structure/S_iteminfo.uasset
[2017.08.11-19.27.34:871][814]LogSavePackage: Save=9.61ms
[2017.08.11-19.27.34:871][814]LogSavePackage: Moving '../../../../../FreedomReal/FREEDOM/PROYECTO/source/Saved/S_iteminfo140AB4F84D369C2423A7A28EDACC9A1C.tmp' to '../../../../../FreedomReal/FREEDOM/PROYECTO/source/Content/InventorySystem/Blueprints/Structure/S_iteminfo.uasset'
[2017.08.11-19.27.34:877][814]LogSavePackage:Display: Finished SavePackage ../../../../../FreedomReal/FREEDOM/PROYECTO/source/Content/InventorySystem/Blueprints/Structure/S_iteminfo.uasset
[2017.08.11-19.28.27:971][890]LogSlate: Took 0.000279 seconds to synchronously load lazily loaded font '../../../Engine/Content/Slate/Fonts/Roboto-Regular.ttf' (155K)
[2017.08.11-19.28.28:196][890]LogContentBrowser: Native class hierarchy updated for 'BlueprintGraph' in 0.0020 seconds. Added 112 classes and 0 folders.
[2017.08.11-19.28.29:529][890]LogRenderer: Reallocating scene render targets to support 748x472 NumSamples 1 (Frame:1).
[2017.08.11-19.28.30:656][979]LogSlate: Took 0.018139 seconds to synchronously load lazily loaded font '../../../Engine/Content/Editor/Slate/Fonts/Roboto-BoldCondensed.ttf' (158K)
[2017.08.11-19.28.49:538][696]LogSlate: Took 0.022703 seconds to synchronously load lazily loaded font '../../../Engine/Content/Editor/Slate/Fonts/Roboto-Italic.ttf' (157K)
[2017.08.11-19.28.50:381][771]BlueprintLog: New page: Compile BP_MasterItem
[2017.08.11-19.29.11:465][799]BlueprintLog: New page: Compile BP_MasterItem
[2017.08.11-19.30.55:067][790]BlueprintLog: New page: Compile ItemHealthPotion
[2017.08.11-19.31.52:725][736]BlueprintLog: New page: Compile ItemKinder
[2017.08.11-19.32.18:441][213]LogFileHelpers: Editor autosave (incl. sublevels) for '/Game/00_pepe' took 0.025
[2017.08.11-19.32.18:447][213]OBJ SavePackage: Generating thumbnails for [0] asset(s) in package [/Game/InventorySystem/Blueprints/ItemClasses/BP_MasterItem] ([1] browsable assets)...
[2017.08.11-19.32.18:447][213]OBJ SavePackage: Finished generating thumbnails for package [/Game/InventorySystem/Blueprints/ItemClasses/BP_MasterItem]
[2017.08.11-19.32.18:479][213]LogSavePackage: Save=25.28ms
[2017.08.11-19.32.18:479][213]LogSavePackage: Moving '../../../../../FreedomReal/FREEDOM/PROYECTO/source/Saved/BP_MasterItem_Auto2C21A5248483940C14FD0959D1BE23376.tmp' to '../../../../../FreedomReal/FREEDOM/PROYECTO/source/Saved/Autosaves/Game/InventorySystem/Blueprints/ItemClasses/BP_MasterItem_Auto2.uasset'
[2017.08.11-19.32.18:486][213]LogSavePackage:Display: Finished SavePackage ../../../../../FreedomReal/FREEDOM/PROYECTO/source/Saved/Autosaves/Game/InventorySystem/Blueprints/ItemClasses/BP_MasterItem_Auto2.uasset
[2017.08.11-19.32.18:488][213]OBJ SavePackage: Generating thumbnails for [0] asset(s) in package [/Game/InventorySystem/Blueprints/ItemClasses/ItemHealthPotion] ([1] browsable assets)...
[2017.08.11-19.32.18:488][213]OBJ SavePackage: Finished generating thumbnails for package [/Game/InventorySystem/Blueprints/ItemClasses/ItemHealthPotion]
[2017.08.11-19.32.18:538][213]LogSavePackage: Save=25.50ms
[2017.08.11-19.32.18:538][213]LogSavePackage: Moving '../../../../../FreedomReal/FREEDOM/PROYECTO/source/Saved/ItemHealthPotion_Auto2B79972DA4E64FD90D23297A11D16CFA7.tmp' to '../../../../../FreedomReal/FREEDOM/PROYECTO/source/Saved/Autosaves/Game/InventorySystem/Blueprints/ItemClasses/ItemHealthPotion_Auto2.uasset'
[2017.08.11-19.32.18:544][213]LogSavePackage:Display: Finished SavePackage ../../../../../FreedomReal/FREEDOM/PROYECTO/source/Saved/Autosaves/Game/InventorySystem/Blueprints/ItemClasses/ItemHealthPotion_Auto2.uasset
[2017.08.11-19.32.18:546][213]OBJ SavePackage: Generating thumbnails for [0] asset(s) in package [/Game/InventorySystem/Blueprints/ItemClasses/ItemKinder] ([1] browsable assets)...
[2017.08.11-19.32.18:547][213]OBJ SavePackage: Finished generating thumbnails for package [/Game/InventorySystem/Blueprints/ItemClasses/ItemKinder]
[2017.08.11-19.32.18:581][213]LogSavePackage: Save=28.12ms
[2017.08.11-19.32.18:581][213]LogSavePackage: Moving '../../../../../FreedomReal/FREEDOM/PROYECTO/source/Saved/ItemKinder_Auto29D10A0F54C5C4A4A231EA38845AA37A2.tmp' to '../../../../../FreedomReal/FREEDOM/PROYECTO/source/Saved/Autosaves/Game/InventorySystem/Blueprints/ItemClasses/ItemKinder_Auto2.uasset'
[2017.08.11-19.32.18:586][213]LogSavePackage:Display: Finished SavePackage ../../../../../FreedomReal/FREEDOM/PROYECTO/source/Saved/Autosaves/Game/InventorySystem/Blueprints/ItemClasses/ItemKinder_Auto2.uasset
[2017.08.11-19.32.18:586][213]LogFileHelpers: Auto-saving content packages took 0.144
[2017.08.11-19.33.38:850][849]LogSavePackage: Save=10.61ms
[2017.08.11-19.33.38:850][849]LogSavePackage: Moving '../../../../../FreedomReal/FREEDOM/PROYECTO/source/Saved/S_InventorySlot04CB40AE4794647E961F88AAEB88DF68.tmp' to '../../../../../FreedomReal/FREEDOM/PROYECTO/source/Content/InventorySystem/Blueprints/Structure/S_InventorySlot.uasset'
[2017.08.11-19.33.38:859][849]LogSavePackage:Display: Finished SavePackage ../../../../../FreedomReal/FREEDOM/PROYECTO/source/Content/InventorySystem/Blueprints/Structure/S_InventorySlot.uasset
[2017.08.11-19.35.16:045][ 78]BlueprintLog: New page: Compile Bp_Inventory
[2017.08.11-19.35.33:660][646]LogClass:Warning: Type mismatch in Slots of SKEL_Bp_Inventory_C - Previous (StructProperty) Current(ArrayProperty) for package:  FObjectReader
[2017.08.11-19.35.36:275][898]BlueprintLog: New page: Compile Bp_Inventory
[2017.08.11-19.36.10:109][ 42]BlueprintLog: New page: Compile Bp_Inventory
[2017.08.11-19.45.14:430][564]BlueprintLog: New page: Compile Bp_Inventory
[2017.08.11-19.46.18:200][664]LogFileHelpers: Editor autosave (incl. sublevels) for '/Game/00_pepe' took 0.036
[2017.08.11-19.46.18:203][664]OBJ SavePackage: Generating thumbnails for [0] asset(s) in package [/Game/InventorySystem/Blueprints/Bp_Inventory] ([1] browsable assets)...
[2017.08.11-19.46.18:203][664]OBJ SavePackage: Finished generating thumbnails for package [/Game/InventorySystem/Blueprints/Bp_Inventory]
[2017.08.11-19.46.18:297][664]LogSavePackage: Save=85.18ms
[2017.08.11-19.46.18:297][664]LogSavePackage: Moving '../../../../../FreedomReal/FREEDOM/PROYECTO/source/Saved/Bp_Inventory_Auto3BADFA667409393D971463A953701A663.tmp' to '../../../../../FreedomReal/FREEDOM/PROYECTO/source/Saved/Autosaves/Game/InventorySystem/Blueprints/Bp_Inventory_Auto3.uasset'
[2017.08.11-19.46.18:302][664]LogSavePackage:Display: Finished SavePackage ../../../../../FreedomReal/FREEDOM/PROYECTO/source/Saved/Autosaves/Game/InventorySystem/Blueprints/Bp_Inventory_Auto3.uasset
[2017.08.11-19.46.18:302][664]LogFileHelpers: Auto-saving content packages took 0.101
[2017.08.11-20.19.59:459][954]Cmd: OBJ SAVEPACKAGE PACKAGE="/Game/InventorySystem/Blueprints/Bp_Inventory" FILE="../../../../../FreedomReal/FREEDOM/PROYECTO/source/Content/InventorySystem/Blueprints/Bp_Inventory.uasset" SILENT=true
[2017.08.11-20.19.59:554][954]LogSavePackage: Save=87.65ms
[2017.08.11-20.19.59:554][954]LogSavePackage: Moving '../../../../../FreedomReal/FREEDOM/PROYECTO/source/Saved/Bp_Inventory21246778449F3B3ED4BF2C847B0AE2CD.tmp' to '../../../../../FreedomReal/FREEDOM/PROYECTO/source/Content/InventorySystem/Blueprints/Bp_Inventory.uasset'
[2017.08.11-20.19.59:565][954]LogSavePackage:Display: Finished SavePackage ../../../../../FreedomReal/FREEDOM/PROYECTO/source/Content/InventorySystem/Blueprints/Bp_Inventory.uasset
[2017.08.11-20.20.00:858][ 72]LogSavePackage: Save=19.72ms
[2017.08.11-20.20.00:858][ 72]LogSavePackage: Moving '../../../../../FreedomReal/FREEDOM/PROYECTO/source/Saved/BP_MasterItemB8A4706740AE3B9F7D641BB1638113AD.tmp' to '../../../../../FreedomReal/FREEDOM/PROYECTO/source/Content/InventorySystem/Blueprints/ItemClasses/BP_MasterItem.uasset'
[2017.08.11-20.20.00:874][ 72]LogSavePackage:Display: Finished SavePackage ../../../../../FreedomReal/FREEDOM/PROYECTO/source/Content/InventorySystem/Blueprints/ItemClasses/BP_MasterItem.uasset
[2017.08.11-20.20.00:903][ 72]LogSavePackage: Save=19.54ms
[2017.08.11-20.20.00:903][ 72]LogSavePackage: Moving '../../../../../FreedomReal/FREEDOM/PROYECTO/source/Saved/ItemHealthPotion9D0C1D4848FB1E5C89F47EA8A43E50C7.tmp' to '../../../../../FreedomReal/FREEDOM/PROYECTO/source/Content/InventorySystem/Blueprints/ItemClasses/ItemHealthPotion.uasset'
[2017.08.11-20.20.00:917][ 72]LogSavePackage:Display: Finished SavePackage ../../../../../FreedomReal/FREEDOM/PROYECTO/source/Content/InventorySystem/Blueprints/ItemClasses/ItemHealthPotion.uasset
[2017.08.11-20.20.00:947][ 72]LogSavePackage: Save=20.93ms
[2017.08.11-20.20.00:947][ 72]LogSavePackage: Moving '../../../../../FreedomReal/FREEDOM/PROYECTO/source/Saved/ItemKinder1372FF2C48589A9FD3AEDDA0D73A94B6.tmp' to '../../../../../FreedomReal/FREEDOM/PROYECTO/source/Content/InventorySystem/Blueprints/ItemClasses/ItemKinder.uasset'
[2017.08.11-20.20.00:960][ 72]LogSavePackage:Display: Finished SavePackage ../../../../../FreedomReal/FREEDOM/PROYECTO/source/Content/InventorySystem/Blueprints/ItemClasses/ItemKinder.uasset
[2017.08.11-20.20.02:424][211]LogWindowsTextInputMethodSystem:Display: IME system now deactivated.
[2017.08.11-20.20.02:656][212]Cmd: QUIT_EDITOR
[2017.08.11-20.20.02:898][212]LogExit: Preparing to exit.
[2017.08.11-20.20.04:232][212]LogDirectoryWatcher: A directory notification for 'B:/FreedomReal/FREEDOM/PROYECTO/source/Content/' was aborted.
[2017.08.11-20.20.04:399][212]LogExit: Editor shut down
[2017.08.11-20.20.04:437][212]LogExit: Transaction tracking system shut down
[2017.08.11-20.20.04:840][212]LogObj: Freed 0b from 0 cluster array pools.
[2017.08.11-20.20.04:841][212]LogExit: Object subsystem successfully closed.
[2017.08.11-20.20.04:889][212]LogD3D11RHI: Shutdown
[2017.08.11-20.20.04:889][212]LogD3D11RHI: CleanupD3DDevice
[2017.08.11-20.20.05:034][212]LogD3D11RHI: ~FD3D11DynamicRHI
[2017.08.11-20.20.05:054][212]LogModuleManager: Shutting down and abandoning module BlueprintGraph (532)
[2017.08.11-20.20.05:054][212]LogModuleManager: Shutting down and abandoning module BlueprintProfiler (530)
[2017.08.11-20.20.05:054][212]LogModuleManager: Shutting down and abandoning module TextureEditor (528)
[2017.08.11-20.20.05:054][212]LogModuleManager: Shutting down and abandoning module MovieSceneCapture (526)
[2017.08.11-20.20.05:054][212]LogModuleManager: Shutting down and abandoning module HierarchicalLODOutliner (524)
[2017.08.11-20.20.05:054][212]LogModuleManager: Shutting down and abandoning module CrashTracker (522)
[2017.08.11-20.20.05:054][212]LogModuleManager: Shutting down and abandoning module SceneOutliner (520)
[2017.08.11-20.20.05:054][212]LogModuleManager: Shutting down and abandoning module AddContentDialog (518)
[2017.08.11-20.20.05:054][212]LogDirectoryWatcher: A directory notification for 'B:/UnrealEngine/UE_4.16/FeaturePacks/' was aborted.
[2017.08.11-20.20.05:063][212]LogModuleManager: Shutting down and abandoning module WidgetCarousel (517)
[2017.08.11-20.20.05:063][212]LogModuleManager: Shutting down and abandoning module EditorWidgets (514)
[2017.08.11-20.20.05:063][212]LogModuleManager: Shutting down and abandoning module CollectionManager (512)
[2017.08.11-20.20.05:063][212]LogDirectoryWatcher: A directory notification for 'B:/FreedomReal/FREEDOM/PROYECTO/source/Content/Collections/' was aborted.
[2017.08.11-20.20.05:063][212]LogDirectoryWatcher: A directory notification for 'B:/FreedomReal/FREEDOM/PROYECTO/source/Content/Developers/Pepe/Collections/' was aborted.
[2017.08.11-20.20.05:063][212]LogDirectoryWatcher: A directory notification for 'B:/FreedomReal/FREEDOM/PROYECTO/source/Saved/Collections/' was aborted.
[2017.08.11-20.20.05:063][212]LogModuleManager: Shutting down and abandoning module StatsViewer (510)
[2017.08.11-20.20.05:063][212]LogModuleManager: Shutting down and abandoning module FoliageEdit (508)
[2017.08.11-20.20.05:063][212]LogModuleManager: Shutting down and abandoning module LandscapeEditor (506)
[2017.08.11-20.20.05:064][212]LogModuleManager: Shutting down and abandoning module MeshPaintMode (504)
[2017.08.11-20.20.05:064][212]LogModuleManager: Shutting down and abandoning module SceneDepthPickerMode (502)
[2017.08.11-20.20.05:064][212]LogModuleManager: Shutting down and abandoning module ActorPickerMode (500)
[2017.08.11-20.20.05:064][212]LogModuleManager: Shutting down and abandoning module GeometryMode (498)
[2017.08.11-20.20.05:064][212]LogModuleManager: Shutting down and abandoning module TextureAlignMode (496)
[2017.08.11-20.20.05:064][212]LogModuleManager: Shutting down and abandoning module BspMode (494)
[2017.08.11-20.20.05:064][212]LogModuleManager: Shutting down and abandoning module HardwareSurvey (492)
[2017.08.11-20.20.05:064][212]LogModuleManager: Shutting down and abandoning module SequenceRecorderSections (490)
[2017.08.11-20.20.05:064][212]LogModuleManager: Shutting down and abandoning module AutomationWorker (488)
[2017.08.11-20.20.05:064][212]LogModuleManager: Shutting down and abandoning module MatineeToLevelSequence (486)
[2017.08.11-20.20.05:064][212]LogModuleManager: Shutting down and abandoning module LevelSequenceEditor (484)
[2017.08.11-20.20.05:064][212]LogModuleManager: Shutting down and abandoning module PlacementMode (483)
[2017.08.11-20.20.05:064][212]LogModuleManager: Shutting down and abandoning module WmfMediaFactory (480)
[2017.08.11-20.20.05:064][212]LogModuleManager: Shutting down and abandoning module WmfMediaEditor (478)
[2017.08.11-20.20.05:064][212]LogModuleManager: Shutting down and abandoning module AvfMediaFactory (476)
[2017.08.11-20.20.05:064][212]LogModuleManager: Shutting down and abandoning module AvfMediaEditor (474)
[2017.08.11-20.20.05:064][212]LogModuleManager: Shutting down and abandoning module AndroidMediaFactory (472)
[2017.08.11-20.20.05:064][212]LogModuleManager: Shutting down and abandoning module Media (471)
[2017.08.11-20.20.05:064][212]LogModuleManager: Shutting down and abandoning module AndroidMediaEditor (468)
[2017.08.11-20.20.05:064][212]LogModuleManager: Shutting down and abandoning module CharacterAI (466)
[2017.08.11-20.20.05:064][212]LogModuleManager: Shutting down and abandoning module AudioCapture (464)
[2017.08.11-20.20.05:064][212]LogModuleManager: Shutting down and abandoning module SequenceRecorder (463)
[2017.08.11-20.20.05:064][212]LogModuleManager: Shutting down and abandoning module SmartSnapping (460)
[2017.08.11-20.20.05:064][212]LogModuleManager: Shutting down and abandoning module SessionServices (458)
[2017.08.11-20.20.05:064][212]LogModuleManager: Shutting down and abandoning module ViewportSnapping (456)
[2017.08.11-20.20.05:064][212]LogModuleManager: Shutting down and abandoning module ViewportInteraction (454)
[2017.08.11-20.20.05:064][212]LogModuleManager: Shutting down and abandoning module ClothPainter (452)
[2017.08.11-20.20.05:064][212]LogModuleManager: Shutting down and abandoning module LogVisualizer (450)
[2017.08.11-20.20.05:064][212]LogModuleManager: Shutting down and abandoning module IntroTutorials (448)
[2017.08.11-20.20.05:064][212]LogModuleManager: Shutting down and abandoning module GameProjectGeneration (447)
[2017.08.11-20.20.05:064][212]LogModuleManager: Shutting down and abandoning module EditorLiveStreaming (444)
[2017.08.11-20.20.05:064][212]LogModuleManager: Shutting down and abandoning module IOSPlatformEditor (442)
[2017.08.11-20.20.05:065][212]LogModuleManager: Shutting down and abandoning module HTML5PlatformEditor (440)
[2017.08.11-20.20.05:065][212]LogModuleManager: Shutting down and abandoning module AndroidPlatformEditor (438)
[2017.08.11-20.20.05:065][212]LogModuleManager: Shutting down and abandoning module AndroidDeviceDetection (437)
[2017.08.11-20.20.05:564][212]LogModuleManager: Shutting down and abandoning module IOSRuntimeSettings (434)
[2017.08.11-20.20.05:564][212]LogModuleManager: Shutting down and abandoning module AndroidRuntimeSettings (432)
[2017.08.11-20.20.05:564][212]LogModuleManager: Shutting down and abandoning module InputBindingEditor (430)
[2017.08.11-20.20.05:564][212]LogModuleManager: Shutting down and abandoning module MergeActors (428)
[2017.08.11-20.20.05:564][212]LogModuleManager: Shutting down and abandoning module SizeMap (426)
[2017.08.11-20.20.05:564][212]LogModuleManager: Shutting down and abandoning module TreeMap (424)
[2017.08.11-20.20.05:564][212]LogModuleManager: Shutting down and abandoning module ReferenceViewer (422)
[2017.08.11-20.20.05:564][212]LogModuleManager: Shutting down and abandoning module LocalizationDashboard (420)
[2017.08.11-20.20.05:564][212]LogModuleManager: Shutting down and abandoning module LocalizationService (419)
[2017.08.11-20.20.05:564][212]LogModuleManager: Shutting down and abandoning module HardwareTargeting (416)
[2017.08.11-20.20.05:564][212]LogModuleManager: Shutting down and abandoning module DeviceProfileEditor (414)
[2017.08.11-20.20.05:564][212]LogModuleManager: Shutting down and abandoning module UndoHistory (412)
[2017.08.11-20.20.05:564][212]LogModuleManager: Shutting down and abandoning module UserFeedback (410)
[2017.08.11-20.20.05:564][212]LogModuleManager: Shutting down and abandoning module XmlParser (408)
[2017.08.11-20.20.05:564][212]LogModuleManager: Shutting down and abandoning module Blutility (406)
[2017.08.11-20.20.05:565][212]LogModuleManager: Shutting down and abandoning module ProjectSettingsViewer (404)
[2017.08.11-20.20.05:565][212]LogModuleManager: Shutting down and abandoning module ProjectTargetPlatformEditor (403)
[2017.08.11-20.20.05:565][212]LogModuleManager: Shutting down and abandoning module EditorSettingsViewer (400)
[2017.08.11-20.20.05:565][212]LogModuleManager: Shutting down and abandoning module SettingsEditor (398)
[2017.08.11-20.20.05:565][212]LogModuleManager: Shutting down and abandoning module ProjectLauncher (396)
[2017.08.11-20.20.05:565][212]LogModuleManager: Shutting down and abandoning module SessionFrontend (394)
[2017.08.11-20.20.05:565][212]LogModuleManager: Shutting down and abandoning module ProfilerClient (392)
[2017.08.11-20.20.05:565][212]LogModuleManager: Shutting down and abandoning module DeviceManager (390)
[2017.08.11-20.20.05:566][212]LogModuleManager: Shutting down and abandoning module TargetDeviceServices (389)
