Log file open, 08/12/17 18:55:48
LogInit:Display: Running engine for game: source
LogPlatformFile: Not using cached read wrapper
LogInit:Display: RandInit(-1173561737) SRandInit(-1173561737).
LogTaskGraph: Started task graph with 5 named threads and 8 total threads with 1 sets of task threads.
LogStats: Stats thread started at 0.114733
LogInit: Using libcurl 7.47.1
LogInit:  - built for x86_64-pc-win32
LogInit:  - supports SSL with OpenSSL/1.0.2g
LogInit:  - supports HTTP deflate (compression) using libz 1.2.8
LogInit:  - other features:
LogInit:      CURL_VERSION_SSL
LogInit:      CURL_VERSION_LIBZ
LogInit:      CURL_VERSION_IPV6
LogInit:      CURL_VERSION_ASYNCHDNS
LogInit:      CURL_VERSION_LARGEFILE
LogInit:      CURL_VERSION_IDN
LogInit:  CurlRequestOptions (configurable via config and command line):
LogInit:  - bVerifyPeer = false  - Libcurl will NOT verify peer certificate
LogInit:  - bUseHttpProxy = false  - Libcurl will NOT use HTTP proxy
LogInit:  - bDontReuseConnections = false  - Libcurl will reuse connections
LogInit:  - CertBundlePath = nullptr  - Libcurl will use whatever was configured at build time.
LogInit: Build: ++UE4+Release-4.16-CL-3561208
LogInit: Engine Version: 4.16.3-3561208+++UE4+Release-4.16
LogInit: Compatible Engine Version: 4.16.0-3452394+++UE4+Release-4.16
LogInit: Net CL: 3452394
LogDevObjectVersion: Number of dev versions registered: 16
LogDevObjectVersion:   Dev-Blueprints (B0D832E4-1F89-4F0D-ACCF-7EB736FD4AA2): 9
LogDevObjectVersion:   Dev-Build (E1C64328-A22C-4D53-A36C-8E866417BD8C): 0
LogDevObjectVersion:   Dev-Core (375EC13C-06E4-48FB-B500-84F0262A717E): 2
LogDevObjectVersion:   Dev-Editor (E4B068ED-F494-42E9-A231-DA0B2E46BB41): 17
LogDevObjectVersion:   Dev-Framework (CFFC743F-43B0-4480-9391-14DF171D2073): 23
LogDevObjectVersion:   Dev-Mobile (B02B49B5-BB20-44E9-A304-32B752E40360): 0
LogDevObjectVersion:   Dev-Networking (A4E4105C-59A1-49B5-A7C5-40C4547EDFEE): 0
LogDevObjectVersion:   Dev-Online (39C831C9-5AE6-47DC-9A44-9C173E1C8E7C): 0
LogDevObjectVersion:   Dev-Physics (78F01B33-EBEA-4F98-B9B4-84EACCB95AA2): 0
LogDevObjectVersion:   Dev-Platform (6631380F-2D4D-43E0-8009-CF276956A95A): 0
LogDevObjectVersion:   Dev-Rendering (12F88B9F-8875-4AFC-A67C-D90C383ABD29): 15
LogDevObjectVersion:   Dev-Sequencer (7B5AE74C-D270-4C10-A958-57980B212A5A): 4
LogDevObjectVersion:   Dev-VR (D7296918-1DD6-4BDD-9DE2-64A83CC13884): 0
LogDevObjectVersion:   Dev-LoadTimes (C2A15278-BFE7-4AFE-6C17-90FF531DF755): 1
LogDevObjectVersion:   Private-Geometry (6EACA3D4-40EC-4CC1-B786-8BED09428FC5): 1
LogDevObjectVersion:   Dev-AnimPhys (29E575DD-E0A3-4627-9D10-D276232CDCEA): 3
LogInit: Compiled (64-bit): Jul 28 2017 11:49:47
LogInit: Compiled with Visual C++: 19.00.24215.01
LogInit: Build Configuration: Development
LogInit: Branch Name: ++UE4+Release-4.16
LogInit: Command line: -EpicPortal 
LogInit: Base directory: B:/UnrealEngine/UE_4.16/Engine/Binaries/Win64/
LogInit: Installed Engine Build: 1
LogInit: Presizing for max 8388607 objects, including 0 objects not considered by GC, pre-allocating 0 bytes for permanent pool.
LogInit: Object subsystem initialized
[2017.08.12-17.55.49:730][  0]LogInit: Selected Device Profile: [Windows]
[2017.08.12-17.55.49:730][  0]LogInit: Applying CVar settings loaded from the selected device profile: [Windows]
[2017.08.12-17.55.49:761][  0]LogInit: Computer: DESKTOP-IS750JK
[2017.08.12-17.55.49:761][  0]LogInit: User: Pepe
[2017.08.12-17.55.49:761][  0]LogInit: CPU Page size=4096, Cores=4
[2017.08.12-17.55.49:761][  0]LogInit: High frequency timer resolution =3.418002 MHz
[2017.08.12-17.55.49:762][  0]LogMemory: Memory total: Physical=7.9GB (8GB approx)
[2017.08.12-17.55.49:762][  0]LogMemory: Platform Memory Stats for Windows
[2017.08.12-17.55.49:762][  0]LogMemory: Process Physical Memory: 273.49 MB used, 273.49 MB peak
[2017.08.12-17.55.49:762][  0]LogMemory: Process Virtual Memory: 260.91 MB used, 260.91 MB peak
[2017.08.12-17.55.49:762][  0]LogMemory: Physical Memory: 7038.14 MB used,  1102.13 MB free, 8140.28 MB total
[2017.08.12-17.55.49:762][  0]LogMemory: Virtual Memory: 638.34 MB used,  1102.13 MB free, 134217728.00 MB total
[2017.08.12-17.55.49:862][  0]LogInit: Overriding language with editor language configuration option (en).
[2017.08.12-17.55.49:862][  0]LogInit: Overriding locale with editor locale configuration option (en).
[2017.08.12-17.55.51:185][  0]LogD3D11RHI: D3D11 adapters:
[2017.08.12-17.55.51:220][  0]LogD3D11RHI:    0. 'Radeon (TM) RX 470 Graphics' (Feature Level 11_0)
[2017.08.12-17.55.51:220][  0]LogD3D11RHI:       4044/0/4070 MB DedicatedVideo/DedicatedSystem/SharedSystem, Outputs:2, VendorId:0x1002
[2017.08.12-17.55.51:222][  0]LogD3D11RHI:    1. 'Microsoft Basic Render Driver' (Feature Level 11_0)
[2017.08.12-17.55.51:222][  0]LogD3D11RHI:       0/0/4070 MB DedicatedVideo/DedicatedSystem/SharedSystem, Outputs:0, VendorId:0x1414
[2017.08.12-17.55.51:222][  0]LogD3D11RHI: Chosen D3D11 Adapter: 0
[2017.08.12-17.55.51:234][  0]LogD3D11RHI: Creating new Direct3DDevice
[2017.08.12-17.55.51:234][  0]LogD3D11RHI:     GPU DeviceId: 0x67df (for the marketing name, search the web for "GPU Device Id")
[2017.08.12-17.55.51:234][  0]LogWindows: EnumDisplayDevices:
[2017.08.12-17.55.51:234][  0]LogWindows:    0. 'Radeon (TM) RX 470 Graphics' (P:1 D:1)
[2017.08.12-17.55.51:235][  0]LogWindows:    1. 'Radeon (TM) RX 470 Graphics' (P:0 D:1)
[2017.08.12-17.55.51:235][  0]LogWindows:    2. 'Radeon (TM) RX 470 Graphics' (P:0 D:0)
[2017.08.12-17.55.51:236][  0]LogWindows:    3. 'Radeon (TM) RX 470 Graphics' (P:0 D:0)
[2017.08.12-17.55.51:237][  0]LogWindows:    4. 'Radeon (TM) RX 470 Graphics' (P:0 D:0)
[2017.08.12-17.55.51:237][  0]LogWindows:    5. 'Radeon (TM) RX 470 Graphics' (P:0 D:0)
[2017.08.12-17.55.51:238][  0]LogWindows: DebugString: FoundDriverCount:6 
[2017.08.12-17.55.51:238][  0]LogD3D11RHI:     Adapter Name: Radeon (TM) RX 470 Graphics
[2017.08.12-17.55.51:238][  0]LogD3D11RHI:   Driver Version: Crimson ReLive 17.1.1 (internal:22.19.162.4, unified:22.19.162.4)
[2017.08.12-17.55.51:238][  0]LogD3D11RHI:      Driver Date: 4-24-2017
[2017.08.12-17.55.51:238][  0]LogRHI: Texture pool is 1361 MB (70% of 1945 MB)
[2017.08.12-17.55.51:405][  0]LogD3D11RHI: Async texture creation enabled
[2017.08.12-17.55.51:417][  0]LogD3D11RHI: GPU Timing Frequency: 25.000000 (Debug: 2 1)
[2017.08.12-17.55.51:418][  0]LogShaderCompilers: Guid format shader working directory is -5 characters bigger than the processId version (../../../../../FreedomReal/FREEDOM/PROYECTO/source/Intermediate/Shaders/WorkingDirectory/1048/).
[2017.08.12-17.55.51:419][  0]LogShaderCompilers: Cleaned the shader compiler working directory 'C:/Users/Pepe/AppData/Local/Temp/UnrealShaderWorkingDir/F923C5FC4525AB704DB1FFAA6ADFD099/'.
[2017.08.12-17.55.51:419][  0]LogShaderCompilers:Display: Using Local Shader Compiler.
[2017.08.12-17.55.53:319][  0]LogTemp:Display: Loaded TP AllDesktopTargetPlatform
[2017.08.12-17.55.53:399][  0]LogTemp:Display: Loaded TP MacClientTargetPlatform
[2017.08.12-17.55.53:478][  0]LogTemp:Display: Loaded TP MacNoEditorTargetPlatform
[2017.08.12-17.55.53:570][  0]LogTemp:Display: Loaded TP MacServerTargetPlatform
[2017.08.12-17.55.53:648][  0]LogTemp:Display: Loaded TP MacTargetPlatform
[2017.08.12-17.55.53:726][  0]LogTemp:Display: Loaded TP WindowsClientTargetPlatform
[2017.08.12-17.55.53:802][  0]LogTemp:Display: Loaded TP WindowsNoEditorTargetPlatform
[2017.08.12-17.55.53:878][  0]LogTemp:Display: Loaded TP WindowsServerTargetPlatform
[2017.08.12-17.55.53:955][  0]LogTemp:Display: Loaded TP WindowsTargetPlatform
[2017.08.12-17.55.54:041][  0]LogTemp:Display: Loaded TP AndroidTargetPlatform
[2017.08.12-17.55.54:115][  0]LogTemp:Display: Loaded TP Android_ASTCTargetPlatform
[2017.08.12-17.55.54:188][  0]LogTemp:Display: Loaded TP Android_ATCTargetPlatform
[2017.08.12-17.55.54:263][  0]LogTemp:Display: Loaded TP Android_DXTTargetPlatform
[2017.08.12-17.55.54:340][  0]LogTemp:Display: Loaded TP Android_ETC1TargetPlatform
[2017.08.12-17.55.54:419][  0]LogTemp:Display: Loaded TP Android_ETC2TargetPlatform
[2017.08.12-17.55.54:585][  0]LogTemp:Display: Loaded TP Android_MultiTargetPlatform
[2017.08.12-17.55.54:585][  0]LogTemp:Display: Loaded TP Android_PVRTCTargetPlatform
[2017.08.12-17.55.54:655][  0]LogTemp:Display: Loaded TP HTML5TargetPlatform
[2017.08.12-17.55.54:782][  0]LogTemp:Display: Loaded TP IOSTargetPlatform
[2017.08.12-17.55.54:828][  0]LogTemp:Display: Loaded TP TVOSTargetPlatform
[2017.08.12-17.55.54:903][  0]LogTemp:Display: Loaded TP LinuxClientTargetPlatform
[2017.08.12-17.55.54:979][  0]LogTemp:Display: Loaded TP LinuxNoEditorTargetPlatform
[2017.08.12-17.55.55:051][  0]LogTemp:Display: Loaded TP LinuxServerTargetPlatform
[2017.08.12-17.55.55:128][  0]LogTemp:Display: Loaded TP LinuxTargetPlatform
[2017.08.12-17.55.55:128][  0]LogTargetPlatformManager:Display: Building Assets For Windows
[2017.08.12-17.55.55:912][  0]LogDerivedDataCache:Display: Max Cache Size: 512 MB
[2017.08.12-17.55.56:112][  0]LogDerivedDataCache: Loaded boot cache 0.20s 90MB C:/Users/Pepe/AppData/Local/UnrealEngine/4.16/DerivedDataCache/Boot.ddc.
[2017.08.12-17.55.56:112][  0]LogDerivedDataCache:Display: Loaded Boot cache: C:/Users/Pepe/AppData/Local/UnrealEngine/4.16/DerivedDataCache/Boot.ddc
[2017.08.12-17.55.56:112][  0]LogDerivedDataCache: FDerivedDataBackendGraph:  Pak pak cache file ../../../../../FreedomReal/FREEDOM/PROYECTO/source/DerivedDataCache/DDC.ddp not found, will not use a pak cache.
[2017.08.12-17.55.56:112][  0]LogDerivedDataCache: Unable to find inner node Pak for hierarchical cache Hierarchy.
[2017.08.12-17.55.56:112][  0]LogDerivedDataCache: FDerivedDataBackendGraph:  CompressedPak pak cache file ../../../../../FreedomReal/FREEDOM/PROYECTO/source/DerivedDataCache/Compressed.ddp not found, will not use a pak cache.
[2017.08.12-17.55.56:112][  0]LogDerivedDataCache: Unable to find inner node CompressedPak for hierarchical cache Hierarchy.
[2017.08.12-17.55.56:139][  0]LogDerivedDataCache:Display: Pak cache opened for reading ../../../Engine/DerivedDataCache/Compressed.ddp.
[2017.08.12-17.55.56:153][  0]LogDerivedDataCache: Using Local data cache path C:/Users/Pepe/AppData/Local/UnrealEngine/Common/DerivedDataCache: Writable
[2017.08.12-17.55.56:171][  0]LogMaterial: Verifying Global Shaders for PCD3D_SM5
[2017.08.12-17.55.56:172][  0]LogSlate: Using Freetype 2.6.0
[2017.08.12-17.55.56:172][  0]LogSlate: SlateFontCache - WITH_FREETYPE: 1, WITH_HARFBUZZ: 1
[2017.08.12-17.55.56:173][  0]LogSlate: SlateFontCache - WITH_FREETYPE: 1, WITH_HARFBUZZ: 1
[2017.08.12-17.55.56:695][  0]LogInit: Selected Device Profile: [Windows]
[2017.08.12-17.55.56:856][  0]LogContentStreaming: Texture pool size is 0.00 MB
[2017.08.12-17.55.57:084][  0]LogMeshUtilities: Using QuadricMeshReduction for automatic static mesh reduction
[2017.08.12-17.55.57:163][  0]LogSimplygon: Simplygon DLL not present - disabling.
[2017.08.12-17.55.57:237][  0]LogMeshUtilities: Using SimplygonSwarm for distributed automatic mesh merging
[2017.08.12-17.55.57:237][  0]LogMeshUtilities: No automatic skeletal mesh reduction module available
[2017.08.12-17.55.57:237][  0]LogMeshUtilities: No automatic mesh merging module available
[2017.08.12-17.55.58:090][  0]LogNetVersion: source , NetCL: 3452394, EngineNetVer: 2, GameNetVer: 0 (Checksum: 2297492709)
[2017.08.12-17.55.58:173][  0]LogAssetRegistry: FAssetRegistry took 0.0278 seconds to start up
[2017.08.12-17.55.58:367][  0]LogPackageLocalizationCache: Processed 4 localized package path(s) for 1 prioritized culture(s) in 0.157298 seconds
[2017.08.12-17.55.58:378][  0]LogUObjectArray: 34194 objects as part of root set at end of initial load.
[2017.08.12-17.55.58:378][  0]LogUObjectAllocator: 7260424 out of 0 bytes used by permanent object pool.
[2017.08.12-17.55.58:378][  0]LogUObjectArray: CloseDisregardForGC: 0/0 objects in disregard for GC pool
[2017.08.12-17.55.58:469][  0]LogInit: WinSock: version 1.1 (2.2), MaxSocks=32767, MaxUdp=65467
[2017.08.12-17.56.02:127][  0]LogTcpMessaging: Initializing TcpMessaging bridge
[2017.08.12-17.56.02:184][  0]LogUdpMessaging: Initializing bridge on interface 0.0.0.0:0 to multicast group 230.0.0.1:6666.
[2017.08.12-17.56.02:965][  0]LogMaterial: Uniform references updated for custom material expression Custom.
[2017.08.12-17.56.03:576][  0]SourceControl: Info Source control is disabled
[2017.08.12-17.56.03:578][  0]SourceControl: Info Source control is disabled
[2017.08.12-17.56.03:655][  0]SourceControl: Info Source control is disabled
[2017.08.12-17.56.03:734][  0]SourceControl: Info Source control is disabled
[2017.08.12-17.56.04:816][  0]LogAndroidPermission: UAndroidPermissionCallbackProxy::GetInstance
[2017.08.12-17.56.05:760][  0]LogEngine: Initializing Engine...
[2017.08.12-17.56.05:761][  0]LogHMD: Failed to initialize OpenVR with code 110
[2017.08.12-17.56.06:083][  0]LogStats: UGameplayTagsManager::ConstructGameplayTagTree: Construct from data asset -  0.000 s
[2017.08.12-17.56.06:083][  0]LogStats: UGameplayTagsManager::ConstructGameplayTagTree: GameplayTagTreeChangedEvent.Broadcast -  0.000 s
[2017.08.12-17.56.06:288][  0]LogAIModule: Creating AISystem for world Untitled
[2017.08.12-17.56.06:326][  0]LogInit: XAudio2 using 'Altavoces (Razer Surround Audio Controller)' : 6 channels at 48 kHz using 16 bits per sample (channel mask 0x3f)
[2017.08.12-17.56.06:345][  0]LogInit: FAudioDevice initialized.
[2017.08.12-17.56.06:439][  0]LogDerivedDataCache: Saved boot cache 0.09s 90MB C:/Users/Pepe/AppData/Local/UnrealEngine/4.16/DerivedDataCache/Boot.ddc.
[2017.08.12-17.56.06:467][  0]LogInit: Texture streaming: Enabled
[2017.08.12-17.56.06:606][  0]LogEngineSessionManager: EngineSessionManager initialized
[2017.08.12-17.56.06:926][  0]LogInit: Transaction tracking system initialized
[2017.08.12-17.56.07:404][  0]BlueprintLog: New page: Editor Load
[2017.08.12-17.56.08:839][  0]LocalizationService: Info Localization service is disabled
[2017.08.12-17.56.09:875][  0]LogConsoleResponse:Display: 
[2017.08.12-17.56.10:107][  0]LogCook:Display: Max memory allowance for cook 16384mb min free memory 0mb
[2017.08.12-17.56.10:107][  0]LogCook:Display: Mobile HDR setting 1
[2017.08.12-17.56.10:996][  0]LogFileCache: Scanning file cache for directory 'B:/FreedomReal/FREEDOM/PROYECTO/source/Content/' took 0.03s
[2017.08.12-17.56.11:838][  0]SourceControl: Info Source control is disabled
[2017.08.12-17.56.11:838][  0]Cmd: MAP LOAD FILE="../../../../../FreedomReal/FREEDOM/PROYECTO/source/Content/StarterContent/Maps/Minimal_Default.umap" TEMPLATE=0 SHOWPROGRESS=1 FEATURELEVEL=3
[2017.08.12-17.56.11:904][  0]LightingResults: New page: Lighting Build
[2017.08.12-17.56.11:968][  0]MapCheck: New page: Map Check
[2017.08.12-17.56.11:968][  0]LightingResults: New page: Lighting Build
[2017.08.12-17.56.13:465][  0]LogAIModule: Creating AISystem for world Minimal_Default
[2017.08.12-17.56.13:512][  0]LogEditorServer: Finished looking for orphan Actors (0.000 secs)
[2017.08.12-17.56.13:537][  0]Cmd: MAP CHECKDEP NOCLEARLOG
[2017.08.12-17.56.13:642][  0]MapCheck: Info Map check complete: 0 Error(s), 0 Warning(s), took 105.795ms to complete.
[2017.08.12-17.56.13:643][  0]LogFileHelpers: Loading map 'Minimal_Default' took 1.805
[2017.08.12-17.56.14:038][  0]LogCollectionManager: Loaded 0 collections in 0.003072 seconds
[2017.08.12-17.56.14:244][  0]LogFileCache: Scanning file cache for directory 'B:/FreedomReal/FREEDOM/PROYECTO/source/Saved/Collections/' took 0.01s
[2017.08.12-17.56.14:244][  0]LogFileCache: Scanning file cache for directory 'B:/FreedomReal/FREEDOM/PROYECTO/source/Content/Developers/Pepe/Collections/' took 0.01s
[2017.08.12-17.56.14:244][  0]LogFileCache: Scanning file cache for directory 'B:/FreedomReal/FREEDOM/PROYECTO/source/Content/Collections/' took 0.01s
[2017.08.12-17.56.14:244][  0]LogCollectionManager: Rebuilt the GUID cache for 0 collections in 0.000004 seconds
[2017.08.12-17.56.14:271][  0]LogContentBrowser: Native class hierarchy populated in 0.0197 seconds. Added 2329 classes and 491 folders.
[2017.08.12-17.56.14:421][  0]LogContentBrowser: Native class hierarchy updated for 'WidgetCarousel' in 0.0018 seconds. Added 0 classes and 0 folders.
[2017.08.12-17.56.15:760][  0]LogContentBrowser: Native class hierarchy updated for 'AddContentDialog' in 0.0010 seconds. Added 0 classes and 0 folders.
[2017.08.12-17.56.15:872][  0]LogContentBrowser: Native class hierarchy updated for 'SceneOutliner' in 0.0012 seconds. Added 1 classes and 2 folders.
[2017.08.12-17.56.15:964][  0]LogCrashTracker: Crashtracker disabled due to settings.
[2017.08.12-17.56.16:076][  0]LogSlate: Took 0.000454 seconds to synchronously load lazily loaded font '../../../Engine/Content/Slate/Fonts/Roboto-Regular.ttf' (155K)
[2017.08.12-17.56.16:079][  0]LogSlate: Took 0.000389 seconds to synchronously load lazily loaded font '../../../Engine/Content/Slate/Fonts/Roboto-Bold.ttf' (160K)
[2017.08.12-17.56.16:117][  0]LogSlate: Took 0.018922 seconds to synchronously load lazily loaded font '../../../Engine/Content/Editor/Slate/Fonts/FontAwesome.ttf' (139K)
[2017.08.12-17.56.16:459][  0]LogRenderer: Reallocating scene render targets to support 744x328 NumSamples 1 (Frame:1).
[2017.08.12-17.56.16:652][  0]LogUObjectGlobals:Warning: Failed to find object 'Class None.'
[2017.08.12-17.56.16:739][  0]LogContentBrowser: Native class hierarchy updated for 'HierarchicalLODOutliner' in 0.0009 seconds. Added 1 classes and 2 folders.
[2017.08.12-17.56.16:739][  0]LogLoad: (Engine Initialization) Total time: 30.15 seconds
[2017.08.12-17.56.16:739][  0]LogLoad: (Engine Initialization) Total Blueprint compile time: 0.15 seconds
[2017.08.12-17.56.16:739][  0]LogExternalProfiler: No external profilers were discovered.  External profiling features will not be available.
[2017.08.12-17.56.17:079][  0]LogOcInput: OculusInput pre-init called
[2017.08.12-17.56.17:079][  0]LogHMD: Starting GearVRController plugin
[2017.08.12-17.56.17:109][  0]LogContentStreaming: Texture pool size now 1000 MB
[2017.08.12-17.56.17:236][  0]LogSlate: Took 0.016162 seconds to synchronously load lazily loaded font '../../../Engine/Content/Slate/Fonts/Roboto-Light.ttf' (159K)
[2017.08.12-17.56.17:427][  1]LogAssetRegistry: Asset discovery search completed in 19.2764 seconds
[2017.08.12-17.56.17:430][  1]LogCollectionManager: Rebuilt the object cache for 0 collections in 0.000001 seconds (found 0 objects)
[2017.08.12-17.56.17:430][  1]LogCollectionManager: Fixed up redirectors for 0 collections in 0.000048 seconds (updated 0 objects)
[2017.08.12-17.56.34:022][258]LogTemp: Repeting last play command: Selected Viewport
[2017.08.12-17.56.34:187][258]LogBlueprintUserMessages: Early PlayInEditor Detection: Level '/Game/StarterContent/Maps/Minimal_Default.Minimal_Default:PersistentLevel' has LevelScriptBlueprint '/Game/StarterContent/Maps/Minimal_Default.Minimal_Default:PersistentLevel.Minimal_Default' with GeneratedClass '/Game/StarterContent/Maps/Minimal_Default.Minimal_Default_C' with ClassGeneratedBy '/Game/StarterContent/Maps/Minimal_Default.Minimal_Default:PersistentLevel.Minimal_Default'
[2017.08.12-17.56.34:207][258]LogPlayLevel: PlayLevel: No blueprints needed recompiling
[2017.08.12-17.56.34:231][258]PIE: New page: PIE session: Minimal_Default (Aug 12, 2017, 7:56:34 PM)
[2017.08.12-17.56.34:231][258]LogPlayLevel: Creating play world package: /Game/StarterContent/Maps/UEDPIE_0_Minimal_Default
[2017.08.12-17.56.34:243][258]LogPlayLevel: PIE: StaticDuplicateObject took: (0.011195s)
[2017.08.12-17.56.34:244][258]LogAIModule: Creating AISystem for world Minimal_Default
[2017.08.12-17.56.34:253][258]LogPlayLevel: PIE: World Init took: (0.010863s)
[2017.08.12-17.56.34:254][258]LogPlayLevel: PIE: Created PIE world by copying editor world from /Game/StarterContent/Maps/Minimal_Default.Minimal_Default to /Game/StarterContent/Maps/UEDPIE_0_Minimal_Default.Minimal_Default (0.022500s)
[2017.08.12-17.56.34:322][258]LogInit: XAudio2 using 'Altavoces (Razer Surround Audio Controller)' : 6 channels at 48 kHz using 16 bits per sample (channel mask 0x3f)
[2017.08.12-17.56.34:329][258]LogInit: FAudioDevice initialized.
[2017.08.12-17.56.35:645][258]LogLoad: Game class is 'GM_ModoJuego_C'
[2017.08.12-17.56.35:652][258]LogWorld: Bringing World /Game/StarterContent/Maps/UEDPIE_0_Minimal_Default.Minimal_Default up for play (max tick rate 0) at 2017.08.12-18.56.35
[2017.08.12-17.56.35:652][258]LogWorld: Bringing up level for play took: 0.001387
[2017.08.12-17.56.35:718][258]LogContentBrowser: Native class hierarchy updated for 'MovieSceneCapture' in 0.0009 seconds. Added 11 classes and 0 folders.
[2017.08.12-17.56.35:742][258]PIE: Info Play in editor start time for /Game/StarterContent/Maps/UEDPIE_0_Minimal_Default 0.621
[2017.08.12-17.56.35:742][258]LogBlueprintUserMessages: Late PlayInEditor Detection: Level '/Game/StarterContent/Maps/Minimal_Default.Minimal_Default:PersistentLevel' has LevelScriptBlueprint '/Game/StarterContent/Maps/Minimal_Default.Minimal_Default:PersistentLevel.Minimal_Default' with GeneratedClass '/Game/StarterContent/Maps/Minimal_Default.Minimal_Default_C' with ClassGeneratedBy '/Game/StarterContent/Maps/Minimal_Default.Minimal_Default:PersistentLevel.Minimal_Default'
[2017.08.12-17.56.38:290][548]LogBlueprintUserMessages: Early EndPlayMap Detection: Level '/Game/StarterContent/Maps/Minimal_Default.Minimal_Default:PersistentLevel' has LevelScriptBlueprint '/Game/StarterContent/Maps/Minimal_Default.Minimal_Default:PersistentLevel.Minimal_Default' with GeneratedClass '/Game/StarterContent/Maps/Minimal_Default.Minimal_Default_C' with ClassGeneratedBy '/Game/StarterContent/Maps/Minimal_Default.Minimal_Default:PersistentLevel.Minimal_Default'
[2017.08.12-17.56.38:345][548]LogBlueprintUserMessages: Late EndPlayMap Detection: Level '/Game/StarterContent/Maps/Minimal_Default.Minimal_Default:PersistentLevel' has LevelScriptBlueprint '/Game/StarterContent/Maps/Minimal_Default.Minimal_Default:PersistentLevel.Minimal_Default' with GeneratedClass '/Game/StarterContent/Maps/Minimal_Default.Minimal_Default_C' with ClassGeneratedBy '/Game/StarterContent/Maps/Minimal_Default.Minimal_Default:PersistentLevel.Minimal_Default'
[2017.08.12-17.58.20:168][727]LogSlate: Took 0.000721 seconds to synchronously load lazily loaded font '../../../Engine/Content/Slate/Fonts/Roboto-Light.ttf' (159K)
[2017.08.12-17.58.20:915][727]LogSlate: Took 0.000331 seconds to synchronously load lazily loaded font '../../../Engine/Content/Slate/Fonts/Roboto-Regular.ttf' (155K)
[2017.08.12-17.58.21:406][727]LogContentBrowser: Native class hierarchy updated for 'BlueprintGraph' in 0.0014 seconds. Added 112 classes and 0 folders.
[2017.08.12-17.58.23:610][727]LogSlate: Took 0.021677 seconds to synchronously load lazily loaded font '../../../Engine/Content/Editor/Slate/Fonts/Roboto-BoldCondensed.ttf' (158K)
[2017.08.12-17.59.15:921][ 81]LogSlate: Took 0.018542 seconds to synchronously load lazily loaded font '../../../Engine/Content/Editor/Slate/Fonts/Roboto-BoldCondensedItalic.ttf' (160K)
[2017.08.12-18.05.00:041][ 21]BlueprintLog: New page: Compile Bp_Inventory
[2017.08.12-18.07.11:593][312]LogSlate: Took 0.019544 seconds to synchronously load lazily loaded font '../../../Engine/Content/Editor/Slate/Fonts/Roboto-Italic.ttf' (157K)
[2017.08.12-18.14.21:093][178]BlueprintLog: New page: Compile Bp_Inventory
[2017.08.12-18.17.26:175][267]BlueprintLog: New page: Compile Bp_Inventory
[2017.08.12-18.18.14:648][502]LogSlate: Took 0.000413 seconds to synchronously load lazily loaded font '../../../Engine/Content/Slate/Fonts/Roboto-Light.ttf' (159K)
[2017.08.12-18.18.23:484][529]LogFileHelpers: Editor autosave (incl. sublevels) for '/Game/StarterContent/Maps/Minimal_Default' took 0.026
[2017.08.12-18.18.23:594][529]OBJ SavePackage: Generating thumbnails for [0] asset(s) in package [/Game/InventorySystem/Blueprints/Bp_Inventory] ([1] browsable assets)...
[2017.08.12-18.18.23:605][529]OBJ SavePackage: Finished generating thumbnails for package [/Game/InventorySystem/Blueprints/Bp_Inventory]
[2017.08.12-18.18.24:029][529]LogSavePackage: Save=290.01ms
[2017.08.12-18.18.24:029][529]LogSavePackage: Moving '../../../../../FreedomReal/FREEDOM/PROYECTO/source/Saved/Bp_Inventory_Auto1AD268DC5405C9A4E69D7359E6BD69022.tmp' to '../../../../../FreedomReal/FREEDOM/PROYECTO/source/Saved/Autosaves/Game/InventorySystem/Blueprints/Bp_Inventory_Auto1.uasset'
[2017.08.12-18.18.24:032][529]LogSavePackage:Display: Finished SavePackage ../../../../../FreedomReal/FREEDOM/PROYECTO/source/Saved/Autosaves/Game/InventorySystem/Blueprints/Bp_Inventory_Auto1.uasset
[2017.08.12-18.18.24:032][529]LogFileHelpers: Auto-saving content packages took 0.548
[2017.08.12-18.20.33:471][556]BlueprintLog: New page: Compile Bp_Inventory
[2017.08.12-18.22.47:515][644]BlueprintLog: New page: Compile Bp_Inventory
[2017.08.12-18.26.45:494][710]BlueprintLog: New page: Compile Bp_Inventory
[2017.08.12-18.26.45:921][724]BlueprintLog: New page: Compile Bp_Inventory
[2017.08.12-18.29.52:957][987]LogFileHelpers: Editor autosave (incl. sublevels) for '/Game/StarterContent/Maps/Minimal_Default' took 0.027
[2017.08.12-18.29.52:960][987]OBJ SavePackage: Generating thumbnails for [0] asset(s) in package [/Game/InventorySystem/Blueprints/Bp_Inventory] ([1] browsable assets)...
[2017.08.12-18.29.52:960][987]OBJ SavePackage: Finished generating thumbnails for package [/Game/InventorySystem/Blueprints/Bp_Inventory]
[2017.08.12-18.29.53:277][987]LogSavePackage: Save=300.05ms
[2017.08.12-18.29.53:277][987]LogSavePackage: Moving '../../../../../FreedomReal/FREEDOM/PROYECTO/source/Saved/Bp_Inventory_Auto2CAB10D1C41891CBB827288A013DE839A.tmp' to '../../../../../FreedomReal/FREEDOM/PROYECTO/source/Saved/Autosaves/Game/InventorySystem/Blueprints/Bp_Inventory_Auto2.uasset'
[2017.08.12-18.29.53:279][987]LogSavePackage:Display: Finished SavePackage ../../../../../FreedomReal/FREEDOM/PROYECTO/source/Saved/Autosaves/Game/InventorySystem/Blueprints/Bp_Inventory_Auto2.uasset
[2017.08.12-18.29.53:279][987]LogFileHelpers: Auto-saving content packages took 0.321
[2017.08.12-18.33.26:008][713]BlueprintLog: New page: Compile Bp_Inventory
[2017.08.12-18.33.27:165][754]Cmd: OBJ SAVEPACKAGE PACKAGE="/Game/InventorySystem/Blueprints/Bp_Inventory" FILE="../../../../../FreedomReal/FREEDOM/PROYECTO/source/Content/InventorySystem/Blueprints/Bp_Inventory.uasset" SILENT=true
[2017.08.12-18.33.27:430][754]LogSavePackage: Save=257.79ms
[2017.08.12-18.33.27:430][754]LogSavePackage: Moving '../../../../../FreedomReal/FREEDOM/PROYECTO/source/Saved/Bp_InventoryC72EFD4C43DEA02CC00A83A7A563AF65.tmp' to '../../../../../FreedomReal/FREEDOM/PROYECTO/source/Content/InventorySystem/Blueprints/Bp_Inventory.uasset'
[2017.08.12-18.33.27:473][754]LogSavePackage:Display: Finished SavePackage ../../../../../FreedomReal/FREEDOM/PROYECTO/source/Content/InventorySystem/Blueprints/Bp_Inventory.uasset
[2017.08.12-18.42.03:139][676]LogWindowsTextInputMethodSystem:Display: IME system now deactivated.
[2017.08.12-18.42.03:585][677]Cmd: QUIT_EDITOR
[2017.08.12-18.42.04:042][677]LogExit: Preparing to exit.
[2017.08.12-18.42.05:681][677]LogDirectoryWatcher: A directory notification for 'B:/FreedomReal/FREEDOM/PROYECTO/source/Content/' was aborted.
[2017.08.12-18.42.05:980][677]LogExit: Editor shut down
[2017.08.12-18.42.06:025][677]LogExit: Transaction tracking system shut down
[2017.08.12-18.42.07:856][677]LogObj: Freed 0b from 0 cluster array pools.
[2017.08.12-18.42.07:857][677]LogExit: Object subsystem successfully closed.
[2017.08.12-18.42.08:047][677]LogD3D11RHI: Shutdown
[2017.08.12-18.42.08:047][677]LogD3D11RHI: CleanupD3DDevice
[2017.08.12-18.42.08:181][677]LogD3D11RHI: ~FD3D11DynamicRHI
[2017.08.12-18.42.09:610][677]LogModuleManager: Shutting down and abandoning module BlueprintGraph (530)
[2017.08.12-18.42.09:625][677]LogModuleManager: Shutting down and abandoning module BlueprintProfiler (528)
[2017.08.12-18.42.09:681][677]LogModuleManager: Shutting down and abandoning module MovieSceneCapture (526)
[2017.08.12-18.42.09:681][677]LogModuleManager: Shutting down and abandoning module HierarchicalLODOutliner (524)
[2017.08.12-18.42.09:725][677]LogModuleManager: Shutting down and abandoning module CrashTracker (522)
[2017.08.12-18.42.09:725][677]LogModuleManager: Shutting down and abandoning module SceneOutliner (520)
[2017.08.12-18.42.09:759][677]LogModuleManager: Shutting down and abandoning module AddContentDialog (518)
[2017.08.12-18.42.09:774][677]LogDirectoryWatcher: A directory notification for 'B:/UnrealEngine/UE_4.16/FeaturePacks/' was aborted.
[2017.08.12-18.42.09:785][677]LogModuleManager: Shutting down and abandoning module WidgetCarousel (517)
[2017.08.12-18.42.09:785][677]LogModuleManager: Shutting down and abandoning module EditorWidgets (514)
[2017.08.12-18.42.09:785][677]LogModuleManager: Shutting down and abandoning module CollectionManager (512)
[2017.08.12-18.42.09:785][677]LogDirectoryWatcher: A directory notification for 'B:/FreedomReal/FREEDOM/PROYECTO/source/Content/Collections/' was aborted.
[2017.08.12-18.42.09:785][677]LogDirectoryWatcher: A directory notification for 'B:/FreedomReal/FREEDOM/PROYECTO/source/Content/Developers/Pepe/Collections/' was aborted.
[2017.08.12-18.42.09:785][677]LogDirectoryWatcher: A directory notification for 'B:/FreedomReal/FREEDOM/PROYECTO/source/Saved/Collections/' was aborted.
[2017.08.12-18.42.09:785][677]LogModuleManager: Shutting down and abandoning module StatsViewer (510)
[2017.08.12-18.42.09:813][677]LogModuleManager: Shutting down and abandoning module FoliageEdit (508)
[2017.08.12-18.42.09:813][677]LogModuleManager: Shutting down and abandoning module LandscapeEditor (506)
[2017.08.12-18.42.09:831][677]LogModuleManager: Shutting down and abandoning module MeshPaintMode (504)
[2017.08.12-18.42.09:831][677]LogModuleManager: Shutting down and abandoning module SceneDepthPickerMode (502)
[2017.08.12-18.42.09:831][677]LogModuleManager: Shutting down and abandoning module ActorPickerMode (500)
[2017.08.12-18.42.09:831][677]LogModuleManager: Shutting down and abandoning module GeometryMode (498)
[2017.08.12-18.42.09:831][677]LogModuleManager: Shutting down and abandoning module TextureAlignMode (496)
[2017.08.12-18.42.09:831][677]LogModuleManager: Shutting down and abandoning module BspMode (494)
[2017.08.12-18.42.09:841][677]LogModuleManager: Shutting down and abandoning module HardwareSurvey (492)
[2017.08.12-18.42.09:875][677]LogModuleManager: Shutting down and abandoning module SequenceRecorderSections (490)
[2017.08.12-18.42.09:901][677]LogModuleManager: Shutting down and abandoning module AutomationWorker (488)
[2017.08.12-18.42.09:924][677]LogModuleManager: Shutting down and abandoning module MatineeToLevelSequence (486)
[2017.08.12-18.42.09:946][677]LogModuleManager: Shutting down and abandoning module LevelSequenceEditor (484)
[2017.08.12-18.42.10:037][677]LogModuleManager: Shutting down and abandoning module PlacementMode (483)
[2017.08.12-18.42.10:037][677]LogModuleManager: Shutting down and abandoning module WmfMediaFactory (480)
[2017.08.12-18.42.10:037][677]LogModuleManager: Shutting down and abandoning module WmfMediaEditor (478)
[2017.08.12-18.42.10:037][677]LogModuleManager: Shutting down and abandoning module AvfMediaFactory (476)
[2017.08.12-18.42.10:037][677]LogModuleManager: Shutting down and abandoning module AvfMediaEditor (474)
[2017.08.12-18.42.10:037][677]LogModuleManager: Shutting down and abandoning module AndroidMediaFactory (472)
[2017.08.12-18.42.10:037][677]LogModuleManager: Shutting down and abandoning module Media (471)
[2017.08.12-18.42.10:038][677]LogModuleManager: Shutting down and abandoning module AndroidMediaEditor (468)
[2017.08.12-18.42.10:038][677]LogModuleManager: Shutting down and abandoning module CharacterAI (466)
[2017.08.12-18.42.10:038][677]LogModuleManager: Shutting down and abandoning module AudioCapture (464)
[2017.08.12-18.42.10:083][677]LogModuleManager: Shutting down and abandoning module SequenceRecorder (463)
[2017.08.12-18.42.10:157][677]LogModuleManager: Shutting down and abandoning module SmartSnapping (460)
[2017.08.12-18.42.10:157][677]LogModuleManager: Shutting down and abandoning module SessionServices (458)
[2017.08.12-18.42.10:157][677]LogModuleManager: Shutting down and abandoning module ViewportSnapping (456)
[2017.08.12-18.42.10:157][677]LogModuleManager: Shutting down and abandoning module ViewportInteraction (454)
[2017.08.12-18.42.10:157][677]LogModuleManager: Shutting down and abandoning module ClothPainter (452)
[2017.08.12-18.42.10:209][677]LogModuleManager: Shutting down and abandoning module LogVisualizer (450)
[2017.08.12-18.42.10:239][677]LogModuleManager: Shutting down and abandoning module IntroTutorials (448)
[2017.08.12-18.42.10:301][677]LogModuleManager: Shutting down and abandoning module GameProjectGeneration (447)
[2017.08.12-18.42.10:333][677]LogModuleManager: Shutting down and abandoning module EditorLiveStreaming (444)
[2017.08.12-18.42.10:333][677]LogModuleManager: Shutting down and abandoning module IOSPlatformEditor (442)
[2017.08.12-18.42.10:345][677]LogModuleManager: Shutting down and abandoning module HTML5PlatformEditor (440)
[2017.08.12-18.42.10:345][677]LogModuleManager: Shutting down and abandoning module AndroidPlatformEditor (438)
[2017.08.12-18.42.10:345][677]LogModuleManager: Shutting down and abandoning module AndroidDeviceDetection (437)
[2017.08.12-18.42.10:360][677]LogModuleManager: Shutting down and abandoning module IOSRuntimeSettings (434)
[2017.08.12-18.42.10:360][677]LogModuleManager: Shutting down and abandoning module AndroidRuntimeSettings (432)
[2017.08.12-18.42.10:360][677]LogModuleManager: Shutting down and abandoning module InputBindingEditor (430)
[2017.08.12-18.42.10:381][677]LogModuleManager: Shutting down and abandoning module MergeActors (428)
[2017.08.12-18.42.10:386][677]LogModuleManager: Shutting down and abandoning module SizeMap (426)
[2017.08.12-18.42.10:386][677]LogModuleManager: Shutting down and abandoning module TreeMap (424)
[2017.08.12-18.42.10:399][677]LogModuleManager: Shutting down and abandoning module ReferenceViewer (422)
[2017.08.12-18.42.10:422][677]LogModuleManager: Shutting down and abandoning module LocalizationDashboard (420)
[2017.08.12-18.42.10:461][677]LogModuleManager: Shutting down and abandoning module LocalizationService (419)
[2017.08.12-18.42.10:474][677]LogModuleManager: Shutting down and abandoning module HardwareTargeting (416)
[2017.08.12-18.42.10:474][677]LogModuleManager: Shutting down and abandoning module DeviceProfileEditor (414)
[2017.08.12-18.42.10:482][677]LogModuleManager: Shutting down and abandoning module UndoHistory (412)
[2017.08.12-18.42.10:488][677]LogModuleManager: Shutting down and abandoning module UserFeedback (410)
[2017.08.12-18.42.10:488][677]LogModuleManager: Shutting down and abandoning module XmlParser (408)
[2017.08.12-18.42.10:504][677]LogModuleManager: Shutting down and abandoning module Blutility (406)
[2017.08.12-18.42.10:541][677]LogModuleManager: Shutting down and abandoning module ProjectSettingsViewer (404)
[2017.08.12-18.42.10:541][677]LogModuleManager: Shutting down and abandoning module ProjectTargetPlatformEditor (403)
[2017.08.12-18.42.10:542][677]LogModuleManager: Shutting down and abandoning module EditorSettingsViewer (400)
[2017.08.12-18.42.10:542][677]LogModuleManager: Shutting down and abandoning module SettingsEditor (398)
[2017.08.12-18.42.10:550][677]LogModuleManager: Shutting down and abandoning module ProjectLauncher (396)
[2017.08.12-18.42.10:578][677]LogModuleManager: Shutting down and abandoning module SessionFrontend (394)
[2017.08.12-18.42.10:597][677]LogModuleManager: Shutting down and abandoning module ProfilerClient (392)
[2017.08.12-18.42.10:607][677]LogModuleManager: Shutting down and abandoning module DeviceManager (390)
[2017.08.12-18.42.10:625][677]LogModuleManager: Shutting down and abandoning module TargetDeviceServices (389)
[2017.08.12-18.42.10:735][677]LogModuleManager: Shutting down and abandoning module AutomationController (386)
[2017.08.12-18.42.10:749][677]LogModuleManager: Shutting down and abandoning module AutomationWindow (384)
[2017.08.12-18.42.10:802][677]LogModuleManager: Shutting down and abandoning module Layers (382)
[2017.08.12-18.42.10:888][677]LogModuleManager: Shutting down and abandoning module ComponentVisualizers (380)
[2017.08.12-18.42.10:888][677]LogModuleManager: Shutting down and abandoning module DetailCustomizations (378)
[2017.08.12-18.42.10:969][677]LogModuleManager: Shutting down and abandoning module PackagesDialog (376)
[2017.08.12-18.42.10:969][677]LogModuleManager: Shutting down and abandoning module Persona (374)
[2017.08.12-18.42.11:059][677]LogModuleManager: Shutting down and abandoning module AdvancedPreviewScene (373)
[2017.08.12-18.42.11:059][677]LogModuleManager: Shutting down and abandoning module AnimGraph (371)
[2017.08.12-18.42.11:059][677]LogModuleManager: Shutting down and abandoning module Kismet (368)
[2017.08.12-18.42.11:079][677]LogModuleManager: Shutting down and abandoning module ClassViewer (366)
[2017.08.12-18.42.11:079][677]LogModuleManager: Shutting down and abandoning module Toolbox (364)
[2017.08.12-18.42.11:121][677]LogModuleManager: Shutting down and abandoning module ModuleUI (362)
[2017.08.12-18.42.11:142][677]LogModuleManager: Shutting down and abandoning module MovieSceneTools (360)
[2017.08.12-18.42.11:247][677]LogModuleManager: Shutting down and abandoning module OutputLog (358)
[2017.08.12-18.42.11:265][677]LogModuleManager: Shutting down and abandoning module GammaUI (356)
[2017.08.12-18.42.11:274][677]LogModuleManager: Shutting down and abandoning module Documentation (354)
[2017.08.12-18.42.11:275][677]LogModuleManager: Shutting down and abandoning module MovieSceneTracks (352)
[2017.08.12-18.42.11:275][677]LogModuleManager: Shutting down and abandoning module MovieScene (350)
[2017.08.12-18.42.11:275][677]LogModuleManager: Shutting down and abandoning module Niagara (348)
[2017.08.12-18.42.11:275][677]LogModuleManager: Shutting down and abandoning module NiagaraEditor (347)
[2017.08.12-18.42.11:353][677]LogModuleManager: Shutting down and abandoning module StreamingPauseRendering (344)
[2017.08.12-18.42.11:353][677]LogModuleManager: Shutting down and abandoning module AnalyticsET (342)
[2017.08.12-18.42.11:353][677]LogModuleManager: Shutting down and abandoning module PortalServices (340)
[2017.08.12-18.42.11:353][677]LogModuleManager: Shutting down and abandoning module PortalRpc (338)
[2017.08.12-18.42.11:353][677]LogModuleManager: Shutting down and abandoning module MessagingRpc (336)
[2017.08.12-18.42.11:353][677]LogModuleManager: Shutting down and abandoning module AIModule (334)
[2017.08.12-18.42.11:353][677]LogModuleManager: Shutting down and abandoning module GameplayDebugger (333)
[2017.08.12-18.42.11:353][677]LogModuleManager: Shutting down and abandoning module AITestSuite (331)
[2017.08.12-18.42.11:365][677]LogModuleManager: Shutting down and abandoning module ProfilerService (328)
[2017.08.12-18.42.11:377][677]LogModuleManager: Shutting down and abandoning module TaskGraph (326)
[2017.08.12-18.42.11:392][677]LogModuleManager: Shutting down and abandoning module SteamVRController (324)
[2017.08.12-18.42.11:392][677]LogModuleManager: Shutting down and abandoning module SteamVR (322)
[2017.08.12-18.42.11:392][677]LogModuleManager: Shutting down and abandoning module ProceduralMeshComponentEditor (320)
[2017.08.12-18.42.11:398][677]LogModuleManager: Shutting down and abandoning module ProceduralMeshComponent (318)
[2017.08.12-18.42.11:404][677]LogModuleManager: Shutting down and abandoning module OculusLibrary (316)
[2017.08.12-18.42.11:404][677]LogModuleManager: Shutting down and abandoning module OculusInput (314)
[2017.08.12-18.42.11:404][677]LogModuleManager: Shutting down and abandoning module MobilePatchingUtils (312)
[2017.08.12-18.42.11:404][677]LogModuleManager: Shutting down and abandoning module CustomMeshComponent (310)
[2017.08.12-18.42.11:404][677]LogModuleManager: Shutting down and abandoning module CableComponent (308)
[2017.08.12-18.42.11:423][677]LogModuleManager: Shutting down and abandoning module ArchVisCharacter (306)
[2017.08.12-18.42.11:423][677]LogModuleManager: Shutting down and abandoning module AndroidPermission (304)
[2017.08.12-18.42.11:423][677]LogModuleManager: Shutting down and abandoning module MediaPlayerEditor (300)
[2017.08.12-18.42.11:488][677]LogModuleManager: Shutting down and abandoning module HTML5Networking (298)
[2017.08.12-18.42.11:488][677]LogModuleManager: Shutting down and abandoning module AlembicImporter (296)
[2017.08.12-18.42.11:505][677]LogModuleManager: Shutting down and abandoning module AlembicLibrary (295)
[2017.08.12-18.42.11:505][677]LogModuleManager: Shutting down and abandoning module GeometryCache (294)
[2017.08.12-18.42.11:505][677]LogModuleManager: Shutting down and abandoning module GeometryCacheEd (293)
[2017.08.12-18.42.11:505][677]LogModuleManager: Shutting down and abandoning module SuperSearchEditor (288)
[2017.08.12-18.42.11:505][677]LogModuleManager: Shutting down and abandoning module SuperSearch (287)
[2017.08.12-18.42.11:505][677]LogModuleManager: Shutting down and abandoning module SpeedTreeImporter (284)
[2017.08.12-18.42.11:505][677]LogModuleManager: Shutting down and abandoning module PluginBrowser (282)
[2017.08.12-18.42.11:549][677]LogModuleManager: Shutting down and abandoning module MobileLauncherProfileWizard (280)
[2017.08.12-18.42.11:579][677]LogModuleManager: Shutting down and abandoning module VisualStudioSourceCodeAccess (278)
[2017.08.12-18.42.11:606][677]LogModuleManager: Shutting down and abandoning module DesktopPlatform (277)
[2017.08.12-18.42.11:606][677]LogModuleManager: Shutting down and abandoning module UObjectPlugin (274)
[2017.08.12-18.42.11:606][677]LogModuleManager: Shutting down and abandoning module SubversionSourceControl (272)
[2017.08.12-18.42.11:629][677]LogModuleManager: Shutting down and abandoning module PerforceSourceControl (270)
[2017.08.12-18.42.11:650][677]LogModuleManager: Shutting down and abandoning module GitSourceControl (268)
[2017.08.12-18.42.11:661][677]LogModuleManager: Shutting down and abandoning module SourceControl (267)
[2017.08.12-18.42.11:677][677]LogModuleManager: Shutting down and abandoning module LightPropagationVolumeEditor (264)
[2017.08.12-18.42.11:677][677]LogModuleManager: Shutting down and abandoning module PaperTiledImporter (262)
[2017.08.12-18.42.11:677][677]LogModuleManager: Shutting down and abandoning module PaperSpriteSheetImporter (260)
[2017.08.12-18.42.11:677][677]LogModuleManager: Shutting down and abandoning module Paper2DEditor (258)
[2017.08.12-18.42.11:686][677]LogModuleManager: Shutting down and abandoning module MeshPaint (257)
[2017.08.12-18.42.11:699][677]LogModuleManager: Shutting down and abandoning module LevelEditor (255)
[2017.08.12-18.42.11:705][677]LogModuleManager: Shutting down and abandoning module PixelInspectorModule (254)
[2017.08.12-18.42.11:719][677]LogModuleManager: Shutting down and abandoning module MainFrame (252)
[2017.08.12-18.42.11:728][677]LogModuleManager: Shutting down and abandoning module HotReload (251)
[2017.08.12-18.42.11:749][677]LogModuleManager: Shutting down and abandoning module PhysXVehiclesEditor (246)
[2017.08.12-18.42.11:762][677]LogModuleManager: Shutting down and abandoning module PhysXVehicles (244)
[2017.08.12-18.42.11:762][677]LogModuleManager: Shutting down and abandoning module LocationServicesBPLibrary (242)
[2017.08.12-18.42.11:762][677]LogModuleManager: Shutting down and abandoning module ImmediatePhysicsEditor (240)
[2017.08.12-18.42.11:762][677]LogModuleManager: Shutting down and abandoning module ImmediatePhysics (238)
[2017.08.12-18.42.11:769][677]LogModuleManager: Shutting down and abandoning module UdpMessaging (236)
[2017.08.12-18.42.11:869][677]LogModuleManager: Shutting down and abandoning module TcpMessaging (234)
[2017.08.12-18.42.11:986][677]LogModuleManager: Shutting down and abandoning module GameplayTagsEditor (232)
[2017.08.12-18.42.12:025][677]LogModuleManager: Shutting down and abandoning module FacialAnimationEditor (230)
[2017.08.12-18.42.12:035][677]LogModuleManager: Shutting down and abandoning module FacialAnimation (228)
[2017.08.12-18.42.12:035][677]LogModuleManager: Shutting down and abandoning module AssetManagerEditor (226)
[2017.08.12-18.42.12:041][677]LogModuleManager: Shutting down and abandoning module GraphEditor (225)
[2017.08.12-18.42.12:041][677]LogModuleManager: Shutting down and abandoning module ContentBrowser (223)
[2017.08.12-18.42.12:043][677]LogModuleManager: Shutting down and abandoning module LightPropagationVolumeRuntime (220)
[2017.08.12-18.42.12:043][677]LogModuleManager: Shutting down and abandoning module Paper2D (218)
[2017.08.12-18.42.12:057][677]LogModuleManager: Shutting down and abandoning module WindowsMoviePlayer (216)
[2017.08.12-18.42.12:057][677]LogModuleManager: Shutting down and abandoning module WmfMedia (214)
[2017.08.12-18.42.12:094][677]LogModuleManager: Shutting down and abandoning module ClothingSystemEditor (212)
[2017.08.12-18.42.12:094][677]LogModuleManager: Shutting down and abandoning module ClothingSystemRuntime (210)
[2017.08.12-18.42.12:130][677]LogModuleManager: Shutting down and abandoning module MediaAssets (208)
[2017.08.12-18.42.12:130][677]LogModuleManager: Shutting down and abandoning module GameLiveStreaming (206)
[2017.08.12-18.42.12:140][677]LogModuleManager: Shutting down and abandoning module VREditor (204)
[2017.08.12-18.42.12:151][677]LogModuleManager: Shutting down and abandoning module StringTableEditor (202)
[2017.08.12-18.42.12:196][677]LogModuleManager: Shutting down and abandoning module GameplayTasksEditor (200)
[2017.08.12-18.42.12:196][677]LogModuleManager: Shutting down and abandoning module BehaviorTreeEditor (198)
[2017.08.12-18.42.12:230][677]LogModuleManager: Shutting down and abandoning module FunctionalTesting (196)
[2017.08.12-18.42.12:230][677]LogModuleManager: Shutting down and abandoning module CollisionAnalyzer (194)
[2017.08.12-18.42.12:278][677]LogModuleManager: Shutting down and abandoning module UMG (192)
[2017.08.12-18.42.12:294][677]LogModuleManager: Shutting down and abandoning module UMGEditor (191)
[2017.08.12-18.42.12:338][677]LogModuleManager: Shutting down and abandoning module Sequencer (190)
[2017.08.12-18.42.12:418][677]LogModuleManager: Shutting down and abandoning module AssetTools (188)
[2017.08.12-18.42.13:295][677]LogModuleManager: Shutting down and abandoning module MessageLog (187)
[2017.08.12-18.42.13:295][677]LogModuleManager: Shutting down and abandoning module WorkspaceMenuStructure (186)
[2017.08.12-18.42.13:295][677]LogModuleManager: Shutting down and abandoning module SlateReflector (180)
[2017.08.12-18.42.13:354][677]LogModuleManager: Shutting down and abandoning module Slate (178)
[2017.08.12-18.42.13:354][677]LogModuleManager: Shutting down and abandoning module EditorStyle (176)
[2017.08.12-18.42.13:374][677]LogModuleManager: Shutting down and abandoning module SourceCodeAccess (174)
[2017.08.12-18.42.13:374][677]LogModuleManager: Shutting down and abandoning module HeadMountedDisplay (172)
[2017.08.12-18.42.13:374][677]LogModuleManager: Shutting down and abandoning module XAudio2 (170)
[2017.08.12-18.42.13:374][677]LogModuleManager: Shutting down and abandoning module Networking (168)
[2017.08.12-18.42.13:374][677]LogModuleManager: Shutting down and abandoning module Core (164)
[2017.08.12-18.42.13:374][677]LogModuleManager: Shutting down and abandoning module AssetRegistry (162)
[2017.08.12-18.42.13:592][677]LogDirectoryWatcher: A directory notification for '../../../Engine/Content/' was aborted.
[2017.08.12-18.42.13:592][677]LogDirectoryWatcher: A directory notification for '../../../../../FreedomReal/FREEDOM/PROYECTO/source/Content/' was aborted.
[2017.08.12-18.42.13:592][677]LogDirectoryWatcher: A directory notification for '../../../Engine/Plugins/2D/Paper2D/Content/' was aborted.
[2017.08.12-18.42.13:592][677]LogDirectoryWatcher: A directory notification for '../../../Engine/Plugins/Runtime/GearVR/Content/' was aborted.
[2017.08.12-18.42.13:611][677]LogModuleManager: Shutting down and abandoning module DirectoryWatcher (161)
[2017.08.12-18.42.13:618][677]LogModuleManager: Shutting down and abandoning module KismetCompiler (158)
[2017.08.12-18.42.13:618][677]LogModuleManager: Shutting down and abandoning module LevelSequence (156)
[2017.08.12-18.42.13:618][677]LogModuleManager: Shutting down and abandoning module PhysXFormats (154)
[2017.08.12-18.42.13:618][677]LogModuleManager: Shutting down and abandoning module MeshUtilities (152)
[2017.08.12-18.42.13:630][677]LogModuleManager: Shutting down and abandoning module SimplygonSwarm (151)
[2017.08.12-18.42.13:637][677]LogModuleManager: Shutting down and abandoning module SimplygonMeshReduction (149)
[2017.08.12-18.42.13:637][677]LogModuleManager: Shutting down and abandoning module QuadricMeshReduction (147)
[2017.08.12-18.42.13:649][677]LogModuleManager: Shutting down and abandoning module DerivedDataCache (144)
[2017.08.12-18.42.13:697][677]LogDerivedDataCache: Shutdown
[2017.08.12-18.42.13:706][677]LogModuleManager: Shutting down and abandoning module TargetPlatform (142)
[2017.08.12-18.42.13:706][677]LogModuleManager: Shutting down and abandoning module VulkanShaderFormat (141)
[2017.08.12-18.42.13:728][677]LogModuleManager: Shutting down and abandoning module ShaderFormatVectorVM (139)
[2017.08.12-18.42.13:734][677]LogModuleManager: Shutting down and abandoning module ShaderFormatOpenGL (137)
[2017.08.12-18.42.13:741][677]LogModuleManager: Shutting down and abandoning module ShaderFormatD3D (135)
[2017.08.12-18.42.13:752][677]LogModuleManager: Shutting down and abandoning module MetalShaderFormat (133)
[2017.08.12-18.42.13:759][677]LogModuleManager: Shutting down and abandoning module TextureFormatUncompressed (131)
[2017.08.12-18.42.13:759][677]LogModuleManager: Shutting down and abandoning module TextureFormatPVR (129)
[2017.08.12-18.42.13:759][677]LogModuleManager: Shutting down and abandoning module TextureFormatDXT (127)
[2017.08.12-18.42.13:772][677]LogModuleManager: Shutting down and abandoning module TextureFormatIntelISPCTexComp (125)
[2017.08.12-18.42.13:774][677]LogModuleManager: Shutting down and abandoning module TextureFormatASTC (123)
[2017.08.12-18.42.13:774][677]LogModuleManager: Shutting down and abandoning module ImageWrapper (122)
[2017.08.12-18.42.13:774][677]LogModuleManager: Shutting down and abandoning module TextureFormatAndroid (119)
[2017.08.12-18.42.13:775][677]LogModuleManager: Shutting down and abandoning module AudioFormatOpus (117)
[2017.08.12-18.42.13:775][677]LogModuleManager: Shutting down and abandoning module AudioFormatOgg (115)
[2017.08.12-18.42.13:775][677]LogModuleManager: Shutting down and abandoning module AudioFormatADPCM (113)
[2017.08.12-18.42.13:775][677]LogModuleManager: Shutting down and abandoning module LinuxTargetPlatform (111)
[2017.08.12-18.42.13:775][677]LogModuleManager: Shutting down and abandoning module LinuxServerTargetPlatform (109)
[2017.08.12-18.42.13:775][677]LogModuleManager: Shutting down and abandoning module LinuxNoEditorTargetPlatform (107)
[2017.08.12-18.42.13:775][677]LogModuleManager: Shutting down and abandoning module LinuxClientTargetPlatform (105)
[2017.08.12-18.42.13:775][677]LogModuleManager: Shutting down and abandoning module TVOSTargetPlatform (103)
[2017.08.12-18.42.13:775][677]LogModuleManager: Shutting down and abandoning module Messaging (101)
[2017.08.12-18.42.13:775][677]LogModuleManager: Shutting down and abandoning module IOSTargetPlatform (99)
[2017.08.12-18.42.13:775][677]LogModuleManager: Shutting down and abandoning module HTML5TargetPlatform (97)
[2017.08.12-18.42.13:775][677]LogModuleManager: Shutting down and abandoning module Android_PVRTCTargetPlatform (95)
[2017.08.12-18.42.13:783][677]LogModuleManager: Shutting down and abandoning module Android_MultiTargetPlatform (93)
[2017.08.12-18.42.13:783][677]LogModuleManager: Shutting down and abandoning module Android_ETC2TargetPlatform (91)
[2017.08.12-18.42.13:797][677]LogModuleManager: Shutting down and abandoning module Android_ETC1TargetPlatform (89)
[2017.08.12-18.42.13:810][677]LogModuleManager: Shutting down and abandoning module Android_DXTTargetPlatform (87)
[2017.08.12-18.42.13:818][677]LogModuleManager: Shutting down and abandoning module Android_ATCTargetPlatform (85)
[2017.08.12-18.42.13:826][677]LogModuleManager: Shutting down and abandoning module Android_ASTCTargetPlatform (83)
[2017.08.12-18.42.13:826][677]LogModuleManager: Shutting down and abandoning module AndroidTargetPlatform (81)
[2017.08.12-18.42.13:828][677]LogModuleManager: Shutting down and abandoning module WindowsTargetPlatform (79)
[2017.08.12-18.42.13:828][677]LogModuleManager: Shutting down and abandoning module WindowsServerTargetPlatform (77)
[2017.08.12-18.42.13:828][677]LogModuleManager: Shutting down and abandoning module WindowsNoEditorTargetPlatform (75)
[2017.08.12-18.42.13:829][677]LogModuleManager: Shutting down and abandoning module WindowsClientTargetPlatform (73)
[2017.08.12-18.42.13:829][677]LogModuleManager: Shutting down and abandoning module MacTargetPlatform (71)
[2017.08.12-18.42.13:829][677]LogModuleManager: Shutting down and abandoning module MacServerTargetPlatform (69)
[2017.08.12-18.42.13:829][677]LogModuleManager: Shutting down and abandoning module MacNoEditorTargetPlatform (67)
[2017.08.12-18.42.13:829][677]LogModuleManager: Shutting down and abandoning module MacClientTargetPlatform (65)
[2017.08.12-18.42.13:829][677]LogModuleManager: Shutting down and abandoning module AllDesktopTargetPlatform (63)
[2017.08.12-18.42.13:829][677]LogModuleManager: Shutting down and abandoning module InputCore (60)
[2017.08.12-18.42.13:829][677]LogModuleManager: Shutting down and abandoning module Settings (58)
[2017.08.12-18.42.13:829][677]LogModuleManager: Shutting down and abandoning module OculusRift (56)
[2017.08.12-18.42.13:833][677]LogModuleManager: Shutting down and abandoning module GearVRController (54)
[2017.08.12-18.42.13:834][677]LogModuleManager: Shutting down and abandoning module GearVR (52)
[2017.08.12-18.42.13:845][677]LogModuleManager: Shutting down and abandoning module ExampleDeviceProfileSelector (50)
[2017.08.12-18.42.13:845][677]LogModuleManager: Shutting down and abandoning module OnlineBlueprintSupport (48)
[2017.08.12-18.42.13:845][677]LogModuleManager: Shutting down and abandoning module OnlineSubsystem (44)
[2017.08.12-18.42.13:845][677]LogOnline:Display: Unloading online subsystem: NULL
[2017.08.12-18.42.13:874][677]LogModuleManager: Shutting down and abandoning module XMPP (43)
[2017.08.12-18.42.13:889][677]LogModuleManager: Shutting down and abandoning module HTTP (41)
[2017.08.12-18.42.13:889][677]LogHttp:Display: Http module shutting down, but needs to wait on 1 outstanding Http requests:
[2017.08.12-18.42.13:897][677]LogHttp:Display: 	verb=[POST] url=[https://datarouter.ol.epicgames.com/datarouter/api/v1/public/data?SessionID=%7B797FA500-4FB6-ED58-1F6F-60A349D0923F%7D&AppID=UEEditor.Rocket.Release&AppVersion=4.16.3-3561208%2B%2B%2BUE4%2BRelease-4.16&UserID=6a255fb4460632c01bed928edce450f0%7C59348a7e39f744e38e82324575011dc9%7C4460d85e-48e5-48d7-88f6-1adefd4f1c03&AppEnvironment=datacollector-binary&UploadType=eteventstream] status=Processing
[2017.08.12-18.42.13:909][677]LogModuleManager: Shutting down and abandoning module SSL (40)
[2017.08.12-18.42.13:917][677]LogModuleManager: Shutting down and abandoning module HTTPChunkInstaller (36)
[2017.08.12-18.42.13:940][677]LogModuleManager: Shutting down and abandoning module AnimationModifiers (34)
[2017.08.12-18.42.13:951][677]LogModuleManager: Shutting down and abandoning module PropertyEditor (33)
[2017.08.12-18.42.13:951][677]LogModuleManager: Shutting down and abandoning module AudioEditor (30)
[2017.08.12-18.42.13:953][677]LogModuleManager: Shutting down and abandoning module TextureCompressor (28)
[2017.08.12-18.42.13:960][677]LogModuleManager: Shutting down and abandoning module ShaderCore (26)
[2017.08.12-18.42.13:960][677]LogModuleManager: Shutting down and abandoning module Landscape (24)
[2017.08.12-18.42.13:960][677]LogModuleManager: Shutting down and abandoning module SlateRHIRenderer (22)
[2017.08.12-18.42.13:994][677]LogModuleManager: Shutting down and abandoning module OpenGLDrv (20)
[2017.08.12-18.42.14:010][677]LogModuleManager: Shutting down and abandoning module D3D11RHI (18)
[2017.08.12-18.42.14:010][677]LogModuleManager: Shutting down and abandoning module AnimGraphRuntime (16)
[2017.08.12-18.42.14:021][677]LogModuleManager: Shutting down and abandoning module Renderer (14)
[2017.08.12-18.42.14:021][677]LogModuleManager: Shutting down and abandoning module Engine (12)
[2017.08.12-18.42.14:021][677]LogModuleManager: Shutting down and abandoning module CoreUObject (10)
[2017.08.12-18.42.14:021][677]LogModuleManager: Shutting down and abandoning module NetworkFile (8)
[2017.08.12-18.42.14:030][677]LogModuleManager: Shutting down and abandoning module StreamingFile (6)
[2017.08.12-18.42.14:036][677]LogModuleManager: Shutting down and abandoning module SandboxFile (4)
[2017.08.12-18.42.14:036][677]LogModuleManager: Shutting down and abandoning module PakFile (2)
[2017.08.12-18.42.14:061][677]LogExit: Exiting.
[2017.08.12-18.42.14:089][677]Log file closed, 08/12/17 19:42:14
