Log file open, 08/17/17 15:55:48
LogInit:Display: Running engine for game: source
LogPlatformFile: Not using cached read wrapper
LogInit:Display: RandInit(2130841732) SRandInit(2130841732).
LogTaskGraph: Started task graph with 5 named threads and 8 total threads with 1 sets of task threads.
LogStats: Stats thread started at 0.115296
LogInit: Using libcurl 7.47.1
LogInit:  - built for x86_64-pc-win32
LogInit:  - supports SSL with OpenSSL/1.0.2g
LogInit:  - supports HTTP deflate (compression) using libz 1.2.8
LogInit:  - other features:
LogInit:      CURL_VERSION_SSL
LogInit:      CURL_VERSION_LIBZ
LogInit:      CURL_VERSION_IPV6
LogInit:      CURL_VERSION_ASYNCHDNS
LogInit:      CURL_VERSION_LARGEFILE
LogInit:      CURL_VERSION_IDN
LogInit:  CurlRequestOptions (configurable via config and command line):
LogInit:  - bVerifyPeer = false  - Libcurl will NOT verify peer certificate
LogInit:  - bUseHttpProxy = false  - Libcurl will NOT use HTTP proxy
LogInit:  - bDontReuseConnections = false  - Libcurl will reuse connections
LogInit:  - CertBundlePath = nullptr  - Libcurl will use whatever was configured at build time.
LogInit: Build: ++UE4+Release-4.16-CL-3561208
LogInit: Engine Version: 4.16.3-3561208+++UE4+Release-4.16
LogInit: Compatible Engine Version: 4.16.0-3452394+++UE4+Release-4.16
LogInit: Net CL: 3452394
LogDevObjectVersion: Number of dev versions registered: 16
LogDevObjectVersion:   Dev-Blueprints (B0D832E4-1F89-4F0D-ACCF-7EB736FD4AA2): 9
LogDevObjectVersion:   Dev-Build (E1C64328-A22C-4D53-A36C-8E866417BD8C): 0
LogDevObjectVersion:   Dev-Core (375EC13C-06E4-48FB-B500-84F0262A717E): 2
LogDevObjectVersion:   Dev-Editor (E4B068ED-F494-42E9-A231-DA0B2E46BB41): 17
LogDevObjectVersion:   Dev-Framework (CFFC743F-43B0-4480-9391-14DF171D2073): 23
LogDevObjectVersion:   Dev-Mobile (B02B49B5-BB20-44E9-A304-32B752E40360): 0
LogDevObjectVersion:   Dev-Networking (A4E4105C-59A1-49B5-A7C5-40C4547EDFEE): 0
LogDevObjectVersion:   Dev-Online (39C831C9-5AE6-47DC-9A44-9C173E1C8E7C): 0
LogDevObjectVersion:   Dev-Physics (78F01B33-EBEA-4F98-B9B4-84EACCB95AA2): 0
LogDevObjectVersion:   Dev-Platform (6631380F-2D4D-43E0-8009-CF276956A95A): 0
LogDevObjectVersion:   Dev-Rendering (12F88B9F-8875-4AFC-A67C-D90C383ABD29): 15
LogDevObjectVersion:   Dev-Sequencer (7B5AE74C-D270-4C10-A958-57980B212A5A): 4
LogDevObjectVersion:   Dev-VR (D7296918-1DD6-4BDD-9DE2-64A83CC13884): 0
LogDevObjectVersion:   Dev-LoadTimes (C2A15278-BFE7-4AFE-6C17-90FF531DF755): 1
LogDevObjectVersion:   Private-Geometry (6EACA3D4-40EC-4CC1-B786-8BED09428FC5): 1
LogDevObjectVersion:   Dev-AnimPhys (29E575DD-E0A3-4627-9D10-D276232CDCEA): 3
LogInit: Compiled (64-bit): Jul 28 2017 11:49:47
LogInit: Compiled with Visual C++: 19.00.24215.01
LogInit: Build Configuration: Development
LogInit: Branch Name: ++UE4+Release-4.16
LogInit: Command line: -EpicPortal 
LogInit: Base directory: B:/UnrealEngine/UE_4.16/Engine/Binaries/Win64/
LogInit: Installed Engine Build: 1
LogInit: Presizing for max 8388607 objects, including 0 objects not considered by GC, pre-allocating 0 bytes for permanent pool.
LogInit: Object subsystem initialized
[2017.08.17-14.55.49:577][  0]LogInit: Selected Device Profile: [Windows]
[2017.08.17-14.55.49:577][  0]LogInit: Applying CVar settings loaded from the selected device profile: [Windows]
[2017.08.17-14.55.49:607][  0]LogInit: Computer: DESKTOP-IS750JK
[2017.08.17-14.55.49:607][  0]LogInit: User: Pepe
[2017.08.17-14.55.49:607][  0]LogInit: CPU Page size=4096, Cores=4
[2017.08.17-14.55.49:607][  0]LogInit: High frequency timer resolution =3.418007 MHz
[2017.08.17-14.55.49:607][  0]LogMemory: Memory total: Physical=7.9GB (8GB approx)
[2017.08.17-14.55.49:607][  0]LogMemory: Platform Memory Stats for Windows
[2017.08.17-14.55.49:607][  0]LogMemory: Process Physical Memory: 272.46 MB used, 272.46 MB peak
[2017.08.17-14.55.49:607][  0]LogMemory: Process Virtual Memory: 260.78 MB used, 260.78 MB peak
[2017.08.17-14.55.49:607][  0]LogMemory: Physical Memory: 4709.58 MB used,  3430.70 MB free, 8140.28 MB total
[2017.08.17-14.55.49:607][  0]LogMemory: Virtual Memory: 638.34 MB used,  3430.70 MB free, 134217728.00 MB total
[2017.08.17-14.55.49:714][  0]LogInit: Overriding language with editor language configuration option (en).
[2017.08.17-14.55.49:715][  0]LogInit: Overriding locale with editor locale configuration option (en).
[2017.08.17-14.55.50:992][  0]LogD3D11RHI: D3D11 adapters:
[2017.08.17-14.55.51:026][  0]LogD3D11RHI:    0. 'Radeon (TM) RX 470 Graphics' (Feature Level 11_0)
[2017.08.17-14.55.51:026][  0]LogD3D11RHI:       4044/0/4070 MB DedicatedVideo/DedicatedSystem/SharedSystem, Outputs:2, VendorId:0x1002
[2017.08.17-14.55.51:029][  0]LogD3D11RHI:    1. 'Microsoft Basic Render Driver' (Feature Level 11_0)
[2017.08.17-14.55.51:029][  0]LogD3D11RHI:       0/0/4070 MB DedicatedVideo/DedicatedSystem/SharedSystem, Outputs:0, VendorId:0x1414
[2017.08.17-14.55.51:029][  0]LogD3D11RHI: Chosen D3D11 Adapter: 0
[2017.08.17-14.55.51:040][  0]LogD3D11RHI: Creating new Direct3DDevice
[2017.08.17-14.55.51:040][  0]LogD3D11RHI:     GPU DeviceId: 0x67df (for the marketing name, search the web for "GPU Device Id")
[2017.08.17-14.55.51:040][  0]LogWindows: EnumDisplayDevices:
[2017.08.17-14.55.51:041][  0]LogWindows:    0. 'Radeon (TM) RX 470 Graphics' (P:1 D:1)
[2017.08.17-14.55.51:042][  0]LogWindows:    1. 'Radeon (TM) RX 470 Graphics' (P:0 D:1)
[2017.08.17-14.55.51:043][  0]LogWindows:    2. 'Radeon (TM) RX 470 Graphics' (P:0 D:0)
[2017.08.17-14.55.51:045][  0]LogWindows:    3. 'Radeon (TM) RX 470 Graphics' (P:0 D:0)
[2017.08.17-14.55.51:046][  0]LogWindows:    4. 'Radeon (TM) RX 470 Graphics' (P:0 D:0)
[2017.08.17-14.55.51:047][  0]LogWindows:    5. 'Radeon (TM) RX 470 Graphics' (P:0 D:0)
[2017.08.17-14.55.51:048][  0]LogWindows: DebugString: FoundDriverCount:6 
[2017.08.17-14.55.51:048][  0]LogD3D11RHI:     Adapter Name: Radeon (TM) RX 470 Graphics
[2017.08.17-14.55.51:048][  0]LogD3D11RHI:   Driver Version: Crimson ReLive 17.1.1 (internal:22.19.162.4, unified:22.19.162.4)
[2017.08.17-14.55.51:048][  0]LogD3D11RHI:      Driver Date: 4-24-2017
[2017.08.17-14.55.51:048][  0]LogRHI: Texture pool is 1361 MB (70% of 1945 MB)
[2017.08.17-14.55.51:210][  0]LogD3D11RHI: Async texture creation enabled
[2017.08.17-14.55.51:222][  0]LogD3D11RHI: GPU Timing Frequency: 25.000000 (Debug: 2 1)
[2017.08.17-14.55.51:223][  0]LogShaderCompilers: Guid format shader working directory is -5 characters bigger than the processId version (../../../../../FreedomReal/FREEDOM/PROYECTO/source/Intermediate/Shaders/WorkingDirectory/4572/).
[2017.08.17-14.55.51:224][  0]LogShaderCompilers: Cleaned the shader compiler working directory 'C:/Users/Pepe/AppData/Local/Temp/UnrealShaderWorkingDir/1F1CC99A4C2F365E0C055BAE20D36FBF/'.
[2017.08.17-14.55.51:224][  0]LogShaderCompilers:Display: Using Local Shader Compiler.
[2017.08.17-14.55.52:967][  0]LogTemp:Display: Loaded TP AllDesktopTargetPlatform
[2017.08.17-14.55.53:042][  0]LogTemp:Display: Loaded TP MacClientTargetPlatform
[2017.08.17-14.55.53:121][  0]LogTemp:Display: Loaded TP MacNoEditorTargetPlatform
[2017.08.17-14.55.53:203][  0]LogTemp:Display: Loaded TP MacServerTargetPlatform
[2017.08.17-14.55.53:292][  0]LogTemp:Display: Loaded TP MacTargetPlatform
[2017.08.17-14.55.53:376][  0]LogTemp:Display: Loaded TP WindowsClientTargetPlatform
[2017.08.17-14.55.53:455][  0]LogTemp:Display: Loaded TP WindowsNoEditorTargetPlatform
[2017.08.17-14.55.53:534][  0]LogTemp:Display: Loaded TP WindowsServerTargetPlatform
[2017.08.17-14.55.53:604][  0]LogTemp:Display: Loaded TP WindowsTargetPlatform
[2017.08.17-14.55.53:683][  0]LogTemp:Display: Loaded TP AndroidTargetPlatform
[2017.08.17-14.55.53:757][  0]LogTemp:Display: Loaded TP Android_ASTCTargetPlatform
[2017.08.17-14.55.53:831][  0]LogTemp:Display: Loaded TP Android_ATCTargetPlatform
[2017.08.17-14.55.53:907][  0]LogTemp:Display: Loaded TP Android_DXTTargetPlatform
[2017.08.17-14.55.53:983][  0]LogTemp:Display: Loaded TP Android_ETC1TargetPlatform
[2017.08.17-14.55.54:063][  0]LogTemp:Display: Loaded TP Android_ETC2TargetPlatform
[2017.08.17-14.55.54:217][  0]LogTemp:Display: Loaded TP Android_MultiTargetPlatform
[2017.08.17-14.55.54:217][  0]LogTemp:Display: Loaded TP Android_PVRTCTargetPlatform
[2017.08.17-14.55.54:277][  0]LogTemp:Display: Loaded TP HTML5TargetPlatform
[2017.08.17-14.55.54:408][  0]LogTemp:Display: Loaded TP IOSTargetPlatform
[2017.08.17-14.55.54:455][  0]LogTemp:Display: Loaded TP TVOSTargetPlatform
[2017.08.17-14.55.54:533][  0]LogTemp:Display: Loaded TP LinuxClientTargetPlatform
[2017.08.17-14.55.54:612][  0]LogTemp:Display: Loaded TP LinuxNoEditorTargetPlatform
[2017.08.17-14.55.54:690][  0]LogTemp:Display: Loaded TP LinuxServerTargetPlatform
[2017.08.17-14.55.54:771][  0]LogTemp:Display: Loaded TP LinuxTargetPlatform
[2017.08.17-14.55.54:771][  0]LogTargetPlatformManager:Display: Building Assets For Windows
[2017.08.17-14.55.55:527][  0]LogDerivedDataCache:Display: Max Cache Size: 512 MB
[2017.08.17-14.55.55:711][  0]LogDerivedDataCache: Loaded boot cache 0.18s 90MB C:/Users/Pepe/AppData/Local/UnrealEngine/4.16/DerivedDataCache/Boot.ddc.
[2017.08.17-14.55.55:711][  0]LogDerivedDataCache:Display: Loaded Boot cache: C:/Users/Pepe/AppData/Local/UnrealEngine/4.16/DerivedDataCache/Boot.ddc
[2017.08.17-14.55.55:711][  0]LogDerivedDataCache: FDerivedDataBackendGraph:  Pak pak cache file ../../../../../FreedomReal/FREEDOM/PROYECTO/source/DerivedDataCache/DDC.ddp not found, will not use a pak cache.
[2017.08.17-14.55.55:711][  0]LogDerivedDataCache: Unable to find inner node Pak for hierarchical cache Hierarchy.
[2017.08.17-14.55.55:711][  0]LogDerivedDataCache: FDerivedDataBackendGraph:  CompressedPak pak cache file ../../../../../FreedomReal/FREEDOM/PROYECTO/source/DerivedDataCache/Compressed.ddp not found, will not use a pak cache.
[2017.08.17-14.55.55:711][  0]LogDerivedDataCache: Unable to find inner node CompressedPak for hierarchical cache Hierarchy.
[2017.08.17-14.55.55:736][  0]LogDerivedDataCache:Display: Pak cache opened for reading ../../../Engine/DerivedDataCache/Compressed.ddp.
[2017.08.17-14.55.55:750][  0]LogDerivedDataCache: Using Local data cache path C:/Users/Pepe/AppData/Local/UnrealEngine/Common/DerivedDataCache: Writable
[2017.08.17-14.55.55:767][  0]LogMaterial: Verifying Global Shaders for PCD3D_SM5
[2017.08.17-14.55.55:768][  0]LogSlate: Using Freetype 2.6.0
[2017.08.17-14.55.55:768][  0]LogSlate: SlateFontCache - WITH_FREETYPE: 1, WITH_HARFBUZZ: 1
[2017.08.17-14.55.55:768][  0]LogSlate: SlateFontCache - WITH_FREETYPE: 1, WITH_HARFBUZZ: 1
[2017.08.17-14.55.56:281][  0]LogInit: Selected Device Profile: [Windows]
[2017.08.17-14.55.56:443][  0]LogContentStreaming: Texture pool size is 0.00 MB
[2017.08.17-14.55.56:665][  0]LogMeshUtilities: Using QuadricMeshReduction for automatic static mesh reduction
[2017.08.17-14.55.56:730][  0]LogSimplygon: Simplygon DLL not present - disabling.
[2017.08.17-14.55.56:801][  0]LogMeshUtilities: Using SimplygonSwarm for distributed automatic mesh merging
[2017.08.17-14.55.56:801][  0]LogMeshUtilities: No automatic skeletal mesh reduction module available
[2017.08.17-14.55.56:801][  0]LogMeshUtilities: No automatic mesh merging module available
[2017.08.17-14.55.57:602][  0]LogNetVersion: source , NetCL: 3452394, EngineNetVer: 2, GameNetVer: 0 (Checksum: 2297492709)
[2017.08.17-14.55.57:683][  0]LogAssetRegistry: FAssetRegistry took 0.0293 seconds to start up
[2017.08.17-14.55.57:984][  0]LogPackageLocalizationCache: Processed 4 localized package path(s) for 1 prioritized culture(s) in 0.264564 seconds
[2017.08.17-14.55.57:992][  0]LogUObjectArray: 34194 objects as part of root set at end of initial load.
[2017.08.17-14.55.57:992][  0]LogUObjectAllocator: 7260424 out of 0 bytes used by permanent object pool.
[2017.08.17-14.55.57:992][  0]LogUObjectArray: CloseDisregardForGC: 0/0 objects in disregard for GC pool
[2017.08.17-14.55.58:082][  0]LogInit: WinSock: version 1.1 (2.2), MaxSocks=32767, MaxUdp=65467
[2017.08.17-14.56.01:681][  0]LogTcpMessaging: Initializing TcpMessaging bridge
[2017.08.17-14.56.01:734][  0]LogUdpMessaging: Initializing bridge on interface 0.0.0.0:0 to multicast group 230.0.0.1:6666.
[2017.08.17-14.56.02:480][  0]LogMaterial: Uniform references updated for custom material expression Custom.
[2017.08.17-14.56.03:044][  0]SourceControl: Info Source control is disabled
[2017.08.17-14.56.03:046][  0]SourceControl: Info Source control is disabled
[2017.08.17-14.56.03:117][  0]SourceControl: Info Source control is disabled
[2017.08.17-14.56.03:188][  0]SourceControl: Info Source control is disabled
[2017.08.17-14.56.04:200][  0]LogAndroidPermission: UAndroidPermissionCallbackProxy::GetInstance
[2017.08.17-14.56.05:058][  0]LogEngine: Initializing Engine...
[2017.08.17-14.56.05:060][  0]LogHMD: Failed to initialize OpenVR with code 110
[2017.08.17-14.56.05:355][  0]LogStats: UGameplayTagsManager::ConstructGameplayTagTree: Construct from data asset -  0.000 s
[2017.08.17-14.56.05:355][  0]LogStats: UGameplayTagsManager::ConstructGameplayTagTree: GameplayTagTreeChangedEvent.Broadcast -  0.000 s
[2017.08.17-14.56.05:541][  0]LogAIModule: Creating AISystem for world Untitled
[2017.08.17-14.56.05:567][  0]LogInit: XAudio2 using 'Altavoces (Razer Surround Audio Controller)' : 6 channels at 48 kHz using 16 bits per sample (channel mask 0x3f)
[2017.08.17-14.56.05:583][  0]LogInit: FAudioDevice initialized.
[2017.08.17-14.56.05:670][  0]LogDerivedDataCache: Saved boot cache 0.09s 90MB C:/Users/Pepe/AppData/Local/UnrealEngine/4.16/DerivedDataCache/Boot.ddc.
[2017.08.17-14.56.05:700][  0]LogInit: Texture streaming: Enabled
[2017.08.17-14.56.05:834][  0]LogEngineSessionManager: EngineSessionManager initialized
[2017.08.17-14.56.06:141][  0]LogInit: Transaction tracking system initialized
[2017.08.17-14.56.06:581][  0]BlueprintLog: New page: Editor Load
[2017.08.17-14.56.07:912][  0]LocalizationService: Info Localization service is disabled
[2017.08.17-14.56.08:887][  0]LogConsoleResponse:Display: 
[2017.08.17-14.56.09:133][  0]LogCook:Display: Max memory allowance for cook 16384mb min free memory 0mb
[2017.08.17-14.56.09:133][  0]LogCook:Display: Mobile HDR setting 1
[2017.08.17-14.56.09:917][  0]LogFileCache: Scanning file cache for directory 'B:/FreedomReal/FREEDOM/PROYECTO/source/Content/' took 0.04s
[2017.08.17-14.56.10:647][  0]SourceControl: Info Source control is disabled
[2017.08.17-14.56.10:774][  0]LogWindowsTextInputMethodSystem:Display: IME system now deactivated.
[2017.08.17-14.56.10:807][  0]LogSlate: Took 0.000409 seconds to synchronously load lazily loaded font '../../../Engine/Content/Slate/Fonts/Roboto-Regular.ttf' (155K)
[2017.08.17-14.56.40:567][  0]LogWindowsTextInputMethodSystem:Display: IME system now deactivated.
[2017.08.17-14.56.40:569][  0]LogWindowsTextInputMethodSystem:Display: IME system now deactivated.
[2017.08.17-14.56.43:228][  0]LogWindowsTextInputMethodSystem:Display: IME system now deactivated.
[2017.08.17-14.56.43:230][  0]LogWindowsTextInputMethodSystem:Display: IME system now deactivated.
[2017.08.17-14.56.43:562][  0]Cmd: MAP LOAD FILE="../../../../../FreedomReal/FREEDOM/PROYECTO/source/Content/StarterContent/Maps/Minimal_Default.umap" TEMPLATE=0 SHOWPROGRESS=1 FEATURELEVEL=3
[2017.08.17-14.56.43:588][  0]LightingResults: New page: Lighting Build
[2017.08.17-14.56.43:656][  0]MapCheck: New page: Map Check
[2017.08.17-14.56.43:656][  0]LightingResults: New page: Lighting Build
[2017.08.17-14.56.45:271][  0]LogAIModule: Creating AISystem for world Minimal_Default
[2017.08.17-14.56.45:399][  0]LogEditorServer: Finished looking for orphan Actors (0.000 secs)
[2017.08.17-14.56.45:433][  0]Cmd: MAP CHECKDEP NOCLEARLOG
[2017.08.17-14.56.45:521][  0]MapCheck: Info Map check complete: 0 Error(s), 0 Warning(s), took 87.534ms to complete.
[2017.08.17-14.56.45:521][  0]LogFileHelpers: Loading map 'Minimal_Default' took 1.959
[2017.08.17-14.56.46:021][  0]LogStats:Warning: MetaData mismatch. Did you assign a stat to two groups? New //STATGROUP_Threads//SplashScreenThread///Thread_2c6c_0///####STATCAT_Advanced#### old //STATGROUP_Threads//SplashScreenThread///Thread_2258_0///####STATCAT_Advanced####
[2017.08.17-14.56.46:021][  0]LogCollectionManager: Loaded 0 collections in 0.002091 seconds
[2017.08.17-14.56.46:206][  0]LogFileCache: Scanning file cache for directory 'B:/FreedomReal/FREEDOM/PROYECTO/source/Saved/Collections/' took 0.01s
[2017.08.17-14.56.46:206][  0]LogFileCache: Scanning file cache for directory 'B:/FreedomReal/FREEDOM/PROYECTO/source/Content/Developers/Pepe/Collections/' took 0.01s
[2017.08.17-14.56.46:206][  0]LogFileCache: Scanning file cache for directory 'B:/FreedomReal/FREEDOM/PROYECTO/source/Content/Collections/' took 0.01s
[2017.08.17-14.56.46:206][  0]LogCollectionManager: Rebuilt the GUID cache for 0 collections in 0.000002 seconds
[2017.08.17-14.56.46:231][  0]LogContentBrowser: Native class hierarchy populated in 0.0158 seconds. Added 2329 classes and 491 folders.
[2017.08.17-14.56.46:360][  0]LogContentBrowser: Native class hierarchy updated for 'WidgetCarousel' in 0.0007 seconds. Added 0 classes and 0 folders.
[2017.08.17-14.56.47:663][  0]LogContentBrowser: Native class hierarchy updated for 'AddContentDialog' in 0.0008 seconds. Added 0 classes and 0 folders.
[2017.08.17-14.56.47:819][  0]LogContentBrowser: Native class hierarchy updated for 'SceneOutliner' in 0.0009 seconds. Added 1 classes and 2 folders.
[2017.08.17-14.56.48:703][  0]LogCrashTracker: Crashtracker disabled due to settings.
[2017.08.17-14.56.48:735][  0]LogSlate: Took 0.000406 seconds to synchronously load lazily loaded font '../../../Engine/Content/Slate/Fonts/Roboto-Bold.ttf' (160K)
[2017.08.17-14.56.48:770][  0]LogSlate: Took 0.013564 seconds to synchronously load lazily loaded font '../../../Engine/Content/Editor/Slate/Fonts/FontAwesome.ttf' (139K)
[2017.08.17-14.56.49:183][  0]LogRenderer: Reallocating scene render targets to support 744x328 NumSamples 1 (Frame:1).
[2017.08.17-14.56.49:547][  0]LogUObjectGlobals:Warning: Failed to find object 'Class None.'
[2017.08.17-14.56.49:634][  0]LogContentBrowser: Native class hierarchy updated for 'HierarchicalLODOutliner' in 0.0008 seconds. Added 1 classes and 2 folders.
[2017.08.17-14.56.49:634][  0]LogLoad: (Engine Initialization) Total time: 63.17 seconds
[2017.08.17-14.56.49:634][  0]LogLoad: (Engine Initialization) Total Blueprint compile time: 0.13 seconds
[2017.08.17-14.56.49:634][  0]LogExternalProfiler: No external profilers were discovered.  External profiling features will not be available.
[2017.08.17-14.56.49:974][  0]LogOcInput: OculusInput pre-init called
[2017.08.17-14.56.49:974][  0]LogHMD: Starting GearVRController plugin
[2017.08.17-14.56.50:046][  0]LogContentStreaming: Texture pool size now 1000 MB
[2017.08.17-14.56.50:115][  0]LogSlate: Took 0.016008 seconds to synchronously load lazily loaded font '../../../Engine/Content/Slate/Fonts/Roboto-Light.ttf' (159K)
[2017.08.17-14.56.50:338][  1]LogAssetRegistry: Asset discovery search completed in 52.6771 seconds
[2017.08.17-14.56.50:341][  1]LogCollectionManager: Rebuilt the object cache for 0 collections in 0.000001 seconds (found 0 objects)
[2017.08.17-14.56.50:341][  1]LogCollectionManager: Fixed up redirectors for 0 collections in 0.000045 seconds (updated 0 objects)
[2017.08.17-14.56.50:976][  3]LogSlate: Took 0.000410 seconds to synchronously load lazily loaded font '../../../Engine/Content/Slate/Fonts/Roboto-Light.ttf' (159K)
[2017.08.17-14.57.18:945][451]LogSlate: Took 0.000328 seconds to synchronously load lazily loaded font '../../../Engine/Content/Slate/Fonts/Roboto-Light.ttf' (159K)
[2017.08.17-14.57.19:833][451]LogSlate: Took 0.000262 seconds to synchronously load lazily loaded font '../../../Engine/Content/Slate/Fonts/Roboto-Regular.ttf' (155K)
[2017.08.17-14.57.20:117][451]LogAIModule: Creating AISystem for world 00_pepe
[2017.08.17-14.57.20:183][451]Cmd: MAP LOAD FILE="../../../../../FreedomReal/FREEDOM/PROYECTO/source/Content/00_pepe.umap" TEMPLATE=0 SHOWPROGRESS=1 FEATURELEVEL=3
[2017.08.17-14.57.20:183][451]LightingResults: New page: Lighting Build
[2017.08.17-14.57.20:184][451]LoadErrors: New page: Loading map: 00_pepe.umap
[2017.08.17-14.57.20:185][451]MapCheck: New page: Map Check
[2017.08.17-14.57.20:185][451]LightingResults: New page: Lighting Build
[2017.08.17-14.57.20:221][451]LogEditorServer: Finished looking for orphan Actors (0.000 secs)
[2017.08.17-14.57.20:281][451]Cmd: MAP CHECKDEP NOCLEARLOG
[2017.08.17-14.57.20:375][451]MapCheck: Info Map check complete: 0 Error(s), 0 Warning(s), took 94.227ms to complete.
[2017.08.17-14.57.20:376][451]LogFileHelpers: Loading map '00_pepe' took 0.193
[2017.08.17-14.57.23:275][762]LogTemp: Repeting last play command: Selected Viewport
[2017.08.17-14.57.23:471][762]LogBlueprintUserMessages: Early PlayInEditor Detection: Level '/Game/00_pepe.00_pepe:PersistentLevel' has LevelScriptBlueprint '/Game/00_pepe.00_pepe:PersistentLevel.00_pepe' with GeneratedClass '/Game/00_pepe.00_pepe_C' with ClassGeneratedBy '/Game/00_pepe.00_pepe:PersistentLevel.00_pepe'
[2017.08.17-14.57.23:471][762]LogPlayLevel: PlayLevel: No blueprints needed recompiling
[2017.08.17-14.57.23:496][762]PIE: New page: PIE session: 00_pepe (Aug 17, 2017, 4:57:23 PM)
[2017.08.17-14.57.23:497][762]LogPlayLevel: Creating play world package: /Game/UEDPIE_0_00_pepe
[2017.08.17-14.57.23:543][762]LogPlayLevel: PIE: StaticDuplicateObject took: (0.046074s)
[2017.08.17-14.57.23:544][762]LogAIModule: Creating AISystem for world 00_pepe
[2017.08.17-14.57.23:544][762]LogPlayLevel: PIE: World Init took: (0.001597s)
[2017.08.17-14.57.23:545][762]LogPlayLevel: PIE: Created PIE world by copying editor world from /Game/00_pepe.00_pepe to /Game/UEDPIE_0_00_pepe.00_pepe (0.048006s)
[2017.08.17-14.57.23:581][762]LogInit: XAudio2 using 'Altavoces (Razer Surround Audio Controller)' : 6 channels at 48 kHz using 16 bits per sample (channel mask 0x3f)
[2017.08.17-14.57.23:589][762]LogInit: FAudioDevice initialized.
[2017.08.17-14.57.23:672][762]LogLoad: Game class is 'GM_ModoJuego_C'
[2017.08.17-14.57.23:711][762]LogWorld: Bringing World /Game/UEDPIE_0_00_pepe.00_pepe up for play (max tick rate 0) at 2017.08.17-15.57.23
[2017.08.17-14.57.23:733][762]LogWorld: Bringing up level for play took: 0.024450
[2017.08.17-14.57.23:897][762]LogContentBrowser: Native class hierarchy updated for 'MovieSceneCapture' in 0.0008 seconds. Added 11 classes and 0 folders.
[2017.08.17-14.57.24:009][762]PIE: Info Play in editor start time for /Game/UEDPIE_0_00_pepe 0.888
[2017.08.17-14.57.24:010][762]LogBlueprintUserMessages: Late PlayInEditor Detection: Level '/Game/00_pepe.00_pepe:PersistentLevel' has LevelScriptBlueprint '/Game/00_pepe.00_pepe:PersistentLevel.00_pepe' with GeneratedClass '/Game/00_pepe.00_pepe_C' with ClassGeneratedBy '/Game/00_pepe.00_pepe:PersistentLevel.00_pepe'
[2017.08.17-14.57.30:060][474]LogBlueprintUserMessages: Early EndPlayMap Detection: Level '/Game/00_pepe.00_pepe:PersistentLevel' has LevelScriptBlueprint '/Game/00_pepe.00_pepe:PersistentLevel.00_pepe' with GeneratedClass '/Game/00_pepe.00_pepe_C' with ClassGeneratedBy '/Game/00_pepe.00_pepe:PersistentLevel.00_pepe'
[2017.08.17-14.57.30:112][474]LogBlueprintUserMessages: Late EndPlayMap Detection: Level '/Game/00_pepe.00_pepe:PersistentLevel' has LevelScriptBlueprint '/Game/00_pepe.00_pepe:PersistentLevel.00_pepe' with GeneratedClass '/Game/00_pepe.00_pepe_C' with ClassGeneratedBy '/Game/00_pepe.00_pepe:PersistentLevel.00_pepe'
